[2020-03-24T12:51:56.259] [INFO] default - [::1 GET //photo/upload_f69125a1f285d79908f84c937718acf2.jpg 304 3ms][http://localhost:8081/ HTTP/1.1 Mozilla/5.0 (X11; Linux x86_64) AppleWebKit/537.36 (KHTML, like Gecko) Chrome/73.0.3683.86 Safari/537.36]
[2020-03-24T12:51:57.915] [INFO] default - [::1 OPTIONS /home/personal/myteacher 200 6ms][http://localhost:8081/ HTTP/1.1 Mozilla/5.0 (X11; Linux x86_64) AppleWebKit/537.36 (KHTML, like Gecko) Chrome/73.0.3683.86 Safari/537.36]
[2020-03-24T12:51:57.970] [INFO] default - [::1 POST /home/personal/myteacher 200 51ms][http://localhost:8081/ HTTP/1.1 Mozilla/5.0 (X11; Linux x86_64) AppleWebKit/537.36 (KHTML, like Gecko) Chrome/73.0.3683.86 Safari/537.36]
[2020-03-24T12:52:03.985] [INFO] default - [::1 OPTIONS /home/personal/myapprentice 200 1ms][http://localhost:8081/ HTTP/1.1 Mozilla/5.0 (X11; Linux x86_64) AppleWebKit/537.36 (KHTML, like Gecko) Chrome/73.0.3683.86 Safari/537.36]
[2020-03-24T12:52:03.993] [INFO] default - [::1 POST /home/personal/myapprentice 200 5ms][http://localhost:8081/ HTTP/1.1 Mozilla/5.0 (X11; Linux x86_64) AppleWebKit/537.36 (KHTML, like Gecko) Chrome/73.0.3683.86 Safari/537.36]
[2020-03-24T12:52:05.792] [INFO] default - [::1 POST /home/personal/myapprentice 200 3ms][http://localhost:8081/ HTTP/1.1 Mozilla/5.0 (X11; Linux x86_64) AppleWebKit/537.36 (KHTML, like Gecko) Chrome/73.0.3683.86 Safari/537.36]
[2020-03-24T12:52:13.333] [INFO] default - [::1 OPTIONS /home/personal/myapprentice 200 1ms][http://localhost:8081/ HTTP/1.1 Mozilla/5.0 (X11; Linux x86_64) AppleWebKit/537.36 (KHTML, like Gecko) Chrome/73.0.3683.86 Safari/537.36]
[2020-03-24T12:52:13.339] [INFO] default - [::1 POST /home/personal/myapprentice 200 4ms][http://localhost:8081/ HTTP/1.1 Mozilla/5.0 (X11; Linux x86_64) AppleWebKit/537.36 (KHTML, like Gecko) Chrome/73.0.3683.86 Safari/537.36]
[2020-03-24T12:52:14.272] [INFO] default - [::1 POST /home/personal/myapprentice 200 3ms][http://localhost:8081/ HTTP/1.1 Mozilla/5.0 (X11; Linux x86_64) AppleWebKit/537.36 (KHTML, like Gecko) Chrome/73.0.3683.86 Safari/537.36]
[2020-03-24T12:54:29.003] [INFO] default - [::1 GET //photo/upload_f69125a1f285d79908f84c937718acf2.jpg 304 1ms][http://localhost:8081/ HTTP/1.1 Mozilla/5.0 (X11; Linux x86_64) AppleWebKit/537.36 (KHTML, like Gecko) Chrome/73.0.3683.86 Safari/537.36]
[2020-03-24T12:54:29.070] [INFO] default - [::1 OPTIONS /home/personal/myapprentice 200 0ms][http://localhost:8081/ HTTP/1.1 Mozilla/5.0 (X11; Linux x86_64) AppleWebKit/537.36 (KHTML, like Gecko) Chrome/73.0.3683.86 Safari/537.36]
[2020-03-24T12:54:29.092] [INFO] default - [::1 POST /home/personal/myapprentice 200 4ms][http://localhost:8081/ HTTP/1.1 Mozilla/5.0 (X11; Linux x86_64) AppleWebKit/537.36 (KHTML, like Gecko) Chrome/73.0.3683.86 Safari/537.36]
[2020-03-24T12:54:30.638] [INFO] default - [::1 POST /home/personal/myapprentice 200 4ms][http://localhost:8081/ HTTP/1.1 Mozilla/5.0 (X11; Linux x86_64) AppleWebKit/537.36 (KHTML, like Gecko) Chrome/73.0.3683.86 Safari/537.36]
[2020-03-24T12:54:38.341] [INFO] default - [::1 OPTIONS /home/personal/myapprentice 200 1ms][http://localhost:8081/ HTTP/1.1 Mozilla/5.0 (X11; Linux x86_64) AppleWebKit/537.36 (KHTML, like Gecko) Chrome/73.0.3683.86 Safari/537.36]
[2020-03-24T12:54:38.346] [INFO] default - [::1 POST /home/personal/myapprentice 200 2ms][http://localhost:8081/ HTTP/1.1 Mozilla/5.0 (X11; Linux x86_64) AppleWebKit/537.36 (KHTML, like Gecko) Chrome/73.0.3683.86 Safari/537.36]
[2020-03-24T12:54:39.249] [INFO] default - [::1 POST /home/personal/myapprentice 200 3ms][http://localhost:8081/ HTTP/1.1 Mozilla/5.0 (X11; Linux x86_64) AppleWebKit/537.36 (KHTML, like Gecko) Chrome/73.0.3683.86 Safari/537.36]
[2020-03-24T12:54:41.574] [INFO] default - [::1 OPTIONS /home/personal/myteacher 200 1ms][http://localhost:8081/ HTTP/1.1 Mozilla/5.0 (X11; Linux x86_64) AppleWebKit/537.36 (KHTML, like Gecko) Chrome/73.0.3683.86 Safari/537.36]
[2020-03-24T12:54:41.584] [INFO] default - [::1 POST /home/personal/myteacher 200 7ms][http://localhost:8081/ HTTP/1.1 Mozilla/5.0 (X11; Linux x86_64) AppleWebKit/537.36 (KHTML, like Gecko) Chrome/73.0.3683.86 Safari/537.36]
[2020-03-24T12:54:41.640] [INFO] default - [::1 GET //photo/upload_42c41eee71658eed3d95e868cb1a20c2.jpg 304 0ms][http://localhost:8081/ HTTP/1.1 Mozilla/5.0 (X11; Linux x86_64) AppleWebKit/537.36 (KHTML, like Gecko) Chrome/73.0.3683.86 Safari/537.36]
[2020-03-24T12:54:43.231] [INFO] default - [::1 POST /home/personal/myteacher 200 5ms][http://localhost:8081/ HTTP/1.1 Mozilla/5.0 (X11; Linux x86_64) AppleWebKit/537.36 (KHTML, like Gecko) Chrome/73.0.3683.86 Safari/537.36]
[2020-03-24T12:54:44.254] [INFO] default - [::1 POST /home/personal/myteacher 200 6ms][http://localhost:8081/ HTTP/1.1 Mozilla/5.0 (X11; Linux x86_64) AppleWebKit/537.36 (KHTML, like Gecko) Chrome/73.0.3683.86 Safari/537.36]
[2020-03-24T12:54:45.826] [INFO] default - [::1 OPTIONS /home/personal/myapprentice 200 1ms][http://localhost:8081/ HTTP/1.1 Mozilla/5.0 (X11; Linux x86_64) AppleWebKit/537.36 (KHTML, like Gecko) Chrome/73.0.3683.86 Safari/537.36]
[2020-03-24T12:54:45.834] [INFO] default - [::1 POST /home/personal/myapprentice 200 3ms][http://localhost:8081/ HTTP/1.1 Mozilla/5.0 (X11; Linux x86_64) AppleWebKit/537.36 (KHTML, like Gecko) Chrome/73.0.3683.86 Safari/537.36]
[2020-03-24T12:54:49.040] [INFO] default - [::1 GET //photo/upload_f69125a1f285d79908f84c937718acf2.jpg 304 0ms][ HTTP/1.1 Mozilla/5.0 (X11; Linux x86_64) AppleWebKit/537.36 (KHTML, like Gecko) Chrome/73.0.3683.86 Safari/537.36]
[2020-03-24T12:54:49.118] [INFO] default - [::1 GET //photo/upload_42c41eee71658eed3d95e868cb1a20c2.jpg 304 0ms][ HTTP/1.1 Mozilla/5.0 (X11; Linux x86_64) AppleWebKit/537.36 (KHTML, like Gecko) Chrome/73.0.3683.86 Safari/537.36]
[2020-03-24T12:54:52.518] [INFO] default - [::1 OPTIONS /home/personal/myapprentice 200 2ms][http://localhost:8081/ HTTP/1.1 Mozilla/5.0 (X11; Linux x86_64) AppleWebKit/537.36 (KHTML, like Gecko) Chrome/73.0.3683.86 Safari/537.36]
[2020-03-24T12:54:52.523] [INFO] default - [::1 POST /home/personal/myapprentice 200 3ms][http://localhost:8081/ HTTP/1.1 Mozilla/5.0 (X11; Linux x86_64) AppleWebKit/537.36 (KHTML, like Gecko) Chrome/73.0.3683.86 Safari/537.36]
[2020-03-24T12:56:26.225] [INFO] default - [::1 GET //photo/upload_f69125a1f285d79908f84c937718acf2.jpg 304 1ms][http://localhost:8081/ HTTP/1.1 Mozilla/5.0 (X11; Linux x86_64) AppleWebKit/537.36 (KHTML, like Gecko) Chrome/73.0.3683.86 Safari/537.36]
[2020-03-24T12:56:26.298] [INFO] default - [::1 OPTIONS /home/personal/myapprentice 200 1ms][http://localhost:8081/ HTTP/1.1 Mozilla/5.0 (X11; Linux x86_64) AppleWebKit/537.36 (KHTML, like Gecko) Chrome/73.0.3683.86 Safari/537.36]
[2020-03-24T12:56:26.319] [INFO] default - [::1 POST /home/personal/myapprentice 200 4ms][http://localhost:8081/ HTTP/1.1 Mozilla/5.0 (X11; Linux x86_64) AppleWebKit/537.36 (KHTML, like Gecko) Chrome/73.0.3683.86 Safari/537.36]
[2020-03-24T12:56:28.711] [INFO] default - [::1 POST /home/personal/myapprentice 200 3ms][http://localhost:8081/ HTTP/1.1 Mozilla/5.0 (X11; Linux x86_64) AppleWebKit/537.36 (KHTML, like Gecko) Chrome/73.0.3683.86 Safari/537.36]
[2020-03-24T12:57:03.265] [INFO] default - [::1 OPTIONS /home/personal/myapprentice 200 5ms][http://localhost:8081/ HTTP/1.1 Mozilla/5.0 (X11; Linux x86_64) AppleWebKit/537.36 (KHTML, like Gecko) Chrome/73.0.3683.86 Safari/537.36]
[2020-03-24T12:57:03.293] [INFO] default - [::1 POST /home/personal/myapprentice 200 25ms][http://localhost:8081/ HTTP/1.1 Mozilla/5.0 (X11; Linux x86_64) AppleWebKit/537.36 (KHTML, like Gecko) Chrome/73.0.3683.86 Safari/537.36]
[2020-03-24T12:57:04.312] [INFO] default - [::1 POST /home/personal/myapprentice 200 5ms][http://localhost:8081/ HTTP/1.1 Mozilla/5.0 (X11; Linux x86_64) AppleWebKit/537.36 (KHTML, like Gecko) Chrome/73.0.3683.86 Safari/537.36]
[2020-03-24T12:58:35.255] [INFO] default - [::1 GET //photo/upload_f69125a1f285d79908f84c937718acf2.jpg 304 2ms][http://localhost:8081/ HTTP/1.1 Mozilla/5.0 (X11; Linux x86_64) AppleWebKit/537.36 (KHTML, like Gecko) Chrome/73.0.3683.86 Safari/537.36]
[2020-03-24T12:58:35.324] [INFO] default - [::1 OPTIONS /home/personal/myapprentice 200 1ms][http://localhost:8081/ HTTP/1.1 Mozilla/5.0 (X11; Linux x86_64) AppleWebKit/537.36 (KHTML, like Gecko) Chrome/73.0.3683.86 Safari/537.36]
[2020-03-24T12:58:35.476] [INFO] default - [::1 POST /home/personal/myapprentice 200 22ms][http://localhost:8081/ HTTP/1.1 Mozilla/5.0 (X11; Linux x86_64) AppleWebKit/537.36 (KHTML, like Gecko) Chrome/73.0.3683.86 Safari/537.36]
[2020-03-24T12:58:35.560] [INFO] default - [::1 GET //photo/upload_42c41eee71658eed3d95e868cb1a20c2.jpg 304 1ms][http://localhost:8081/ HTTP/1.1 Mozilla/5.0 (X11; Linux x86_64) AppleWebKit/537.36 (KHTML, like Gecko) Chrome/73.0.3683.86 Safari/537.36]
[2020-03-24T12:58:37.395] [INFO] default - [::1 POST /home/personal/myapprentice 200 3ms][http://localhost:8081/ HTTP/1.1 Mozilla/5.0 (X11; Linux x86_64) AppleWebKit/537.36 (KHTML, like Gecko) Chrome/73.0.3683.86 Safari/537.36]
[2020-03-24T12:58:38.360] [INFO] default - [::1 POST /home/personal/myapprentice 200 7ms][http://localhost:8081/ HTTP/1.1 Mozilla/5.0 (X11; Linux x86_64) AppleWebKit/537.36 (KHTML, like Gecko) Chrome/73.0.3683.86 Safari/537.36]
[2020-03-24T13:02:02.072] [INFO] default - [::1 GET //photo/upload_42c41eee71658eed3d95e868cb1a20c2.jpg 304 0ms][ HTTP/1.1 Mozilla/5.0 (X11; Linux x86_64) AppleWebKit/537.36 (KHTML, like Gecko) Chrome/73.0.3683.86 Safari/537.36]
[2020-03-24T13:02:20.226] [INFO] default - [::1 GET //photo/upload_42c41eee71658eed3d95e868cb1a20c2.jpg 304 0ms][ HTTP/1.1 Mozilla/5.0 (X11; Linux x86_64) AppleWebKit/537.36 (KHTML, like Gecko) Chrome/73.0.3683.86 Safari/537.36]
[2020-03-24T13:05:40.637] [INFO] default - [::1 OPTIONS /home/personal/myapprentice 200 1ms][http://localhost:8081/ HTTP/1.1 Mozilla/5.0 (X11; Linux x86_64) AppleWebKit/537.36 (KHTML, like Gecko) Chrome/73.0.3683.86 Safari/537.36]
[2020-03-24T13:05:40.643] [INFO] default - [::1 POST /home/personal/myapprentice 200 4ms][http://localhost:8081/ HTTP/1.1 Mozilla/5.0 (X11; Linux x86_64) AppleWebKit/537.36 (KHTML, like Gecko) Chrome/73.0.3683.86 Safari/537.36]
[2020-03-24T13:05:41.441] [INFO] default - [::1 POST /home/personal/myapprentice 200 7ms][http://localhost:8081/ HTTP/1.1 Mozilla/5.0 (X11; Linux x86_64) AppleWebKit/537.36 (KHTML, like Gecko) Chrome/73.0.3683.86 Safari/537.36]
[2020-03-24T13:26:22.726] [INFO] default - [::1 OPTIONS /home/personal/myapprentice 200 0ms][http://localhost:8081/ HTTP/1.1 Mozilla/5.0 (X11; Linux x86_64) AppleWebKit/537.36 (KHTML, like Gecko) Chrome/73.0.3683.86 Safari/537.36]
[2020-03-24T13:26:22.731] [INFO] default - [::1 POST /home/personal/myapprentice 200 3ms][http://localhost:8081/ HTTP/1.1 Mozilla/5.0 (X11; Linux x86_64) AppleWebKit/537.36 (KHTML, like Gecko) Chrome/73.0.3683.86 Safari/537.36]
[2020-03-24T13:26:23.778] [INFO] default - [::1 POST /home/personal/myapprentice 200 6ms][http://localhost:8081/ HTTP/1.1 Mozilla/5.0 (X11; Linux x86_64) AppleWebKit/537.36 (KHTML, like Gecko) Chrome/73.0.3683.86 Safari/537.36]
[2020-03-24T13:26:25.217] [INFO] default - [::1 POST /home/personal/myapprentice 200 3ms][http://localhost:8081/ HTTP/1.1 Mozilla/5.0 (X11; Linux x86_64) AppleWebKit/537.36 (KHTML, like Gecko) Chrome/73.0.3683.86 Safari/537.36]
[2020-03-24T13:26:26.235] [INFO] default - [::1 POST /home/personal/myapprentice 200 6ms][http://localhost:8081/ HTTP/1.1 Mozilla/5.0 (X11; Linux x86_64) AppleWebKit/537.36 (KHTML, like Gecko) Chrome/73.0.3683.86 Safari/537.36]
[2020-03-24T13:26:27.156] [INFO] default - [::1 POST /home/personal/myapprentice 200 3ms][http://localhost:8081/ HTTP/1.1 Mozilla/5.0 (X11; Linux x86_64) AppleWebKit/537.36 (KHTML, like Gecko) Chrome/73.0.3683.86 Safari/537.36]
[2020-03-24T13:26:28.003] [INFO] default - [::1 OPTIONS /home/personal/myapprentice 200 1ms][http://localhost:8081/ HTTP/1.1 Mozilla/5.0 (X11; Linux x86_64) AppleWebKit/537.36 (KHTML, like Gecko) Chrome/73.0.3683.86 Safari/537.36]
[2020-03-24T13:26:28.009] [INFO] default - [::1 POST /home/personal/myapprentice 200 5ms][http://localhost:8081/ HTTP/1.1 Mozilla/5.0 (X11; Linux x86_64) AppleWebKit/537.36 (KHTML, like Gecko) Chrome/73.0.3683.86 Safari/537.36]
[2020-03-24T13:27:16.568] [INFO] default - [::1 GET //photo/upload_f69125a1f285d79908f84c937718acf2.jpg 304 0ms][http://localhost:8081/ HTTP/1.1 Mozilla/5.0 (X11; Linux x86_64) AppleWebKit/537.36 (KHTML, like Gecko) Chrome/73.0.3683.86 Safari/537.36]
[2020-03-24T13:27:16.645] [INFO] default - [::1 OPTIONS /home/personal/myapprentice 200 1ms][http://localhost:8081/ HTTP/1.1 Mozilla/5.0 (X11; Linux x86_64) AppleWebKit/537.36 (KHTML, like Gecko) Chrome/73.0.3683.86 Safari/537.36]
[2020-03-24T13:27:16.669] [INFO] default - [::1 POST /home/personal/myapprentice 200 4ms][http://localhost:8081/ HTTP/1.1 Mozilla/5.0 (X11; Linux x86_64) AppleWebKit/537.36 (KHTML, like Gecko) Chrome/73.0.3683.86 Safari/537.36]
[2020-03-24T13:27:18.144] [INFO] default - [::1 POST /home/personal/myapprentice 200 6ms][http://localhost:8081/ HTTP/1.1 Mozilla/5.0 (X11; Linux x86_64) AppleWebKit/537.36 (KHTML, like Gecko) Chrome/73.0.3683.86 Safari/537.36]
[2020-03-24T13:27:18.152] [INFO] default - [::1 GET //photo/upload_42c41eee71658eed3d95e868cb1a20c2.jpg 304 0ms][http://localhost:8081/ HTTP/1.1 Mozilla/5.0 (X11; Linux x86_64) AppleWebKit/537.36 (KHTML, like Gecko) Chrome/73.0.3683.86 Safari/537.36]
[2020-03-24T13:43:57.442] [INFO] default - [::1 GET //photo/upload_f69125a1f285d79908f84c937718acf2.jpg 304 4ms][ HTTP/1.1 Mozilla/5.0 (X11; Linux x86_64) AppleWebKit/537.36 (KHTML, like Gecko) Chrome/73.0.3683.86 Safari/537.36]
[2020-03-24T13:43:57.467] [INFO] default - [::1 GET //photo/upload_42c41eee71658eed3d95e868cb1a20c2.jpg 304 1ms][ HTTP/1.1 Mozilla/5.0 (X11; Linux x86_64) AppleWebKit/537.36 (KHTML, like Gecko) Chrome/73.0.3683.86 Safari/537.36]
[2020-03-24T13:44:01.772] [INFO] default - [::1 GET //photo/upload_f69125a1f285d79908f84c937718acf2.jpg 304 1ms][http://localhost:8081/ HTTP/1.1 Mozilla/5.0 (X11; Linux x86_64) AppleWebKit/537.36 (KHTML, like Gecko) Chrome/73.0.3683.86 Safari/537.36]
[2020-03-24T13:44:01.853] [INFO] default - [::1 OPTIONS /home/personal/myapprentice 200 6ms][http://localhost:8081/ HTTP/1.1 Mozilla/5.0 (X11; Linux x86_64) AppleWebKit/537.36 (KHTML, like Gecko) Chrome/73.0.3683.86 Safari/537.36]
[2020-03-24T13:44:01.893] [INFO] default - [::1 POST /home/personal/myapprentice 200 26ms][http://localhost:8081/ HTTP/1.1 Mozilla/5.0 (X11; Linux x86_64) AppleWebKit/537.36 (KHTML, like Gecko) Chrome/73.0.3683.86 Safari/537.36]
[2020-03-24T13:44:08.824] [INFO] default - [::1 OPTIONS /home/personal/myapprentice 200 1ms][http://localhost:8081/ HTTP/1.1 Mozilla/5.0 (X11; Linux x86_64) AppleWebKit/537.36 (KHTML, like Gecko) Chrome/73.0.3683.86 Safari/537.36]
[2020-03-24T13:44:08.843] [INFO] default - [::1 POST /home/personal/myapprentice 200 18ms][http://localhost:8081/ HTTP/1.1 Mozilla/5.0 (X11; Linux x86_64) AppleWebKit/537.36 (KHTML, like Gecko) Chrome/73.0.3683.86 Safari/537.36]
[2020-03-24T13:44:08.851] [INFO] default - [::1 GET //photo/upload_42c41eee71658eed3d95e868cb1a20c2.jpg 304 1ms][http://localhost:8081/ HTTP/1.1 Mozilla/5.0 (X11; Linux x86_64) AppleWebKit/537.36 (KHTML, like Gecko) Chrome/73.0.3683.86 Safari/537.36]
[2020-03-24T13:46:42.066] [INFO] default - [::1 OPTIONS /home/personal/myapprentice 200 0ms][http://localhost:8081/ HTTP/1.1 Mozilla/5.0 (X11; Linux x86_64) AppleWebKit/537.36 (KHTML, like Gecko) Chrome/73.0.3683.86 Safari/537.36]
[2020-03-24T13:46:42.071] [INFO] default - [::1 POST /home/personal/myapprentice 200 3ms][http://localhost:8081/ HTTP/1.1 Mozilla/5.0 (X11; Linux x86_64) AppleWebKit/537.36 (KHTML, like Gecko) Chrome/73.0.3683.86 Safari/537.36]
[2020-03-24T13:46:43.140] [INFO] default - [::1 POST /home/personal/myapprentice 200 8ms][http://localhost:8081/ HTTP/1.1 Mozilla/5.0 (X11; Linux x86_64) AppleWebKit/537.36 (KHTML, like Gecko) Chrome/73.0.3683.86 Safari/537.36]
[2020-03-24T13:47:10.405] [INFO] default - [::1 GET //photo/upload_f69125a1f285d79908f84c937718acf2.jpg 304 1ms][http://localhost:8081/ HTTP/1.1 Mozilla/5.0 (X11; Linux x86_64) AppleWebKit/537.36 (KHTML, like Gecko) Chrome/73.0.3683.86 Safari/537.36]
[2020-03-24T13:47:10.477] [INFO] default - [::1 OPTIONS /home/personal/myapprentice 200 0ms][http://localhost:8081/ HTTP/1.1 Mozilla/5.0 (X11; Linux x86_64) AppleWebKit/537.36 (KHTML, like Gecko) Chrome/73.0.3683.86 Safari/537.36]
[2020-03-24T13:47:10.497] [INFO] default - [::1 POST /home/personal/myapprentice 200 4ms][http://localhost:8081/ HTTP/1.1 Mozilla/5.0 (X11; Linux x86_64) AppleWebKit/537.36 (KHTML, like Gecko) Chrome/73.0.3683.86 Safari/537.36]
[2020-03-24T13:47:11.526] [INFO] default - [::1 GET //photo/upload_f69125a1f285d79908f84c937718acf2.jpg 304 0ms][ HTTP/1.1 Mozilla/5.0 (X11; Linux x86_64) AppleWebKit/537.36 (KHTML, like Gecko) Chrome/73.0.3683.86 Safari/537.36]
[2020-03-24T13:47:13.128] [INFO] default - [::1 POST /home/personal/myapprentice 200 7ms][http://localhost:8081/ HTTP/1.1 Mozilla/5.0 (X11; Linux x86_64) AppleWebKit/537.36 (KHTML, like Gecko) Chrome/73.0.3683.86 Safari/537.36]
[2020-03-24T13:47:13.135] [INFO] default - [::1 GET //photo/upload_42c41eee71658eed3d95e868cb1a20c2.jpg 304 0ms][http://localhost:8081/ HTTP/1.1 Mozilla/5.0 (X11; Linux x86_64) AppleWebKit/537.36 (KHTML, like Gecko) Chrome/73.0.3683.86 Safari/537.36]
[2020-03-24T13:47:13.328] [INFO] default - [::1 GET //photo/upload_42c41eee71658eed3d95e868cb1a20c2.jpg 304 1ms][ HTTP/1.1 Mozilla/5.0 (X11; Linux x86_64) AppleWebKit/537.36 (KHTML, like Gecko) Chrome/73.0.3683.86 Safari/537.36]
[2020-03-24T13:47:15.369] [INFO] default - [::1 OPTIONS /home/personal 200 0ms][http://localhost:8081/ HTTP/1.1 Mozilla/5.0 (X11; Linux x86_64) AppleWebKit/537.36 (KHTML, like Gecko) Chrome/73.0.3683.86 Safari/537.36]
[2020-03-24T13:47:15.413] [INFO] default - [::1 POST /home/personal 200 11ms][http://localhost:8081/ HTTP/1.1 Mozilla/5.0 (X11; Linux x86_64) AppleWebKit/537.36 (KHTML, like Gecko) Chrome/73.0.3683.86 Safari/537.36]
[2020-03-24T13:49:40.800] [INFO] default - [::1 OPTIONS /home/login 200 0ms][http://localhost:8081/ HTTP/1.1 Mozilla/5.0 (X11; Linux x86_64) AppleWebKit/537.36 (KHTML, like Gecko) Chrome/73.0.3683.86 Safari/537.36]
[2020-03-24T13:49:40.812] [INFO] default - [::1 POST /home/login 200 9ms][http://localhost:8081/ HTTP/1.1 Mozilla/5.0 (X11; Linux x86_64) AppleWebKit/537.36 (KHTML, like Gecko) Chrome/73.0.3683.86 Safari/537.36]
[2020-03-24T13:49:40.824] [INFO] default - [::1 OPTIONS /home/push/querynum 200 0ms][http://localhost:8081/ HTTP/1.1 Mozilla/5.0 (X11; Linux x86_64) AppleWebKit/537.36 (KHTML, like Gecko) Chrome/73.0.3683.86 Safari/537.36]
[2020-03-24T13:49:40.837] [INFO] default - [::1 GET /home/push/querynum 200 7ms][http://localhost:8081/ HTTP/1.1 Mozilla/5.0 (X11; Linux x86_64) AppleWebKit/537.36 (KHTML, like Gecko) Chrome/73.0.3683.86 Safari/537.36]
[2020-03-24T13:49:40.876] [INFO] default - [::1 OPTIONS /home/teachers/Teacherslist 200 1ms][http://localhost:8081/ HTTP/1.1 Mozilla/5.0 (X11; Linux x86_64) AppleWebKit/537.36 (KHTML, like Gecko) Chrome/73.0.3683.86 Safari/537.36]
[2020-03-24T13:49:40.878] [INFO] default - [::1 OPTIONS /home/problem 200 0ms][http://localhost:8081/ HTTP/1.1 Mozilla/5.0 (X11; Linux x86_64) AppleWebKit/537.36 (KHTML, like Gecko) Chrome/73.0.3683.86 Safari/537.36]
[2020-03-24T13:49:40.903] [INFO] default - [::1 POST /home/teachers/Teacherslist 200 19ms][http://localhost:8081/ HTTP/1.1 Mozilla/5.0 (X11; Linux x86_64) AppleWebKit/537.36 (KHTML, like Gecko) Chrome/73.0.3683.86 Safari/537.36]
[2020-03-24T13:49:40.931] [INFO] default - [::1 POST /home/problem 200 45ms][http://localhost:8081/ HTTP/1.1 Mozilla/5.0 (X11; Linux x86_64) AppleWebKit/537.36 (KHTML, like Gecko) Chrome/73.0.3683.86 Safari/537.36]
[2020-03-24T13:49:40.947] [INFO] default - [::1 GET /3ea6beec64369c2642b92c6726f1epng.png 304 1ms][http://localhost:8081/ HTTP/1.1 Mozilla/5.0 (X11; Linux x86_64) AppleWebKit/537.36 (KHTML, like Gecko) Chrome/73.0.3683.86 Safari/537.36]
[2020-03-24T13:49:43.311] [INFO] default - [::1 OPTIONS /home/push/findMessage 200 0ms][http://localhost:8081/ HTTP/1.1 Mozilla/5.0 (X11; Linux x86_64) AppleWebKit/537.36 (KHTML, like Gecko) Chrome/73.0.3683.86 Safari/537.36]
[2020-03-24T13:49:43.329] [INFO] default - [::1 POST /home/push/findMessage 200 8ms][http://localhost:8081/ HTTP/1.1 Mozilla/5.0 (X11; Linux x86_64) AppleWebKit/537.36 (KHTML, like Gecko) Chrome/73.0.3683.86 Safari/537.36]
[2020-03-24T13:49:53.301] [INFO] default - [::1 OPTIONS /home/login 200 1ms][http://localhost:8081/ HTTP/1.1 Mozilla/5.0 (X11; Linux x86_64) AppleWebKit/537.36 (KHTML, like Gecko) Chrome/73.0.3683.86 Safari/537.36]
[2020-03-24T13:49:53.306] [INFO] default - [::1 POST /home/login 200 3ms][http://localhost:8081/ HTTP/1.1 Mozilla/5.0 (X11; Linux x86_64) AppleWebKit/537.36 (KHTML, like Gecko) Chrome/73.0.3683.86 Safari/537.36]
[2020-03-24T13:49:53.315] [INFO] default - [::1 OPTIONS /home/push/querynum 200 1ms][http://localhost:8081/ HTTP/1.1 Mozilla/5.0 (X11; Linux x86_64) AppleWebKit/537.36 (KHTML, like Gecko) Chrome/73.0.3683.86 Safari/537.36]
[2020-03-24T13:49:53.320] [INFO] default - [::1 GET /home/push/querynum 200 2ms][http://localhost:8081/ HTTP/1.1 Mozilla/5.0 (X11; Linux x86_64) AppleWebKit/537.36 (KHTML, like Gecko) Chrome/73.0.3683.86 Safari/537.36]
[2020-03-24T13:49:53.350] [INFO] default - [::1 OPTIONS /home/teachers/Teacherslist 200 0ms][http://localhost:8081/ HTTP/1.1 Mozilla/5.0 (X11; Linux x86_64) AppleWebKit/537.36 (KHTML, like Gecko) Chrome/73.0.3683.86 Safari/537.36]
[2020-03-24T13:49:53.352] [INFO] default - [::1 OPTIONS /home/problem 200 1ms][http://localhost:8081/ HTTP/1.1 Mozilla/5.0 (X11; Linux x86_64) AppleWebKit/537.36 (KHTML, like Gecko) Chrome/73.0.3683.86 Safari/537.36]
[2020-03-24T13:49:53.373] [INFO] default - [::1 POST /home/teachers/Teacherslist 200 14ms][http://localhost:8081/ HTTP/1.1 Mozilla/5.0 (X11; Linux x86_64) AppleWebKit/537.36 (KHTML, like Gecko) Chrome/73.0.3683.86 Safari/537.36]
[2020-03-24T13:49:53.383] [INFO] default - [::1 POST /home/problem 200 21ms][http://localhost:8081/ HTTP/1.1 Mozilla/5.0 (X11; Linux x86_64) AppleWebKit/537.36 (KHTML, like Gecko) Chrome/73.0.3683.86 Safari/537.36]
[2020-03-24T13:49:53.398] [INFO] default - [::1 GET /3ea6beec64369c2642b92c6726f1epng.png 304 0ms][http://localhost:8081/ HTTP/1.1 Mozilla/5.0 (X11; Linux x86_64) AppleWebKit/537.36 (KHTML, like Gecko) Chrome/73.0.3683.86 Safari/537.36]
[2020-03-24T13:49:53.399] [INFO] default - [::1 GET //photo/upload_42c41eee71658eed3d95e868cb1a20c2.jpg 304 1ms][http://localhost:8081/ HTTP/1.1 Mozilla/5.0 (X11; Linux x86_64) AppleWebKit/537.36 (KHTML, like Gecko) Chrome/73.0.3683.86 Safari/537.36]
[2020-03-24T13:49:56.490] [INFO] default - [::1 GET //photo/upload_f69125a1f285d79908f84c937718acf2.jpg 304 0ms][http://localhost:8081/ HTTP/1.1 Mozilla/5.0 (X11; Linux x86_64) AppleWebKit/537.36 (KHTML, like Gecko) Chrome/73.0.3683.86 Safari/537.36]
[2020-03-24T13:49:59.485] [INFO] default - [::1 OPTIONS /home/personal/myapprentice 200 0ms][http://localhost:8081/ HTTP/1.1 Mozilla/5.0 (X11; Linux x86_64) AppleWebKit/537.36 (KHTML, like Gecko) Chrome/73.0.3683.86 Safari/537.36]
[2020-03-24T13:49:59.494] [INFO] default - [::1 POST /home/personal/myapprentice 200 4ms][http://localhost:8081/ HTTP/1.1 Mozilla/5.0 (X11; Linux x86_64) AppleWebKit/537.36 (KHTML, like Gecko) Chrome/73.0.3683.86 Safari/537.36]
[2020-03-24T13:50:01.089] [INFO] default - [::1 POST /home/personal/myapprentice 200 6ms][http://localhost:8081/ HTTP/1.1 Mozilla/5.0 (X11; Linux x86_64) AppleWebKit/537.36 (KHTML, like Gecko) Chrome/73.0.3683.86 Safari/537.36]
[2020-03-24T13:50:01.097] [INFO] default - [::1 GET //photo/upload_42c41eee71658eed3d95e868cb1a20c2.jpg 304 0ms][http://localhost:8081/ HTTP/1.1 Mozilla/5.0 (X11; Linux x86_64) AppleWebKit/537.36 (KHTML, like Gecko) Chrome/73.0.3683.86 Safari/537.36]
[2020-03-24T13:50:18.797] [INFO] default - [::1 OPTIONS /home/personal 200 1ms][http://localhost:8081/ HTTP/1.1 Mozilla/5.0 (X11; Linux x86_64) AppleWebKit/537.36 (KHTML, like Gecko) Chrome/73.0.3683.86 Safari/537.36]
[2020-03-24T13:50:18.816] [INFO] default - [::1 POST /home/personal 200 4ms][http://localhost:8081/ HTTP/1.1 Mozilla/5.0 (X11; Linux x86_64) AppleWebKit/537.36 (KHTML, like Gecko) Chrome/73.0.3683.86 Safari/537.36]
[2020-03-24T13:50:37.995] [INFO] default - [::1 OPTIONS /home/personal/myapprentice 200 1ms][http://localhost:8081/ HTTP/1.1 Mozilla/5.0 (X11; Linux x86_64) AppleWebKit/537.36 (KHTML, like Gecko) Chrome/73.0.3683.86 Safari/537.36]
[2020-03-24T13:50:38.003] [INFO] default - [::1 POST /home/personal/myapprentice 200 4ms][http://localhost:8081/ HTTP/1.1 Mozilla/5.0 (X11; Linux x86_64) AppleWebKit/537.36 (KHTML, like Gecko) Chrome/73.0.3683.86 Safari/537.36]
[2020-03-24T13:50:41.703] [INFO] default - [::1 POST /home/personal/myapprentice 200 6ms][http://localhost:8081/ HTTP/1.1 Mozilla/5.0 (X11; Linux x86_64) AppleWebKit/537.36 (KHTML, like Gecko) Chrome/73.0.3683.86 Safari/537.36]
[2020-03-24T13:51:08.009] [INFO] default - [::1 OPTIONS /home/personal 200 0ms][http://localhost:8081/ HTTP/1.1 Mozilla/5.0 (X11; Linux x86_64) AppleWebKit/537.36 (KHTML, like Gecko) Chrome/73.0.3683.86 Safari/537.36]
[2020-03-24T13:51:08.020] [INFO] default - [::1 POST /home/personal 200 3ms][http://localhost:8081/ HTTP/1.1 Mozilla/5.0 (X11; Linux x86_64) AppleWebKit/537.36 (KHTML, like Gecko) Chrome/73.0.3683.86 Safari/537.36]
[2020-03-24T13:51:10.281] [INFO] default - [::1 OPTIONS /home/personal/myapprentice 200 1ms][http://localhost:8081/ HTTP/1.1 Mozilla/5.0 (X11; Linux x86_64) AppleWebKit/537.36 (KHTML, like Gecko) Chrome/73.0.3683.86 Safari/537.36]
[2020-03-24T13:51:10.290] [INFO] default - [::1 POST /home/personal/myapprentice 200 5ms][http://localhost:8081/ HTTP/1.1 Mozilla/5.0 (X11; Linux x86_64) AppleWebKit/537.36 (KHTML, like Gecko) Chrome/73.0.3683.86 Safari/537.36]
[2020-03-24T13:51:11.888] [INFO] default - [::1 POST /home/personal/myapprentice 200 6ms][http://localhost:8081/ HTTP/1.1 Mozilla/5.0 (X11; Linux x86_64) AppleWebKit/537.36 (KHTML, like Gecko) Chrome/73.0.3683.86 Safari/537.36]
[2020-03-24T13:51:13.126] [INFO] default - [::1 OPTIONS /home/personal 200 0ms][http://localhost:8081/ HTTP/1.1 Mozilla/5.0 (X11; Linux x86_64) AppleWebKit/537.36 (KHTML, like Gecko) Chrome/73.0.3683.86 Safari/537.36]
[2020-03-24T13:51:13.139] [INFO] default - [::1 POST /home/personal 200 3ms][http://localhost:8081/ HTTP/1.1 Mozilla/5.0 (X11; Linux x86_64) AppleWebKit/537.36 (KHTML, like Gecko) Chrome/73.0.3683.86 Safari/537.36]
[2020-03-24T13:51:15.228] [INFO] default - [::1 POST /home/personal/myapprentice 200 3ms][http://localhost:8081/ HTTP/1.1 Mozilla/5.0 (X11; Linux x86_64) AppleWebKit/537.36 (KHTML, like Gecko) Chrome/73.0.3683.86 Safari/537.36]
[2020-03-24T13:51:17.346] [INFO] default - [::1 OPTIONS /home/personal/myapprentice 200 1ms][http://localhost:8081/ HTTP/1.1 Mozilla/5.0 (X11; Linux x86_64) AppleWebKit/537.36 (KHTML, like Gecko) Chrome/73.0.3683.86 Safari/537.36]
[2020-03-24T13:51:17.353] [INFO] default - [::1 POST /home/personal/myapprentice 200 5ms][http://localhost:8081/ HTTP/1.1 Mozilla/5.0 (X11; Linux x86_64) AppleWebKit/537.36 (KHTML, like Gecko) Chrome/73.0.3683.86 Safari/537.36]
[2020-03-24T13:51:40.659] [INFO] default - [::1 OPTIONS /home/personal 200 1ms][http://localhost:8081/ HTTP/1.1 Mozilla/5.0 (X11; Linux x86_64) AppleWebKit/537.36 (KHTML, like Gecko) Chrome/73.0.3683.86 Safari/537.36]
[2020-03-24T13:51:40.669] [INFO] default - [::1 POST /home/personal 200 4ms][http://localhost:8081/ HTTP/1.1 Mozilla/5.0 (X11; Linux x86_64) AppleWebKit/537.36 (KHTML, like Gecko) Chrome/73.0.3683.86 Safari/537.36]
[2020-03-24T13:51:42.536] [INFO] default - [::1 OPTIONS /home/personal/myapprentice 200 1ms][http://localhost:8081/ HTTP/1.1 Mozilla/5.0 (X11; Linux x86_64) AppleWebKit/537.36 (KHTML, like Gecko) Chrome/73.0.3683.86 Safari/537.36]
[2020-03-24T13:51:42.544] [INFO] default - [::1 POST /home/personal/myapprentice 200 4ms][http://localhost:8081/ HTTP/1.1 Mozilla/5.0 (X11; Linux x86_64) AppleWebKit/537.36 (KHTML, like Gecko) Chrome/73.0.3683.86 Safari/537.36]
[2020-03-24T13:51:44.113] [INFO] default - [::1 POST /home/personal/myapprentice 200 6ms][http://localhost:8081/ HTTP/1.1 Mozilla/5.0 (X11; Linux x86_64) AppleWebKit/537.36 (KHTML, like Gecko) Chrome/73.0.3683.86 Safari/537.36]
[2020-03-24T13:54:10.525] [INFO] default - [::1 GET //photo/upload_f69125a1f285d79908f84c937718acf2.jpg 304 3ms][http://localhost:8081/ HTTP/1.1 Mozilla/5.0 (X11; Linux x86_64) AppleWebKit/537.36 (KHTML, like Gecko) Chrome/73.0.3683.86 Safari/537.36]
[2020-03-24T13:54:10.602] [INFO] default - [::1 OPTIONS /home/personal/myapprentice 200 6ms][http://localhost:8081/ HTTP/1.1 Mozilla/5.0 (X11; Linux x86_64) AppleWebKit/537.36 (KHTML, like Gecko) Chrome/73.0.3683.86 Safari/537.36]
[2020-03-24T13:54:10.643] [INFO] default - [::1 POST /home/personal/myapprentice 200 27ms][http://localhost:8081/ HTTP/1.1 Mozilla/5.0 (X11; Linux x86_64) AppleWebKit/537.36 (KHTML, like Gecko) Chrome/73.0.3683.86 Safari/537.36]
[2020-03-24T13:54:11.192] [INFO] default - [::1 GET //photo/upload_f69125a1f285d79908f84c937718acf2.jpg 304 1ms][ HTTP/1.1 Mozilla/5.0 (X11; Linux x86_64) AppleWebKit/537.36 (KHTML, like Gecko) Chrome/73.0.3683.86 Safari/537.36]
[2020-03-24T13:54:12.312] [INFO] default - [::1 POST /home/personal/myapprentice 200 18ms][http://localhost:8081/ HTTP/1.1 Mozilla/5.0 (X11; Linux x86_64) AppleWebKit/537.36 (KHTML, like Gecko) Chrome/73.0.3683.86 Safari/537.36]
[2020-03-24T13:54:12.319] [INFO] default - [::1 GET //photo/upload_42c41eee71658eed3d95e868cb1a20c2.jpg 304 0ms][http://localhost:8081/ HTTP/1.1 Mozilla/5.0 (X11; Linux x86_64) AppleWebKit/537.36 (KHTML, like Gecko) Chrome/73.0.3683.86 Safari/537.36]
[2020-03-24T13:54:12.538] [INFO] default - [::1 GET //photo/upload_42c41eee71658eed3d95e868cb1a20c2.jpg 304 1ms][ HTTP/1.1 Mozilla/5.0 (X11; Linux x86_64) AppleWebKit/537.36 (KHTML, like Gecko) Chrome/73.0.3683.86 Safari/537.36]
[2020-03-24T13:54:14.410] [INFO] default - [::1 OPTIONS /home/personal/Apprentice 200 1ms][http://localhost:8081/ HTTP/1.1 Mozilla/5.0 (X11; Linux x86_64) AppleWebKit/537.36 (KHTML, like Gecko) Chrome/73.0.3683.86 Safari/537.36]
[2020-03-24T13:54:14.434] [INFO] default - [::1 POST /home/personal/Apprentice 404 5ms][http://localhost:8081/ HTTP/1.1 Mozilla/5.0 (X11; Linux x86_64) AppleWebKit/537.36 (KHTML, like Gecko) Chrome/73.0.3683.86 Safari/537.36]
[2020-03-24T13:54:51.187] [INFO] default - [::1 OPTIONS /home/personal/myapprentice 200 8ms][http://localhost:8081/ HTTP/1.1 Mozilla/5.0 (X11; Linux x86_64) AppleWebKit/537.36 (KHTML, like Gecko) Chrome/73.0.3683.86 Safari/537.36]
[2020-03-24T13:54:51.226] [INFO] default - [::1 POST /home/personal/myapprentice 200 36ms][http://localhost:8081/ HTTP/1.1 Mozilla/5.0 (X11; Linux x86_64) AppleWebKit/537.36 (KHTML, like Gecko) Chrome/73.0.3683.86 Safari/537.36]
[2020-03-24T13:54:52.820] [INFO] default - [::1 POST /home/personal/myapprentice 200 20ms][http://localhost:8081/ HTTP/1.1 Mozilla/5.0 (X11; Linux x86_64) AppleWebKit/537.36 (KHTML, like Gecko) Chrome/73.0.3683.86 Safari/537.36]
[2020-03-24T13:54:54.698] [INFO] default - [::1 OPTIONS /home/personal/Apprentice 200 0ms][http://localhost:8081/ HTTP/1.1 Mozilla/5.0 (X11; Linux x86_64) AppleWebKit/537.36 (KHTML, like Gecko) Chrome/73.0.3683.86 Safari/537.36]
[2020-03-24T13:56:42.489] [INFO] default - [::1 OPTIONS /home/personal/myapprentice 200 7ms][http://localhost:8081/ HTTP/1.1 Mozilla/5.0 (X11; Linux x86_64) AppleWebKit/537.36 (KHTML, like Gecko) Chrome/73.0.3683.86 Safari/537.36]
[2020-03-24T13:56:42.520] [INFO] default - [::1 POST /home/personal/myapprentice 200 27ms][http://localhost:8081/ HTTP/1.1 Mozilla/5.0 (X11; Linux x86_64) AppleWebKit/537.36 (KHTML, like Gecko) Chrome/73.0.3683.86 Safari/537.36]
[2020-03-24T13:56:43.940] [INFO] default - [::1 POST /home/personal/myapprentice 200 17ms][http://localhost:8081/ HTTP/1.1 Mozilla/5.0 (X11; Linux x86_64) AppleWebKit/537.36 (KHTML, like Gecko) Chrome/73.0.3683.86 Safari/537.36]
[2020-03-24T13:56:46.969] [INFO] default - [::1 OPTIONS /home/personal/Apprentice 200 1ms][http://localhost:8081/ HTTP/1.1 Mozilla/5.0 (X11; Linux x86_64) AppleWebKit/537.36 (KHTML, like Gecko) Chrome/73.0.3683.86 Safari/537.36]
[2020-03-24T13:56:46.985] [INFO] default - [::1 POST /home/personal/Apprentice 200 9ms][http://localhost:8081/ HTTP/1.1 Mozilla/5.0 (X11; Linux x86_64) AppleWebKit/537.36 (KHTML, like Gecko) Chrome/73.0.3683.86 Safari/537.36]
[2020-03-24T13:57:32.354] [INFO] default - [::1 OPTIONS /home/personal/myapprentice 200 1ms][http://localhost:8081/ HTTP/1.1 Mozilla/5.0 (X11; Linux x86_64) AppleWebKit/537.36 (KHTML, like Gecko) Chrome/73.0.3683.86 Safari/537.36]
[2020-03-24T13:57:32.364] [INFO] default - [::1 POST /home/personal/myapprentice 200 5ms][http://localhost:8081/ HTTP/1.1 Mozilla/5.0 (X11; Linux x86_64) AppleWebKit/537.36 (KHTML, like Gecko) Chrome/73.0.3683.86 Safari/537.36]
[2020-03-24T13:57:34.303] [INFO] default - [::1 POST /home/personal/myapprentice 200 8ms][http://localhost:8081/ HTTP/1.1 Mozilla/5.0 (X11; Linux x86_64) AppleWebKit/537.36 (KHTML, like Gecko) Chrome/73.0.3683.86 Safari/537.36]
[2020-03-24T13:59:01.432] [INFO] default - [::1 OPTIONS /home/personal/Apprentice 200 1ms][http://localhost:8081/ HTTP/1.1 Mozilla/5.0 (X11; Linux x86_64) AppleWebKit/537.36 (KHTML, like Gecko) Chrome/73.0.3683.86 Safari/537.36]
[2020-03-24T13:59:01.443] [INFO] default - [::1 POST /home/personal/Apprentice 200 4ms][http://localhost:8081/ HTTP/1.1 Mozilla/5.0 (X11; Linux x86_64) AppleWebKit/537.36 (KHTML, like Gecko) Chrome/73.0.3683.86 Safari/537.36]
[2020-03-24T14:00:28.965] [INFO] default - [::1 OPTIONS /home/personal/myapprentice 200 1ms][http://localhost:8081/ HTTP/1.1 Mozilla/5.0 (X11; Linux x86_64) AppleWebKit/537.36 (KHTML, like Gecko) Chrome/73.0.3683.86 Safari/537.36]
[2020-03-24T14:00:28.973] [INFO] default - [::1 POST /home/personal/myapprentice 200 4ms][http://localhost:8081/ HTTP/1.1 Mozilla/5.0 (X11; Linux x86_64) AppleWebKit/537.36 (KHTML, like Gecko) Chrome/73.0.3683.86 Safari/537.36]
[2020-03-24T14:00:30.455] [INFO] default - [::1 POST /home/personal/myapprentice 200 5ms][http://localhost:8081/ HTTP/1.1 Mozilla/5.0 (X11; Linux x86_64) AppleWebKit/537.36 (KHTML, like Gecko) Chrome/73.0.3683.86 Safari/537.36]
[2020-03-24T14:00:50.638] [INFO] default - [::1 GET //photo/upload_f69125a1f285d79908f84c937718acf2.jpg 304 3ms][http://localhost:8081/ HTTP/1.1 Mozilla/5.0 (X11; Linux x86_64) AppleWebKit/537.36 (KHTML, like Gecko) Chrome/73.0.3683.86 Safari/537.36]
[2020-03-24T14:00:50.716] [INFO] default - [::1 OPTIONS /home/personal/myapprentice 200 1ms][http://localhost:8081/ HTTP/1.1 Mozilla/5.0 (X11; Linux x86_64) AppleWebKit/537.36 (KHTML, like Gecko) Chrome/73.0.3683.86 Safari/537.36]
[2020-03-24T14:00:50.743] [INFO] default - [::1 POST /home/personal/myapprentice 200 3ms][http://localhost:8081/ HTTP/1.1 Mozilla/5.0 (X11; Linux x86_64) AppleWebKit/537.36 (KHTML, like Gecko) Chrome/73.0.3683.86 Safari/537.36]
[2020-03-24T14:00:52.124] [INFO] default - [::1 POST /home/personal/myapprentice 200 6ms][http://localhost:8081/ HTTP/1.1 Mozilla/5.0 (X11; Linux x86_64) AppleWebKit/537.36 (KHTML, like Gecko) Chrome/73.0.3683.86 Safari/537.36]
[2020-03-24T14:00:52.129] [INFO] default - [::1 GET //photo/upload_42c41eee71658eed3d95e868cb1a20c2.jpg 304 0ms][http://localhost:8081/ HTTP/1.1 Mozilla/5.0 (X11; Linux x86_64) AppleWebKit/537.36 (KHTML, like Gecko) Chrome/73.0.3683.86 Safari/537.36]
[2020-03-24T14:00:54.538] [INFO] default - [::1 OPTIONS /home/personal/Apprentice 200 1ms][http://localhost:8081/ HTTP/1.1 Mozilla/5.0 (X11; Linux x86_64) AppleWebKit/537.36 (KHTML, like Gecko) Chrome/73.0.3683.86 Safari/537.36]
[2020-03-24T14:00:54.542] [INFO] default - [::1 POST /home/personal/Apprentice 200 2ms][http://localhost:8081/ HTTP/1.1 Mozilla/5.0 (X11; Linux x86_64) AppleWebKit/537.36 (KHTML, like Gecko) Chrome/73.0.3683.86 Safari/537.36]
[2020-03-24T14:02:05.953] [INFO] default - [::1 GET //photo/upload_f69125a1f285d79908f84c937718acf2.jpg 304 1ms][ HTTP/1.1 Mozilla/5.0 (X11; Linux x86_64) AppleWebKit/537.36 (KHTML, like Gecko) Chrome/73.0.3683.86 Safari/537.36]
[2020-03-24T14:02:06.050] [INFO] default - [::1 GET //photo/upload_42c41eee71658eed3d95e868cb1a20c2.jpg 304 1ms][ HTTP/1.1 Mozilla/5.0 (X11; Linux x86_64) AppleWebKit/537.36 (KHTML, like Gecko) Chrome/73.0.3683.86 Safari/537.36]
[2020-03-24T14:02:11.582] [INFO] default - [::1 GET //photo/upload_f69125a1f285d79908f84c937718acf2.jpg 304 0ms][http://localhost:8081/ HTTP/1.1 Mozilla/5.0 (X11; Linux x86_64) AppleWebKit/537.36 (KHTML, like Gecko) Chrome/73.0.3683.86 Safari/537.36]
[2020-03-24T14:02:11.660] [INFO] default - [::1 OPTIONS /home/personal/myapprentice 200 1ms][http://localhost:8081/ HTTP/1.1 Mozilla/5.0 (X11; Linux x86_64) AppleWebKit/537.36 (KHTML, like Gecko) Chrome/73.0.3683.86 Safari/537.36]
[2020-03-24T14:02:11.797] [INFO] default - [::1 POST /home/personal/myapprentice 200 4ms][http://localhost:8081/ HTTP/1.1 Mozilla/5.0 (X11; Linux x86_64) AppleWebKit/537.36 (KHTML, like Gecko) Chrome/73.0.3683.86 Safari/537.36]
[2020-03-24T14:02:13.547] [INFO] default - [::1 POST /home/personal/myapprentice 200 7ms][http://localhost:8081/ HTTP/1.1 Mozilla/5.0 (X11; Linux x86_64) AppleWebKit/537.36 (KHTML, like Gecko) Chrome/73.0.3683.86 Safari/537.36]
[2020-03-24T14:02:13.556] [INFO] default - [::1 GET //photo/upload_42c41eee71658eed3d95e868cb1a20c2.jpg 304 1ms][http://localhost:8081/ HTTP/1.1 Mozilla/5.0 (X11; Linux x86_64) AppleWebKit/537.36 (KHTML, like Gecko) Chrome/73.0.3683.86 Safari/537.36]
[2020-03-24T14:02:13.744] [INFO] default - [::1 GET //photo/upload_42c41eee71658eed3d95e868cb1a20c2.jpg 304 1ms][ HTTP/1.1 Mozilla/5.0 (X11; Linux x86_64) AppleWebKit/537.36 (KHTML, like Gecko) Chrome/73.0.3683.86 Safari/537.36]
[2020-03-24T14:03:32.667] [INFO] default - [::1 OPTIONS /home/personal/Apprentice 200 1ms][http://localhost:8081/ HTTP/1.1 Mozilla/5.0 (X11; Linux x86_64) AppleWebKit/537.36 (KHTML, like Gecko) Chrome/73.0.3683.86 Safari/537.36]
[2020-03-24T14:03:32.671] [INFO] default - [::1 POST /home/personal/Apprentice 200 2ms][http://localhost:8081/ HTTP/1.1 Mozilla/5.0 (X11; Linux x86_64) AppleWebKit/537.36 (KHTML, like Gecko) Chrome/73.0.3683.86 Safari/537.36]
[2020-03-24T14:16:54.249] [INFO] default - [::1 GET //photo/upload_f69125a1f285d79908f84c937718acf2.jpg 304 0ms][http://localhost:8081/ HTTP/1.1 Mozilla/5.0 (X11; Linux x86_64) AppleWebKit/537.36 (KHTML, like Gecko) Chrome/73.0.3683.86 Safari/537.36]
[2020-03-24T14:16:54.327] [INFO] default - [::1 OPTIONS /home/personal/myapprentice 200 1ms][http://localhost:8081/ HTTP/1.1 Mozilla/5.0 (X11; Linux x86_64) AppleWebKit/537.36 (KHTML, like Gecko) Chrome/73.0.3683.86 Safari/537.36]
[2020-03-24T14:16:54.349] [INFO] default - [::1 POST /home/personal/myapprentice 200 3ms][http://localhost:8081/ HTTP/1.1 Mozilla/5.0 (X11; Linux x86_64) AppleWebKit/537.36 (KHTML, like Gecko) Chrome/73.0.3683.86 Safari/537.36]
[2020-03-24T14:16:55.945] [INFO] default - [::1 POST /home/personal/myapprentice 200 7ms][http://localhost:8081/ HTTP/1.1 Mozilla/5.0 (X11; Linux x86_64) AppleWebKit/537.36 (KHTML, like Gecko) Chrome/73.0.3683.86 Safari/537.36]
[2020-03-24T14:16:55.952] [INFO] default - [::1 GET //photo/upload_42c41eee71658eed3d95e868cb1a20c2.jpg 304 0ms][http://localhost:8081/ HTTP/1.1 Mozilla/5.0 (X11; Linux x86_64) AppleWebKit/537.36 (KHTML, like Gecko) Chrome/73.0.3683.86 Safari/537.36]
[2020-03-24T14:17:23.716] [INFO] default - [::1 GET //photo/upload_f69125a1f285d79908f84c937718acf2.jpg 304 0ms][http://localhost:8081/ HTTP/1.1 Mozilla/5.0 (X11; Linux x86_64) AppleWebKit/537.36 (KHTML, like Gecko) Chrome/73.0.3683.86 Safari/537.36]
[2020-03-24T14:17:23.796] [INFO] default - [::1 OPTIONS /home/personal/myapprentice 200 0ms][http://localhost:8081/ HTTP/1.1 Mozilla/5.0 (X11; Linux x86_64) AppleWebKit/537.36 (KHTML, like Gecko) Chrome/73.0.3683.86 Safari/537.36]
[2020-03-24T14:17:23.822] [INFO] default - [::1 POST /home/personal/myapprentice 200 3ms][http://localhost:8081/ HTTP/1.1 Mozilla/5.0 (X11; Linux x86_64) AppleWebKit/537.36 (KHTML, like Gecko) Chrome/73.0.3683.86 Safari/537.36]
[2020-03-24T14:17:24.818] [INFO] default - [::1 POST /home/personal/myapprentice 200 6ms][http://localhost:8081/ HTTP/1.1 Mozilla/5.0 (X11; Linux x86_64) AppleWebKit/537.36 (KHTML, like Gecko) Chrome/73.0.3683.86 Safari/537.36]
[2020-03-24T14:17:24.824] [INFO] default - [::1 GET //photo/upload_42c41eee71658eed3d95e868cb1a20c2.jpg 304 1ms][http://localhost:8081/ HTTP/1.1 Mozilla/5.0 (X11; Linux x86_64) AppleWebKit/537.36 (KHTML, like Gecko) Chrome/73.0.3683.86 Safari/537.36]
[2020-03-24T14:17:30.312] [INFO] default - [::1 OPTIONS /home/personal/myapprentice 200 1ms][http://localhost:8081/ HTTP/1.1 Mozilla/5.0 (X11; Linux x86_64) AppleWebKit/537.36 (KHTML, like Gecko) Chrome/73.0.3683.86 Safari/537.36]
[2020-03-24T14:17:30.317] [INFO] default - [::1 POST /home/personal/myapprentice 200 2ms][http://localhost:8081/ HTTP/1.1 Mozilla/5.0 (X11; Linux x86_64) AppleWebKit/537.36 (KHTML, like Gecko) Chrome/73.0.3683.86 Safari/537.36]
[2020-03-24T14:17:31.184] [INFO] default - [::1 POST /home/personal/myapprentice 200 4ms][http://localhost:8081/ HTTP/1.1 Mozilla/5.0 (X11; Linux x86_64) AppleWebKit/537.36 (KHTML, like Gecko) Chrome/73.0.3683.86 Safari/537.36]
[2020-03-24T14:17:44.655] [INFO] default - [::1 OPTIONS /home/personal/myapprentice 200 0ms][http://localhost:8081/ HTTP/1.1 Mozilla/5.0 (X11; Linux x86_64) AppleWebKit/537.36 (KHTML, like Gecko) Chrome/73.0.3683.86 Safari/537.36]
[2020-03-24T14:17:44.659] [INFO] default - [::1 POST /home/personal/myapprentice 200 2ms][http://localhost:8081/ HTTP/1.1 Mozilla/5.0 (X11; Linux x86_64) AppleWebKit/537.36 (KHTML, like Gecko) Chrome/73.0.3683.86 Safari/537.36]
[2020-03-24T14:17:46.173] [INFO] default - [::1 POST /home/personal/myapprentice 200 5ms][http://localhost:8081/ HTTP/1.1 Mozilla/5.0 (X11; Linux x86_64) AppleWebKit/537.36 (KHTML, like Gecko) Chrome/73.0.3683.86 Safari/537.36]
[2020-03-24T14:18:31.672] [INFO] default - [::1 GET //photo/upload_f69125a1f285d79908f84c937718acf2.jpg 304 0ms][http://localhost:8081/ HTTP/1.1 Mozilla/5.0 (X11; Linux x86_64) AppleWebKit/537.36 (KHTML, like Gecko) Chrome/73.0.3683.86 Safari/537.36]
[2020-03-24T14:18:31.752] [INFO] default - [::1 OPTIONS /home/personal/myapprentice 200 0ms][http://localhost:8081/ HTTP/1.1 Mozilla/5.0 (X11; Linux x86_64) AppleWebKit/537.36 (KHTML, like Gecko) Chrome/73.0.3683.86 Safari/537.36]
[2020-03-24T14:18:31.776] [INFO] default - [::1 POST /home/personal/myapprentice 200 3ms][http://localhost:8081/ HTTP/1.1 Mozilla/5.0 (X11; Linux x86_64) AppleWebKit/537.36 (KHTML, like Gecko) Chrome/73.0.3683.86 Safari/537.36]
[2020-03-24T14:18:42.760] [INFO] default - [::1 GET //photo/upload_f69125a1f285d79908f84c937718acf2.jpg 304 1ms][http://localhost:8081/ HTTP/1.1 Mozilla/5.0 (X11; Linux x86_64) AppleWebKit/537.36 (KHTML, like Gecko) Chrome/73.0.3683.86 Safari/537.36]
[2020-03-24T14:18:42.844] [INFO] default - [::1 OPTIONS /home/personal/myapprentice 200 1ms][http://localhost:8081/ HTTP/1.1 Mozilla/5.0 (X11; Linux x86_64) AppleWebKit/537.36 (KHTML, like Gecko) Chrome/73.0.3683.86 Safari/537.36]
[2020-03-24T14:18:42.867] [INFO] default - [::1 POST /home/personal/myapprentice 200 3ms][http://localhost:8081/ HTTP/1.1 Mozilla/5.0 (X11; Linux x86_64) AppleWebKit/537.36 (KHTML, like Gecko) Chrome/73.0.3683.86 Safari/537.36]
[2020-03-24T14:18:44.300] [INFO] default - [::1 POST /home/personal/myapprentice 200 7ms][http://localhost:8081/ HTTP/1.1 Mozilla/5.0 (X11; Linux x86_64) AppleWebKit/537.36 (KHTML, like Gecko) Chrome/73.0.3683.86 Safari/537.36]
[2020-03-24T14:18:44.308] [INFO] default - [::1 GET //photo/upload_42c41eee71658eed3d95e868cb1a20c2.jpg 304 1ms][http://localhost:8081/ HTTP/1.1 Mozilla/5.0 (X11; Linux x86_64) AppleWebKit/537.36 (KHTML, like Gecko) Chrome/73.0.3683.86 Safari/537.36]
[2020-03-24T14:21:25.490] [INFO] default - [::1 GET //photo/upload_f69125a1f285d79908f84c937718acf2.jpg 304 1ms][http://localhost:8081/ HTTP/1.1 Mozilla/5.0 (X11; Linux x86_64) AppleWebKit/537.36 (KHTML, like Gecko) Chrome/73.0.3683.86 Safari/537.36]
[2020-03-24T14:21:25.565] [INFO] default - [::1 OPTIONS /home/personal/myapprentice 200 0ms][http://localhost:8081/ HTTP/1.1 Mozilla/5.0 (X11; Linux x86_64) AppleWebKit/537.36 (KHTML, like Gecko) Chrome/73.0.3683.86 Safari/537.36]
[2020-03-24T14:21:25.709] [INFO] default - [::1 POST /home/personal/myapprentice 200 3ms][http://localhost:8081/ HTTP/1.1 Mozilla/5.0 (X11; Linux x86_64) AppleWebKit/537.36 (KHTML, like Gecko) Chrome/73.0.3683.86 Safari/537.36]
[2020-03-24T14:21:31.496] [INFO] default - [::1 OPTIONS /home/personal/myapprentice 200 1ms][http://localhost:8081/ HTTP/1.1 Mozilla/5.0 (X11; Linux x86_64) AppleWebKit/537.36 (KHTML, like Gecko) Chrome/73.0.3683.86 Safari/537.36]
[2020-03-24T14:21:31.506] [INFO] default - [::1 POST /home/personal/myapprentice 200 8ms][http://localhost:8081/ HTTP/1.1 Mozilla/5.0 (X11; Linux x86_64) AppleWebKit/537.36 (KHTML, like Gecko) Chrome/73.0.3683.86 Safari/537.36]
[2020-03-24T14:21:31.514] [INFO] default - [::1 GET //photo/upload_42c41eee71658eed3d95e868cb1a20c2.jpg 304 1ms][http://localhost:8081/ HTTP/1.1 Mozilla/5.0 (X11; Linux x86_64) AppleWebKit/537.36 (KHTML, like Gecko) Chrome/73.0.3683.86 Safari/537.36]
[2020-03-24T14:22:08.458] [INFO] default - [::1 GET //photo/upload_f69125a1f285d79908f84c937718acf2.jpg 304 0ms][http://localhost:8081/ HTTP/1.1 Mozilla/5.0 (X11; Linux x86_64) AppleWebKit/537.36 (KHTML, like Gecko) Chrome/73.0.3683.86 Safari/537.36]
[2020-03-24T14:22:08.535] [INFO] default - [::1 OPTIONS /home/personal/myapprentice 200 1ms][http://localhost:8081/ HTTP/1.1 Mozilla/5.0 (X11; Linux x86_64) AppleWebKit/537.36 (KHTML, like Gecko) Chrome/73.0.3683.86 Safari/537.36]
[2020-03-24T14:22:08.554] [INFO] default - [::1 POST /home/personal/myapprentice 200 3ms][http://localhost:8081/ HTTP/1.1 Mozilla/5.0 (X11; Linux x86_64) AppleWebKit/537.36 (KHTML, like Gecko) Chrome/73.0.3683.86 Safari/537.36]
[2020-03-24T14:22:12.663] [INFO] default - [::1 POST /home/personal/myapprentice 200 6ms][http://localhost:8081/ HTTP/1.1 Mozilla/5.0 (X11; Linux x86_64) AppleWebKit/537.36 (KHTML, like Gecko) Chrome/73.0.3683.86 Safari/537.36]
[2020-03-24T14:22:12.669] [INFO] default - [::1 GET //photo/upload_42c41eee71658eed3d95e868cb1a20c2.jpg 304 1ms][http://localhost:8081/ HTTP/1.1 Mozilla/5.0 (X11; Linux x86_64) AppleWebKit/537.36 (KHTML, like Gecko) Chrome/73.0.3683.86 Safari/537.36]
[2020-03-24T14:22:46.783] [INFO] default - [::1 GET //photo/upload_f69125a1f285d79908f84c937718acf2.jpg 304 0ms][http://localhost:8081/ HTTP/1.1 Mozilla/5.0 (X11; Linux x86_64) AppleWebKit/537.36 (KHTML, like Gecko) Chrome/73.0.3683.86 Safari/537.36]
[2020-03-24T14:22:46.863] [INFO] default - [::1 OPTIONS /home/personal/myapprentice 200 1ms][http://localhost:8081/ HTTP/1.1 Mozilla/5.0 (X11; Linux x86_64) AppleWebKit/537.36 (KHTML, like Gecko) Chrome/73.0.3683.86 Safari/537.36]
[2020-03-24T14:22:46.884] [INFO] default - [::1 POST /home/personal/myapprentice 200 4ms][http://localhost:8081/ HTTP/1.1 Mozilla/5.0 (X11; Linux x86_64) AppleWebKit/537.36 (KHTML, like Gecko) Chrome/73.0.3683.86 Safari/537.36]
[2020-03-24T14:22:49.706] [INFO] default - [::1 POST /home/personal/myapprentice 200 7ms][http://localhost:8081/ HTTP/1.1 Mozilla/5.0 (X11; Linux x86_64) AppleWebKit/537.36 (KHTML, like Gecko) Chrome/73.0.3683.86 Safari/537.36]
[2020-03-24T14:22:49.712] [INFO] default - [::1 GET //photo/upload_42c41eee71658eed3d95e868cb1a20c2.jpg 304 0ms][http://localhost:8081/ HTTP/1.1 Mozilla/5.0 (X11; Linux x86_64) AppleWebKit/537.36 (KHTML, like Gecko) Chrome/73.0.3683.86 Safari/537.36]
[2020-03-24T14:23:15.714] [INFO] default - [::1 GET //photo/upload_f69125a1f285d79908f84c937718acf2.jpg 304 0ms][http://localhost:8081/ HTTP/1.1 Mozilla/5.0 (X11; Linux x86_64) AppleWebKit/537.36 (KHTML, like Gecko) Chrome/73.0.3683.86 Safari/537.36]
[2020-03-24T14:23:15.795] [INFO] default - [::1 OPTIONS /home/personal/myapprentice 200 1ms][http://localhost:8081/ HTTP/1.1 Mozilla/5.0 (X11; Linux x86_64) AppleWebKit/537.36 (KHTML, like Gecko) Chrome/73.0.3683.86 Safari/537.36]
[2020-03-24T14:23:15.818] [INFO] default - [::1 POST /home/personal/myapprentice 200 5ms][http://localhost:8081/ HTTP/1.1 Mozilla/5.0 (X11; Linux x86_64) AppleWebKit/537.36 (KHTML, like Gecko) Chrome/73.0.3683.86 Safari/537.36]
[2020-03-24T14:23:22.042] [INFO] default - [::1 OPTIONS /home/personal/myapprentice 200 0ms][http://localhost:8081/ HTTP/1.1 Mozilla/5.0 (X11; Linux x86_64) AppleWebKit/537.36 (KHTML, like Gecko) Chrome/73.0.3683.86 Safari/537.36]
[2020-03-24T14:23:22.049] [INFO] default - [::1 POST /home/personal/myapprentice 200 4ms][http://localhost:8081/ HTTP/1.1 Mozilla/5.0 (X11; Linux x86_64) AppleWebKit/537.36 (KHTML, like Gecko) Chrome/73.0.3683.86 Safari/537.36]
[2020-03-24T14:23:22.055] [INFO] default - [::1 GET //photo/upload_42c41eee71658eed3d95e868cb1a20c2.jpg 304 1ms][http://localhost:8081/ HTTP/1.1 Mozilla/5.0 (X11; Linux x86_64) AppleWebKit/537.36 (KHTML, like Gecko) Chrome/73.0.3683.86 Safari/537.36]
[2020-03-24T14:33:05.353] [INFO] default - [::1 GET //photo/upload_f69125a1f285d79908f84c937718acf2.jpg 304 1ms][http://localhost:8081/ HTTP/1.1 Mozilla/5.0 (X11; Linux x86_64) AppleWebKit/537.36 (KHTML, like Gecko) Chrome/73.0.3683.86 Safari/537.36]
[2020-03-24T14:33:05.432] [INFO] default - [::1 OPTIONS /home/personal/myapprentice 200 1ms][http://localhost:8081/ HTTP/1.1 Mozilla/5.0 (X11; Linux x86_64) AppleWebKit/537.36 (KHTML, like Gecko) Chrome/73.0.3683.86 Safari/537.36]
[2020-03-24T14:33:05.453] [INFO] default - [::1 POST /home/personal/myapprentice 200 3ms][http://localhost:8081/ HTTP/1.1 Mozilla/5.0 (X11; Linux x86_64) AppleWebKit/537.36 (KHTML, like Gecko) Chrome/73.0.3683.86 Safari/537.36]
[2020-03-24T14:33:11.537] [INFO] default - [::1 OPTIONS /home/personal/myapprentice 200 1ms][http://localhost:8081/ HTTP/1.1 Mozilla/5.0 (X11; Linux x86_64) AppleWebKit/537.36 (KHTML, like Gecko) Chrome/73.0.3683.86 Safari/537.36]
[2020-03-24T14:33:11.544] [INFO] default - [::1 POST /home/personal/myapprentice 200 5ms][http://localhost:8081/ HTTP/1.1 Mozilla/5.0 (X11; Linux x86_64) AppleWebKit/537.36 (KHTML, like Gecko) Chrome/73.0.3683.86 Safari/537.36]
[2020-03-24T14:33:11.550] [INFO] default - [::1 GET //photo/upload_42c41eee71658eed3d95e868cb1a20c2.jpg 304 0ms][http://localhost:8081/ HTTP/1.1 Mozilla/5.0 (X11; Linux x86_64) AppleWebKit/537.36 (KHTML, like Gecko) Chrome/73.0.3683.86 Safari/537.36]
[2020-03-24T14:33:58.657] [INFO] default - [::1 GET //photo/upload_f69125a1f285d79908f84c937718acf2.jpg 304 0ms][http://localhost:8081/ HTTP/1.1 Mozilla/5.0 (X11; Linux x86_64) AppleWebKit/537.36 (KHTML, like Gecko) Chrome/73.0.3683.86 Safari/537.36]
[2020-03-24T14:33:58.736] [INFO] default - [::1 OPTIONS /home/personal/myapprentice 200 1ms][http://localhost:8081/ HTTP/1.1 Mozilla/5.0 (X11; Linux x86_64) AppleWebKit/537.36 (KHTML, like Gecko) Chrome/73.0.3683.86 Safari/537.36]
[2020-03-24T14:33:58.756] [INFO] default - [::1 POST /home/personal/myapprentice 200 3ms][http://localhost:8081/ HTTP/1.1 Mozilla/5.0 (X11; Linux x86_64) AppleWebKit/537.36 (KHTML, like Gecko) Chrome/73.0.3683.86 Safari/537.36]
[2020-03-24T14:34:00.584] [INFO] default - [::1 POST /home/personal/myapprentice 200 6ms][http://localhost:8081/ HTTP/1.1 Mozilla/5.0 (X11; Linux x86_64) AppleWebKit/537.36 (KHTML, like Gecko) Chrome/73.0.3683.86 Safari/537.36]
[2020-03-24T14:34:00.591] [INFO] default - [::1 GET //photo/upload_42c41eee71658eed3d95e868cb1a20c2.jpg 304 0ms][http://localhost:8081/ HTTP/1.1 Mozilla/5.0 (X11; Linux x86_64) AppleWebKit/537.36 (KHTML, like Gecko) Chrome/73.0.3683.86 Safari/537.36]
[2020-03-24T14:34:11.056] [INFO] default - [::1 OPTIONS /home/personal/myapprentice 200 1ms][http://localhost:8081/ HTTP/1.1 Mozilla/5.0 (X11; Linux x86_64) AppleWebKit/537.36 (KHTML, like Gecko) Chrome/73.0.3683.86 Safari/537.36]
[2020-03-24T14:34:11.060] [INFO] default - [::1 POST /home/personal/myapprentice 200 2ms][http://localhost:8081/ HTTP/1.1 Mozilla/5.0 (X11; Linux x86_64) AppleWebKit/537.36 (KHTML, like Gecko) Chrome/73.0.3683.86 Safari/537.36]
[2020-03-24T14:34:14.236] [INFO] default - [::1 POST /home/personal/myapprentice 200 6ms][http://localhost:8081/ HTTP/1.1 Mozilla/5.0 (X11; Linux x86_64) AppleWebKit/537.36 (KHTML, like Gecko) Chrome/73.0.3683.86 Safari/537.36]
[2020-03-24T14:34:23.522] [INFO] default - [::1 OPTIONS /home/personal/myapprentice 200 1ms][http://localhost:8081/ HTTP/1.1 Mozilla/5.0 (X11; Linux x86_64) AppleWebKit/537.36 (KHTML, like Gecko) Chrome/73.0.3683.86 Safari/537.36]
[2020-03-24T14:34:23.527] [INFO] default - [::1 POST /home/personal/myapprentice 200 2ms][http://localhost:8081/ HTTP/1.1 Mozilla/5.0 (X11; Linux x86_64) AppleWebKit/537.36 (KHTML, like Gecko) Chrome/73.0.3683.86 Safari/537.36]
[2020-03-24T14:34:28.477] [INFO] default - [::1 POST /home/personal/myapprentice 200 6ms][http://localhost:8081/ HTTP/1.1 Mozilla/5.0 (X11; Linux x86_64) AppleWebKit/537.36 (KHTML, like Gecko) Chrome/73.0.3683.86 Safari/537.36]
[2020-03-24T14:36:20.679] [INFO] default - [::1 GET //photo/upload_f69125a1f285d79908f84c937718acf2.jpg 304 0ms][http://localhost:8081/ HTTP/1.1 Mozilla/5.0 (X11; Linux x86_64) AppleWebKit/537.36 (KHTML, like Gecko) Chrome/73.0.3683.86 Safari/537.36]
[2020-03-24T14:36:20.756] [INFO] default - [::1 OPTIONS /home/personal/myapprentice 200 0ms][http://localhost:8081/ HTTP/1.1 Mozilla/5.0 (X11; Linux x86_64) AppleWebKit/537.36 (KHTML, like Gecko) Chrome/73.0.3683.86 Safari/537.36]
[2020-03-24T14:36:20.778] [INFO] default - [::1 POST /home/personal/myapprentice 200 3ms][http://localhost:8081/ HTTP/1.1 Mozilla/5.0 (X11; Linux x86_64) AppleWebKit/537.36 (KHTML, like Gecko) Chrome/73.0.3683.86 Safari/537.36]
[2020-03-24T14:36:22.364] [INFO] default - [::1 POST /home/personal/myapprentice 200 7ms][http://localhost:8081/ HTTP/1.1 Mozilla/5.0 (X11; Linux x86_64) AppleWebKit/537.36 (KHTML, like Gecko) Chrome/73.0.3683.86 Safari/537.36]
[2020-03-24T14:36:22.371] [INFO] default - [::1 GET //photo/upload_42c41eee71658eed3d95e868cb1a20c2.jpg 304 0ms][http://localhost:8081/ HTTP/1.1 Mozilla/5.0 (X11; Linux x86_64) AppleWebKit/537.36 (KHTML, like Gecko) Chrome/73.0.3683.86 Safari/537.36]
[2020-03-24T14:36:25.772] [INFO] default - [::1 GET //photo/upload_f69125a1f285d79908f84c937718acf2.jpg 304 0ms][ HTTP/1.1 Mozilla/5.0 (X11; Linux x86_64) AppleWebKit/537.36 (KHTML, like Gecko) Chrome/73.0.3683.86 Safari/537.36]
[2020-03-24T14:36:25.896] [INFO] default - [::1 GET //photo/upload_42c41eee71658eed3d95e868cb1a20c2.jpg 304 0ms][ HTTP/1.1 Mozilla/5.0 (X11; Linux x86_64) AppleWebKit/537.36 (KHTML, like Gecko) Chrome/73.0.3683.86 Safari/537.36]
[2020-03-24T14:36:27.385] [INFO] default - [::1 OPTIONS /home/personal/Apprentice 200 0ms][http://localhost:8081/ HTTP/1.1 Mozilla/5.0 (X11; Linux x86_64) AppleWebKit/537.36 (KHTML, like Gecko) Chrome/73.0.3683.86 Safari/537.36]
[2020-03-24T14:36:27.389] [INFO] default - [::1 POST /home/personal/Apprentice 200 2ms][http://localhost:8081/ HTTP/1.1 Mozilla/5.0 (X11; Linux x86_64) AppleWebKit/537.36 (KHTML, like Gecko) Chrome/73.0.3683.86 Safari/537.36]
[2020-03-24T14:37:06.348] [INFO] default - [::1 GET //photo/upload_f69125a1f285d79908f84c937718acf2.jpg 304 1ms][http://localhost:8081/ HTTP/1.1 Mozilla/5.0 (X11; Linux x86_64) AppleWebKit/537.36 (KHTML, like Gecko) Chrome/73.0.3683.86 Safari/537.36]
[2020-03-24T14:37:06.429] [INFO] default - [::1 OPTIONS /home/personal/myapprentice 200 1ms][http://localhost:8081/ HTTP/1.1 Mozilla/5.0 (X11; Linux x86_64) AppleWebKit/537.36 (KHTML, like Gecko) Chrome/73.0.3683.86 Safari/537.36]
[2020-03-24T14:37:06.555] [INFO] default - [::1 POST /home/personal/myapprentice 200 3ms][http://localhost:8081/ HTTP/1.1 Mozilla/5.0 (X11; Linux x86_64) AppleWebKit/537.36 (KHTML, like Gecko) Chrome/73.0.3683.86 Safari/537.36]
[2020-03-24T14:37:09.264] [INFO] default - [::1 POST /home/personal/myapprentice 200 6ms][http://localhost:8081/ HTTP/1.1 Mozilla/5.0 (X11; Linux x86_64) AppleWebKit/537.36 (KHTML, like Gecko) Chrome/73.0.3683.86 Safari/537.36]
[2020-03-24T14:37:09.270] [INFO] default - [::1 GET //photo/upload_42c41eee71658eed3d95e868cb1a20c2.jpg 304 1ms][http://localhost:8081/ HTTP/1.1 Mozilla/5.0 (X11; Linux x86_64) AppleWebKit/537.36 (KHTML, like Gecko) Chrome/73.0.3683.86 Safari/537.36]
[2020-03-24T14:37:09.463] [INFO] default - [::1 GET //photo/upload_42c41eee71658eed3d95e868cb1a20c2.jpg 304 1ms][ HTTP/1.1 Mozilla/5.0 (X11; Linux x86_64) AppleWebKit/537.36 (KHTML, like Gecko) Chrome/73.0.3683.86 Safari/537.36]
[2020-03-24T14:37:11.226] [INFO] default - [::1 OPTIONS /home/personal/Apprentice 200 0ms][http://localhost:8081/ HTTP/1.1 Mozilla/5.0 (X11; Linux x86_64) AppleWebKit/537.36 (KHTML, like Gecko) Chrome/73.0.3683.86 Safari/537.36]
[2020-03-24T14:37:11.231] [INFO] default - [::1 POST /home/personal/Apprentice 200 2ms][http://localhost:8081/ HTTP/1.1 Mozilla/5.0 (X11; Linux x86_64) AppleWebKit/537.36 (KHTML, like Gecko) Chrome/73.0.3683.86 Safari/537.36]
[2020-03-24T14:37:33.208] [INFO] default - [::1 OPTIONS /home/personal/Apprentice 200 1ms][http://localhost:8081/ HTTP/1.1 Mozilla/5.0 (X11; Linux x86_64) AppleWebKit/537.36 (KHTML, like Gecko) Chrome/73.0.3683.86 Safari/537.36]
[2020-03-24T14:37:33.211] [INFO] default - [::1 POST /home/personal/Apprentice 200 2ms][http://localhost:8081/ HTTP/1.1 Mozilla/5.0 (X11; Linux x86_64) AppleWebKit/537.36 (KHTML, like Gecko) Chrome/73.0.3683.86 Safari/537.36]
