[2020-04-27T08:35:05.651] [INFO] default - [::1 GET /admin/home/userStatistics 304 4ms][http://localhost:8080/ HTTP/1.1 Mozilla/5.0 (X11; Linux x86_64) AppleWebKit/537.36 (KHTML, like Gecko) Chrome/73.0.3683.86 Safari/537.36]
[2020-04-27T08:35:09.889] [INFO] default - [::1 GET /admin/home/userStatistics 304 2ms][http://localhost:8080/ HTTP/1.1 Mozilla/5.0 (X11; Linux x86_64) AppleWebKit/537.36 (KHTML, like Gecko) Chrome/73.0.3683.86 Safari/537.36]
[2020-04-27T08:35:30.022] [INFO] default - [::1 GET /admin/home/userStatistics 304 2ms][http://localhost:8080/ HTTP/1.1 Mozilla/5.0 (X11; Linux x86_64) AppleWebKit/537.36 (KHTML, like Gecko) Chrome/73.0.3683.86 Safari/537.36]
[2020-04-27T08:35:47.846] [INFO] default - [::1 GET /admin/home/userStatistics 304 4ms][http://localhost:8080/ HTTP/1.1 Mozilla/5.0 (X11; Linux x86_64) AppleWebKit/537.36 (KHTML, like Gecko) Chrome/73.0.3683.86 Safari/537.36]
[2020-04-27T08:35:51.952] [INFO] default - [::1 GET /admin/home/userStatistics 304 3ms][http://localhost:8080/ HTTP/1.1 Mozilla/5.0 (X11; Linux x86_64) AppleWebKit/537.36 (KHTML, like Gecko) Chrome/73.0.3683.86 Safari/537.36]
[2020-04-27T08:36:09.342] [INFO] default - [::1 GET /admin/home/userStatistics 304 2ms][http://localhost:8080/ HTTP/1.1 Mozilla/5.0 (X11; Linux x86_64) AppleWebKit/537.36 (KHTML, like Gecko) Chrome/73.0.3683.86 Safari/537.36]
[2020-04-27T08:37:21.113] [INFO] default - [::1 GET /admin/home/userStatistics 304 4ms][http://localhost:8080/ HTTP/1.1 Mozilla/5.0 (X11; Linux x86_64) AppleWebKit/537.36 (KHTML, like Gecko) Chrome/73.0.3683.86 Safari/537.36]
[2020-04-27T08:38:09.396] [INFO] default - [::1 GET /admin/home/userStatistics 304 3ms][http://localhost:8080/ HTTP/1.1 Mozilla/5.0 (X11; Linux x86_64) AppleWebKit/537.36 (KHTML, like Gecko) Chrome/73.0.3683.86 Safari/537.36]
[2020-04-27T08:38:20.912] [INFO] default - [::1 GET /admin/home/userStatistics 304 2ms][http://localhost:8080/ HTTP/1.1 Mozilla/5.0 (X11; Linux x86_64) AppleWebKit/537.36 (KHTML, like Gecko) Chrome/73.0.3683.86 Safari/537.36]
[2020-04-27T08:38:43.176] [INFO] default - [::1 GET /admin/home/userStatistics 304 2ms][http://localhost:8080/ HTTP/1.1 Mozilla/5.0 (X11; Linux x86_64) AppleWebKit/537.36 (KHTML, like Gecko) Chrome/73.0.3683.86 Safari/537.36]
[2020-04-27T08:47:27.636] [INFO] default - [::1 GET /admin/home/userStatistics 304 20ms][http://localhost:8080/ HTTP/1.1 Mozilla/5.0 (X11; Linux x86_64) AppleWebKit/537.36 (KHTML, like Gecko) Chrome/73.0.3683.86 Safari/537.36]
[2020-04-27T08:48:28.808] [INFO] default - [::1 GET /admin/home/userStatistics 304 5ms][http://localhost:8080/ HTTP/1.1 Mozilla/5.0 (X11; Linux x86_64) AppleWebKit/537.36 (KHTML, like Gecko) Chrome/73.0.3683.86 Safari/537.36]
[2020-04-27T13:07:40.279] [INFO] default - [::1 OPTIONS /home/login 200 4ms][ HTTP/1.1 Mozilla/5.0 (X11; Linux x86_64) AppleWebKit/537.36 (KHTML, like Gecko) Chrome/73.0.3683.86 Safari/537.36]
[2020-04-27T13:07:50.416] [INFO] default - [::1 POST /home/login 200 10134ms][ HTTP/1.1 Mozilla/5.0 (X11; Linux x86_64) AppleWebKit/537.36 (KHTML, like Gecko) Chrome/73.0.3683.86 Safari/537.36]
[2020-04-27T13:07:50.419] [INFO] default - [::1 POST /home/login 200 7629ms][ HTTP/1.1 Mozilla/5.0 (X11; Linux x86_64) AppleWebKit/537.36 (KHTML, like Gecko) Chrome/73.0.3683.86 Safari/537.36]
[2020-04-27T13:07:50.428] [INFO] default - [::1 OPTIONS /home/push/querynum 200 1ms][ HTTP/1.1 Mozilla/5.0 (X11; Linux x86_64) AppleWebKit/537.36 (KHTML, like Gecko) Chrome/73.0.3683.86 Safari/537.36]
[2020-04-27T13:07:50.433] [INFO] default - [::1 OPTIONS /home/push/querynum 200 1ms][ HTTP/1.1 Mozilla/5.0 (X11; Linux x86_64) AppleWebKit/537.36 (KHTML, like Gecko) Chrome/73.0.3683.86 Safari/537.36]
[2020-04-27T13:07:50.441] [INFO] default - [::1 GET /home/push/querynum 304 4ms][ HTTP/1.1 Mozilla/5.0 (X11; Linux x86_64) AppleWebKit/537.36 (KHTML, like Gecko) Chrome/73.0.3683.86 Safari/537.36]
[2020-04-27T13:07:50.444] [INFO] default - [::1 GET /home/push/querynum 304 3ms][ HTTP/1.1 Mozilla/5.0 (X11; Linux x86_64) AppleWebKit/537.36 (KHTML, like Gecko) Chrome/73.0.3683.86 Safari/537.36]
[2020-04-27T13:07:50.473] [INFO] default - [::1 OPTIONS /home/teachers/Teacherslist 200 1ms][ HTTP/1.1 Mozilla/5.0 (X11; Linux x86_64) AppleWebKit/537.36 (KHTML, like Gecko) Chrome/73.0.3683.86 Safari/537.36]
[2020-04-27T13:07:50.475] [INFO] default - [::1 OPTIONS /home/problem 200 0ms][ HTTP/1.1 Mozilla/5.0 (X11; Linux x86_64) AppleWebKit/537.36 (KHTML, like Gecko) Chrome/73.0.3683.86 Safari/537.36]
[2020-04-27T13:07:50.516] [INFO] default - [::1 POST /home/teachers/Teacherslist 200 32ms][ HTTP/1.1 Mozilla/5.0 (X11; Linux x86_64) AppleWebKit/537.36 (KHTML, like Gecko) Chrome/73.0.3683.86 Safari/537.36]
[2020-04-27T13:07:50.543] [INFO] default - [::1 POST /home/problem 200 56ms][ HTTP/1.1 Mozilla/5.0 (X11; Linux x86_64) AppleWebKit/537.36 (KHTML, like Gecko) Chrome/73.0.3683.86 Safari/537.36]
[2020-04-27T13:07:50.558] [INFO] default - [::1 GET /3ea6beec64369c2642b92c6726f1epng.png 304 3ms][ HTTP/1.1 Mozilla/5.0 (X11; Linux x86_64) AppleWebKit/537.36 (KHTML, like Gecko) Chrome/73.0.3683.86 Safari/537.36]
[2020-04-27T13:07:50.568] [INFO] default - [::1 GET //photo/upload_f69125a1f285d79908f84c937718acf2.jpg 200 12ms][ HTTP/1.1 Mozilla/5.0 (X11; Linux x86_64) AppleWebKit/537.36 (KHTML, like Gecko) Chrome/73.0.3683.86 Safari/537.36]
[2020-04-27T13:07:55.046] [INFO] default - [::1 OPTIONS /home/problem/Navigationread 200 1ms][ HTTP/1.1 Mozilla/5.0 (X11; Linux x86_64) AppleWebKit/537.36 (KHTML, like Gecko) Chrome/73.0.3683.86 Safari/537.36]
[2020-04-27T13:07:55.064] [INFO] default - [::1 POST /home/problem 200 17ms][ HTTP/1.1 Mozilla/5.0 (X11; Linux x86_64) AppleWebKit/537.36 (KHTML, like Gecko) Chrome/73.0.3683.86 Safari/537.36]
[2020-04-27T13:07:55.072] [INFO] default - [::1 GET /home/problem/Navigationread 304 20ms][ HTTP/1.1 Mozilla/5.0 (X11; Linux x86_64) AppleWebKit/537.36 (KHTML, like Gecko) Chrome/73.0.3683.86 Safari/537.36]
[2020-04-27T13:07:56.073] [INFO] default - [::1 OPTIONS /home/teachers/Teacherslist 200 0ms][ HTTP/1.1 Mozilla/5.0 (X11; Linux x86_64) AppleWebKit/537.36 (KHTML, like Gecko) Chrome/73.0.3683.86 Safari/537.36]
[2020-04-27T13:07:56.074] [INFO] default - [::1 OPTIONS /home/problem 200 0ms][ HTTP/1.1 Mozilla/5.0 (X11; Linux x86_64) AppleWebKit/537.36 (KHTML, like Gecko) Chrome/73.0.3683.86 Safari/537.36]
[2020-04-27T13:07:56.097] [INFO] default - [::1 POST /home/teachers/Teacherslist 200 20ms][ HTTP/1.1 Mozilla/5.0 (X11; Linux x86_64) AppleWebKit/537.36 (KHTML, like Gecko) Chrome/73.0.3683.86 Safari/537.36]
[2020-04-27T13:07:56.099] [INFO] default - [::1 POST /home/problem 200 20ms][ HTTP/1.1 Mozilla/5.0 (X11; Linux x86_64) AppleWebKit/537.36 (KHTML, like Gecko) Chrome/73.0.3683.86 Safari/537.36]
[2020-04-27T13:08:05.684] [INFO] default - [::1 GET //photo/upload_f69125a1f285d79908f84c937718acf2.jpg 304 0ms][ HTTP/1.1 Mozilla/5.0 (X11; Linux x86_64) AppleWebKit/537.36 (KHTML, like Gecko) Chrome/73.0.3683.86 Safari/537.36]
[2020-04-27T13:08:14.739] [INFO] default - [::1 GET //photo/upload_42c41eee71658eed3d95e868cb1a20c2.jpg 200 6ms][ HTTP/1.1 Mozilla/5.0 (X11; Linux x86_64) AppleWebKit/537.36 (KHTML, like Gecko) Chrome/73.0.3683.86 Safari/537.36]
[2020-04-27T13:08:14.887] [INFO] default - [::1 GET //photo/upload_42c41eee71658eed3d95e868cb1a20c2.jpg 304 1ms][ HTTP/1.1 Mozilla/5.0 (X11; Linux x86_64) AppleWebKit/537.36 (KHTML, like Gecko) Chrome/73.0.3683.86 Safari/537.36]
[2020-04-27T13:08:30.009] [INFO] default - [::1 OPTIONS /home/personal/myforce 200 1ms][ HTTP/1.1 Mozilla/5.0 (X11; Linux x86_64) AppleWebKit/537.36 (KHTML, like Gecko) Chrome/73.0.3683.86 Safari/537.36]
[2020-04-27T13:08:30.025] [INFO] default - [::1 POST /home/personal/myforce 200 9ms][ HTTP/1.1 Mozilla/5.0 (X11; Linux x86_64) AppleWebKit/537.36 (KHTML, like Gecko) Chrome/73.0.3683.86 Safari/537.36]
[2020-04-27T13:08:31.404] [INFO] default - [::1 POST /home/personal/myforce 200 8ms][ HTTP/1.1 Mozilla/5.0 (X11; Linux x86_64) AppleWebKit/537.36 (KHTML, like Gecko) Chrome/73.0.3683.86 Safari/537.36]
[2020-04-27T13:08:32.194] [INFO] default - [::1 POST /home/personal/myforce 200 7ms][ HTTP/1.1 Mozilla/5.0 (X11; Linux x86_64) AppleWebKit/537.36 (KHTML, like Gecko) Chrome/73.0.3683.86 Safari/537.36]
[2020-04-27T13:08:32.899] [INFO] default - [::1 POST /home/personal/myforce 200 6ms][ HTTP/1.1 Mozilla/5.0 (X11; Linux x86_64) AppleWebKit/537.36 (KHTML, like Gecko) Chrome/73.0.3683.86 Safari/537.36]
[2020-04-27T13:08:34.034] [INFO] default - [::1 OPTIONS /home/personal/mybid 200 1ms][ HTTP/1.1 Mozilla/5.0 (X11; Linux x86_64) AppleWebKit/537.36 (KHTML, like Gecko) Chrome/73.0.3683.86 Safari/537.36]
[2020-04-27T13:08:34.040] [INFO] default - [::1 POST /home/personal/mybid 200 4ms][ HTTP/1.1 Mozilla/5.0 (X11; Linux x86_64) AppleWebKit/537.36 (KHTML, like Gecko) Chrome/73.0.3683.86 Safari/537.36]
[2020-04-27T13:08:34.941] [INFO] default - [::1 POST /home/personal/mybid 200 9ms][ HTTP/1.1 Mozilla/5.0 (X11; Linux x86_64) AppleWebKit/537.36 (KHTML, like Gecko) Chrome/73.0.3683.86 Safari/537.36]
[2020-04-27T13:08:35.311] [INFO] default - [::1 POST /home/personal/mybid 200 3ms][ HTTP/1.1 Mozilla/5.0 (X11; Linux x86_64) AppleWebKit/537.36 (KHTML, like Gecko) Chrome/73.0.3683.86 Safari/537.36]
[2020-04-27T13:08:36.375] [INFO] default - [::1 POST /home/personal/mybid 200 3ms][ HTTP/1.1 Mozilla/5.0 (X11; Linux x86_64) AppleWebKit/537.36 (KHTML, like Gecko) Chrome/73.0.3683.86 Safari/537.36]
[2020-04-27T13:08:37.304] [INFO] default - [::1 POST /home/personal/mybid 200 13ms][ HTTP/1.1 Mozilla/5.0 (X11; Linux x86_64) AppleWebKit/537.36 (KHTML, like Gecko) Chrome/73.0.3683.86 Safari/537.36]
