[2019-09-24T15:50:54.611] [INFO] default - [::1 GET / 404 10ms][ HTTP/1.1 Mozilla/5.0 (Windows NT 6.1; Win64; x64) AppleWebKit/537.36 (KHTML, like Gecko) Chrome/65.0.3325.181 Safari/537.36]
[2019-09-24T15:50:54.825] [INFO] default - [::1 GET /favicon.ico 404 2ms][http://localhost:3000/ HTTP/1.1 Mozilla/5.0 (Windows NT 6.1; Win64; x64) AppleWebKit/537.36 (KHTML, like Gecko) Chrome/65.0.3325.181 Safari/537.36]
[2019-09-24T15:51:05.531] [INFO] default - [::1 GET /hone.css 404 1ms][ HTTP/1.1 Mozilla/5.0 (Windows NT 6.1; Win64; x64) AppleWebKit/537.36 (KHTML, like Gecko) Chrome/65.0.3325.181 Safari/537.36]
[2019-09-24T15:51:07.653] [INFO] default - [::1 GET /hone.css 404 2ms][ HTTP/1.1 Mozilla/5.0 (Windows NT 6.1; Win64; x64) AppleWebKit/537.36 (KHTML, like Gecko) Chrome/65.0.3325.181 Safari/537.36]
[2019-09-24T15:51:11.259] [INFO] default - [::1 GET /home.css 404 7ms][ HTTP/1.1 Mozilla/5.0 (Windows NT 6.1; Win64; x64) AppleWebKit/537.36 (KHTML, like Gecko) Chrome/65.0.3325.181 Safari/537.36]
[2019-09-24T15:52:32.267] [INFO] default - [::1 GET /views/index.html 404 2ms][ HTTP/1.1 Mozilla/5.0 (Windows NT 6.1; Win64; x64) AppleWebKit/537.36 (KHTML, like Gecko) Chrome/65.0.3325.181 Safari/537.36]
[2019-09-24T15:52:34.649] [INFO] default - [::1 GET /views/index.html 404 1ms][ HTTP/1.1 Mozilla/5.0 (Windows NT 6.1; Win64; x64) AppleWebKit/537.36 (KHTML, like Gecko) Chrome/65.0.3325.181 Safari/537.36]
[2019-09-24T15:52:43.297] [INFO] default - [::1 GET /views/index.ejs 404 2ms][ HTTP/1.1 Mozilla/5.0 (Windows NT 6.1; Win64; x64) AppleWebKit/537.36 (KHTML, like Gecko) Chrome/65.0.3325.181 Safari/537.36]
[2019-09-24T15:55:43.614] [INFO] default - [::1 GET /public/upload/upload_1189921dc21f605aea62ad5827cc7fe3.jpg 404 1ms][ HTTP/1.1 Mozilla/5.0 (Windows NT 6.1; Win64; x64) AppleWebKit/537.36 (KHTML, like Gecko) Chrome/65.0.3325.181 Safari/537.36]
[2019-09-24T15:55:45.749] [INFO] default - [::1 GET /public/upload/upload_1189921dc21f605aea62ad5827cc7fe3.jpg 404 1ms][ HTTP/1.1 Mozilla/5.0 (Windows NT 6.1; Win64; x64) AppleWebKit/537.36 (KHTML, like Gecko) Chrome/65.0.3325.181 Safari/537.36]
[2019-09-24T15:55:47.354] [INFO] default - [::1 GET /public/upload/upload_1189921dc21f605aea62ad5827cc7fe3.jpg 404 2ms][ HTTP/1.1 Mozilla/5.0 (Windows NT 6.1; Win64; x64) AppleWebKit/537.36 (KHTML, like Gecko) Chrome/65.0.3325.181 Safari/537.36]
[2019-09-24T15:55:48.897] [INFO] default - [::1 GET /public/upload/upload_1189921dc21f605aea62ad5827cc7fe3.jpg 404 1ms][ HTTP/1.1 Mozilla/5.0 (Windows NT 6.1; Win64; x64) AppleWebKit/537.36 (KHTML, like Gecko) Chrome/65.0.3325.181 Safari/537.36]
[2019-09-24T15:55:49.912] [INFO] default - [::1 GET /public/upload/upload_1189921dc21f605aea62ad5827cc7fe3.jpg 404 2ms][ HTTP/1.1 Mozilla/5.0 (Windows NT 6.1; Win64; x64) AppleWebKit/537.36 (KHTML, like Gecko) Chrome/65.0.3325.181 Safari/537.36]
[2019-09-24T15:56:06.218] [INFO] default - [::1 GET /public/upload/upload_1189921dc21f605aea62ad5827cc7fe3.jpg 404 9ms][ HTTP/1.1 Mozilla/5.0 (Windows NT 6.1; Win64; x64) AppleWebKit/537.36 (KHTML, like Gecko) Chrome/65.0.3325.181 Safari/537.36]
[2019-09-24T15:56:51.034] [INFO] default - [::1 GET /public/images/167.png 404 8ms][ HTTP/1.1 Mozilla/5.0 (Windows NT 6.1; Win64; x64) AppleWebKit/537.36 (KHTML, like Gecko) Chrome/65.0.3325.181 Safari/537.36]
[2019-09-24T15:56:53.076] [INFO] default - [::1 GET /public/images/167.png 404 3ms][ HTTP/1.1 Mozilla/5.0 (Windows NT 6.1; Win64; x64) AppleWebKit/537.36 (KHTML, like Gecko) Chrome/65.0.3325.181 Safari/537.36]
[2019-09-24T15:58:05.523] [INFO] default - [::1 GET /public/images/167.png 404 16ms][ HTTP/1.1 Mozilla/5.0 (Windows NT 6.1; Win64; x64) AppleWebKit/537.36 (KHTML, like Gecko) Chrome/65.0.3325.181 Safari/537.36]
[2019-09-24T15:58:07.606] [INFO] default - [::1 GET /public/images/167.png 404 2ms][ HTTP/1.1 Mozilla/5.0 (Windows NT 6.1; Win64; x64) AppleWebKit/537.36 (KHTML, like Gecko) Chrome/65.0.3325.181 Safari/537.36]
[2019-09-24T15:58:18.967] [INFO] default - [::1 GET /public/images/167.png 404 13ms][ HTTP/1.1 Mozilla/5.0 (Windows NT 6.1; Win64; x64) AppleWebKit/537.36 (KHTML, like Gecko) Chrome/65.0.3325.181 Safari/537.36]
[2019-09-24T15:58:19.804] [INFO] default - [::1 GET /public/images/167.png 404 2ms][ HTTP/1.1 Mozilla/5.0 (Windows NT 6.1; Win64; x64) AppleWebKit/537.36 (KHTML, like Gecko) Chrome/65.0.3325.181 Safari/537.36]
[2019-09-24T15:58:20.180] [INFO] default - [::1 GET /public/images/167.png 404 2ms][ HTTP/1.1 Mozilla/5.0 (Windows NT 6.1; Win64; x64) AppleWebKit/537.36 (KHTML, like Gecko) Chrome/65.0.3325.181 Safari/537.36]
[2019-09-24T15:58:20.417] [INFO] default - [::1 GET /public/images/167.png 404 2ms][ HTTP/1.1 Mozilla/5.0 (Windows NT 6.1; Win64; x64) AppleWebKit/537.36 (KHTML, like Gecko) Chrome/65.0.3325.181 Safari/537.36]
[2019-09-24T15:58:20.642] [INFO] default - [::1 GET /public/images/167.png 404 2ms][ HTTP/1.1 Mozilla/5.0 (Windows NT 6.1; Win64; x64) AppleWebKit/537.36 (KHTML, like Gecko) Chrome/65.0.3325.181 Safari/537.36]
[2019-09-24T15:58:20.866] [INFO] default - [::1 GET /public/images/167.png 404 4ms][ HTTP/1.1 Mozilla/5.0 (Windows NT 6.1; Win64; x64) AppleWebKit/537.36 (KHTML, like Gecko) Chrome/65.0.3325.181 Safari/537.36]
[2019-09-24T15:58:21.076] [INFO] default - [::1 GET /public/images/167.png 404 1ms][ HTTP/1.1 Mozilla/5.0 (Windows NT 6.1; Win64; x64) AppleWebKit/537.36 (KHTML, like Gecko) Chrome/65.0.3325.181 Safari/537.36]
[2019-09-24T15:58:21.300] [INFO] default - [::1 GET /public/images/167.png 404 2ms][ HTTP/1.1 Mozilla/5.0 (Windows NT 6.1; Win64; x64) AppleWebKit/537.36 (KHTML, like Gecko) Chrome/65.0.3325.181 Safari/537.36]
[2019-09-24T15:58:21.501] [INFO] default - [::1 GET /public/images/167.png 404 1ms][ HTTP/1.1 Mozilla/5.0 (Windows NT 6.1; Win64; x64) AppleWebKit/537.36 (KHTML, like Gecko) Chrome/65.0.3325.181 Safari/537.36]
[2019-09-24T15:59:40.189] [INFO] default - [::1 GET / 404 2ms][ HTTP/1.1 Mozilla/5.0 (Windows NT 6.1; Win64; x64) AppleWebKit/537.36 (KHTML, like Gecko) Chrome/65.0.3325.181 Safari/537.36]
[2019-09-24T16:00:28.246] [INFO] default - [::1 POST /admin/login 200 423ms][http://localhost:8081/ HTTP/1.1 Mozilla/5.0 (Windows NT 6.1; Win64; x64) AppleWebKit/537.36 (KHTML, like Gecko) Chrome/65.0.3325.181 Safari/537.36]
[2019-09-24T16:00:32.398] [INFO] default - 查看banner
[2019-09-24T16:00:32.400] [INFO] default - [::1 GET /admin/home/banner 304 233ms][http://localhost:8081/ HTTP/1.1 Mozilla/5.0 (Windows NT 6.1; Win64; x64) AppleWebKit/537.36 (KHTML, like Gecko) Chrome/65.0.3325.181 Safari/537.36]
[2019-09-24T16:00:32.462] [INFO] default - [::1 GET /upload/upload_69cc55dcb9db3d29a2c91aa176f89431.jpg 304 3ms][http://localhost:8081/ HTTP/1.1 Mozilla/5.0 (Windows NT 6.1; Win64; x64) AppleWebKit/537.36 (KHTML, like Gecko) Chrome/65.0.3325.181 Safari/537.36]
[2019-09-24T16:00:32.468] [INFO] default - [::1 GET /upload/upload_5d9552196650ec0bbf35c47cc3fb6980.jpg 304 8ms][http://localhost:8081/ HTTP/1.1 Mozilla/5.0 (Windows NT 6.1; Win64; x64) AppleWebKit/537.36 (KHTML, like Gecko) Chrome/65.0.3325.181 Safari/537.36]
[2019-09-24T16:00:32.472] [INFO] default - [::1 GET /upload/upload_1189921dc21f605aea62ad5827cc7fe3.jpg 304 12ms][http://localhost:8081/ HTTP/1.1 Mozilla/5.0 (Windows NT 6.1; Win64; x64) AppleWebKit/537.36 (KHTML, like Gecko) Chrome/65.0.3325.181 Safari/537.36]
[2019-09-24T16:01:06.437] [INFO] default - [::1 GET /upload/upload_69cc55dcb9db3d29a2c91aa176f89431.jpg 304 0ms][ HTTP/1.1 Mozilla/5.0 (Windows NT 6.1; Win64; x64) AppleWebKit/537.36 (KHTML, like Gecko) Chrome/65.0.3325.181 Safari/537.36]
[2019-09-24T16:01:26.702] [INFO] default - [::1 GET /upload/upload_69cc55dcb9db3d29a2c91aa176f89431.jpg 304 1ms][ HTTP/1.1 Mozilla/5.0 (Windows NT 6.1; Win64; x64) AppleWebKit/537.36 (KHTML, like Gecko) Chrome/65.0.3325.181 Safari/537.36]
[2019-09-24T16:01:43.469] [INFO] default - [::1 GET /public/images/167.png 404 4ms][ HTTP/1.1 Mozilla/5.0 (Windows NT 6.1; Win64; x64) AppleWebKit/537.36 (KHTML, like Gecko) Chrome/65.0.3325.181 Safari/537.36]
[2019-09-24T16:01:47.133] [INFO] default - [::1 GET /images/167.png 200 3ms][ HTTP/1.1 Mozilla/5.0 (Windows NT 6.1; Win64; x64) AppleWebKit/537.36 (KHTML, like Gecko) Chrome/65.0.3325.181 Safari/537.36]
[2019-09-24T16:02:35.591] [INFO] default - [::1 GET /css/home.css 200 2ms][ HTTP/1.1 Mozilla/5.0 (Windows NT 6.1; Win64; x64) AppleWebKit/537.36 (KHTML, like Gecko) Chrome/65.0.3325.181 Safari/537.36]
