[2020-03-20T11:35:41.918] [INFO] default - [::1 OPTIONS /home/login 200 6ms][http://localhost:8081/ HTTP/1.1 Mozilla/5.0 (X11; Linux x86_64) AppleWebKit/537.36 (KHTML, like Gecko) Chrome/73.0.3683.86 Safari/537.36]
[2020-03-20T11:35:41.962] [INFO] default - [::1 POST /home/login 200 42ms][http://localhost:8081/ HTTP/1.1 Mozilla/5.0 (X11; Linux x86_64) AppleWebKit/537.36 (KHTML, like Gecko) Chrome/73.0.3683.86 Safari/537.36]
[2020-03-20T11:35:41.970] [INFO] default - [::1 OPTIONS /home/push/querynum 200 1ms][http://localhost:8081/ HTTP/1.1 Mozilla/5.0 (X11; Linux x86_64) AppleWebKit/537.36 (KHTML, like Gecko) Chrome/73.0.3683.86 Safari/537.36]
[2020-03-20T11:35:41.979] [INFO] default - [::1 GET /home/push/querynum 304 7ms][http://localhost:8081/ HTTP/1.1 Mozilla/5.0 (X11; Linux x86_64) AppleWebKit/537.36 (KHTML, like Gecko) Chrome/73.0.3683.86 Safari/537.36]
[2020-03-20T17:21:43.171] [INFO] default - [::1 OPTIONS /admin/login 200 1ms][http://localhost:8080/ HTTP/1.1 Mozilla/5.0 (X11; Linux x86_64) AppleWebKit/537.36 (KHTML, like Gecko) Chrome/73.0.3683.86 Safari/537.36]
[2020-03-20T17:21:43.189] [INFO] default - [::1 POST /admin/login 200 12ms][http://localhost:8080/ HTTP/1.1 Mozilla/5.0 (X11; Linux x86_64) AppleWebKit/537.36 (KHTML, like Gecko) Chrome/73.0.3683.86 Safari/537.36]
[2020-03-20T21:22:07.592] [INFO] default - [::1 OPTIONS /home/problem/Navigationread 200 1ms][http://localhost:8081/ HTTP/1.1 Mozilla/5.0 (X11; Linux x86_64) AppleWebKit/537.36 (KHTML, like Gecko) Chrome/73.0.3683.86 Safari/537.36]
[2020-03-20T21:22:07.595] [INFO] default - [::1 OPTIONS /home/problem 200 1ms][http://localhost:8081/ HTTP/1.1 Mozilla/5.0 (X11; Linux x86_64) AppleWebKit/537.36 (KHTML, like Gecko) Chrome/73.0.3683.86 Safari/537.36]
[2020-03-20T21:22:07.668] [INFO] default - [::1 POST /home/problem 200 68ms][http://localhost:8081/ HTTP/1.1 Mozilla/5.0 (X11; Linux x86_64) AppleWebKit/537.36 (KHTML, like Gecko) Chrome/73.0.3683.86 Safari/537.36]
[2020-03-20T21:22:07.679] [INFO] default - [::1 GET /home/problem/Navigationread 304 66ms][http://localhost:8081/ HTTP/1.1 Mozilla/5.0 (X11; Linux x86_64) AppleWebKit/537.36 (KHTML, like Gecko) Chrome/73.0.3683.86 Safari/537.36]
[2020-03-20T21:22:10.545] [INFO] default - [::1 GET //photo/upload_42c41eee71658eed3d95e868cb1a20c2.jpg 304 3ms][http://localhost:8081/ HTTP/1.1 Mozilla/5.0 (X11; Linux x86_64) AppleWebKit/537.36 (KHTML, like Gecko) Chrome/73.0.3683.86 Safari/537.36]
[2020-03-20T21:29:33.442] [INFO] default - [::1 OPTIONS /home/problem/Navigationread 200 1ms][http://localhost:8081/ HTTP/1.1 Mozilla/5.0 (X11; Linux x86_64) AppleWebKit/537.36 (KHTML, like Gecko) Chrome/73.0.3683.86 Safari/537.36]
[2020-03-20T21:29:33.444] [INFO] default - [::1 OPTIONS /home/problem 200 1ms][http://localhost:8081/ HTTP/1.1 Mozilla/5.0 (X11; Linux x86_64) AppleWebKit/537.36 (KHTML, like Gecko) Chrome/73.0.3683.86 Safari/537.36]
[2020-03-20T21:29:33.485] [INFO] default - [::1 GET /home/problem/Navigationread 304 18ms][http://localhost:8081/ HTTP/1.1 Mozilla/5.0 (X11; Linux x86_64) AppleWebKit/537.36 (KHTML, like Gecko) Chrome/73.0.3683.86 Safari/537.36]
[2020-03-20T21:29:33.507] [INFO] default - [::1 POST /home/problem 200 39ms][http://localhost:8081/ HTTP/1.1 Mozilla/5.0 (X11; Linux x86_64) AppleWebKit/537.36 (KHTML, like Gecko) Chrome/73.0.3683.86 Safari/537.36]
[2020-03-20T21:29:38.264] [INFO] default - [::1 GET //photo/upload_42c41eee71658eed3d95e868cb1a20c2.jpg 304 1ms][http://localhost:8081/ HTTP/1.1 Mozilla/5.0 (X11; Linux x86_64) AppleWebKit/537.36 (KHTML, like Gecko) Chrome/73.0.3683.86 Safari/537.36]
[2020-03-20T21:31:47.236] [INFO] default - [::1 OPTIONS /home/problem/Navigationread 200 1ms][http://localhost:8081/ HTTP/1.1 Mozilla/5.0 (X11; Linux x86_64) AppleWebKit/537.36 (KHTML, like Gecko) Chrome/73.0.3683.86 Safari/537.36]
[2020-03-20T21:31:47.238] [INFO] default - [::1 OPTIONS /home/problem 200 0ms][http://localhost:8081/ HTTP/1.1 Mozilla/5.0 (X11; Linux x86_64) AppleWebKit/537.36 (KHTML, like Gecko) Chrome/73.0.3683.86 Safari/537.36]
[2020-03-20T21:31:47.292] [INFO] default - [::1 GET /home/problem/Navigationread 304 16ms][http://localhost:8081/ HTTP/1.1 Mozilla/5.0 (X11; Linux x86_64) AppleWebKit/537.36 (KHTML, like Gecko) Chrome/73.0.3683.86 Safari/537.36]
[2020-03-20T21:31:47.324] [INFO] default - [::1 POST /home/problem 200 47ms][http://localhost:8081/ HTTP/1.1 Mozilla/5.0 (X11; Linux x86_64) AppleWebKit/537.36 (KHTML, like Gecko) Chrome/73.0.3683.86 Safari/537.36]
[2020-03-20T21:32:49.394] [INFO] default - [::1 GET //photo/upload_42c41eee71658eed3d95e868cb1a20c2.jpg 304 1ms][http://localhost:8081/ HTTP/1.1 Mozilla/5.0 (X11; Linux x86_64) AppleWebKit/537.36 (KHTML, like Gecko) Chrome/73.0.3683.86 Safari/537.36]
[2020-03-20T21:35:31.992] [INFO] default - [::1 OPTIONS /home/problem/Navigationread 200 1ms][http://localhost:8081/ HTTP/1.1 Mozilla/5.0 (X11; Linux x86_64) AppleWebKit/537.36 (KHTML, like Gecko) Chrome/73.0.3683.86 Safari/537.36]
[2020-03-20T21:35:31.994] [INFO] default - [::1 OPTIONS /home/problem 200 1ms][http://localhost:8081/ HTTP/1.1 Mozilla/5.0 (X11; Linux x86_64) AppleWebKit/537.36 (KHTML, like Gecko) Chrome/73.0.3683.86 Safari/537.36]
[2020-03-20T21:35:32.025] [INFO] default - [::1 GET /home/problem/Navigationread 304 8ms][http://localhost:8081/ HTTP/1.1 Mozilla/5.0 (X11; Linux x86_64) AppleWebKit/537.36 (KHTML, like Gecko) Chrome/73.0.3683.86 Safari/537.36]
[2020-03-20T21:35:32.046] [INFO] default - [::1 POST /home/problem 200 19ms][http://localhost:8081/ HTTP/1.1 Mozilla/5.0 (X11; Linux x86_64) AppleWebKit/537.36 (KHTML, like Gecko) Chrome/73.0.3683.86 Safari/537.36]
[2020-03-20T21:35:32.770] [INFO] default - [::1 GET //photo/upload_42c41eee71658eed3d95e868cb1a20c2.jpg 304 0ms][http://localhost:8081/ HTTP/1.1 Mozilla/5.0 (X11; Linux x86_64) AppleWebKit/537.36 (KHTML, like Gecko) Chrome/73.0.3683.86 Safari/537.36]
[2020-03-20T21:37:46.317] [INFO] default - [::1 OPTIONS /home/problem/Navigationread 200 0ms][http://localhost:8081/ HTTP/1.1 Mozilla/5.0 (X11; Linux x86_64) AppleWebKit/537.36 (KHTML, like Gecko) Chrome/73.0.3683.86 Safari/537.36]
[2020-03-20T21:37:46.321] [INFO] default - [::1 OPTIONS /home/problem 200 1ms][http://localhost:8081/ HTTP/1.1 Mozilla/5.0 (X11; Linux x86_64) AppleWebKit/537.36 (KHTML, like Gecko) Chrome/73.0.3683.86 Safari/537.36]
[2020-03-20T21:37:46.363] [INFO] default - [::1 GET /home/problem/Navigationread 304 13ms][http://localhost:8081/ HTTP/1.1 Mozilla/5.0 (X11; Linux x86_64) AppleWebKit/537.36 (KHTML, like Gecko) Chrome/73.0.3683.86 Safari/537.36]
[2020-03-20T21:37:46.396] [INFO] default - [::1 POST /home/problem 200 44ms][http://localhost:8081/ HTTP/1.1 Mozilla/5.0 (X11; Linux x86_64) AppleWebKit/537.36 (KHTML, like Gecko) Chrome/73.0.3683.86 Safari/537.36]
[2020-03-20T21:48:27.854] [INFO] default - [::1 OPTIONS /home/problem/Navigationread 200 7ms][http://localhost:8081/ HTTP/1.1 Mozilla/5.0 (X11; Linux x86_64) AppleWebKit/537.36 (KHTML, like Gecko) Chrome/73.0.3683.86 Safari/537.36]
[2020-03-20T21:48:27.865] [INFO] default - [::1 OPTIONS /home/problem 200 1ms][http://localhost:8081/ HTTP/1.1 Mozilla/5.0 (X11; Linux x86_64) AppleWebKit/537.36 (KHTML, like Gecko) Chrome/73.0.3683.86 Safari/537.36]
[2020-03-20T21:48:27.930] [INFO] default - [::1 GET /home/problem/Navigationread 304 61ms][http://localhost:8081/ HTTP/1.1 Mozilla/5.0 (X11; Linux x86_64) AppleWebKit/537.36 (KHTML, like Gecko) Chrome/73.0.3683.86 Safari/537.36]
[2020-03-20T21:48:27.967] [INFO] default - [::1 POST /home/problem 200 92ms][http://localhost:8081/ HTTP/1.1 Mozilla/5.0 (X11; Linux x86_64) AppleWebKit/537.36 (KHTML, like Gecko) Chrome/73.0.3683.86 Safari/537.36]
[2020-03-20T21:48:29.596] [INFO] default - [::1 POST /home/problem 200 11ms][http://localhost:8081/ HTTP/1.1 Mozilla/5.0 (X11; Linux x86_64) AppleWebKit/537.36 (KHTML, like Gecko) Chrome/73.0.3683.86 Safari/537.36]
[2020-03-20T21:48:45.726] [INFO] default - [::1 OPTIONS /home/problem/Bidx 200 1ms][http://localhost:8081/ HTTP/1.1 Mozilla/5.0 (X11; Linux x86_64) AppleWebKit/537.36 (KHTML, like Gecko) Chrome/73.0.3683.86 Safari/537.36]
[2020-03-20T21:48:45.743] [INFO] default - [::1 POST /home/problem/Bidx 200 16ms][http://localhost:8081/ HTTP/1.1 Mozilla/5.0 (X11; Linux x86_64) AppleWebKit/537.36 (KHTML, like Gecko) Chrome/73.0.3683.86 Safari/537.36]
[2020-03-20T21:52:03.663] [INFO] default - [::1 OPTIONS /home/problem/Navigationread 200 1ms][http://localhost:8081/ HTTP/1.1 Mozilla/5.0 (X11; Linux x86_64) AppleWebKit/537.36 (KHTML, like Gecko) Chrome/73.0.3683.86 Safari/537.36]
[2020-03-20T21:52:03.667] [INFO] default - [::1 OPTIONS /home/problem 200 2ms][http://localhost:8081/ HTTP/1.1 Mozilla/5.0 (X11; Linux x86_64) AppleWebKit/537.36 (KHTML, like Gecko) Chrome/73.0.3683.86 Safari/537.36]
[2020-03-20T21:52:03.699] [INFO] default - [::1 GET /home/problem/Navigationread 304 13ms][http://localhost:8081/ HTTP/1.1 Mozilla/5.0 (X11; Linux x86_64) AppleWebKit/537.36 (KHTML, like Gecko) Chrome/73.0.3683.86 Safari/537.36]
[2020-03-20T21:52:03.726] [INFO] default - [::1 POST /home/problem 200 39ms][http://localhost:8081/ HTTP/1.1 Mozilla/5.0 (X11; Linux x86_64) AppleWebKit/537.36 (KHTML, like Gecko) Chrome/73.0.3683.86 Safari/537.36]
[2020-03-20T21:52:05.956] [INFO] default - [::1 POST /home/problem 200 10ms][http://localhost:8081/ HTTP/1.1 Mozilla/5.0 (X11; Linux x86_64) AppleWebKit/537.36 (KHTML, like Gecko) Chrome/73.0.3683.86 Safari/537.36]
[2020-03-20T21:52:28.813] [INFO] default - [::1 OPTIONS /home/problem/Navigationread 200 1ms][http://localhost:8081/ HTTP/1.1 Mozilla/5.0 (X11; Linux x86_64) AppleWebKit/537.36 (KHTML, like Gecko) Chrome/73.0.3683.86 Safari/537.36]
[2020-03-20T21:52:28.815] [INFO] default - [::1 OPTIONS /home/problem 200 1ms][http://localhost:8081/ HTTP/1.1 Mozilla/5.0 (X11; Linux x86_64) AppleWebKit/537.36 (KHTML, like Gecko) Chrome/73.0.3683.86 Safari/537.36]
[2020-03-20T21:52:28.945] [INFO] default - [::1 GET /home/problem/Navigationread 304 5ms][http://localhost:8081/ HTTP/1.1 Mozilla/5.0 (X11; Linux x86_64) AppleWebKit/537.36 (KHTML, like Gecko) Chrome/73.0.3683.86 Safari/537.36]
[2020-03-20T21:52:28.962] [INFO] default - [::1 POST /home/problem 200 21ms][http://localhost:8081/ HTTP/1.1 Mozilla/5.0 (X11; Linux x86_64) AppleWebKit/537.36 (KHTML, like Gecko) Chrome/73.0.3683.86 Safari/537.36]
[2020-03-20T21:52:31.469] [INFO] default - [::1 POST /home/problem 200 9ms][http://localhost:8081/ HTTP/1.1 Mozilla/5.0 (X11; Linux x86_64) AppleWebKit/537.36 (KHTML, like Gecko) Chrome/73.0.3683.86 Safari/537.36]
[2020-03-20T21:52:57.790] [INFO] default - [::1 GET /3ea6beec64369c2642b92c6726f1epng.png 304 2ms][http://localhost:8081/ HTTP/1.1 Mozilla/5.0 (X11; Linux x86_64) AppleWebKit/537.36 (KHTML, like Gecko) Chrome/73.0.3683.86 Safari/537.36]
[2020-03-20T21:53:06.964] [INFO] default - [::1 OPTIONS /home/problem/Bidx 200 0ms][http://localhost:8081/ HTTP/1.1 Mozilla/5.0 (X11; Linux x86_64) AppleWebKit/537.36 (KHTML, like Gecko) Chrome/73.0.3683.86 Safari/537.36]
[2020-03-20T21:53:06.973] [INFO] default - [::1 POST /home/problem/Bidx 200 7ms][http://localhost:8081/ HTTP/1.1 Mozilla/5.0 (X11; Linux x86_64) AppleWebKit/537.36 (KHTML, like Gecko) Chrome/73.0.3683.86 Safari/537.36]
[2020-03-20T21:53:11.730] [INFO] default - [::1 OPTIONS /home/problem/Navigationread 200 0ms][http://localhost:8081/ HTTP/1.1 Mozilla/5.0 (X11; Linux x86_64) AppleWebKit/537.36 (KHTML, like Gecko) Chrome/73.0.3683.86 Safari/537.36]
[2020-03-20T21:53:11.732] [INFO] default - [::1 OPTIONS /home/problem 200 0ms][http://localhost:8081/ HTTP/1.1 Mozilla/5.0 (X11; Linux x86_64) AppleWebKit/537.36 (KHTML, like Gecko) Chrome/73.0.3683.86 Safari/537.36]
[2020-03-20T21:53:11.763] [INFO] default - [::1 GET /home/problem/Navigationread 304 5ms][http://localhost:8081/ HTTP/1.1 Mozilla/5.0 (X11; Linux x86_64) AppleWebKit/537.36 (KHTML, like Gecko) Chrome/73.0.3683.86 Safari/537.36]
[2020-03-20T21:53:11.781] [INFO] default - [::1 POST /home/problem 200 23ms][http://localhost:8081/ HTTP/1.1 Mozilla/5.0 (X11; Linux x86_64) AppleWebKit/537.36 (KHTML, like Gecko) Chrome/73.0.3683.86 Safari/537.36]
[2020-03-20T21:53:14.019] [INFO] default - [::1 POST /home/problem 200 10ms][http://localhost:8081/ HTTP/1.1 Mozilla/5.0 (X11; Linux x86_64) AppleWebKit/537.36 (KHTML, like Gecko) Chrome/73.0.3683.86 Safari/537.36]
[2020-03-20T21:54:45.163] [INFO] default - [::1 OPTIONS /home/problem/Bidx 200 0ms][http://localhost:8081/ HTTP/1.1 Mozilla/5.0 (X11; Linux x86_64) AppleWebKit/537.36 (KHTML, like Gecko) Chrome/73.0.3683.86 Safari/537.36]
[2020-03-20T21:54:45.167] [INFO] default - [::1 POST /home/problem/Bidx 200 3ms][http://localhost:8081/ HTTP/1.1 Mozilla/5.0 (X11; Linux x86_64) AppleWebKit/537.36 (KHTML, like Gecko) Chrome/73.0.3683.86 Safari/537.36]
[2020-03-20T21:56:40.993] [INFO] default - [::1 OPTIONS /home/problem/Navigationread 200 5ms][http://localhost:8081/ HTTP/1.1 Mozilla/5.0 (X11; Linux x86_64) AppleWebKit/537.36 (KHTML, like Gecko) Chrome/73.0.3683.86 Safari/537.36]
[2020-03-20T21:56:40.997] [INFO] default - [::1 OPTIONS /home/problem 200 1ms][http://localhost:8081/ HTTP/1.1 Mozilla/5.0 (X11; Linux x86_64) AppleWebKit/537.36 (KHTML, like Gecko) Chrome/73.0.3683.86 Safari/537.36]
[2020-03-20T21:56:41.068] [INFO] default - [::1 GET /home/problem/Navigationread 304 54ms][http://localhost:8081/ HTTP/1.1 Mozilla/5.0 (X11; Linux x86_64) AppleWebKit/537.36 (KHTML, like Gecko) Chrome/73.0.3683.86 Safari/537.36]
[2020-03-20T21:56:41.121] [INFO] default - [::1 POST /home/problem 200 104ms][http://localhost:8081/ HTTP/1.1 Mozilla/5.0 (X11; Linux x86_64) AppleWebKit/537.36 (KHTML, like Gecko) Chrome/73.0.3683.86 Safari/537.36]
[2020-03-20T21:56:43.651] [INFO] default - [::1 POST /home/problem 200 11ms][http://localhost:8081/ HTTP/1.1 Mozilla/5.0 (X11; Linux x86_64) AppleWebKit/537.36 (KHTML, like Gecko) Chrome/73.0.3683.86 Safari/537.36]
[2020-03-20T21:56:52.029] [INFO] default - [::1 OPTIONS /home/problem/Bidx 200 1ms][http://localhost:8081/ HTTP/1.1 Mozilla/5.0 (X11; Linux x86_64) AppleWebKit/537.36 (KHTML, like Gecko) Chrome/73.0.3683.86 Safari/537.36]
[2020-03-20T21:57:40.201] [INFO] default - [::1 OPTIONS /home/problem/Navigationread 200 7ms][http://localhost:8081/ HTTP/1.1 Mozilla/5.0 (X11; Linux x86_64) AppleWebKit/537.36 (KHTML, like Gecko) Chrome/73.0.3683.86 Safari/537.36]
[2020-03-20T21:57:40.206] [INFO] default - [::1 OPTIONS /home/problem 200 1ms][http://localhost:8081/ HTTP/1.1 Mozilla/5.0 (X11; Linux x86_64) AppleWebKit/537.36 (KHTML, like Gecko) Chrome/73.0.3683.86 Safari/537.36]
[2020-03-20T21:57:40.259] [INFO] default - [::1 GET /home/problem/Navigationread 304 45ms][http://localhost:8081/ HTTP/1.1 Mozilla/5.0 (X11; Linux x86_64) AppleWebKit/537.36 (KHTML, like Gecko) Chrome/73.0.3683.86 Safari/537.36]
[2020-03-20T21:57:40.308] [INFO] default - [::1 POST /home/problem 200 79ms][http://localhost:8081/ HTTP/1.1 Mozilla/5.0 (X11; Linux x86_64) AppleWebKit/537.36 (KHTML, like Gecko) Chrome/73.0.3683.86 Safari/537.36]
[2020-03-20T21:57:42.489] [INFO] default - [::1 POST /home/problem 200 10ms][http://localhost:8081/ HTTP/1.1 Mozilla/5.0 (X11; Linux x86_64) AppleWebKit/537.36 (KHTML, like Gecko) Chrome/73.0.3683.86 Safari/537.36]
[2020-03-20T21:57:46.759] [INFO] default - [::1 OPTIONS /home/problem/Bidx 200 1ms][http://localhost:8081/ HTTP/1.1 Mozilla/5.0 (X11; Linux x86_64) AppleWebKit/537.36 (KHTML, like Gecko) Chrome/73.0.3683.86 Safari/537.36]
[2020-03-20T21:59:28.671] [INFO] default - [::1 OPTIONS /home/problem/Bidx 200 4ms][http://localhost:8081/ HTTP/1.1 Mozilla/5.0 (X11; Linux x86_64) AppleWebKit/537.36 (KHTML, like Gecko) Chrome/73.0.3683.86 Safari/537.36]
[2020-03-20T22:00:26.740] [INFO] default - [::1 OPTIONS /home/problem/Bidx 200 3ms][http://localhost:8081/ HTTP/1.1 Mozilla/5.0 (X11; Linux x86_64) AppleWebKit/537.36 (KHTML, like Gecko) Chrome/73.0.3683.86 Safari/537.36]
[2020-03-20T22:02:14.946] [INFO] default - [::1 OPTIONS /home/problem/Navigationread 200 5ms][http://localhost:8081/ HTTP/1.1 Mozilla/5.0 (X11; Linux x86_64) AppleWebKit/537.36 (KHTML, like Gecko) Chrome/73.0.3683.86 Safari/537.36]
[2020-03-20T22:02:14.950] [INFO] default - [::1 OPTIONS /home/problem 200 1ms][http://localhost:8081/ HTTP/1.1 Mozilla/5.0 (X11; Linux x86_64) AppleWebKit/537.36 (KHTML, like Gecko) Chrome/73.0.3683.86 Safari/537.36]
[2020-03-20T22:02:15.012] [INFO] default - [::1 GET /home/problem/Navigationread 304 46ms][http://localhost:8081/ HTTP/1.1 Mozilla/5.0 (X11; Linux x86_64) AppleWebKit/537.36 (KHTML, like Gecko) Chrome/73.0.3683.86 Safari/537.36]
[2020-03-20T22:02:15.057] [INFO] default - [::1 POST /home/problem 200 89ms][http://localhost:8081/ HTTP/1.1 Mozilla/5.0 (X11; Linux x86_64) AppleWebKit/537.36 (KHTML, like Gecko) Chrome/73.0.3683.86 Safari/537.36]
[2020-03-20T22:02:16.404] [INFO] default - [::1 POST /home/problem 200 11ms][http://localhost:8081/ HTTP/1.1 Mozilla/5.0 (X11; Linux x86_64) AppleWebKit/537.36 (KHTML, like Gecko) Chrome/73.0.3683.86 Safari/537.36]
[2020-03-20T22:02:21.397] [INFO] default - [::1 OPTIONS /home/problem/Bidx 200 1ms][http://localhost:8081/ HTTP/1.1 Mozilla/5.0 (X11; Linux x86_64) AppleWebKit/537.36 (KHTML, like Gecko) Chrome/73.0.3683.86 Safari/537.36]
[2020-03-20T22:04:35.981] [INFO] default - [::1 OPTIONS /home/problem/Navigationread 200 6ms][http://localhost:8081/ HTTP/1.1 Mozilla/5.0 (X11; Linux x86_64) AppleWebKit/537.36 (KHTML, like Gecko) Chrome/73.0.3683.86 Safari/537.36]
[2020-03-20T22:04:35.986] [INFO] default - [::1 OPTIONS /home/problem 200 1ms][http://localhost:8081/ HTTP/1.1 Mozilla/5.0 (X11; Linux x86_64) AppleWebKit/537.36 (KHTML, like Gecko) Chrome/73.0.3683.86 Safari/537.36]
[2020-03-20T22:04:36.047] [INFO] default - [::1 GET /home/problem/Navigationread 304 54ms][http://localhost:8081/ HTTP/1.1 Mozilla/5.0 (X11; Linux x86_64) AppleWebKit/537.36 (KHTML, like Gecko) Chrome/73.0.3683.86 Safari/537.36]
[2020-03-20T22:04:36.098] [INFO] default - [::1 POST /home/problem 200 100ms][http://localhost:8081/ HTTP/1.1 Mozilla/5.0 (X11; Linux x86_64) AppleWebKit/537.36 (KHTML, like Gecko) Chrome/73.0.3683.86 Safari/537.36]
[2020-03-20T22:04:37.874] [INFO] default - [::1 POST /home/problem 200 10ms][http://localhost:8081/ HTTP/1.1 Mozilla/5.0 (X11; Linux x86_64) AppleWebKit/537.36 (KHTML, like Gecko) Chrome/73.0.3683.86 Safari/537.36]
[2020-03-20T22:04:45.976] [INFO] default - [::1 OPTIONS /home/problem/Bidx 200 1ms][http://localhost:8081/ HTTP/1.1 Mozilla/5.0 (X11; Linux x86_64) AppleWebKit/537.36 (KHTML, like Gecko) Chrome/73.0.3683.86 Safari/537.36]
[2020-03-20T22:04:45.988] [INFO] default - [::1 POST /home/problem/Bidx 200 10ms][http://localhost:8081/ HTTP/1.1 Mozilla/5.0 (X11; Linux x86_64) AppleWebKit/537.36 (KHTML, like Gecko) Chrome/73.0.3683.86 Safari/537.36]
[2020-03-20T22:04:51.670] [INFO] default - [::1 OPTIONS /home/problem/Navigationread 200 0ms][http://localhost:8081/ HTTP/1.1 Mozilla/5.0 (X11; Linux x86_64) AppleWebKit/537.36 (KHTML, like Gecko) Chrome/73.0.3683.86 Safari/537.36]
[2020-03-20T22:04:51.672] [INFO] default - [::1 OPTIONS /home/problem 200 1ms][http://localhost:8081/ HTTP/1.1 Mozilla/5.0 (X11; Linux x86_64) AppleWebKit/537.36 (KHTML, like Gecko) Chrome/73.0.3683.86 Safari/537.36]
[2020-03-20T22:04:51.798] [INFO] default - [::1 GET /home/problem/Navigationread 304 7ms][http://localhost:8081/ HTTP/1.1 Mozilla/5.0 (X11; Linux x86_64) AppleWebKit/537.36 (KHTML, like Gecko) Chrome/73.0.3683.86 Safari/537.36]
[2020-03-20T22:04:51.814] [INFO] default - [::1 POST /home/problem 200 23ms][http://localhost:8081/ HTTP/1.1 Mozilla/5.0 (X11; Linux x86_64) AppleWebKit/537.36 (KHTML, like Gecko) Chrome/73.0.3683.86 Safari/537.36]
[2020-03-20T22:04:54.092] [INFO] default - [::1 POST /home/problem 200 11ms][http://localhost:8081/ HTTP/1.1 Mozilla/5.0 (X11; Linux x86_64) AppleWebKit/537.36 (KHTML, like Gecko) Chrome/73.0.3683.86 Safari/537.36]
[2020-03-20T22:05:04.528] [INFO] default - [::1 OPTIONS /home/problem/Navigationread 200 1ms][http://localhost:8081/ HTTP/1.1 Mozilla/5.0 (X11; Linux x86_64) AppleWebKit/537.36 (KHTML, like Gecko) Chrome/73.0.3683.86 Safari/537.36]
[2020-03-20T22:05:04.529] [INFO] default - [::1 OPTIONS /home/problem 200 1ms][http://localhost:8081/ HTTP/1.1 Mozilla/5.0 (X11; Linux x86_64) AppleWebKit/537.36 (KHTML, like Gecko) Chrome/73.0.3683.86 Safari/537.36]
[2020-03-20T22:05:04.559] [INFO] default - [::1 GET /home/problem/Navigationread 304 10ms][http://localhost:8081/ HTTP/1.1 Mozilla/5.0 (X11; Linux x86_64) AppleWebKit/537.36 (KHTML, like Gecko) Chrome/73.0.3683.86 Safari/537.36]
[2020-03-20T22:05:04.580] [INFO] default - [::1 POST /home/problem 200 30ms][http://localhost:8081/ HTTP/1.1 Mozilla/5.0 (X11; Linux x86_64) AppleWebKit/537.36 (KHTML, like Gecko) Chrome/73.0.3683.86 Safari/537.36]
[2020-03-20T22:05:05.957] [INFO] default - [::1 POST /home/problem 200 9ms][http://localhost:8081/ HTTP/1.1 Mozilla/5.0 (X11; Linux x86_64) AppleWebKit/537.36 (KHTML, like Gecko) Chrome/73.0.3683.86 Safari/537.36]
[2020-03-20T22:05:23.711] [INFO] default - [::1 OPTIONS /home/problem/Bidx 200 1ms][http://localhost:8081/ HTTP/1.1 Mozilla/5.0 (X11; Linux x86_64) AppleWebKit/537.36 (KHTML, like Gecko) Chrome/73.0.3683.86 Safari/537.36]
[2020-03-20T22:05:23.718] [INFO] default - [::1 POST /home/problem/Bidx 200 5ms][http://localhost:8081/ HTTP/1.1 Mozilla/5.0 (X11; Linux x86_64) AppleWebKit/537.36 (KHTML, like Gecko) Chrome/73.0.3683.86 Safari/537.36]
[2020-03-20T22:05:27.938] [INFO] default - [::1 OPTIONS /home/problem/Navigationread 200 0ms][http://localhost:8081/ HTTP/1.1 Mozilla/5.0 (X11; Linux x86_64) AppleWebKit/537.36 (KHTML, like Gecko) Chrome/73.0.3683.86 Safari/537.36]
[2020-03-20T22:05:27.941] [INFO] default - [::1 OPTIONS /home/problem 200 1ms][http://localhost:8081/ HTTP/1.1 Mozilla/5.0 (X11; Linux x86_64) AppleWebKit/537.36 (KHTML, like Gecko) Chrome/73.0.3683.86 Safari/537.36]
[2020-03-20T22:05:27.969] [INFO] default - [::1 GET /home/problem/Navigationread 304 7ms][http://localhost:8081/ HTTP/1.1 Mozilla/5.0 (X11; Linux x86_64) AppleWebKit/537.36 (KHTML, like Gecko) Chrome/73.0.3683.86 Safari/537.36]
[2020-03-20T22:05:27.989] [INFO] default - [::1 POST /home/problem 200 25ms][http://localhost:8081/ HTTP/1.1 Mozilla/5.0 (X11; Linux x86_64) AppleWebKit/537.36 (KHTML, like Gecko) Chrome/73.0.3683.86 Safari/537.36]
[2020-03-20T22:05:29.233] [INFO] default - [::1 POST /home/problem 200 12ms][http://localhost:8081/ HTTP/1.1 Mozilla/5.0 (X11; Linux x86_64) AppleWebKit/537.36 (KHTML, like Gecko) Chrome/73.0.3683.86 Safari/537.36]
[2020-03-20T22:06:02.190] [INFO] default - [::1 OPTIONS /home/problem/Bidx 200 1ms][http://localhost:8081/ HTTP/1.1 Mozilla/5.0 (X11; Linux x86_64) AppleWebKit/537.36 (KHTML, like Gecko) Chrome/73.0.3683.86 Safari/537.36]
[2020-03-20T22:06:02.194] [INFO] default - [::1 POST /home/problem/Bidx 200 3ms][http://localhost:8081/ HTTP/1.1 Mozilla/5.0 (X11; Linux x86_64) AppleWebKit/537.36 (KHTML, like Gecko) Chrome/73.0.3683.86 Safari/537.36]
[2020-03-20T22:07:30.603] [INFO] default - [::1 OPTIONS /home/problem/Bidx 200 6ms][http://localhost:8081/ HTTP/1.1 Mozilla/5.0 (X11; Linux x86_64) AppleWebKit/537.36 (KHTML, like Gecko) Chrome/73.0.3683.86 Safari/537.36]
[2020-03-20T22:07:30.640] [INFO] default - [::1 POST /home/problem/Bidx 200 33ms][http://localhost:8081/ HTTP/1.1 Mozilla/5.0 (X11; Linux x86_64) AppleWebKit/537.36 (KHTML, like Gecko) Chrome/73.0.3683.86 Safari/537.36]
[2020-03-20T22:08:43.262] [INFO] default - [::1 OPTIONS /home/problem/Bidx 200 7ms][http://localhost:8081/ HTTP/1.1 Mozilla/5.0 (X11; Linux x86_64) AppleWebKit/537.36 (KHTML, like Gecko) Chrome/73.0.3683.86 Safari/537.36]
[2020-03-20T22:08:43.303] [INFO] default - [::1 POST /home/problem/Bidx 200 37ms][http://localhost:8081/ HTTP/1.1 Mozilla/5.0 (X11; Linux x86_64) AppleWebKit/537.36 (KHTML, like Gecko) Chrome/73.0.3683.86 Safari/537.36]
[2020-03-20T22:20:21.656] [INFO] default - [::1 OPTIONS /home/problem/Navigationread 200 7ms][http://localhost:8081/ HTTP/1.1 Mozilla/5.0 (X11; Linux x86_64) AppleWebKit/537.36 (KHTML, like Gecko) Chrome/73.0.3683.86 Safari/537.36]
[2020-03-20T22:20:21.661] [INFO] default - [::1 OPTIONS /home/problem 200 1ms][http://localhost:8081/ HTTP/1.1 Mozilla/5.0 (X11; Linux x86_64) AppleWebKit/537.36 (KHTML, like Gecko) Chrome/73.0.3683.86 Safari/537.36]
[2020-03-20T22:20:21.710] [INFO] default - [::1 GET /home/problem/Navigationread 304 46ms][http://localhost:8081/ HTTP/1.1 Mozilla/5.0 (X11; Linux x86_64) AppleWebKit/537.36 (KHTML, like Gecko) Chrome/73.0.3683.86 Safari/537.36]
[2020-03-20T22:28:27.894] [INFO] default - [::1 OPTIONS /home/problem/Navigationread 200 7ms][http://localhost:8081/ HTTP/1.1 Mozilla/5.0 (X11; Linux x86_64) AppleWebKit/537.36 (KHTML, like Gecko) Chrome/73.0.3683.86 Safari/537.36]
[2020-03-20T22:28:27.900] [INFO] default - [::1 OPTIONS /home/problem 200 1ms][http://localhost:8081/ HTTP/1.1 Mozilla/5.0 (X11; Linux x86_64) AppleWebKit/537.36 (KHTML, like Gecko) Chrome/73.0.3683.86 Safari/537.36]
[2020-03-20T22:28:27.948] [INFO] default - [::1 GET /home/problem/Navigationread 304 42ms][http://localhost:8081/ HTTP/1.1 Mozilla/5.0 (X11; Linux x86_64) AppleWebKit/537.36 (KHTML, like Gecko) Chrome/73.0.3683.86 Safari/537.36]
[2020-03-20T22:28:48.851] [INFO] default - [::1 OPTIONS /home/problem/Navigationread 200 2ms][http://localhost:8081/ HTTP/1.1 Mozilla/5.0 (X11; Linux x86_64) AppleWebKit/537.36 (KHTML, like Gecko) Chrome/73.0.3683.86 Safari/537.36]
[2020-03-20T22:28:48.853] [INFO] default - [::1 OPTIONS /home/problem 200 1ms][http://localhost:8081/ HTTP/1.1 Mozilla/5.0 (X11; Linux x86_64) AppleWebKit/537.36 (KHTML, like Gecko) Chrome/73.0.3683.86 Safari/537.36]
[2020-03-20T22:28:48.994] [INFO] default - [::1 GET /home/problem/Navigationread 304 13ms][http://localhost:8081/ HTTP/1.1 Mozilla/5.0 (X11; Linux x86_64) AppleWebKit/537.36 (KHTML, like Gecko) Chrome/73.0.3683.86 Safari/537.36]
[2020-03-20T22:29:18.750] [INFO] default - [::1 OPTIONS /home/problem/Navigationread 200 7ms][http://localhost:8081/ HTTP/1.1 Mozilla/5.0 (X11; Linux x86_64) AppleWebKit/537.36 (KHTML, like Gecko) Chrome/73.0.3683.86 Safari/537.36]
[2020-03-20T22:29:18.756] [INFO] default - [::1 OPTIONS /home/problem 200 1ms][http://localhost:8081/ HTTP/1.1 Mozilla/5.0 (X11; Linux x86_64) AppleWebKit/537.36 (KHTML, like Gecko) Chrome/73.0.3683.86 Safari/537.36]
[2020-03-20T22:29:18.817] [INFO] default - [::1 GET /home/problem/Navigationread 304 56ms][http://localhost:8081/ HTTP/1.1 Mozilla/5.0 (X11; Linux x86_64) AppleWebKit/537.36 (KHTML, like Gecko) Chrome/73.0.3683.86 Safari/537.36]
[2020-03-20T22:33:05.258] [INFO] default - [::1 OPTIONS /home/problem/Navigationread 200 8ms][http://localhost:8081/ HTTP/1.1 Mozilla/5.0 (X11; Linux x86_64) AppleWebKit/537.36 (KHTML, like Gecko) Chrome/73.0.3683.86 Safari/537.36]
[2020-03-20T22:33:05.264] [INFO] default - [::1 OPTIONS /home/problem 200 1ms][http://localhost:8081/ HTTP/1.1 Mozilla/5.0 (X11; Linux x86_64) AppleWebKit/537.36 (KHTML, like Gecko) Chrome/73.0.3683.86 Safari/537.36]
[2020-03-20T22:33:05.322] [INFO] default - [::1 GET /home/problem/Navigationread 304 56ms][http://localhost:8081/ HTTP/1.1 Mozilla/5.0 (X11; Linux x86_64) AppleWebKit/537.36 (KHTML, like Gecko) Chrome/73.0.3683.86 Safari/537.36]
[2020-03-20T22:46:19.275] [INFO] default - [::1 OPTIONS /home/problem/Navigationread 200 7ms][http://localhost:8081/ HTTP/1.1 Mozilla/5.0 (X11; Linux x86_64) AppleWebKit/537.36 (KHTML, like Gecko) Chrome/73.0.3683.86 Safari/537.36]
[2020-03-20T22:46:19.280] [INFO] default - [::1 OPTIONS /home/problem 200 1ms][http://localhost:8081/ HTTP/1.1 Mozilla/5.0 (X11; Linux x86_64) AppleWebKit/537.36 (KHTML, like Gecko) Chrome/73.0.3683.86 Safari/537.36]
[2020-03-20T22:46:19.332] [INFO] default - [::1 GET /home/problem/Navigationread 304 49ms][http://localhost:8081/ HTTP/1.1 Mozilla/5.0 (X11; Linux x86_64) AppleWebKit/537.36 (KHTML, like Gecko) Chrome/73.0.3683.86 Safari/537.36]
[2020-03-20T22:46:19.389] [INFO] default - [::1 POST /home/problem 200 89ms][http://localhost:8081/ HTTP/1.1 Mozilla/5.0 (X11; Linux x86_64) AppleWebKit/537.36 (KHTML, like Gecko) Chrome/73.0.3683.86 Safari/537.36]
[2020-03-20T22:46:36.359] [INFO] default - [::1 OPTIONS /home/problem 200 2ms][http://localhost:8081/ HTTP/1.1 Mozilla/5.0 (X11; Linux x86_64) AppleWebKit/537.36 (KHTML, like Gecko) Chrome/73.0.3683.86 Safari/537.36]
[2020-03-20T22:46:36.377] [INFO] default - [::1 POST /home/problem 200 14ms][http://localhost:8081/ HTTP/1.1 Mozilla/5.0 (X11; Linux x86_64) AppleWebKit/537.36 (KHTML, like Gecko) Chrome/73.0.3683.86 Safari/537.36]
[2020-03-20T22:47:09.205] [INFO] default - [::1 OPTIONS /home/problem/Navigationread 200 5ms][http://localhost:8081/ HTTP/1.1 Mozilla/5.0 (X11; Linux x86_64) AppleWebKit/537.36 (KHTML, like Gecko) Chrome/73.0.3683.86 Safari/537.36]
[2020-03-20T22:47:09.220] [INFO] default - [::1 OPTIONS /home/problem 200 6ms][http://localhost:8081/ HTTP/1.1 Mozilla/5.0 (X11; Linux x86_64) AppleWebKit/537.36 (KHTML, like Gecko) Chrome/73.0.3683.86 Safari/537.36]
[2020-03-20T22:47:09.384] [INFO] default - [::1 GET /home/problem/Navigationread 304 61ms][http://localhost:8081/ HTTP/1.1 Mozilla/5.0 (X11; Linux x86_64) AppleWebKit/537.36 (KHTML, like Gecko) Chrome/73.0.3683.86 Safari/537.36]
[2020-03-20T22:47:09.436] [INFO] default - [::1 POST /home/problem 200 113ms][http://localhost:8081/ HTTP/1.1 Mozilla/5.0 (X11; Linux x86_64) AppleWebKit/537.36 (KHTML, like Gecko) Chrome/73.0.3683.86 Safari/537.36]
[2020-03-20T22:47:11.165] [INFO] default - [::1 POST /home/problem 200 13ms][http://localhost:8081/ HTTP/1.1 Mozilla/5.0 (X11; Linux x86_64) AppleWebKit/537.36 (KHTML, like Gecko) Chrome/73.0.3683.86 Safari/537.36]
[2020-03-20T22:48:12.266] [INFO] default - [::1 OPTIONS /home/problem/Navigationread 200 5ms][http://localhost:8081/ HTTP/1.1 Mozilla/5.0 (X11; Linux x86_64) AppleWebKit/537.36 (KHTML, like Gecko) Chrome/73.0.3683.86 Safari/537.36]
[2020-03-20T22:48:12.274] [INFO] default - [::1 OPTIONS /home/problem 200 3ms][http://localhost:8081/ HTTP/1.1 Mozilla/5.0 (X11; Linux x86_64) AppleWebKit/537.36 (KHTML, like Gecko) Chrome/73.0.3683.86 Safari/537.36]
[2020-03-20T22:48:12.343] [INFO] default - [::1 GET /home/problem/Navigationread 304 51ms][http://localhost:8081/ HTTP/1.1 Mozilla/5.0 (X11; Linux x86_64) AppleWebKit/537.36 (KHTML, like Gecko) Chrome/73.0.3683.86 Safari/537.36]
[2020-03-20T22:48:12.384] [INFO] default - [::1 POST /home/problem 200 91ms][http://localhost:8081/ HTTP/1.1 Mozilla/5.0 (X11; Linux x86_64) AppleWebKit/537.36 (KHTML, like Gecko) Chrome/73.0.3683.86 Safari/537.36]
[2020-03-20T22:48:14.683] [INFO] default - [::1 POST /home/problem 200 14ms][http://localhost:8081/ HTTP/1.1 Mozilla/5.0 (X11; Linux x86_64) AppleWebKit/537.36 (KHTML, like Gecko) Chrome/73.0.3683.86 Safari/537.36]
[2020-03-20T22:48:35.466] [INFO] default - [::1 OPTIONS /home/problem/Navigationread 200 7ms][http://localhost:8081/ HTTP/1.1 Mozilla/5.0 (X11; Linux x86_64) AppleWebKit/537.36 (KHTML, like Gecko) Chrome/73.0.3683.86 Safari/537.36]
[2020-03-20T22:48:35.472] [INFO] default - [::1 OPTIONS /home/problem 200 1ms][http://localhost:8081/ HTTP/1.1 Mozilla/5.0 (X11; Linux x86_64) AppleWebKit/537.36 (KHTML, like Gecko) Chrome/73.0.3683.86 Safari/537.36]
[2020-03-20T22:48:35.529] [INFO] default - [::1 GET /home/problem/Navigationread 304 53ms][http://localhost:8081/ HTTP/1.1 Mozilla/5.0 (X11; Linux x86_64) AppleWebKit/537.36 (KHTML, like Gecko) Chrome/73.0.3683.86 Safari/537.36]
[2020-03-20T22:48:35.587] [INFO] default - [::1 POST /home/problem 200 109ms][http://localhost:8081/ HTTP/1.1 Mozilla/5.0 (X11; Linux x86_64) AppleWebKit/537.36 (KHTML, like Gecko) Chrome/73.0.3683.86 Safari/537.36]
[2020-03-20T22:48:37.509] [INFO] default - [::1 POST /home/problem 200 14ms][http://localhost:8081/ HTTP/1.1 Mozilla/5.0 (X11; Linux x86_64) AppleWebKit/537.36 (KHTML, like Gecko) Chrome/73.0.3683.86 Safari/537.36]
[2020-03-20T22:59:48.556] [INFO] default - [::1 OPTIONS /home/problem/Navigationread 200 5ms][http://localhost:8081/ HTTP/1.1 Mozilla/5.0 (X11; Linux x86_64) AppleWebKit/537.36 (KHTML, like Gecko) Chrome/73.0.3683.86 Safari/537.36]
[2020-03-20T22:59:48.562] [INFO] default - [::1 OPTIONS /home/problem 200 2ms][http://localhost:8081/ HTTP/1.1 Mozilla/5.0 (X11; Linux x86_64) AppleWebKit/537.36 (KHTML, like Gecko) Chrome/73.0.3683.86 Safari/537.36]
[2020-03-20T22:59:48.614] [INFO] default - [::1 GET /home/problem/Navigationread 304 46ms][http://localhost:8081/ HTTP/1.1 Mozilla/5.0 (X11; Linux x86_64) AppleWebKit/537.36 (KHTML, like Gecko) Chrome/73.0.3683.86 Safari/537.36]
[2020-03-20T23:17:52.332] [INFO] default - [::1 OPTIONS /home/problem/Navigationread 200 7ms][http://localhost:8081/ HTTP/1.1 Mozilla/5.0 (X11; Linux x86_64) AppleWebKit/537.36 (KHTML, like Gecko) Chrome/73.0.3683.86 Safari/537.36]
[2020-03-20T23:17:52.337] [INFO] default - [::1 OPTIONS /home/problem 200 2ms][http://localhost:8081/ HTTP/1.1 Mozilla/5.0 (X11; Linux x86_64) AppleWebKit/537.36 (KHTML, like Gecko) Chrome/73.0.3683.86 Safari/537.36]
[2020-03-20T23:17:52.397] [INFO] default - [::1 GET /home/problem/Navigationread 304 53ms][http://localhost:8081/ HTTP/1.1 Mozilla/5.0 (X11; Linux x86_64) AppleWebKit/537.36 (KHTML, like Gecko) Chrome/73.0.3683.86 Safari/537.36]
[2020-03-20T23:26:41.596] [INFO] default - [::1 OPTIONS /home/problem/Navigationread 200 7ms][http://localhost:8081/ HTTP/1.1 Mozilla/5.0 (X11; Linux x86_64) AppleWebKit/537.36 (KHTML, like Gecko) Chrome/73.0.3683.86 Safari/537.36]
[2020-03-20T23:26:41.602] [INFO] default - [::1 OPTIONS /home/problem 200 1ms][http://localhost:8081/ HTTP/1.1 Mozilla/5.0 (X11; Linux x86_64) AppleWebKit/537.36 (KHTML, like Gecko) Chrome/73.0.3683.86 Safari/537.36]
[2020-03-20T23:26:41.655] [INFO] default - [::1 GET /home/problem/Navigationread 304 47ms][http://localhost:8081/ HTTP/1.1 Mozilla/5.0 (X11; Linux x86_64) AppleWebKit/537.36 (KHTML, like Gecko) Chrome/73.0.3683.86 Safari/537.36]
[2020-03-20T23:27:32.377] [INFO] default - [::1 OPTIONS /home/problem/Navigationread 200 6ms][http://localhost:8081/ HTTP/1.1 Mozilla/5.0 (X11; Linux x86_64) AppleWebKit/537.36 (KHTML, like Gecko) Chrome/73.0.3683.86 Safari/537.36]
[2020-03-20T23:27:32.381] [INFO] default - [::1 OPTIONS /home/problem 200 1ms][http://localhost:8081/ HTTP/1.1 Mozilla/5.0 (X11; Linux x86_64) AppleWebKit/537.36 (KHTML, like Gecko) Chrome/73.0.3683.86 Safari/537.36]
[2020-03-20T23:27:32.559] [INFO] default - [::1 GET /home/problem/Navigationread 304 56ms][http://localhost:8081/ HTTP/1.1 Mozilla/5.0 (X11; Linux x86_64) AppleWebKit/537.36 (KHTML, like Gecko) Chrome/73.0.3683.86 Safari/537.36]
[2020-03-20T23:28:16.907] [INFO] default - [::1 OPTIONS /home/problem/Navigationread 200 6ms][http://localhost:8081/ HTTP/1.1 Mozilla/5.0 (X11; Linux x86_64) AppleWebKit/537.36 (KHTML, like Gecko) Chrome/73.0.3683.86 Safari/537.36]
[2020-03-20T23:28:16.912] [INFO] default - [::1 OPTIONS /home/problem 200 1ms][http://localhost:8081/ HTTP/1.1 Mozilla/5.0 (X11; Linux x86_64) AppleWebKit/537.36 (KHTML, like Gecko) Chrome/73.0.3683.86 Safari/537.36]
[2020-03-20T23:28:16.960] [INFO] default - [::1 GET /home/problem/Navigationread 304 43ms][http://localhost:8081/ HTTP/1.1 Mozilla/5.0 (X11; Linux x86_64) AppleWebKit/537.36 (KHTML, like Gecko) Chrome/73.0.3683.86 Safari/537.36]
[2020-03-20T23:33:39.382] [INFO] default - [::1 OPTIONS /home/problem/Navigationread 200 4ms][http://localhost:8081/ HTTP/1.1 Mozilla/5.0 (X11; Linux x86_64) AppleWebKit/537.36 (KHTML, like Gecko) Chrome/73.0.3683.86 Safari/537.36]
[2020-03-20T23:33:39.386] [INFO] default - [::1 OPTIONS /home/problem 200 1ms][http://localhost:8081/ HTTP/1.1 Mozilla/5.0 (X11; Linux x86_64) AppleWebKit/537.36 (KHTML, like Gecko) Chrome/73.0.3683.86 Safari/537.36]
[2020-03-20T23:33:39.549] [INFO] default - [::1 GET /home/problem/Navigationread 304 46ms][http://localhost:8081/ HTTP/1.1 Mozilla/5.0 (X11; Linux x86_64) AppleWebKit/537.36 (KHTML, like Gecko) Chrome/73.0.3683.86 Safari/537.36]
[2020-03-20T23:35:10.131] [INFO] default - [::1 OPTIONS /home/problem/Navigationread 200 7ms][http://localhost:8081/ HTTP/1.1 Mozilla/5.0 (X11; Linux x86_64) AppleWebKit/537.36 (KHTML, like Gecko) Chrome/73.0.3683.86 Safari/537.36]
[2020-03-20T23:35:10.153] [INFO] default - [::1 OPTIONS /home/problem 200 2ms][http://localhost:8081/ HTTP/1.1 Mozilla/5.0 (X11; Linux x86_64) AppleWebKit/537.36 (KHTML, like Gecko) Chrome/73.0.3683.86 Safari/537.36]
[2020-03-20T23:35:10.195] [INFO] default - [::1 GET /home/problem/Navigationread 304 50ms][http://localhost:8081/ HTTP/1.1 Mozilla/5.0 (X11; Linux x86_64) AppleWebKit/537.36 (KHTML, like Gecko) Chrome/73.0.3683.86 Safari/537.36]
[2020-03-20T23:38:01.832] [INFO] default - [::1 OPTIONS /home/problem/Navigationread 200 7ms][http://localhost:8081/ HTTP/1.1 Mozilla/5.0 (X11; Linux x86_64) AppleWebKit/537.36 (KHTML, like Gecko) Chrome/73.0.3683.86 Safari/537.36]
[2020-03-20T23:38:01.837] [INFO] default - [::1 OPTIONS /home/problem 200 1ms][http://localhost:8081/ HTTP/1.1 Mozilla/5.0 (X11; Linux x86_64) AppleWebKit/537.36 (KHTML, like Gecko) Chrome/73.0.3683.86 Safari/537.36]
[2020-03-20T23:38:01.895] [INFO] default - [::1 GET /home/problem/Navigationread 304 51ms][http://localhost:8081/ HTTP/1.1 Mozilla/5.0 (X11; Linux x86_64) AppleWebKit/537.36 (KHTML, like Gecko) Chrome/73.0.3683.86 Safari/537.36]
[2020-03-20T23:38:01.938] [INFO] default - [::1 POST /home/problem 200 92ms][http://localhost:8081/ HTTP/1.1 Mozilla/5.0 (X11; Linux x86_64) AppleWebKit/537.36 (KHTML, like Gecko) Chrome/73.0.3683.86 Safari/537.36]
[2020-03-20T23:43:54.036] [INFO] default - [::1 OPTIONS /home/problem/Navigationread 200 7ms][http://localhost:8081/ HTTP/1.1 Mozilla/5.0 (X11; Linux x86_64) AppleWebKit/537.36 (KHTML, like Gecko) Chrome/73.0.3683.86 Safari/537.36]
[2020-03-20T23:43:54.042] [INFO] default - [::1 OPTIONS /home/problem 200 1ms][http://localhost:8081/ HTTP/1.1 Mozilla/5.0 (X11; Linux x86_64) AppleWebKit/537.36 (KHTML, like Gecko) Chrome/73.0.3683.86 Safari/537.36]
[2020-03-20T23:43:54.135] [INFO] default - [::1 GET /home/problem/Navigationread 304 88ms][http://localhost:8081/ HTTP/1.1 Mozilla/5.0 (X11; Linux x86_64) AppleWebKit/537.36 (KHTML, like Gecko) Chrome/73.0.3683.86 Safari/537.36]
[2020-03-20T23:43:54.153] [INFO] default - [::1 POST /home/problem 200 104ms][http://localhost:8081/ HTTP/1.1 Mozilla/5.0 (X11; Linux x86_64) AppleWebKit/537.36 (KHTML, like Gecko) Chrome/73.0.3683.86 Safari/537.36]
[2020-03-20T23:44:01.705] [INFO] default - [::1 OPTIONS /home/problem 200 1ms][http://localhost:8081/ HTTP/1.1 Mozilla/5.0 (X11; Linux x86_64) AppleWebKit/537.36 (KHTML, like Gecko) Chrome/73.0.3683.86 Safari/537.36]
[2020-03-20T23:44:39.980] [INFO] default - [::1 OPTIONS /home/problem/Navigationread 200 5ms][http://localhost:8081/ HTTP/1.1 Mozilla/5.0 (X11; Linux x86_64) AppleWebKit/537.36 (KHTML, like Gecko) Chrome/73.0.3683.86 Safari/537.36]
[2020-03-20T23:44:39.984] [INFO] default - [::1 OPTIONS /home/problem 200 1ms][http://localhost:8081/ HTTP/1.1 Mozilla/5.0 (X11; Linux x86_64) AppleWebKit/537.36 (KHTML, like Gecko) Chrome/73.0.3683.86 Safari/537.36]
[2020-03-20T23:44:40.154] [INFO] default - [::1 GET /home/problem/Navigationread 304 53ms][http://localhost:8081/ HTTP/1.1 Mozilla/5.0 (X11; Linux x86_64) AppleWebKit/537.36 (KHTML, like Gecko) Chrome/73.0.3683.86 Safari/537.36]
[2020-03-20T23:44:40.211] [INFO] default - [::1 POST /home/problem 200 108ms][http://localhost:8081/ HTTP/1.1 Mozilla/5.0 (X11; Linux x86_64) AppleWebKit/537.36 (KHTML, like Gecko) Chrome/73.0.3683.86 Safari/537.36]
[2020-03-20T23:44:46.714] [INFO] default - [::1 OPTIONS /home/problem 200 2ms][http://localhost:8081/ HTTP/1.1 Mozilla/5.0 (X11; Linux x86_64) AppleWebKit/537.36 (KHTML, like Gecko) Chrome/73.0.3683.86 Safari/537.36]
[2020-03-20T23:44:46.733] [INFO] default - [::1 POST /home/problem 200 16ms][http://localhost:8081/ HTTP/1.1 Mozilla/5.0 (X11; Linux x86_64) AppleWebKit/537.36 (KHTML, like Gecko) Chrome/73.0.3683.86 Safari/537.36]
[2020-03-20T23:44:51.326] [INFO] default - [::1 OPTIONS /home/problem/Navigationread 200 1ms][http://localhost:8081/ HTTP/1.1 Mozilla/5.0 (X11; Linux x86_64) AppleWebKit/537.36 (KHTML, like Gecko) Chrome/73.0.3683.86 Safari/537.36]
[2020-03-20T23:44:51.348] [INFO] default - [::1 POST /home/problem 200 21ms][http://localhost:8081/ HTTP/1.1 Mozilla/5.0 (X11; Linux x86_64) AppleWebKit/537.36 (KHTML, like Gecko) Chrome/73.0.3683.86 Safari/537.36]
[2020-03-20T23:44:51.355] [INFO] default - [::1 GET /home/problem/Navigationread 304 5ms][http://localhost:8081/ HTTP/1.1 Mozilla/5.0 (X11; Linux x86_64) AppleWebKit/537.36 (KHTML, like Gecko) Chrome/73.0.3683.86 Safari/537.36]
[2020-03-20T23:44:53.250] [INFO] default - [::1 OPTIONS /home/problem 200 1ms][http://localhost:8081/ HTTP/1.1 Mozilla/5.0 (X11; Linux x86_64) AppleWebKit/537.36 (KHTML, like Gecko) Chrome/73.0.3683.86 Safari/537.36]
[2020-03-20T23:44:55.243] [INFO] default - [::1 POST /home/problem 200 14ms][http://localhost:8081/ HTTP/1.1 Mozilla/5.0 (X11; Linux x86_64) AppleWebKit/537.36 (KHTML, like Gecko) Chrome/73.0.3683.86 Safari/537.36]
[2020-03-20T23:45:39.327] [INFO] default - [::1 OPTIONS /home/problem/Navigationread 200 7ms][http://localhost:8081/ HTTP/1.1 Mozilla/5.0 (X11; Linux x86_64) AppleWebKit/537.36 (KHTML, like Gecko) Chrome/73.0.3683.86 Safari/537.36]
[2020-03-20T23:45:39.332] [INFO] default - [::1 OPTIONS /home/problem 200 1ms][http://localhost:8081/ HTTP/1.1 Mozilla/5.0 (X11; Linux x86_64) AppleWebKit/537.36 (KHTML, like Gecko) Chrome/73.0.3683.86 Safari/537.36]
[2020-03-20T23:45:39.379] [INFO] default - [::1 GET /home/problem/Navigationread 304 41ms][http://localhost:8081/ HTTP/1.1 Mozilla/5.0 (X11; Linux x86_64) AppleWebKit/537.36 (KHTML, like Gecko) Chrome/73.0.3683.86 Safari/537.36]
[2020-03-20T23:45:39.426] [INFO] default - [::1 POST /home/problem 200 72ms][http://localhost:8081/ HTTP/1.1 Mozilla/5.0 (X11; Linux x86_64) AppleWebKit/537.36 (KHTML, like Gecko) Chrome/73.0.3683.86 Safari/537.36]
[2020-03-20T23:45:41.192] [INFO] default - [::1 POST /home/problem 200 13ms][http://localhost:8081/ HTTP/1.1 Mozilla/5.0 (X11; Linux x86_64) AppleWebKit/537.36 (KHTML, like Gecko) Chrome/73.0.3683.86 Safari/537.36]
[2020-03-20T23:46:21.955] [INFO] default - [::1 OPTIONS /home/problem/Navigationread 200 1ms][http://localhost:8081/ HTTP/1.1 Mozilla/5.0 (X11; Linux x86_64) AppleWebKit/537.36 (KHTML, like Gecko) Chrome/73.0.3683.86 Safari/537.36]
[2020-03-20T23:46:21.957] [INFO] default - [::1 OPTIONS /home/problem 200 1ms][http://localhost:8081/ HTTP/1.1 Mozilla/5.0 (X11; Linux x86_64) AppleWebKit/537.36 (KHTML, like Gecko) Chrome/73.0.3683.86 Safari/537.36]
[2020-03-20T23:46:21.982] [INFO] default - [::1 GET /home/problem/Navigationread 304 9ms][http://localhost:8081/ HTTP/1.1 Mozilla/5.0 (X11; Linux x86_64) AppleWebKit/537.36 (KHTML, like Gecko) Chrome/73.0.3683.86 Safari/537.36]
[2020-03-20T23:46:22.005] [INFO] default - [::1 POST /home/problem 200 29ms][http://localhost:8081/ HTTP/1.1 Mozilla/5.0 (X11; Linux x86_64) AppleWebKit/537.36 (KHTML, like Gecko) Chrome/73.0.3683.86 Safari/537.36]
[2020-03-20T23:46:31.360] [INFO] default - [::1 OPTIONS /home/problem 200 1ms][http://localhost:8081/ HTTP/1.1 Mozilla/5.0 (X11; Linux x86_64) AppleWebKit/537.36 (KHTML, like Gecko) Chrome/73.0.3683.86 Safari/537.36]
[2020-03-20T23:46:31.374] [INFO] default - [::1 POST /home/problem 200 12ms][http://localhost:8081/ HTTP/1.1 Mozilla/5.0 (X11; Linux x86_64) AppleWebKit/537.36 (KHTML, like Gecko) Chrome/73.0.3683.86 Safari/537.36]
[2020-03-20T23:46:53.172] [INFO] default - [::1 OPTIONS /home/problem/Bidx 200 1ms][http://localhost:8081/ HTTP/1.1 Mozilla/5.0 (X11; Linux x86_64) AppleWebKit/537.36 (KHTML, like Gecko) Chrome/73.0.3683.86 Safari/537.36]
[2020-03-20T23:46:53.183] [INFO] default - [::1 POST /home/problem/Bidx 200 10ms][http://localhost:8081/ HTTP/1.1 Mozilla/5.0 (X11; Linux x86_64) AppleWebKit/537.36 (KHTML, like Gecko) Chrome/73.0.3683.86 Safari/537.36]
[2020-03-20T23:46:56.188] [INFO] default - [::1 OPTIONS /home/problem/Navigationread 200 1ms][http://localhost:8081/ HTTP/1.1 Mozilla/5.0 (X11; Linux x86_64) AppleWebKit/537.36 (KHTML, like Gecko) Chrome/73.0.3683.86 Safari/537.36]
[2020-03-20T23:46:56.192] [INFO] default - [::1 OPTIONS /home/problem 200 2ms][http://localhost:8081/ HTTP/1.1 Mozilla/5.0 (X11; Linux x86_64) AppleWebKit/537.36 (KHTML, like Gecko) Chrome/73.0.3683.86 Safari/537.36]
[2020-03-20T23:46:56.319] [INFO] default - [::1 GET /home/problem/Navigationread 304 6ms][http://localhost:8081/ HTTP/1.1 Mozilla/5.0 (X11; Linux x86_64) AppleWebKit/537.36 (KHTML, like Gecko) Chrome/73.0.3683.86 Safari/537.36]
[2020-03-20T23:46:56.346] [INFO] default - [::1 POST /home/problem 200 31ms][http://localhost:8081/ HTTP/1.1 Mozilla/5.0 (X11; Linux x86_64) AppleWebKit/537.36 (KHTML, like Gecko) Chrome/73.0.3683.86 Safari/537.36]
[2020-03-20T23:46:57.814] [INFO] default - [::1 POST /home/problem 200 9ms][http://localhost:8081/ HTTP/1.1 Mozilla/5.0 (X11; Linux x86_64) AppleWebKit/537.36 (KHTML, like Gecko) Chrome/73.0.3683.86 Safari/537.36]
[2020-03-20T23:47:42.113] [INFO] default - [::1 OPTIONS /home/problem/Navigationread 200 1ms][http://localhost:8081/ HTTP/1.1 Mozilla/5.0 (X11; Linux x86_64) AppleWebKit/537.36 (KHTML, like Gecko) Chrome/73.0.3683.86 Safari/537.36]
[2020-03-20T23:47:42.115] [INFO] default - [::1 OPTIONS /home/problem 200 1ms][http://localhost:8081/ HTTP/1.1 Mozilla/5.0 (X11; Linux x86_64) AppleWebKit/537.36 (KHTML, like Gecko) Chrome/73.0.3683.86 Safari/537.36]
[2020-03-20T23:47:42.142] [INFO] default - [::1 GET /home/problem/Navigationread 304 10ms][http://localhost:8081/ HTTP/1.1 Mozilla/5.0 (X11; Linux x86_64) AppleWebKit/537.36 (KHTML, like Gecko) Chrome/73.0.3683.86 Safari/537.36]
[2020-03-20T23:47:42.161] [INFO] default - [::1 POST /home/problem 200 27ms][http://localhost:8081/ HTTP/1.1 Mozilla/5.0 (X11; Linux x86_64) AppleWebKit/537.36 (KHTML, like Gecko) Chrome/73.0.3683.86 Safari/537.36]
[2020-03-20T23:47:50.240] [INFO] default - [::1 OPTIONS /home/problem 200 1ms][http://localhost:8081/ HTTP/1.1 Mozilla/5.0 (X11; Linux x86_64) AppleWebKit/537.36 (KHTML, like Gecko) Chrome/73.0.3683.86 Safari/537.36]
[2020-03-20T23:47:50.250] [INFO] default - [::1 POST /home/problem 200 8ms][http://localhost:8081/ HTTP/1.1 Mozilla/5.0 (X11; Linux x86_64) AppleWebKit/537.36 (KHTML, like Gecko) Chrome/73.0.3683.86 Safari/537.36]
