[2020-05-05T19:41:03.995] [INFO] default - [::1 OPTIONS /admin/login 200 6ms][http://localhost:8080/ HTTP/1.1 Mozilla/5.0 (X11; Linux x86_64) AppleWebKit/537.36 (KHTML, like Gecko) Chrome/73.0.3683.86 Safari/537.36]
[2020-05-05T19:41:04.041] [INFO] default - [::1 POST /admin/login 200 43ms][http://localhost:8080/ HTTP/1.1 Mozilla/5.0 (X11; Linux x86_64) AppleWebKit/537.36 (KHTML, like Gecko) Chrome/73.0.3683.86 Safari/537.36]
[2020-05-05T19:41:04.197] [INFO] default - [::1 GET /admin/home/userStatistics 304 10ms][http://localhost:8080/ HTTP/1.1 Mozilla/5.0 (X11; Linux x86_64) AppleWebKit/537.36 (KHTML, like Gecko) Chrome/73.0.3683.86 Safari/537.36]
[2020-05-05T19:41:06.647] [INFO] default - [::1 OPTIONS /admin/problem/read 200 1ms][http://localhost:8080/ HTTP/1.1 Mozilla/5.0 (X11; Linux x86_64) AppleWebKit/537.36 (KHTML, like Gecko) Chrome/73.0.3683.86 Safari/537.36]
[2020-05-05T19:41:06.725] [INFO] default - [::1 POST /admin/problem/read 200 63ms][http://localhost:8080/ HTTP/1.1 Mozilla/5.0 (X11; Linux x86_64) AppleWebKit/537.36 (KHTML, like Gecko) Chrome/73.0.3683.86 Safari/537.36]
[2020-05-05T19:46:27.735] [INFO] default - [::1 OPTIONS /admin/problem/read 200 1ms][http://localhost:8080/ HTTP/1.1 Mozilla/5.0 (X11; Linux x86_64) AppleWebKit/537.36 (KHTML, like Gecko) Chrome/73.0.3683.86 Safari/537.36]
[2020-05-05T19:46:27.810] [INFO] default - [::1 POST /admin/problem/read 200 43ms][http://localhost:8080/ HTTP/1.1 Mozilla/5.0 (X11; Linux x86_64) AppleWebKit/537.36 (KHTML, like Gecko) Chrome/73.0.3683.86 Safari/537.36]
[2020-05-05T19:46:52.503] [INFO] default - [::1 OPTIONS /admin/problem/read 200 1ms][http://localhost:8080/ HTTP/1.1 Mozilla/5.0 (X11; Linux x86_64) AppleWebKit/537.36 (KHTML, like Gecko) Chrome/73.0.3683.86 Safari/537.36]
[2020-05-05T19:46:52.749] [INFO] default - [::1 POST /admin/problem/read 200 28ms][http://localhost:8080/ HTTP/1.1 Mozilla/5.0 (X11; Linux x86_64) AppleWebKit/537.36 (KHTML, like Gecko) Chrome/73.0.3683.86 Safari/537.36]
[2020-05-05T19:47:19.253] [INFO] default - [::1 OPTIONS /admin/login 200 0ms][http://localhost:8080/ HTTP/1.1 Mozilla/5.0 (X11; Linux x86_64) AppleWebKit/537.36 (KHTML, like Gecko) Chrome/73.0.3683.86 Safari/537.36]
[2020-05-05T19:47:19.260] [INFO] default - [::1 POST /admin/login 200 4ms][http://localhost:8080/ HTTP/1.1 Mozilla/5.0 (X11; Linux x86_64) AppleWebKit/537.36 (KHTML, like Gecko) Chrome/73.0.3683.86 Safari/537.36]
[2020-05-05T19:47:19.409] [INFO] default - [::1 GET /admin/home/userStatistics 304 4ms][http://localhost:8080/ HTTP/1.1 Mozilla/5.0 (X11; Linux x86_64) AppleWebKit/537.36 (KHTML, like Gecko) Chrome/73.0.3683.86 Safari/537.36]
[2020-05-05T19:47:22.011] [INFO] default - [::1 OPTIONS /admin/push/read 200 0ms][http://localhost:8080/ HTTP/1.1 Mozilla/5.0 (X11; Linux x86_64) AppleWebKit/537.36 (KHTML, like Gecko) Chrome/73.0.3683.86 Safari/537.36]
[2020-05-05T19:47:22.034] [INFO] default - [::1 POST /admin/push/read 200 10ms][http://localhost:8080/ HTTP/1.1 Mozilla/5.0 (X11; Linux x86_64) AppleWebKit/537.36 (KHTML, like Gecko) Chrome/73.0.3683.86 Safari/537.36]
[2020-05-05T19:47:28.437] [INFO] default - [::1 OPTIONS /admin/problem/read 200 0ms][http://localhost:8080/ HTTP/1.1 Mozilla/5.0 (X11; Linux x86_64) AppleWebKit/537.36 (KHTML, like Gecko) Chrome/73.0.3683.86 Safari/537.36]
[2020-05-05T19:47:28.468] [INFO] default - [::1 POST /admin/problem/read 200 19ms][http://localhost:8080/ HTTP/1.1 Mozilla/5.0 (X11; Linux x86_64) AppleWebKit/537.36 (KHTML, like Gecko) Chrome/73.0.3683.86 Safari/537.36]
[2020-05-05T19:47:33.085] [INFO] default - [::1 OPTIONS /admin/push/read 200 1ms][http://localhost:8080/ HTTP/1.1 Mozilla/5.0 (X11; Linux x86_64) AppleWebKit/537.36 (KHTML, like Gecko) Chrome/73.0.3683.86 Safari/537.36]
[2020-05-05T19:47:33.104] [INFO] default - [::1 POST /admin/push/read 200 9ms][http://localhost:8080/ HTTP/1.1 Mozilla/5.0 (X11; Linux x86_64) AppleWebKit/537.36 (KHTML, like Gecko) Chrome/73.0.3683.86 Safari/537.36]
[2020-05-05T19:48:02.016] [INFO] default - [::1 OPTIONS /admin/push/read 200 0ms][http://localhost:8080/ HTTP/1.1 Mozilla/5.0 (X11; Linux x86_64) AppleWebKit/537.36 (KHTML, like Gecko) Chrome/73.0.3683.86 Safari/537.36]
[2020-05-05T19:48:02.053] [INFO] default - [::1 POST /admin/push/read 200 17ms][http://localhost:8080/ HTTP/1.1 Mozilla/5.0 (X11; Linux x86_64) AppleWebKit/537.36 (KHTML, like Gecko) Chrome/73.0.3683.86 Safari/537.36]
[2020-05-05T19:48:28.116] [INFO] default - [::1 GET /admin/navigation/read 200 18ms][http://localhost:8080/ HTTP/1.1 Mozilla/5.0 (X11; Linux x86_64) AppleWebKit/537.36 (KHTML, like Gecko) Chrome/73.0.3683.86 Safari/537.36]
[2020-05-05T19:48:30.927] [INFO] default - [::1 OPTIONS /admin/user/read 200 0ms][http://localhost:8080/ HTTP/1.1 Mozilla/5.0 (X11; Linux x86_64) AppleWebKit/537.36 (KHTML, like Gecko) Chrome/73.0.3683.86 Safari/537.36]
[2020-05-05T19:48:30.948] [INFO] default - [::1 POST /admin/user/read 200 9ms][http://localhost:8080/ HTTP/1.1 Mozilla/5.0 (X11; Linux x86_64) AppleWebKit/537.36 (KHTML, like Gecko) Chrome/73.0.3683.86 Safari/537.36]
[2020-05-05T19:48:34.198] [INFO] default - [::1 GET /admin/about/read 200 40ms][http://localhost:8080/ HTTP/1.1 Mozilla/5.0 (X11; Linux x86_64) AppleWebKit/537.36 (KHTML, like Gecko) Chrome/73.0.3683.86 Safari/537.36]
[2020-05-05T19:48:34.993] [INFO] default - [::1 GET /admin/about/read 304 37ms][http://localhost:8080/ HTTP/1.1 Mozilla/5.0 (X11; Linux x86_64) AppleWebKit/537.36 (KHTML, like Gecko) Chrome/73.0.3683.86 Safari/537.36]
[2020-05-05T19:48:36.687] [INFO] default - [::1 GET /admin/Jurisdiction/adminread 200 5ms][http://localhost:8080/ HTTP/1.1 Mozilla/5.0 (X11; Linux x86_64) AppleWebKit/537.36 (KHTML, like Gecko) Chrome/73.0.3683.86 Safari/537.36]
[2020-05-05T19:48:37.295] [INFO] default - [::1 GET /admin/Jurisdiction/roleread 200 4ms][http://localhost:8080/ HTTP/1.1 Mozilla/5.0 (X11; Linux x86_64) AppleWebKit/537.36 (KHTML, like Gecko) Chrome/73.0.3683.86 Safari/537.36]
[2020-05-05T19:48:38.512] [INFO] default - [::1 GET /admin/Jurisdiction/adminread 304 3ms][http://localhost:8080/ HTTP/1.1 Mozilla/5.0 (X11; Linux x86_64) AppleWebKit/537.36 (KHTML, like Gecko) Chrome/73.0.3683.86 Safari/537.36]
[2020-05-05T19:48:47.282] [INFO] default - [::1 GET /admin/Jurisdiction/adminread 304 4ms][http://localhost:8080/ HTTP/1.1 Mozilla/5.0 (X11; Linux x86_64) AppleWebKit/537.36 (KHTML, like Gecko) Chrome/73.0.3683.86 Safari/537.36]
