[2020-01-16T08:48:56.613] [INFO] default - [::1 POST /admin/login 200 279ms][http://localhost:8080/ HTTP/1.1 Mozilla/5.0 (Windows NT 6.1; Win64; x64) AppleWebKit/537.36 (KHTML, like Gecko) Chrome/65.0.3325.181 Safari/537.36]
[2020-01-16T08:49:06.724] [INFO] default - [::1 POST /admin/push/findone 200 58ms][http://localhost:8080/ HTTP/1.1 Mozilla/5.0 (Windows NT 6.1; Win64; x64) AppleWebKit/537.36 (KHTML, like Gecko) Chrome/65.0.3325.181 Safari/537.36]
[2020-01-16T08:49:45.862] [INFO] default - [::1 POST /admin/push/findone 200 7ms][http://localhost:8080/ HTTP/1.1 Mozilla/5.0 (Windows NT 6.1; Win64; x64) AppleWebKit/537.36 (KHTML, like Gecko) Chrome/65.0.3325.181 Safari/537.36]
[2020-01-16T08:51:45.035] [INFO] default - [::1 POST /admin/push/findone 200 7ms][http://localhost:8080/ HTTP/1.1 Mozilla/5.0 (Windows NT 6.1; Win64; x64) AppleWebKit/537.36 (KHTML, like Gecko) Chrome/65.0.3325.181 Safari/537.36]
[2020-01-16T09:09:20.286] [INFO] default - [::1 POST /admin/push/save 200 114ms][http://localhost:8080/ HTTP/1.1 Mozilla/5.0 (Windows NT 6.1; Win64; x64) AppleWebKit/537.36 (KHTML, like Gecko) Chrome/65.0.3325.181 Safari/537.36]
[2020-01-16T11:02:42.217] [INFO] default - [::1 POST /home/register 200 103ms][http://localhost:8081/ HTTP/1.1 Mozilla/5.0 (Windows NT 6.1; Win64; x64) AppleWebKit/537.36 (KHTML, like Gecko) Chrome/65.0.3325.181 Safari/537.36]
[2020-01-16T11:02:56.876] [INFO] default - [::1 POST /home/login 200 17ms][http://localhost:8081/ HTTP/1.1 Mozilla/5.0 (Windows NT 6.1; Win64; x64) AppleWebKit/537.36 (KHTML, like Gecko) Chrome/65.0.3325.181 Safari/537.36]
[2020-01-16T11:57:57.704] [INFO] default - [::1 GET /admin/push/querynum 200 60ms][http://localhost:8081/ HTTP/1.1 Mozilla/5.0 (Windows NT 6.1; Win64; x64) AppleWebKit/537.36 (KHTML, like Gecko) Chrome/65.0.3325.181 Safari/537.36]
[2020-01-16T14:10:58.373] [INFO] default - [::1 GET /admin/push/querynum 304 13ms][http://localhost:8081/ HTTP/1.1 Mozilla/5.0 (Windows NT 6.1; Win64; x64) AppleWebKit/537.36 (KHTML, like Gecko) Chrome/65.0.3325.181 Safari/537.36]
[2020-01-16T14:19:20.244] [INFO] default - 查看banner
[2020-01-16T14:19:20.248] [INFO] default - [::1 GET /admin/home/banner 200 99ms][http://localhost:8080/ HTTP/1.1 Mozilla/5.0 (Windows NT 6.1; Win64; x64) AppleWebKit/537.36 (KHTML, like Gecko) Chrome/65.0.3325.181 Safari/537.36]
[2020-01-16T14:19:20.286] [INFO] default - [::1 GET /upload/upload_69cc55dcb9db3d29a2c91aa176f89431.jpg 200 28ms][http://localhost:8080/ HTTP/1.1 Mozilla/5.0 (Windows NT 6.1; Win64; x64) AppleWebKit/537.36 (KHTML, like Gecko) Chrome/65.0.3325.181 Safari/537.36]
[2020-01-16T14:19:20.293] [INFO] default - [::1 GET /upload/upload_1189921dc21f605aea62ad5827cc7fe3.jpg 200 34ms][http://localhost:8080/ HTTP/1.1 Mozilla/5.0 (Windows NT 6.1; Win64; x64) AppleWebKit/537.36 (KHTML, like Gecko) Chrome/65.0.3325.181 Safari/537.36]
[2020-01-16T14:19:20.301] [INFO] default - [::1 GET /upload/upload_5d9552196650ec0bbf35c47cc3fb6980.jpg 200 42ms][http://localhost:8080/ HTTP/1.1 Mozilla/5.0 (Windows NT 6.1; Win64; x64) AppleWebKit/537.36 (KHTML, like Gecko) Chrome/65.0.3325.181 Safari/537.36]
[2020-01-16T14:19:29.900] [INFO] default - [::1 GET /admin/push/read 200 3ms][http://localhost:8080/ HTTP/1.1 Mozilla/5.0 (Windows NT 6.1; Win64; x64) AppleWebKit/537.36 (KHTML, like Gecko) Chrome/65.0.3325.181 Safari/537.36]
[2020-01-16T14:19:53.530] [INFO] default - [::1 GET /admin/about/read 200 14ms][http://localhost:8080/ HTTP/1.1 Mozilla/5.0 (Windows NT 6.1; Win64; x64) AppleWebKit/537.36 (KHTML, like Gecko) Chrome/65.0.3325.181 Safari/537.36]
[2020-01-16T14:20:00.662] [INFO] default - [::1 GET /admin/exit 304 3ms][http://localhost:8080/ HTTP/1.1 Mozilla/5.0 (Windows NT 6.1; Win64; x64) AppleWebKit/537.36 (KHTML, like Gecko) Chrome/65.0.3325.181 Safari/537.36]
[2020-01-16T14:20:30.577] [INFO] default - [::1 POST /admin/login 200 59ms][http://localhost:8080/ HTTP/1.1 Mozilla/5.0 (Windows NT 6.1; Win64; x64) AppleWebKit/537.36 (KHTML, like Gecko) Chrome/65.0.3325.181 Safari/537.36]
[2020-01-16T14:20:32.721] [INFO] default - 查看banner
[2020-01-16T14:20:32.724] [INFO] default - [::1 GET /admin/home/banner 304 8ms][http://localhost:8080/ HTTP/1.1 Mozilla/5.0 (Windows NT 6.1; Win64; x64) AppleWebKit/537.36 (KHTML, like Gecko) Chrome/65.0.3325.181 Safari/537.36]
[2020-01-16T14:20:32.794] [INFO] default - [::1 GET /upload/upload_69cc55dcb9db3d29a2c91aa176f89431.jpg 304 2ms][http://localhost:8080/ HTTP/1.1 Mozilla/5.0 (Windows NT 6.1; Win64; x64) AppleWebKit/537.36 (KHTML, like Gecko) Chrome/65.0.3325.181 Safari/537.36]
[2020-01-16T14:20:32.815] [INFO] default - [::1 GET /upload/upload_5d9552196650ec0bbf35c47cc3fb6980.jpg 304 15ms][http://localhost:8080/ HTTP/1.1 Mozilla/5.0 (Windows NT 6.1; Win64; x64) AppleWebKit/537.36 (KHTML, like Gecko) Chrome/65.0.3325.181 Safari/537.36]
[2020-01-16T14:20:32.823] [INFO] default - [::1 GET /upload/upload_1189921dc21f605aea62ad5827cc7fe3.jpg 304 23ms][http://localhost:8080/ HTTP/1.1 Mozilla/5.0 (Windows NT 6.1; Win64; x64) AppleWebKit/537.36 (KHTML, like Gecko) Chrome/65.0.3325.181 Safari/537.36]
[2020-01-16T14:20:37.145] [INFO] default - [::1 GET /admin/push/read 200 166ms][http://localhost:8080/ HTTP/1.1 Mozilla/5.0 (Windows NT 6.1; Win64; x64) AppleWebKit/537.36 (KHTML, like Gecko) Chrome/65.0.3325.181 Safari/537.36]
[2020-01-16T14:20:47.342] [INFO] default - [::1 GET /admin/push/querynum 200 67ms][http://localhost:8081/ HTTP/1.1 Mozilla/5.0 (Windows NT 6.1; Win64; x64) AppleWebKit/537.36 (KHTML, like Gecko) Chrome/65.0.3325.181 Safari/537.36]
[2020-01-16T14:29:43.551] [INFO] default - [::ffff:127.0.0.1 GET /admin/push/querynum 304 165ms][http://localhost:8081/ HTTP/1.1 Mozilla/5.0 (Windows NT 6.1; Win64; x64) AppleWebKit/537.36 (KHTML, like Gecko) Chrome/65.0.3325.181 Safari/537.36]
[2020-01-16T14:30:45.782] [INFO] default - [::1 GET /admin/push/querynum 304 134ms][http://localhost:8081/ HTTP/1.1 Mozilla/5.0 (Windows NT 6.1; Win64; x64) AppleWebKit/537.36 (KHTML, like Gecko) Chrome/65.0.3325.181 Safari/537.36]
[2020-01-16T14:32:55.115] [INFO] default - [::1 GET /admin/push/querynum 304 115ms][http://localhost:8081/ HTTP/1.1 Mozilla/5.0 (Windows NT 6.1; Win64; x64) AppleWebKit/537.36 (KHTML, like Gecko) Chrome/65.0.3325.181 Safari/537.36]
[2020-01-16T14:35:22.643] [INFO] default - [::1 GET /admin/push/querynum 304 100ms][http://localhost:8081/ HTTP/1.1 Mozilla/5.0 (Windows NT 6.1; Win64; x64) AppleWebKit/537.36 (KHTML, like Gecko) Chrome/65.0.3325.181 Safari/537.36]
[2020-01-16T14:35:48.597] [INFO] default - [::1 GET /admin/push/querynum 304 122ms][http://localhost:8081/ HTTP/1.1 Mozilla/5.0 (Windows NT 6.1; Win64; x64) AppleWebKit/537.36 (KHTML, like Gecko) Chrome/65.0.3325.181 Safari/537.36]
[2020-01-16T14:35:58.079] [INFO] default - [::1 GET /admin/push/querynum 304 26ms][http://localhost:8081/ HTTP/1.1 Mozilla/5.0 (Windows NT 6.1; Win64; x64) AppleWebKit/537.36 (KHTML, like Gecko) Chrome/65.0.3325.181 Safari/537.36]
[2020-01-16T14:36:04.628] [INFO] default - [::1 GET /admin/push/querynum 304 23ms][http://localhost:8081/ HTTP/1.1 Mozilla/5.0 (Windows NT 6.1; Win64; x64) AppleWebKit/537.36 (KHTML, like Gecko) Chrome/65.0.3325.181 Safari/537.36]
[2020-01-16T14:36:08.534] [INFO] default - [::1 POST /home/login 200 46ms][http://localhost:8081/ HTTP/1.1 Mozilla/5.0 (Windows NT 6.1; Win64; x64) AppleWebKit/537.36 (KHTML, like Gecko) Chrome/65.0.3325.181 Safari/537.36]
[2020-01-16T14:36:24.963] [INFO] default - [::1 GET /admin/exit 304 2ms][http://localhost:8080/ HTTP/1.1 Mozilla/5.0 (Windows NT 6.1; Win64; x64) AppleWebKit/537.36 (KHTML, like Gecko) Chrome/65.0.3325.181 Safari/537.36]
[2020-01-16T14:36:27.418] [INFO] default - [::1 POST /admin/login 200 23ms][http://localhost:8080/ HTTP/1.1 Mozilla/5.0 (Windows NT 6.1; Win64; x64) AppleWebKit/537.36 (KHTML, like Gecko) Chrome/65.0.3325.181 Safari/537.36]
[2020-01-16T15:21:58.080] [INFO] default - [::1 GET /admin/push/querynum 304 146ms][http://localhost:8081/ HTTP/1.1 Mozilla/5.0 (Windows NT 6.1; Win64; x64) AppleWebKit/537.36 (KHTML, like Gecko) Chrome/65.0.3325.181 Safari/537.36]
[2020-01-16T15:22:04.429] [INFO] default - [::1 POST /home/login 200 34ms][http://localhost:8081/ HTTP/1.1 Mozilla/5.0 (Windows NT 6.1; Win64; x64) AppleWebKit/537.36 (KHTML, like Gecko) Chrome/65.0.3325.181 Safari/537.36]
[2020-01-16T15:22:32.077] [INFO] default - [::1 GET /admin/push/querynum 200 9ms][http://localhost:8081/ HTTP/1.1 Mozilla/5.0 (Windows NT 6.1; Win64; x64) AppleWebKit/537.36 (KHTML, like Gecko) Chrome/65.0.3325.181 Safari/537.36]
[2020-01-16T15:22:44.093] [INFO] default - [::ffff:127.0.0.1 GET /admin/push/querynum 304 967ms][http://localhost:8081/ HTTP/1.1 Mozilla/5.0 (Windows NT 6.1; Win64; x64) AppleWebKit/537.36 (KHTML, like Gecko) Chrome/65.0.3325.181 Safari/537.36]
[2020-01-16T15:23:03.890] [INFO] default - [::1 POST /home/login 200 129ms][http://localhost:8081/ HTTP/1.1 Mozilla/5.0 (Windows NT 6.1; Win64; x64) AppleWebKit/537.36 (KHTML, like Gecko) Chrome/65.0.3325.181 Safari/537.36]
[2020-01-16T15:24:25.185] [INFO] default - [::1 GET /admin/push/querynum 304 7ms][http://localhost:8081/ HTTP/1.1 Mozilla/5.0 (Windows NT 6.1; Win64; x64) AppleWebKit/537.36 (KHTML, like Gecko) Chrome/65.0.3325.181 Safari/537.36]
[2020-01-16T15:24:36.863] [INFO] default - [::1 POST /home/login 200 17ms][http://localhost:8081/ HTTP/1.1 Mozilla/5.0 (Windows NT 6.1; Win64; x64) AppleWebKit/537.36 (KHTML, like Gecko) Chrome/65.0.3325.181 Safari/537.36]
[2020-01-16T15:24:47.099] [INFO] default - [::1 GET /admin/push/querynum 304 14ms][http://localhost:8081/ HTTP/1.1 Mozilla/5.0 (Windows NT 6.1; Win64; x64) AppleWebKit/537.36 (KHTML, like Gecko) Chrome/65.0.3325.181 Safari/537.36]
[2020-01-16T15:25:46.573] [INFO] default - [::1 GET /admin/push/querynum 304 8ms][http://localhost:8081/ HTTP/1.1 Mozilla/5.0 (Windows NT 6.1; Win64; x64) AppleWebKit/537.36 (KHTML, like Gecko) Chrome/65.0.3325.181 Safari/537.36]
[2020-01-16T15:25:57.489] [INFO] default - [::1 GET /admin/push/querynum 304 18ms][http://localhost:8081/ HTTP/1.1 Mozilla/5.0 (Windows NT 6.1; Win64; x64) AppleWebKit/537.36 (KHTML, like Gecko) Chrome/65.0.3325.181 Safari/537.36]
[2020-01-16T15:26:03.676] [INFO] default - [::1 POST /home/login 200 20ms][http://localhost:8081/ HTTP/1.1 Mozilla/5.0 (Windows NT 6.1; Win64; x64) AppleWebKit/537.36 (KHTML, like Gecko) Chrome/65.0.3325.181 Safari/537.36]
[2020-01-16T15:26:09.805] [INFO] default - [::1 GET /admin/push/querynum 304 6ms][http://localhost:8081/ HTTP/1.1 Mozilla/5.0 (Windows NT 6.1; Win64; x64) AppleWebKit/537.36 (KHTML, like Gecko) Chrome/65.0.3325.181 Safari/537.36]
[2020-01-16T15:33:49.132] [INFO] default - [::1 GET /admin/push/querynum 304 6ms][http://localhost:8081/ HTTP/1.1 Mozilla/5.0 (Windows NT 6.1; Win64; x64) AppleWebKit/537.36 (KHTML, like Gecko) Chrome/65.0.3325.181 Safari/537.36]
[2020-01-16T15:34:15.012] [INFO] default - [::1 POST /home/login 200 11ms][http://localhost:8081/ HTTP/1.1 Mozilla/5.0 (Windows NT 6.1; Win64; x64) AppleWebKit/537.36 (KHTML, like Gecko) Chrome/65.0.3325.181 Safari/537.36]
[2020-01-16T15:49:59.344] [INFO] default - [::1 POST /admin/login 200 19ms][http://localhost:8080/ HTTP/1.1 Mozilla/5.0 (Windows NT 6.1; Win64; x64) AppleWebKit/537.36 (KHTML, like Gecko) Chrome/65.0.3325.181 Safari/537.36]
[2020-01-16T15:52:08.387] [INFO] default - [::1 GET /admin/push/querynum 200 3ms][http://localhost:8081/ HTTP/1.1 Mozilla/5.0 (Windows NT 6.1; Win64; x64) AppleWebKit/537.36 (KHTML, like Gecko) Chrome/65.0.3325.181 Safari/537.36]
[2020-01-16T15:54:26.509] [INFO] default - [::1 GET /admin/push/querynum 304 2ms][http://localhost:8081/ HTTP/1.1 Mozilla/5.0 (Windows NT 6.1; Win64; x64) AppleWebKit/537.36 (KHTML, like Gecko) Chrome/65.0.3325.181 Safari/537.36]
[2020-01-16T15:54:35.528] [INFO] default - [::1 OPTIONS /home/login 200 4ms][ HTTP/1.1 Mozilla/5.0 (Windows NT 6.1; Win64; x64) AppleWebKit/537.36 (KHTML, like Gecko) Chrome/65.0.3325.181 Safari/537.36]
[2020-01-16T15:54:35.545] [INFO] default - [::1 POST /home/login 200 11ms][http://localhost:8081/ HTTP/1.1 Mozilla/5.0 (Windows NT 6.1; Win64; x64) AppleWebKit/537.36 (KHTML, like Gecko) Chrome/65.0.3325.181 Safari/537.36]
[2020-01-16T15:54:50.349] [INFO] default - [::1 GET /admin/push/querynum 304 5ms][http://localhost:8081/ HTTP/1.1 Mozilla/5.0 (Windows NT 6.1; Win64; x64) AppleWebKit/537.36 (KHTML, like Gecko) Chrome/65.0.3325.181 Safari/537.36]
[2020-01-16T15:55:12.938] [INFO] default - [::1 GET /admin/exit 304 5ms][http://localhost:8081/ HTTP/1.1 Mozilla/5.0 (Windows NT 6.1; Win64; x64) AppleWebKit/537.36 (KHTML, like Gecko) Chrome/65.0.3325.181 Safari/537.36]
[2020-01-16T15:55:19.807] [INFO] default - [::1 OPTIONS /home/login 200 1ms][ HTTP/1.1 Mozilla/5.0 (Windows NT 6.1; Win64; x64) AppleWebKit/537.36 (KHTML, like Gecko) Chrome/65.0.3325.181 Safari/537.36]
[2020-01-16T15:55:19.826] [INFO] default - [::1 POST /home/login 200 15ms][http://localhost:8081/ HTTP/1.1 Mozilla/5.0 (Windows NT 6.1; Win64; x64) AppleWebKit/537.36 (KHTML, like Gecko) Chrome/65.0.3325.181 Safari/537.36]
[2020-01-16T15:55:26.301] [INFO] default - [::1 GET /admin/push/querynum 304 16ms][http://localhost:8081/ HTTP/1.1 Mozilla/5.0 (Windows NT 6.1; Win64; x64) AppleWebKit/537.36 (KHTML, like Gecko) Chrome/65.0.3325.181 Safari/537.36]
[2020-01-16T15:55:34.483] [INFO] default - [::1 GET /admin/exit 304 3ms][http://localhost:8081/ HTTP/1.1 Mozilla/5.0 (Windows NT 6.1; Win64; x64) AppleWebKit/537.36 (KHTML, like Gecko) Chrome/65.0.3325.181 Safari/537.36]
[2020-01-16T15:55:37.685] [INFO] default - [::1 OPTIONS /home/login 200 1ms][ HTTP/1.1 Mozilla/5.0 (Windows NT 6.1; Win64; x64) AppleWebKit/537.36 (KHTML, like Gecko) Chrome/65.0.3325.181 Safari/537.36]
[2020-01-16T15:55:37.708] [INFO] default - [::1 POST /home/login 200 15ms][http://localhost:8081/ HTTP/1.1 Mozilla/5.0 (Windows NT 6.1; Win64; x64) AppleWebKit/537.36 (KHTML, like Gecko) Chrome/65.0.3325.181 Safari/537.36]
[2020-01-16T15:55:50.511] [INFO] default - [::1 GET /admin/push/querynum 200 4ms][http://localhost:8081/ HTTP/1.1 Mozilla/5.0 (Windows NT 6.1; Win64; x64) AppleWebKit/537.36 (KHTML, like Gecko) Chrome/65.0.3325.181 Safari/537.36]
[2020-01-16T15:55:56.884] [INFO] default - [::1 GET /admin/push/querynum 304 6ms][http://localhost:8081/ HTTP/1.1 Mozilla/5.0 (Windows NT 6.1; Win64; x64) AppleWebKit/537.36 (KHTML, like Gecko) Chrome/65.0.3325.181 Safari/537.36]
[2020-01-16T15:56:01.521] [INFO] default - [::1 GET /admin/exit 304 5ms][http://localhost:8081/ HTTP/1.1 Mozilla/5.0 (Windows NT 6.1; Win64; x64) AppleWebKit/537.36 (KHTML, like Gecko) Chrome/65.0.3325.181 Safari/537.36]
[2020-01-16T15:56:04.283] [INFO] default - [::1 POST /home/login 200 13ms][http://localhost:8081/ HTTP/1.1 Mozilla/5.0 (Windows NT 6.1; Win64; x64) AppleWebKit/537.36 (KHTML, like Gecko) Chrome/65.0.3325.181 Safari/537.36]
[2020-01-16T15:56:07.778] [INFO] default - [::1 GET /admin/push/querynum 200 18ms][http://localhost:8081/ HTTP/1.1 Mozilla/5.0 (Windows NT 6.1; Win64; x64) AppleWebKit/537.36 (KHTML, like Gecko) Chrome/65.0.3325.181 Safari/537.36]
[2020-01-16T15:58:16.945] [INFO] default - [::1 GET /admin/exit 304 2ms][http://localhost:8081/ HTTP/1.1 Mozilla/5.0 (Windows NT 6.1; Win64; x64) AppleWebKit/537.36 (KHTML, like Gecko) Chrome/65.0.3325.181 Safari/537.36]
[2020-01-16T15:58:49.182] [INFO] default - [::1 GET /admin/exit 304 6ms][http://localhost:8081/ HTTP/1.1 Mozilla/5.0 (Windows NT 6.1; Win64; x64) AppleWebKit/537.36 (KHTML, like Gecko) Chrome/65.0.3325.181 Safari/537.36]
[2020-01-16T15:59:10.638] [INFO] default - [::1 POST /home/login 200 13ms][http://localhost:8081/ HTTP/1.1 Mozilla/5.0 (Windows NT 6.1; Win64; x64) AppleWebKit/537.36 (KHTML, like Gecko) Chrome/65.0.3325.181 Safari/537.36]
[2020-01-16T15:59:50.068] [INFO] default - [::ffff:127.0.0.1 GET /admin/push/querynum 304 364ms][http://localhost:8081/ HTTP/1.1 Mozilla/5.0 (Windows NT 6.1; Win64; x64) AppleWebKit/537.36 (KHTML, like Gecko) Chrome/65.0.3325.181 Safari/537.36]
[2020-01-16T15:59:52.142] [INFO] default - [::ffff:127.0.0.1 GET /admin/exit 304 7ms][http://localhost:8081/ HTTP/1.1 Mozilla/5.0 (Windows NT 6.1; Win64; x64) AppleWebKit/537.36 (KHTML, like Gecko) Chrome/65.0.3325.181 Safari/537.36]
[2020-01-16T15:59:58.595] [INFO] default - [::ffff:127.0.0.1 GET /admin/exit 304 14ms][http://localhost:8081/ HTTP/1.1 Mozilla/5.0 (Windows NT 6.1; Win64; x64) AppleWebKit/537.36 (KHTML, like Gecko) Chrome/65.0.3325.181 Safari/537.36]
[2020-01-16T16:00:04.123] [INFO] default - [::1 POST /home/login 200 65ms][http://localhost:8081/ HTTP/1.1 Mozilla/5.0 (Windows NT 6.1; Win64; x64) AppleWebKit/537.36 (KHTML, like Gecko) Chrome/65.0.3325.181 Safari/537.36]
[2020-01-16T16:00:15.418] [INFO] default - [::1 GET /admin/push/querynum 304 22ms][http://localhost:8081/ HTTP/1.1 Mozilla/5.0 (Windows NT 6.1; Win64; x64) AppleWebKit/537.36 (KHTML, like Gecko) Chrome/65.0.3325.181 Safari/537.36]
[2020-01-16T16:01:26.105] [INFO] default - [::1 GET /admin/push/querynum 304 66ms][http://localhost:8081/ HTTP/1.1 Mozilla/5.0 (Windows NT 6.1; Win64; x64) AppleWebKit/537.36 (KHTML, like Gecko) Chrome/65.0.3325.181 Safari/537.36]
[2020-01-16T16:01:30.036] [INFO] default - [::1 GET /admin/exit 304 19ms][http://localhost:8081/ HTTP/1.1 Mozilla/5.0 (Windows NT 6.1; Win64; x64) AppleWebKit/537.36 (KHTML, like Gecko) Chrome/65.0.3325.181 Safari/537.36]
[2020-01-16T16:01:40.796] [INFO] default - [::1 GET /admin/push/querynum 200 3ms][http://localhost:8081/ HTTP/1.1 Mozilla/5.0 (Windows NT 6.1; Win64; x64) AppleWebKit/537.36 (KHTML, like Gecko) Chrome/65.0.3325.181 Safari/537.36]
[2020-01-16T16:01:50.307] [INFO] default - [::1 POST /home/login 200 73ms][http://localhost:8081/ HTTP/1.1 Mozilla/5.0 (Windows NT 6.1; Win64; x64) AppleWebKit/537.36 (KHTML, like Gecko) Chrome/65.0.3325.181 Safari/537.36]
[2020-01-16T16:01:54.085] [INFO] default - [::1 GET /admin/push/querynum 200 12ms][http://localhost:8081/ HTTP/1.1 Mozilla/5.0 (Windows NT 6.1; Win64; x64) AppleWebKit/537.36 (KHTML, like Gecko) Chrome/65.0.3325.181 Safari/537.36]
[2020-01-16T16:12:37.494] [INFO] default - [::1 GET /admin/push/querynum 304 68ms][http://localhost:8081/ HTTP/1.1 Mozilla/5.0 (Windows NT 6.1; Win64; x64) AppleWebKit/537.36 (KHTML, like Gecko) Chrome/65.0.3325.181 Safari/537.36]
[2020-01-16T16:12:39.362] [INFO] default - [::1 GET /home/exit 200 13ms][http://localhost:8081/ HTTP/1.1 Mozilla/5.0 (Windows NT 6.1; Win64; x64) AppleWebKit/537.36 (KHTML, like Gecko) Chrome/65.0.3325.181 Safari/537.36]
[2020-01-16T16:12:46.969] [INFO] default - [::1 POST /home/login 200 66ms][http://localhost:8081/ HTTP/1.1 Mozilla/5.0 (Windows NT 6.1; Win64; x64) AppleWebKit/537.36 (KHTML, like Gecko) Chrome/65.0.3325.181 Safari/537.36]
[2020-01-16T16:12:53.045] [INFO] default - [::1 GET /admin/push/querynum 304 15ms][http://localhost:8081/ HTTP/1.1 Mozilla/5.0 (Windows NT 6.1; Win64; x64) AppleWebKit/537.36 (KHTML, like Gecko) Chrome/65.0.3325.181 Safari/537.36]
[2020-01-16T16:16:49.910] [INFO] default - [::1 GET /home/push/querynum 200 267ms][http://localhost:8081/ HTTP/1.1 Mozilla/5.0 (Windows NT 6.1; Win64; x64) AppleWebKit/537.36 (KHTML, like Gecko) Chrome/65.0.3325.181 Safari/537.36]
[2020-01-16T16:26:06.065] [INFO] default - [::1 GET /home/push/querynum 304 44ms][http://localhost:8081/ HTTP/1.1 Mozilla/5.0 (Windows NT 6.1; Win64; x64) AppleWebKit/537.36 (KHTML, like Gecko) Chrome/65.0.3325.181 Safari/537.36]
[2020-01-16T16:26:27.190] [INFO] default - [::1 POST /admin/login 200 52ms][http://localhost:8080/ HTTP/1.1 Mozilla/5.0 (Windows NT 6.1; Win64; x64) AppleWebKit/537.36 (KHTML, like Gecko) Chrome/65.0.3325.181 Safari/537.36]
[2020-01-16T16:26:32.094] [INFO] default - [::1 GET /admin/push/read 304 26ms][http://localhost:8080/ HTTP/1.1 Mozilla/5.0 (Windows NT 6.1; Win64; x64) AppleWebKit/537.36 (KHTML, like Gecko) Chrome/65.0.3325.181 Safari/537.36]
[2020-01-16T16:26:59.502] [INFO] default - [::1 POST /admin/push/findone 200 21ms][http://localhost:8080/ HTTP/1.1 Mozilla/5.0 (Windows NT 6.1; Win64; x64) AppleWebKit/537.36 (KHTML, like Gecko) Chrome/65.0.3325.181 Safari/537.36]
[2020-01-16T16:40:04.500] [INFO] default - [::1 POST /admin/push/findone 200 87ms][http://localhost:8080/ HTTP/1.1 Mozilla/5.0 (Windows NT 6.1; Win64; x64) AppleWebKit/537.36 (KHTML, like Gecko) Chrome/65.0.3325.181 Safari/537.36]
[2020-01-16T16:40:05.839] [INFO] default - [::1 POST /admin/push/save_personal 404 17ms][http://localhost:8080/ HTTP/1.1 Mozilla/5.0 (Windows NT 6.1; Win64; x64) AppleWebKit/537.36 (KHTML, like Gecko) Chrome/65.0.3325.181 Safari/537.36]
[2020-01-16T16:54:44.024] [INFO] default - [::1 POST /admin/push/findone 200 108ms][http://localhost:8080/ HTTP/1.1 Mozilla/5.0 (Windows NT 6.1; Win64; x64) AppleWebKit/537.36 (KHTML, like Gecko) Chrome/65.0.3325.181 Safari/537.36]
[2020-01-16T16:58:35.913] [INFO] default - [::1 POST /admin/push/findone 200 18ms][http://localhost:8080/ HTTP/1.1 Mozilla/5.0 (Windows NT 6.1; Win64; x64) AppleWebKit/537.36 (KHTML, like Gecko) Chrome/65.0.3325.181 Safari/537.36]
[2020-01-16T17:01:51.661] [INFO] default - [::1 POST /admin/push/findone 200 81ms][http://localhost:8080/ HTTP/1.1 Mozilla/5.0 (Windows NT 6.1; Win64; x64) AppleWebKit/537.36 (KHTML, like Gecko) Chrome/65.0.3325.181 Safari/537.36]
[2020-01-16T17:11:20.985] [INFO] default - [::1 POST /admin/push/save 200 135ms][http://localhost:8080/ HTTP/1.1 Mozilla/5.0 (Windows NT 6.1; Win64; x64) AppleWebKit/537.36 (KHTML, like Gecko) Chrome/65.0.3325.181 Safari/537.36]
[2020-01-16T17:12:46.867] [INFO] default - [::ffff:127.0.0.1 POST /admin/push/save 200 135ms][http://localhost:8080/ HTTP/1.1 Mozilla/5.0 (Windows NT 6.1; Win64; x64) AppleWebKit/537.36 (KHTML, like Gecko) Chrome/65.0.3325.181 Safari/537.36]
[2020-01-16T17:14:48.360] [INFO] default - [::ffff:127.0.0.1 POST /admin/push/save 200 95ms][http://localhost:8080/ HTTP/1.1 Mozilla/5.0 (Windows NT 6.1; Win64; x64) AppleWebKit/537.36 (KHTML, like Gecko) Chrome/65.0.3325.181 Safari/537.36]
[2020-01-16T17:31:41.364] [INFO] default - [::1 POST /admin/push/save 200 122ms][http://localhost:8080/ HTTP/1.1 Mozilla/5.0 (Windows NT 6.1; Win64; x64) AppleWebKit/537.36 (KHTML, like Gecko) Chrome/65.0.3325.181 Safari/537.36]
[2020-01-16T17:34:28.724] [INFO] default - [::ffff:127.0.0.1 GET /socket.io/?EIO=3&transport=polling&t=M-jj3Tr 404 22ms][http://localhost:8080/ HTTP/1.1 Mozilla/5.0 (Windows NT 6.1; Win64; x64) AppleWebKit/537.36 (KHTML, like Gecko) Chrome/65.0.3325.181 Safari/537.36]
[2020-01-16T17:34:28.793] [INFO] default - [::1 GET /socket.io/?EIO=3&transport=polling&t=M-jj3kf 404 4ms][http://localhost:8081/ HTTP/1.1 Mozilla/5.0 (Windows NT 6.1; Win64; x64) AppleWebKit/537.36 (KHTML, like Gecko) Chrome/65.0.3325.181 Safari/537.36]
[2020-01-16T17:34:30.926] [INFO] default - [::1 GET /socket.io/?EIO=3&transport=polling&t=M-jj4W9 404 2ms][http://localhost:8080/ HTTP/1.1 Mozilla/5.0 (Windows NT 6.1; Win64; x64) AppleWebKit/537.36 (KHTML, like Gecko) Chrome/65.0.3325.181 Safari/537.36]
[2020-01-16T17:34:31.723] [INFO] default - [::1 GET /socket.io/?EIO=3&transport=polling&t=M-jj4jA 404 2ms][http://localhost:8081/ HTTP/1.1 Mozilla/5.0 (Windows NT 6.1; Win64; x64) AppleWebKit/537.36 (KHTML, like Gecko) Chrome/65.0.3325.181 Safari/537.36]
[2020-01-16T17:34:34.874] [INFO] default - [::1 GET /socket.io/?EIO=3&transport=polling&t=M-jj5Tp 404 3ms][http://localhost:8080/ HTTP/1.1 Mozilla/5.0 (Windows NT 6.1; Win64; x64) AppleWebKit/537.36 (KHTML, like Gecko) Chrome/65.0.3325.181 Safari/537.36]
[2020-01-16T17:34:39.593] [INFO] default - [::1 GET /socket.io/?EIO=3&transport=polling&t=M-jj5hi 404 23ms][http://localhost:8081/ HTTP/1.1 Mozilla/5.0 (Windows NT 6.1; Win64; x64) AppleWebKit/537.36 (KHTML, like Gecko) Chrome/65.0.3325.181 Safari/537.36]
[2020-01-16T17:34:39.883] [INFO] default - [::1 GET /socket.io/?EIO=3&transport=polling&t=M-jj6i6 404 2ms][http://localhost:8080/ HTTP/1.1 Mozilla/5.0 (Windows NT 6.1; Win64; x64) AppleWebKit/537.36 (KHTML, like Gecko) Chrome/65.0.3325.181 Safari/537.36]
[2020-01-16T17:34:44.893] [INFO] default - [::1 GET /socket.io/?EIO=3&transport=polling&t=M-jj7wM 404 3ms][http://localhost:8080/ HTTP/1.1 Mozilla/5.0 (Windows NT 6.1; Win64; x64) AppleWebKit/537.36 (KHTML, like Gecko) Chrome/65.0.3325.181 Safari/537.36]
[2020-01-16T17:34:45.722] [INFO] default - [::1 GET /socket.io/?EIO=3&transport=polling&t=M-jj87t 404 4ms][http://localhost:8081/ HTTP/1.1 Mozilla/5.0 (Windows NT 6.1; Win64; x64) AppleWebKit/537.36 (KHTML, like Gecko) Chrome/65.0.3325.181 Safari/537.36]
[2020-01-16T17:34:49.903] [INFO] default - [::1 GET /socket.io/?EIO=3&transport=polling&t=M-jj98f 404 2ms][http://localhost:8080/ HTTP/1.1 Mozilla/5.0 (Windows NT 6.1; Win64; x64) AppleWebKit/537.36 (KHTML, like Gecko) Chrome/65.0.3325.181 Safari/537.36]
[2020-01-16T17:34:52.721] [INFO] default - [::1 GET /socket.io/?EIO=3&transport=polling&t=M-jj9qi 404 3ms][http://localhost:8081/ HTTP/1.1 Mozilla/5.0 (Windows NT 6.1; Win64; x64) AppleWebKit/537.36 (KHTML, like Gecko) Chrome/65.0.3325.181 Safari/537.36]
[2020-01-16T17:34:54.912] [INFO] default - [::1 GET /socket.io/?EIO=3&transport=polling&t=M-jjAMv 404 1ms][http://localhost:8080/ HTTP/1.1 Mozilla/5.0 (Windows NT 6.1; Win64; x64) AppleWebKit/537.36 (KHTML, like Gecko) Chrome/65.0.3325.181 Safari/537.36]
[2020-01-16T17:34:59.731] [INFO] default - [::1 GET /socket.io/?EIO=3&transport=polling&t=M-jjBY5 404 3ms][http://localhost:8081/ HTTP/1.1 Mozilla/5.0 (Windows NT 6.1; Win64; x64) AppleWebKit/537.36 (KHTML, like Gecko) Chrome/65.0.3325.181 Safari/537.36]
[2020-01-16T17:34:59.919] [INFO] default - [::1 GET /socket.io/?EIO=3&transport=polling&t=M-jjBb9 404 2ms][http://localhost:8080/ HTTP/1.1 Mozilla/5.0 (Windows NT 6.1; Win64; x64) AppleWebKit/537.36 (KHTML, like Gecko) Chrome/65.0.3325.181 Safari/537.36]
[2020-01-16T17:35:04.927] [INFO] default - [::1 GET /socket.io/?EIO=3&transport=polling&t=M-jjCpN 404 1ms][http://localhost:8080/ HTTP/1.1 Mozilla/5.0 (Windows NT 6.1; Win64; x64) AppleWebKit/537.36 (KHTML, like Gecko) Chrome/65.0.3325.181 Safari/537.36]
[2020-01-16T17:35:06.731] [INFO] default - [::1 GET /socket.io/?EIO=3&transport=polling&t=M-jjDFS 404 3ms][http://localhost:8081/ HTTP/1.1 Mozilla/5.0 (Windows NT 6.1; Win64; x64) AppleWebKit/537.36 (KHTML, like Gecko) Chrome/65.0.3325.181 Safari/537.36]
[2020-01-16T17:35:09.980] [INFO] default - [::1 GET /socket.io/?EIO=3&transport=polling&t=M-jjE1g 404 2ms][http://localhost:8080/ HTTP/1.1 Mozilla/5.0 (Windows NT 6.1; Win64; x64) AppleWebKit/537.36 (KHTML, like Gecko) Chrome/65.0.3325.181 Safari/537.36]
[2020-01-16T17:35:13.723] [INFO] default - [::1 GET /socket.io/?EIO=3&transport=polling&t=M-jjEyr 404 2ms][http://localhost:8081/ HTTP/1.1 Mozilla/5.0 (Windows NT 6.1; Win64; x64) AppleWebKit/537.36 (KHTML, like Gecko) Chrome/65.0.3325.181 Safari/537.36]
[2020-01-16T17:35:14.998] [INFO] default - [::1 GET /socket.io/?EIO=3&transport=polling&t=M-jjFGZ 404 1ms][http://localhost:8080/ HTTP/1.1 Mozilla/5.0 (Windows NT 6.1; Win64; x64) AppleWebKit/537.36 (KHTML, like Gecko) Chrome/65.0.3325.181 Safari/537.36]
[2020-01-16T17:35:20.008] [INFO] default - [::1 GET /socket.io/?EIO=3&transport=polling&t=M-jjGU- 404 2ms][http://localhost:8080/ HTTP/1.1 Mozilla/5.0 (Windows NT 6.1; Win64; x64) AppleWebKit/537.36 (KHTML, like Gecko) Chrome/65.0.3325.181 Safari/537.36]
[2020-01-16T17:35:20.729] [INFO] default - [::1 GET /socket.io/?EIO=3&transport=polling&t=M-jjGgE 404 5ms][http://localhost:8081/ HTTP/1.1 Mozilla/5.0 (Windows NT 6.1; Win64; x64) AppleWebKit/537.36 (KHTML, like Gecko) Chrome/65.0.3325.181 Safari/537.36]
[2020-01-16T17:35:25.019] [INFO] default - [::1 GET /socket.io/?EIO=3&transport=polling&t=M-jjHjE 404 5ms][http://localhost:8080/ HTTP/1.1 Mozilla/5.0 (Windows NT 6.1; Win64; x64) AppleWebKit/537.36 (KHTML, like Gecko) Chrome/65.0.3325.181 Safari/537.36]
[2020-01-16T17:35:27.774] [INFO] default - [::1 GET /socket.io/?EIO=3&transport=polling&t=M-jjINc 404 2ms][http://localhost:8081/ HTTP/1.1 Mozilla/5.0 (Windows NT 6.1; Win64; x64) AppleWebKit/537.36 (KHTML, like Gecko) Chrome/65.0.3325.181 Safari/537.36]
[2020-01-16T17:35:30.026] [INFO] default - [::1 GET /socket.io/?EIO=3&transport=polling&t=M-jjIxe 404 1ms][http://localhost:8080/ HTTP/1.1 Mozilla/5.0 (Windows NT 6.1; Win64; x64) AppleWebKit/537.36 (KHTML, like Gecko) Chrome/65.0.3325.181 Safari/537.36]
[2020-01-16T17:35:34.733] [INFO] default - [::1 GET /socket.io/?EIO=3&transport=polling&t=M-jjK4y 404 2ms][http://localhost:8081/ HTTP/1.1 Mozilla/5.0 (Windows NT 6.1; Win64; x64) AppleWebKit/537.36 (KHTML, like Gecko) Chrome/65.0.3325.181 Safari/537.36]
[2020-01-16T17:35:35.034] [INFO] default - [::1 GET /socket.io/?EIO=3&transport=polling&t=M-jjK9t 404 2ms][http://localhost:8080/ HTTP/1.1 Mozilla/5.0 (Windows NT 6.1; Win64; x64) AppleWebKit/537.36 (KHTML, like Gecko) Chrome/65.0.3325.181 Safari/537.36]
[2020-01-16T17:35:40.044] [INFO] default - [::1 GET /socket.io/?EIO=3&transport=polling&t=M-jjLO6 404 2ms][http://localhost:8080/ HTTP/1.1 Mozilla/5.0 (Windows NT 6.1; Win64; x64) AppleWebKit/537.36 (KHTML, like Gecko) Chrome/65.0.3325.181 Safari/537.36]
[2020-01-16T17:35:41.734] [INFO] default - [::1 GET /socket.io/?EIO=3&transport=polling&t=M-jjLoL 404 4ms][http://localhost:8081/ HTTP/1.1 Mozilla/5.0 (Windows NT 6.1; Win64; x64) AppleWebKit/537.36 (KHTML, like Gecko) Chrome/65.0.3325.181 Safari/537.36]
[2020-01-16T17:36:08.624] [INFO] default - [::1 POST /admin/push/save 200 98ms][http://localhost:8080/ HTTP/1.1 Mozilla/5.0 (Windows NT 6.1; Win64; x64) AppleWebKit/537.36 (KHTML, like Gecko) Chrome/65.0.3325.181 Safari/537.36]
[2020-01-16T17:37:12.148] [INFO] default - [::1 GET /socket.io/?EIO=3&transport=polling&t=M-jjhsW 404 14ms][http://localhost:8080/ HTTP/1.1 Mozilla/5.0 (Windows NT 6.1; Win64; x64) AppleWebKit/537.36 (KHTML, like Gecko) Chrome/65.0.3325.181 Safari/537.36]
[2020-01-16T17:37:13.542] [INFO] default - [::1 GET /socket.io/?EIO=3&transport=polling&t=M-jjiD2 404 2ms][http://localhost:8081/ HTTP/1.1 Mozilla/5.0 (Windows NT 6.1; Win64; x64) AppleWebKit/537.36 (KHTML, like Gecko) Chrome/65.0.3325.181 Safari/537.36]
[2020-01-16T17:37:17.153] [INFO] default - [::1 GET /socket.io/?EIO=3&transport=polling&t=M-jjj5R 404 2ms][http://localhost:8080/ HTTP/1.1 Mozilla/5.0 (Windows NT 6.1; Win64; x64) AppleWebKit/537.36 (KHTML, like Gecko) Chrome/65.0.3325.181 Safari/537.36]
[2020-01-16T17:37:17.579] [INFO] default - [::1 GET /socket.io/?EIO=3&transport=polling&t=M-jjjBa 404 2ms][http://localhost:8081/ HTTP/1.1 Mozilla/5.0 (Windows NT 6.1; Win64; x64) AppleWebKit/537.36 (KHTML, like Gecko) Chrome/65.0.3325.181 Safari/537.36]
[2020-01-16T17:37:22.165] [INFO] default - [::1 GET /socket.io/?EIO=3&transport=polling&t=M-jjkJh 404 3ms][http://localhost:8080/ HTTP/1.1 Mozilla/5.0 (Windows NT 6.1; Win64; x64) AppleWebKit/537.36 (KHTML, like Gecko) Chrome/65.0.3325.181 Safari/537.36]
[2020-01-16T17:37:24.545] [INFO] default - [::1 GET /socket.io/?EIO=3&transport=polling&t=M-jjkuv 404 2ms][http://localhost:8081/ HTTP/1.1 Mozilla/5.0 (Windows NT 6.1; Win64; x64) AppleWebKit/537.36 (KHTML, like Gecko) Chrome/65.0.3325.181 Safari/537.36]
[2020-01-16T17:37:27.216] [INFO] default - [::1 GET /socket.io/?EIO=3&transport=polling&t=M-jjlY0 404 2ms][http://localhost:8080/ HTTP/1.1 Mozilla/5.0 (Windows NT 6.1; Win64; x64) AppleWebKit/537.36 (KHTML, like Gecko) Chrome/65.0.3325.181 Safari/537.36]
[2020-01-16T17:37:31.544] [INFO] default - [::1 GET /socket.io/?EIO=3&transport=polling&t=M-jjmcI 404 2ms][http://localhost:8081/ HTTP/1.1 Mozilla/5.0 (Windows NT 6.1; Win64; x64) AppleWebKit/537.36 (KHTML, like Gecko) Chrome/65.0.3325.181 Safari/537.36]
[2020-01-16T17:37:32.267] [INFO] default - [::1 GET /socket.io/?EIO=3&transport=polling&t=M-jjmmv 404 1ms][http://localhost:8080/ HTTP/1.1 Mozilla/5.0 (Windows NT 6.1; Win64; x64) AppleWebKit/537.36 (KHTML, like Gecko) Chrome/65.0.3325.181 Safari/537.36]
[2020-01-16T17:37:37.275] [INFO] default - [::1 GET /socket.io/?EIO=3&transport=polling&t=M-jjn_p 404 1ms][http://localhost:8080/ HTTP/1.1 Mozilla/5.0 (Windows NT 6.1; Win64; x64) AppleWebKit/537.36 (KHTML, like Gecko) Chrome/65.0.3325.181 Safari/537.36]
[2020-01-16T17:37:38.544] [INFO] default - [::1 GET /socket.io/?EIO=3&transport=polling&t=M-jjoJf 404 2ms][http://localhost:8081/ HTTP/1.1 Mozilla/5.0 (Windows NT 6.1; Win64; x64) AppleWebKit/537.36 (KHTML, like Gecko) Chrome/65.0.3325.181 Safari/537.36]
[2020-01-16T17:37:42.287] [INFO] default - [::1 GET /socket.io/?EIO=3&transport=polling&t=M-jjpE4 404 4ms][http://localhost:8080/ HTTP/1.1 Mozilla/5.0 (Windows NT 6.1; Win64; x64) AppleWebKit/537.36 (KHTML, like Gecko) Chrome/65.0.3325.181 Safari/537.36]
[2020-01-16T17:37:45.545] [INFO] default - [::1 GET /socket.io/?EIO=3&transport=polling&t=M-jjq12 404 1ms][http://localhost:8081/ HTTP/1.1 Mozilla/5.0 (Windows NT 6.1; Win64; x64) AppleWebKit/537.36 (KHTML, like Gecko) Chrome/65.0.3325.181 Safari/537.36]
[2020-01-16T17:37:47.338] [INFO] default - [::1 GET /socket.io/?EIO=3&transport=polling&t=M-jjqSP 404 2ms][http://localhost:8080/ HTTP/1.1 Mozilla/5.0 (Windows NT 6.1; Win64; x64) AppleWebKit/537.36 (KHTML, like Gecko) Chrome/65.0.3325.181 Safari/537.36]
[2020-01-16T17:37:52.347] [INFO] default - [::1 GET /socket.io/?EIO=3&transport=polling&t=M-jjrhH 404 2ms][http://localhost:8080/ HTTP/1.1 Mozilla/5.0 (Windows NT 6.1; Win64; x64) AppleWebKit/537.36 (KHTML, like Gecko) Chrome/65.0.3325.181 Safari/537.36]
[2020-01-16T17:37:52.551] [INFO] default - [::1 GET /socket.io/?EIO=3&transport=polling&t=M-jjrkQ 404 5ms][http://localhost:8081/ HTTP/1.1 Mozilla/5.0 (Windows NT 6.1; Win64; x64) AppleWebKit/537.36 (KHTML, like Gecko) Chrome/65.0.3325.181 Safari/537.36]
[2020-01-16T17:37:57.357] [INFO] default - [::1 GET /socket.io/?EIO=3&transport=polling&t=M-jjsvf 404 1ms][http://localhost:8080/ HTTP/1.1 Mozilla/5.0 (Windows NT 6.1; Win64; x64) AppleWebKit/537.36 (KHTML, like Gecko) Chrome/65.0.3325.181 Safari/537.36]
[2020-01-16T17:37:59.547] [INFO] default - [::1 GET /socket.io/?EIO=3&transport=polling&t=M-jjtRo 404 1ms][http://localhost:8081/ HTTP/1.1 Mozilla/5.0 (Windows NT 6.1; Win64; x64) AppleWebKit/537.36 (KHTML, like Gecko) Chrome/65.0.3325.181 Safari/537.36]
[2020-01-16T17:38:02.367] [INFO] default - [::1 GET /socket.io/?EIO=3&transport=polling&t=M-jju7v 404 2ms][http://localhost:8080/ HTTP/1.1 Mozilla/5.0 (Windows NT 6.1; Win64; x64) AppleWebKit/537.36 (KHTML, like Gecko) Chrome/65.0.3325.181 Safari/537.36]
[2020-01-16T17:38:06.589] [INFO] default - [::1 GET /socket.io/?EIO=3&transport=polling&t=M-jjv9A 404 1ms][http://localhost:8081/ HTTP/1.1 Mozilla/5.0 (Windows NT 6.1; Win64; x64) AppleWebKit/537.36 (KHTML, like Gecko) Chrome/65.0.3325.181 Safari/537.36]
[2020-01-16T17:38:07.374] [INFO] default - [::1 GET /socket.io/?EIO=3&transport=polling&t=M-jjvMA 404 2ms][http://localhost:8080/ HTTP/1.1 Mozilla/5.0 (Windows NT 6.1; Win64; x64) AppleWebKit/537.36 (KHTML, like Gecko) Chrome/65.0.3325.181 Safari/537.36]
[2020-01-16T17:38:12.383] [INFO] default - [::1 GET /socket.io/?EIO=3&transport=polling&t=M-jjwaQ 404 2ms][http://localhost:8080/ HTTP/1.1 Mozilla/5.0 (Windows NT 6.1; Win64; x64) AppleWebKit/537.36 (KHTML, like Gecko) Chrome/65.0.3325.181 Safari/537.36]
[2020-01-16T17:38:13.565] [INFO] default - [::1 GET /socket.io/?EIO=3&transport=polling&t=M-jjwse 404 2ms][http://localhost:8081/ HTTP/1.1 Mozilla/5.0 (Windows NT 6.1; Win64; x64) AppleWebKit/537.36 (KHTML, like Gecko) Chrome/65.0.3325.181 Safari/537.36]
[2020-01-16T17:38:17.394] [INFO] default - [::1 GET /socket.io/?EIO=3&transport=polling&t=M-jjxoj 404 1ms][http://localhost:8080/ HTTP/1.1 Mozilla/5.0 (Windows NT 6.1; Win64; x64) AppleWebKit/537.36 (KHTML, like Gecko) Chrome/65.0.3325.181 Safari/537.36]
[2020-01-16T17:38:20.549] [INFO] default - [::1 GET /socket.io/?EIO=3&transport=polling&t=M-jjya1 404 2ms][http://localhost:8081/ HTTP/1.1 Mozilla/5.0 (Windows NT 6.1; Win64; x64) AppleWebKit/537.36 (KHTML, like Gecko) Chrome/65.0.3325.181 Safari/537.36]
[2020-01-16T17:38:22.406] [INFO] default - [::1 GET /socket.io/?EIO=3&transport=polling&t=M-jjz0- 404 4ms][http://localhost:8080/ HTTP/1.1 Mozilla/5.0 (Windows NT 6.1; Win64; x64) AppleWebKit/537.36 (KHTML, like Gecko) Chrome/65.0.3325.181 Safari/537.36]
[2020-01-16T17:38:27.477] [INFO] default - [::1 GET /socket.io/?EIO=3&transport=polling&t=M-jj-FG 404 1ms][http://localhost:8080/ HTTP/1.1 Mozilla/5.0 (Windows NT 6.1; Win64; x64) AppleWebKit/537.36 (KHTML, like Gecko) Chrome/65.0.3325.181 Safari/537.36]
[2020-01-16T17:38:27.549] [INFO] default - [::1 GET /socket.io/?EIO=3&transport=polling&t=M-jj-HO 404 2ms][http://localhost:8081/ HTTP/1.1 Mozilla/5.0 (Windows NT 6.1; Win64; x64) AppleWebKit/537.36 (KHTML, like Gecko) Chrome/65.0.3325.181 Safari/537.36]
[2020-01-16T17:38:32.488] [INFO] default - [::1 GET /socket.io/?EIO=3&transport=polling&t=M-jj_UY 404 1ms][http://localhost:8080/ HTTP/1.1 Mozilla/5.0 (Windows NT 6.1; Win64; x64) AppleWebKit/537.36 (KHTML, like Gecko) Chrome/65.0.3325.181 Safari/537.36]
[2020-01-16T17:38:34.554] [INFO] default - [::1 GET /socket.io/?EIO=3&transport=polling&t=M-jj_-m 404 6ms][http://localhost:8081/ HTTP/1.1 Mozilla/5.0 (Windows NT 6.1; Win64; x64) AppleWebKit/537.36 (KHTML, like Gecko) Chrome/65.0.3325.181 Safari/537.36]
[2020-01-16T17:38:37.515] [INFO] default - [::1 GET /socket.io/?EIO=3&transport=polling&t=M-jk0iq 404 3ms][http://localhost:8080/ HTTP/1.1 Mozilla/5.0 (Windows NT 6.1; Win64; x64) AppleWebKit/537.36 (KHTML, like Gecko) Chrome/65.0.3325.181 Safari/537.36]
[2020-01-16T17:38:41.551] [INFO] default - [::1 GET /socket.io/?EIO=3&transport=polling&t=M-jk1i8 404 2ms][http://localhost:8081/ HTTP/1.1 Mozilla/5.0 (Windows NT 6.1; Win64; x64) AppleWebKit/537.36 (KHTML, like Gecko) Chrome/65.0.3325.181 Safari/537.36]
[2020-01-16T17:38:42.552] [INFO] default - [::1 GET /socket.io/?EIO=3&transport=polling&t=M-jk1xl 404 3ms][http://localhost:8080/ HTTP/1.1 Mozilla/5.0 (Windows NT 6.1; Win64; x64) AppleWebKit/537.36 (KHTML, like Gecko) Chrome/65.0.3325.181 Safari/537.36]
[2020-01-16T17:38:48.553] [INFO] default - [::1 GET /socket.io/?EIO=3&transport=polling&t=M-jk3PW 404 2ms][http://localhost:8081/ HTTP/1.1 Mozilla/5.0 (Windows NT 6.1; Win64; x64) AppleWebKit/537.36 (KHTML, like Gecko) Chrome/65.0.3325.181 Safari/537.36]
[2020-01-16T17:38:49.552] [INFO] default - [::1 GET /socket.io/?EIO=3&transport=polling&t=M-jk3f8 404 1ms][http://localhost:8080/ HTTP/1.1 Mozilla/5.0 (Windows NT 6.1; Win64; x64) AppleWebKit/537.36 (KHTML, like Gecko) Chrome/65.0.3325.181 Safari/537.36]
[2020-01-16T17:38:55.552] [INFO] default - [::1 GET /socket.io/?EIO=3&transport=polling&t=M-jk56v 404 1ms][http://localhost:8081/ HTTP/1.1 Mozilla/5.0 (Windows NT 6.1; Win64; x64) AppleWebKit/537.36 (KHTML, like Gecko) Chrome/65.0.3325.181 Safari/537.36]
[2020-01-16T17:38:56.553] [INFO] default - [::1 GET /socket.io/?EIO=3&transport=polling&t=M-jk5MV 404 1ms][http://localhost:8080/ HTTP/1.1 Mozilla/5.0 (Windows NT 6.1; Win64; x64) AppleWebKit/537.36 (KHTML, like Gecko) Chrome/65.0.3325.181 Safari/537.36]
[2020-01-16T17:39:02.554] [INFO] default - [::1 GET /socket.io/?EIO=3&transport=polling&t=M-jk6qH 404 2ms][http://localhost:8081/ HTTP/1.1 Mozilla/5.0 (Windows NT 6.1; Win64; x64) AppleWebKit/537.36 (KHTML, like Gecko) Chrome/65.0.3325.181 Safari/537.36]
[2020-01-16T17:39:03.554] [INFO] default - [::1 GET /socket.io/?EIO=3&transport=polling&t=M-jk73- 404 2ms][http://localhost:8080/ HTTP/1.1 Mozilla/5.0 (Windows NT 6.1; Win64; x64) AppleWebKit/537.36 (KHTML, like Gecko) Chrome/65.0.3325.181 Safari/537.36]
[2020-01-16T17:39:09.557] [INFO] default - [::1 GET /socket.io/?EIO=3&transport=polling&t=M-jk8Xf 404 5ms][http://localhost:8081/ HTTP/1.1 Mozilla/5.0 (Windows NT 6.1; Win64; x64) AppleWebKit/537.36 (KHTML, like Gecko) Chrome/65.0.3325.181 Safari/537.36]
[2020-01-16T17:39:10.553] [INFO] default - [::1 GET /socket.io/?EIO=3&transport=polling&t=M-jk8nL 404 2ms][http://localhost:8080/ HTTP/1.1 Mozilla/5.0 (Windows NT 6.1; Win64; x64) AppleWebKit/537.36 (KHTML, like Gecko) Chrome/65.0.3325.181 Safari/537.36]
[2020-01-16T17:39:16.558] [INFO] default - [::1 GET /socket.io/?EIO=3&transport=polling&t=M-jkAF0 404 1ms][http://localhost:8081/ HTTP/1.1 Mozilla/5.0 (Windows NT 6.1; Win64; x64) AppleWebKit/537.36 (KHTML, like Gecko) Chrome/65.0.3325.181 Safari/537.36]
[2020-01-16T17:39:17.550] [INFO] default - [::1 GET /socket.io/?EIO=3&transport=polling&t=M-jkAUw 404 2ms][http://localhost:8080/ HTTP/1.1 Mozilla/5.0 (Windows NT 6.1; Win64; x64) AppleWebKit/537.36 (KHTML, like Gecko) Chrome/65.0.3325.181 Safari/537.36]
[2020-01-16T17:39:23.363] [INFO] default - [::1 GET /socket.io/?EIO=3&transport=polling&t=M-jkByS 404 4ms][http://localhost:8081/ HTTP/1.1 Mozilla/5.0 (Windows NT 6.1; Win64; x64) AppleWebKit/537.36 (KHTML, like Gecko) Chrome/65.0.3325.181 Safari/537.36]
[2020-01-16T17:39:24.390] [INFO] default - [::1 GET /socket.io/?EIO=3&transport=polling&t=M-jkCC5 404 3ms][http://localhost:8080/ HTTP/1.1 Mozilla/5.0 (Windows NT 6.1; Win64; x64) AppleWebKit/537.36 (KHTML, like Gecko) Chrome/65.0.3325.181 Safari/537.36]
[2020-01-16T17:39:30.358] [INFO] default - [::1 GET /socket.io/?EIO=3&transport=polling&t=M-jkDfn 404 1ms][http://localhost:8081/ HTTP/1.1 Mozilla/5.0 (Windows NT 6.1; Win64; x64) AppleWebKit/537.36 (KHTML, like Gecko) Chrome/65.0.3325.181 Safari/537.36]
[2020-01-16T17:39:31.414] [INFO] default - [::1 GET /socket.io/?EIO=3&transport=polling&t=M-jkDvU 404 3ms][http://localhost:8080/ HTTP/1.1 Mozilla/5.0 (Windows NT 6.1; Win64; x64) AppleWebKit/537.36 (KHTML, like Gecko) Chrome/65.0.3325.181 Safari/537.36]
[2020-01-16T17:39:37.357] [INFO] default - [::1 GET /socket.io/?EIO=3&transport=polling&t=M-jkFN7 404 2ms][http://localhost:8081/ HTTP/1.1 Mozilla/5.0 (Windows NT 6.1; Win64; x64) AppleWebKit/537.36 (KHTML, like Gecko) Chrome/65.0.3325.181 Safari/537.36]
[2020-01-16T17:39:38.372] [INFO] default - [::1 GET /socket.io/?EIO=3&transport=polling&t=M-jkFct 404 8ms][http://localhost:8080/ HTTP/1.1 Mozilla/5.0 (Windows NT 6.1; Win64; x64) AppleWebKit/537.36 (KHTML, like Gecko) Chrome/65.0.3325.181 Safari/537.36]
[2020-01-16T17:39:44.390] [INFO] default - [::1 GET /socket.io/?EIO=3&transport=polling&t=M-jkH4W 404 14ms][http://localhost:8081/ HTTP/1.1 Mozilla/5.0 (Windows NT 6.1; Win64; x64) AppleWebKit/537.36 (KHTML, like Gecko) Chrome/65.0.3325.181 Safari/537.36]
[2020-01-16T17:39:45.338] [INFO] default - [::1 GET /socket.io/?EIO=3&transport=polling&t=M-jkHKD 404 6ms][http://localhost:8080/ HTTP/1.1 Mozilla/5.0 (Windows NT 6.1; Win64; x64) AppleWebKit/537.36 (KHTML, like Gecko) Chrome/65.0.3325.181 Safari/537.36]
[2020-01-16T17:39:51.335] [INFO] default - [::1 GET /socket.io/?EIO=3&transport=polling&t=M-jkInu 404 1ms][http://localhost:8081/ HTTP/1.1 Mozilla/5.0 (Windows NT 6.1; Win64; x64) AppleWebKit/537.36 (KHTML, like Gecko) Chrome/65.0.3325.181 Safari/537.36]
[2020-01-16T17:39:52.343] [INFO] default - [::1 GET /socket.io/?EIO=3&transport=polling&t=M-jkJ1c 404 5ms][http://localhost:8080/ HTTP/1.1 Mozilla/5.0 (Windows NT 6.1; Win64; x64) AppleWebKit/537.36 (KHTML, like Gecko) Chrome/65.0.3325.181 Safari/537.36]
[2020-01-16T17:39:58.372] [INFO] default - [::1 GET /socket.io/?EIO=3&transport=polling&t=M-jkKVG 404 5ms][http://localhost:8081/ HTTP/1.1 Mozilla/5.0 (Windows NT 6.1; Win64; x64) AppleWebKit/537.36 (KHTML, like Gecko) Chrome/65.0.3325.181 Safari/537.36]
[2020-01-16T17:39:59.336] [INFO] default - [::1 GET /socket.io/?EIO=3&transport=polling&t=M-jkKk- 404 2ms][http://localhost:8080/ HTTP/1.1 Mozilla/5.0 (Windows NT 6.1; Win64; x64) AppleWebKit/537.36 (KHTML, like Gecko) Chrome/65.0.3325.181 Safari/537.36]
[2020-01-16T17:40:05.338] [INFO] default - [::1 GET /socket.io/?EIO=3&transport=polling&t=M-jkMCf 404 1ms][http://localhost:8081/ HTTP/1.1 Mozilla/5.0 (Windows NT 6.1; Win64; x64) AppleWebKit/537.36 (KHTML, like Gecko) Chrome/65.0.3325.181 Safari/537.36]
[2020-01-16T17:40:06.430] [INFO] default - [::1 GET /socket.io/?EIO=3&transport=polling&t=M-jkMO_ 404 3ms][http://localhost:8080/ HTTP/1.1 Mozilla/5.0 (Windows NT 6.1; Win64; x64) AppleWebKit/537.36 (KHTML, like Gecko) Chrome/65.0.3325.181 Safari/537.36]
[2020-01-16T17:40:12.347] [INFO] default - [::1 GET /socket.io/?EIO=3&transport=polling&t=M-jkNw0 404 11ms][http://localhost:8081/ HTTP/1.1 Mozilla/5.0 (Windows NT 6.1; Win64; x64) AppleWebKit/537.36 (KHTML, like Gecko) Chrome/65.0.3325.181 Safari/537.36]
[2020-01-16T17:40:13.340] [INFO] default - [::1 GET /socket.io/?EIO=3&transport=polling&t=M-jkO6L 404 4ms][http://localhost:8080/ HTTP/1.1 Mozilla/5.0 (Windows NT 6.1; Win64; x64) AppleWebKit/537.36 (KHTML, like Gecko) Chrome/65.0.3325.181 Safari/537.36]
[2020-01-16T17:40:19.337] [INFO] default - [::1 GET /socket.io/?EIO=3&transport=polling&t=M-jkPa5 404 1ms][http://localhost:8081/ HTTP/1.1 Mozilla/5.0 (Windows NT 6.1; Win64; x64) AppleWebKit/537.36 (KHTML, like Gecko) Chrome/65.0.3325.181 Safari/537.36]
[2020-01-16T17:40:20.351] [INFO] default - [::1 GET /socket.io/?EIO=3&transport=polling&t=M-jkPpj 404 3ms][http://localhost:8080/ HTTP/1.1 Mozilla/5.0 (Windows NT 6.1; Win64; x64) AppleWebKit/537.36 (KHTML, like Gecko) Chrome/65.0.3325.181 Safari/537.36]
[2020-01-16T17:40:26.343] [INFO] default - [::1 GET /socket.io/?EIO=3&transport=polling&t=M-jkRHU 404 5ms][http://localhost:8081/ HTTP/1.1 Mozilla/5.0 (Windows NT 6.1; Win64; x64) AppleWebKit/537.36 (KHTML, like Gecko) Chrome/65.0.3325.181 Safari/537.36]
[2020-01-16T17:40:27.357] [INFO] default - [::1 GET /socket.io/?EIO=3&transport=polling&t=M-jkRX6 404 1ms][http://localhost:8080/ HTTP/1.1 Mozilla/5.0 (Windows NT 6.1; Win64; x64) AppleWebKit/537.36 (KHTML, like Gecko) Chrome/65.0.3325.181 Safari/537.36]
[2020-01-16T17:40:33.340] [INFO] default - [::1 GET /socket.io/?EIO=3&transport=polling&t=M-jkS-r 404 1ms][http://localhost:8081/ HTTP/1.1 Mozilla/5.0 (Windows NT 6.1; Win64; x64) AppleWebKit/537.36 (KHTML, like Gecko) Chrome/65.0.3325.181 Safari/537.36]
[2020-01-16T17:40:34.348] [INFO] default - [::1 GET /socket.io/?EIO=3&transport=polling&t=M-jkTEU 404 2ms][http://localhost:8080/ HTTP/1.1 Mozilla/5.0 (Windows NT 6.1; Win64; x64) AppleWebKit/537.36 (KHTML, like Gecko) Chrome/65.0.3325.181 Safari/537.36]
[2020-01-16T17:40:40.348] [INFO] default - [::1 GET /socket.io/?EIO=3&transport=polling&t=M-jkUiG 404 7ms][http://localhost:8081/ HTTP/1.1 Mozilla/5.0 (Windows NT 6.1; Win64; x64) AppleWebKit/537.36 (KHTML, like Gecko) Chrome/65.0.3325.181 Safari/537.36]
[2020-01-16T17:40:41.401] [INFO] default - [::1 GET /socket.io/?EIO=3&transport=polling&t=M-jkUx- 404 24ms][http://localhost:8080/ HTTP/1.1 Mozilla/5.0 (Windows NT 6.1; Win64; x64) AppleWebKit/537.36 (KHTML, like Gecko) Chrome/65.0.3325.181 Safari/537.36]
[2020-01-16T17:40:47.305] [INFO] default - [::1 GET /socket.io/?EIO=3&transport=polling&t=M-jkWPl 404 2ms][http://localhost:8081/ HTTP/1.1 Mozilla/5.0 (Windows NT 6.1; Win64; x64) AppleWebKit/537.36 (KHTML, like Gecko) Chrome/65.0.3325.181 Safari/537.36]
[2020-01-16T17:40:48.292] [INFO] default - [::1 GET /socket.io/?EIO=3&transport=polling&t=M-jkWfC 404 2ms][http://localhost:8080/ HTTP/1.1 Mozilla/5.0 (Windows NT 6.1; Win64; x64) AppleWebKit/537.36 (KHTML, like Gecko) Chrome/65.0.3325.181 Safari/537.36]
[2020-01-16T17:40:54.297] [INFO] default - [::1 GET /socket.io/?EIO=3&transport=polling&t=M-jkY6- 404 2ms][http://localhost:8081/ HTTP/1.1 Mozilla/5.0 (Windows NT 6.1; Win64; x64) AppleWebKit/537.36 (KHTML, like Gecko) Chrome/65.0.3325.181 Safari/537.36]
[2020-01-16T17:40:55.316] [INFO] default - [::1 GET /socket.io/?EIO=3&transport=polling&t=M-jkYMc 404 2ms][http://localhost:8080/ HTTP/1.1 Mozilla/5.0 (Windows NT 6.1; Win64; x64) AppleWebKit/537.36 (KHTML, like Gecko) Chrome/65.0.3325.181 Safari/537.36]
[2020-01-16T17:41:01.296] [INFO] default - [::1 GET /socket.io/?EIO=3&transport=polling&t=M-jkZqM 404 3ms][http://localhost:8081/ HTTP/1.1 Mozilla/5.0 (Windows NT 6.1; Win64; x64) AppleWebKit/537.36 (KHTML, like Gecko) Chrome/65.0.3325.181 Safari/537.36]
[2020-01-16T17:41:02.390] [INFO] default - [::1 GET /socket.io/?EIO=3&transport=polling&t=M-jka5E 404 1ms][http://localhost:8080/ HTTP/1.1 Mozilla/5.0 (Windows NT 6.1; Win64; x64) AppleWebKit/537.36 (KHTML, like Gecko) Chrome/65.0.3325.181 Safari/537.36]
[2020-01-16T17:41:08.296] [INFO] default - [::1 GET /socket.io/?EIO=3&transport=polling&t=M-jkbXm 404 1ms][http://localhost:8081/ HTTP/1.1 Mozilla/5.0 (Windows NT 6.1; Win64; x64) AppleWebKit/537.36 (KHTML, like Gecko) Chrome/65.0.3325.181 Safari/537.36]
[2020-01-16T17:41:09.329] [INFO] default - [::1 GET /socket.io/?EIO=3&transport=polling&t=M-jkbml 404 13ms][http://localhost:8080/ HTTP/1.1 Mozilla/5.0 (Windows NT 6.1; Win64; x64) AppleWebKit/537.36 (KHTML, like Gecko) Chrome/65.0.3325.181 Safari/537.36]
[2020-01-16T17:41:15.297] [INFO] default - [::1 GET /socket.io/?EIO=3&transport=polling&t=M-jkdF6 404 2ms][http://localhost:8081/ HTTP/1.1 Mozilla/5.0 (Windows NT 6.1; Win64; x64) AppleWebKit/537.36 (KHTML, like Gecko) Chrome/65.0.3325.181 Safari/537.36]
[2020-01-16T17:41:16.324] [INFO] default - [::1 GET /socket.io/?EIO=3&transport=polling&t=M-jkdU4 404 1ms][http://localhost:8080/ HTTP/1.1 Mozilla/5.0 (Windows NT 6.1; Win64; x64) AppleWebKit/537.36 (KHTML, like Gecko) Chrome/65.0.3325.181 Safari/537.36]
[2020-01-16T17:41:22.298] [INFO] default - [::1 GET /socket.io/?EIO=3&transport=polling&t=M-jkexq 404 2ms][http://localhost:8081/ HTTP/1.1 Mozilla/5.0 (Windows NT 6.1; Win64; x64) AppleWebKit/537.36 (KHTML, like Gecko) Chrome/65.0.3325.181 Safari/537.36]
[2020-01-16T17:41:23.498] [INFO] default - [::1 GET /socket.io/?EIO=3&transport=polling&t=M-jkfBR 404 2ms][http://localhost:8080/ HTTP/1.1 Mozilla/5.0 (Windows NT 6.1; Win64; x64) AppleWebKit/537.36 (KHTML, like Gecko) Chrome/65.0.3325.181 Safari/537.36]
[2020-01-16T17:41:29.300] [INFO] default - [::1 GET /socket.io/?EIO=3&transport=polling&t=M-jkgfC 404 2ms][http://localhost:8081/ HTTP/1.1 Mozilla/5.0 (Windows NT 6.1; Win64; x64) AppleWebKit/537.36 (KHTML, like Gecko) Chrome/65.0.3325.181 Safari/537.36]
[2020-01-16T17:41:30.300] [INFO] default - [::1 GET /socket.io/?EIO=3&transport=polling&t=M-jkgup 404 2ms][http://localhost:8080/ HTTP/1.1 Mozilla/5.0 (Windows NT 6.1; Win64; x64) AppleWebKit/537.36 (KHTML, like Gecko) Chrome/65.0.3325.181 Safari/537.36]
[2020-01-16T17:41:36.299] [INFO] default - [::1 GET /socket.io/?EIO=3&transport=polling&t=M-jkiMb 404 2ms][http://localhost:8081/ HTTP/1.1 Mozilla/5.0 (Windows NT 6.1; Win64; x64) AppleWebKit/537.36 (KHTML, like Gecko) Chrome/65.0.3325.181 Safari/537.36]
[2020-01-16T17:41:37.297] [INFO] default - [::1 GET /socket.io/?EIO=3&transport=polling&t=M-jkicB 404 2ms][http://localhost:8080/ HTTP/1.1 Mozilla/5.0 (Windows NT 6.1; Win64; x64) AppleWebKit/537.36 (KHTML, like Gecko) Chrome/65.0.3325.181 Safari/537.36]
[2020-01-16T17:41:43.304] [INFO] default - [::1 GET /socket.io/?EIO=3&transport=polling&t=M-jkk3y 404 6ms][http://localhost:8081/ HTTP/1.1 Mozilla/5.0 (Windows NT 6.1; Win64; x64) AppleWebKit/537.36 (KHTML, like Gecko) Chrome/65.0.3325.181 Safari/537.36]
[2020-01-16T17:41:44.298] [INFO] default - [::1 GET /socket.io/?EIO=3&transport=polling&t=M-jkkJY 404 2ms][http://localhost:8080/ HTTP/1.1 Mozilla/5.0 (Windows NT 6.1; Win64; x64) AppleWebKit/537.36 (KHTML, like Gecko) Chrome/65.0.3325.181 Safari/537.36]
[2020-01-16T17:41:50.376] [INFO] default - [::1 GET /socket.io/?EIO=3&transport=polling&t=M-jklnP 404 31ms][http://localhost:8081/ HTTP/1.1 Mozilla/5.0 (Windows NT 6.1; Win64; x64) AppleWebKit/537.36 (KHTML, like Gecko) Chrome/65.0.3325.181 Safari/537.36]
[2020-01-16T17:41:51.298] [INFO] default - [::1 GET /socket.io/?EIO=3&transport=polling&t=M-jkm0x 404 1ms][http://localhost:8080/ HTTP/1.1 Mozilla/5.0 (Windows NT 6.1; Win64; x64) AppleWebKit/537.36 (KHTML, like Gecko) Chrome/65.0.3325.181 Safari/537.36]
[2020-01-16T17:41:57.311] [INFO] default - [::1 GET /socket.io/?EIO=3&transport=polling&t=M-jknUi 404 1ms][http://localhost:8081/ HTTP/1.1 Mozilla/5.0 (Windows NT 6.1; Win64; x64) AppleWebKit/537.36 (KHTML, like Gecko) Chrome/65.0.3325.181 Safari/537.36]
[2020-01-16T17:41:58.307] [INFO] default - [::1 GET /socket.io/?EIO=3&transport=polling&t=M-jknkK 404 3ms][http://localhost:8080/ HTTP/1.1 Mozilla/5.0 (Windows NT 6.1; Win64; x64) AppleWebKit/537.36 (KHTML, like Gecko) Chrome/65.0.3325.181 Safari/537.36]
[2020-01-16T17:42:04.313] [INFO] default - [::1 GET /socket.io/?EIO=3&transport=polling&t=M-jkpC5 404 2ms][http://localhost:8081/ HTTP/1.1 Mozilla/5.0 (Windows NT 6.1; Win64; x64) AppleWebKit/537.36 (KHTML, like Gecko) Chrome/65.0.3325.181 Safari/537.36]
[2020-01-16T17:42:05.317] [INFO] default - [::1 GET /socket.io/?EIO=3&transport=polling&t=M-jkpRl 404 2ms][http://localhost:8080/ HTTP/1.1 Mozilla/5.0 (Windows NT 6.1; Win64; x64) AppleWebKit/537.36 (KHTML, like Gecko) Chrome/65.0.3325.181 Safari/537.36]
[2020-01-16T17:42:11.331] [INFO] default - [::1 GET /socket.io/?EIO=3&transport=polling&t=M-jkqvT 404 2ms][http://localhost:8081/ HTTP/1.1 Mozilla/5.0 (Windows NT 6.1; Win64; x64) AppleWebKit/537.36 (KHTML, like Gecko) Chrome/65.0.3325.181 Safari/537.36]
[2020-01-16T17:42:12.300] [INFO] default - [::1 GET /socket.io/?EIO=3&transport=polling&t=M-jkr99 404 1ms][http://localhost:8080/ HTTP/1.1 Mozilla/5.0 (Windows NT 6.1; Win64; x64) AppleWebKit/537.36 (KHTML, like Gecko) Chrome/65.0.3325.181 Safari/537.36]
[2020-01-16T17:42:18.303] [INFO] default - [::1 GET /socket.io/?EIO=3&transport=polling&t=M-jkscq 404 1ms][http://localhost:8081/ HTTP/1.1 Mozilla/5.0 (Windows NT 6.1; Win64; x64) AppleWebKit/537.36 (KHTML, like Gecko) Chrome/65.0.3325.181 Safari/537.36]
[2020-01-16T17:42:19.311] [INFO] default - [::1 GET /socket.io/?EIO=3&transport=polling&t=M-jkssW 404 2ms][http://localhost:8080/ HTTP/1.1 Mozilla/5.0 (Windows NT 6.1; Win64; x64) AppleWebKit/537.36 (KHTML, like Gecko) Chrome/65.0.3325.181 Safari/537.36]
[2020-01-16T17:42:25.306] [INFO] default - [::1 GET /socket.io/?EIO=3&transport=polling&t=M-jkuKJ 404 4ms][http://localhost:8081/ HTTP/1.1 Mozilla/5.0 (Windows NT 6.1; Win64; x64) AppleWebKit/537.36 (KHTML, like Gecko) Chrome/65.0.3325.181 Safari/537.36]
[2020-01-16T17:42:26.324] [INFO] default - [::1 GET /socket.io/?EIO=3&transport=polling&t=M-jkuZv 404 2ms][http://localhost:8080/ HTTP/1.1 Mozilla/5.0 (Windows NT 6.1; Win64; x64) AppleWebKit/537.36 (KHTML, like Gecko) Chrome/65.0.3325.181 Safari/537.36]
[2020-01-16T17:42:32.310] [INFO] default - [::1 GET /socket.io/?EIO=3&transport=polling&t=M-jkw1f 404 8ms][http://localhost:8081/ HTTP/1.1 Mozilla/5.0 (Windows NT 6.1; Win64; x64) AppleWebKit/537.36 (KHTML, like Gecko) Chrome/65.0.3325.181 Safari/537.36]
[2020-01-16T17:42:33.303] [INFO] default - [::1 GET /socket.io/?EIO=3&transport=polling&t=M-jkwHH 404 2ms][http://localhost:8080/ HTTP/1.1 Mozilla/5.0 (Windows NT 6.1; Win64; x64) AppleWebKit/537.36 (KHTML, like Gecko) Chrome/65.0.3325.181 Safari/537.36]
[2020-01-16T17:42:39.285] [INFO] default - [::1 GET /socket.io/?EIO=3&transport=polling&t=M-jkxl2 404 2ms][http://localhost:8081/ HTTP/1.1 Mozilla/5.0 (Windows NT 6.1; Win64; x64) AppleWebKit/537.36 (KHTML, like Gecko) Chrome/65.0.3325.181 Safari/537.36]
[2020-01-16T17:42:40.286] [INFO] default - [::1 GET /socket.io/?EIO=3&transport=polling&t=M-jkx-g 404 2ms][http://localhost:8080/ HTTP/1.1 Mozilla/5.0 (Windows NT 6.1; Win64; x64) AppleWebKit/537.36 (KHTML, like Gecko) Chrome/65.0.3325.181 Safari/537.36]
[2020-01-16T17:42:46.287] [INFO] default - [::1 GET /socket.io/?EIO=3&transport=polling&t=M-jkzSR 404 2ms][http://localhost:8081/ HTTP/1.1 Mozilla/5.0 (Windows NT 6.1; Win64; x64) AppleWebKit/537.36 (KHTML, like Gecko) Chrome/65.0.3325.181 Safari/537.36]
[2020-01-16T17:42:47.303] [INFO] default - [::1 GET /socket.io/?EIO=3&transport=polling&t=M-jkzi5 404 12ms][http://localhost:8080/ HTTP/1.1 Mozilla/5.0 (Windows NT 6.1; Win64; x64) AppleWebKit/537.36 (KHTML, like Gecko) Chrome/65.0.3325.181 Safari/537.36]
[2020-01-16T17:42:53.339] [INFO] default - [::1 GET /socket.io/?EIO=3&transport=polling&t=M-jk_9p 404 3ms][http://localhost:8081/ HTTP/1.1 Mozilla/5.0 (Windows NT 6.1; Win64; x64) AppleWebKit/537.36 (KHTML, like Gecko) Chrome/65.0.3325.181 Safari/537.36]
[2020-01-16T17:42:54.292] [INFO] default - [::1 GET /socket.io/?EIO=3&transport=polling&t=M-jk_PP 404 6ms][http://localhost:8080/ HTTP/1.1 Mozilla/5.0 (Windows NT 6.1; Win64; x64) AppleWebKit/537.36 (KHTML, like Gecko) Chrome/65.0.3325.181 Safari/537.36]
[2020-01-16T17:43:00.290] [INFO] default - [::1 GET /socket.io/?EIO=3&transport=polling&t=M-jl0tB 404 2ms][http://localhost:8081/ HTTP/1.1 Mozilla/5.0 (Windows NT 6.1; Win64; x64) AppleWebKit/537.36 (KHTML, like Gecko) Chrome/65.0.3325.181 Safari/537.36]
[2020-01-16T17:43:01.292] [INFO] default - [::1 GET /socket.io/?EIO=3&transport=polling&t=M-jl16o 404 2ms][http://localhost:8080/ HTTP/1.1 Mozilla/5.0 (Windows NT 6.1; Win64; x64) AppleWebKit/537.36 (KHTML, like Gecko) Chrome/65.0.3325.181 Safari/537.36]
[2020-01-16T17:43:07.290] [INFO] default - [::1 GET /socket.io/?EIO=3&transport=polling&t=M-jl2aZ 404 1ms][http://localhost:8081/ HTTP/1.1 Mozilla/5.0 (Windows NT 6.1; Win64; x64) AppleWebKit/537.36 (KHTML, like Gecko) Chrome/65.0.3325.181 Safari/537.36]
[2020-01-16T17:43:08.289] [INFO] default - [::1 GET /socket.io/?EIO=3&transport=polling&t=M-jl2qA 404 1ms][http://localhost:8080/ HTTP/1.1 Mozilla/5.0 (Windows NT 6.1; Win64; x64) AppleWebKit/537.36 (KHTML, like Gecko) Chrome/65.0.3325.181 Safari/537.36]
[2020-01-16T17:43:14.292] [INFO] default - [::1 GET /socket.io/?EIO=3&transport=polling&t=M-jl4Hy 404 2ms][http://localhost:8081/ HTTP/1.1 Mozilla/5.0 (Windows NT 6.1; Win64; x64) AppleWebKit/537.36 (KHTML, like Gecko) Chrome/65.0.3325.181 Safari/537.36]
[2020-01-16T17:43:15.290] [INFO] default - [::1 GET /socket.io/?EIO=3&transport=polling&t=M-jl4XM 404 2ms][http://localhost:8080/ HTTP/1.1 Mozilla/5.0 (Windows NT 6.1; Win64; x64) AppleWebKit/537.36 (KHTML, like Gecko) Chrome/65.0.3325.181 Safari/537.36]
[2020-01-16T17:43:21.291] [INFO] default - [::1 GET /socket.io/?EIO=3&transport=polling&t=M-jl5_K 404 2ms][http://localhost:8081/ HTTP/1.1 Mozilla/5.0 (Windows NT 6.1; Win64; x64) AppleWebKit/537.36 (KHTML, like Gecko) Chrome/65.0.3325.181 Safari/537.36]
[2020-01-16T17:43:22.289] [INFO] default - [::1 GET /socket.io/?EIO=3&transport=polling&t=M-jl6Ej 404 1ms][http://localhost:8080/ HTTP/1.1 Mozilla/5.0 (Windows NT 6.1; Win64; x64) AppleWebKit/537.36 (KHTML, like Gecko) Chrome/65.0.3325.181 Safari/537.36]
[2020-01-16T17:43:28.291] [INFO] default - [::1 GET /socket.io/?EIO=3&transport=polling&t=M-jl7iV 404 2ms][http://localhost:8081/ HTTP/1.1 Mozilla/5.0 (Windows NT 6.1; Win64; x64) AppleWebKit/537.36 (KHTML, like Gecko) Chrome/65.0.3325.181 Safari/537.36]
[2020-01-16T17:43:29.307] [INFO] default - [::1 GET /socket.io/?EIO=3&transport=polling&t=M-jl7y7 404 2ms][http://localhost:8080/ HTTP/1.1 Mozilla/5.0 (Windows NT 6.1; Win64; x64) AppleWebKit/537.36 (KHTML, like Gecko) Chrome/65.0.3325.181 Safari/537.36]
[2020-01-16T17:43:35.294] [INFO] default - [::1 GET /socket.io/?EIO=3&transport=polling&t=M-jl9Pu 404 2ms][http://localhost:8081/ HTTP/1.1 Mozilla/5.0 (Windows NT 6.1; Win64; x64) AppleWebKit/537.36 (KHTML, like Gecko) Chrome/65.0.3325.181 Safari/537.36]
[2020-01-16T17:43:36.334] [INFO] default - [::1 GET /socket.io/?EIO=3&transport=polling&t=M-jl9fU 404 2ms][http://localhost:8080/ HTTP/1.1 Mozilla/5.0 (Windows NT 6.1; Win64; x64) AppleWebKit/537.36 (KHTML, like Gecko) Chrome/65.0.3325.181 Safari/537.36]
[2020-01-16T17:43:41.283] [INFO] default - [::1 GET /socket.io/?EIO=3&transport=polling&t=M-jlAtf 404 2ms][http://localhost:8081/ HTTP/1.1 Mozilla/5.0 (Windows NT 6.1; Win64; x64) AppleWebKit/537.36 (KHTML, like Gecko) Chrome/65.0.3325.181 Safari/537.36]
[2020-01-16T17:43:43.284] [INFO] default - [::1 GET /socket.io/?EIO=3&transport=polling&t=M-jlBMr 404 5ms][http://localhost:8080/ HTTP/1.1 Mozilla/5.0 (Windows NT 6.1; Win64; x64) AppleWebKit/537.36 (KHTML, like Gecko) Chrome/65.0.3325.181 Safari/537.36]
[2020-01-16T17:43:48.282] [INFO] default - [::1 GET /socket.io/?EIO=3&transport=polling&t=M-jlCa- 404 2ms][http://localhost:8081/ HTTP/1.1 Mozilla/5.0 (Windows NT 6.1; Win64; x64) AppleWebKit/537.36 (KHTML, like Gecko) Chrome/65.0.3325.181 Safari/537.36]
[2020-01-16T17:43:50.296] [INFO] default - [::1 GET /socket.io/?EIO=3&transport=polling&t=M-jlD4D 404 1ms][http://localhost:8080/ HTTP/1.1 Mozilla/5.0 (Windows NT 6.1; Win64; x64) AppleWebKit/537.36 (KHTML, like Gecko) Chrome/65.0.3325.181 Safari/537.36]
[2020-01-16T17:43:55.314] [INFO] default - [::1 GET /socket.io/?EIO=3&transport=polling&t=M-jlEIk 404 6ms][http://localhost:8081/ HTTP/1.1 Mozilla/5.0 (Windows NT 6.1; Win64; x64) AppleWebKit/537.36 (KHTML, like Gecko) Chrome/65.0.3325.181 Safari/537.36]
[2020-01-16T17:43:57.288] [INFO] default - [::1 GET /socket.io/?EIO=3&transport=polling&t=M-jlEng 404 3ms][http://localhost:8080/ HTTP/1.1 Mozilla/5.0 (Windows NT 6.1; Win64; x64) AppleWebKit/537.36 (KHTML, like Gecko) Chrome/65.0.3325.181 Safari/537.36]
[2020-01-16T17:44:02.284] [INFO] default - [::1 GET /socket.io/?EIO=3&transport=polling&t=M-jlF_l 404 3ms][http://localhost:8081/ HTTP/1.1 Mozilla/5.0 (Windows NT 6.1; Win64; x64) AppleWebKit/537.36 (KHTML, like Gecko) Chrome/65.0.3325.181 Safari/537.36]
[2020-01-16T17:44:04.283] [INFO] default - [::1 GET /socket.io/?EIO=3&transport=polling&t=M-jlGUz 404 2ms][http://localhost:8080/ HTTP/1.1 Mozilla/5.0 (Windows NT 6.1; Win64; x64) AppleWebKit/537.36 (KHTML, like Gecko) Chrome/65.0.3325.181 Safari/537.36]
[2020-01-16T17:44:09.283] [INFO] default - [::1 GET /socket.io/?EIO=3&transport=polling&t=M-jlHj7 404 1ms][http://localhost:8081/ HTTP/1.1 Mozilla/5.0 (Windows NT 6.1; Win64; x64) AppleWebKit/537.36 (KHTML, like Gecko) Chrome/65.0.3325.181 Safari/537.36]
[2020-01-16T17:44:11.287] [INFO] default - [::1 GET /socket.io/?EIO=3&transport=polling&t=M-jlICN 404 2ms][http://localhost:8080/ HTTP/1.1 Mozilla/5.0 (Windows NT 6.1; Win64; x64) AppleWebKit/537.36 (KHTML, like Gecko) Chrome/65.0.3325.181 Safari/537.36]
[2020-01-16T17:44:16.284] [INFO] default - [::1 GET /socket.io/?EIO=3&transport=polling&t=M-jlJQV 404 2ms][http://localhost:8081/ HTTP/1.1 Mozilla/5.0 (Windows NT 6.1; Win64; x64) AppleWebKit/537.36 (KHTML, like Gecko) Chrome/65.0.3325.181 Safari/537.36]
[2020-01-16T17:44:18.284] [INFO] default - [::1 GET /socket.io/?EIO=3&transport=polling&t=M-jlJve 404 2ms][http://localhost:8080/ HTTP/1.1 Mozilla/5.0 (Windows NT 6.1; Win64; x64) AppleWebKit/537.36 (KHTML, like Gecko) Chrome/65.0.3325.181 Safari/537.36]
[2020-01-16T17:44:23.285] [INFO] default - [::1 GET /socket.io/?EIO=3&transport=polling&t=M-jlL7s 404 1ms][http://localhost:8081/ HTTP/1.1 Mozilla/5.0 (Windows NT 6.1; Win64; x64) AppleWebKit/537.36 (KHTML, like Gecko) Chrome/65.0.3325.181 Safari/537.36]
[2020-01-16T17:44:25.286] [INFO] default - [::1 GET /socket.io/?EIO=3&transport=polling&t=M-jlLd1 404 2ms][http://localhost:8080/ HTTP/1.1 Mozilla/5.0 (Windows NT 6.1; Win64; x64) AppleWebKit/537.36 (KHTML, like Gecko) Chrome/65.0.3325.181 Safari/537.36]
[2020-01-16T17:44:30.285] [INFO] default - [::1 GET /socket.io/?EIO=3&transport=polling&t=M-jlMrA 404 2ms][http://localhost:8081/ HTTP/1.1 Mozilla/5.0 (Windows NT 6.1; Win64; x64) AppleWebKit/537.36 (KHTML, like Gecko) Chrome/65.0.3325.181 Safari/537.36]
[2020-01-16T17:44:32.287] [INFO] default - [::1 GET /socket.io/?EIO=3&transport=polling&t=M-jlNKP 404 1ms][http://localhost:8080/ HTTP/1.1 Mozilla/5.0 (Windows NT 6.1; Win64; x64) AppleWebKit/537.36 (KHTML, like Gecko) Chrome/65.0.3325.181 Safari/537.36]
[2020-01-16T17:44:37.291] [INFO] default - [::1 GET /socket.io/?EIO=3&transport=polling&t=M-jlOYY 404 3ms][http://localhost:8081/ HTTP/1.1 Mozilla/5.0 (Windows NT 6.1; Win64; x64) AppleWebKit/537.36 (KHTML, like Gecko) Chrome/65.0.3325.181 Safari/537.36]
[2020-01-16T17:44:39.287] [INFO] default - [::1 GET /socket.io/?EIO=3&transport=polling&t=M-jlP1n 404 1ms][http://localhost:8080/ HTTP/1.1 Mozilla/5.0 (Windows NT 6.1; Win64; x64) AppleWebKit/537.36 (KHTML, like Gecko) Chrome/65.0.3325.181 Safari/537.36]
[2020-01-16T17:44:44.286] [INFO] default - [::1 GET /socket.io/?EIO=3&transport=polling&t=M-jlQFw 404 1ms][http://localhost:8081/ HTTP/1.1 Mozilla/5.0 (Windows NT 6.1; Win64; x64) AppleWebKit/537.36 (KHTML, like Gecko) Chrome/65.0.3325.181 Safari/537.36]
[2020-01-16T17:44:46.288] [INFO] default - [::1 GET /socket.io/?EIO=3&transport=polling&t=M-jlQl9 404 1ms][http://localhost:8080/ HTTP/1.1 Mozilla/5.0 (Windows NT 6.1; Win64; x64) AppleWebKit/537.36 (KHTML, like Gecko) Chrome/65.0.3325.181 Safari/537.36]
[2020-01-16T17:44:51.327] [INFO] default - [::1 GET /socket.io/?EIO=3&transport=polling&t=M-jlRzJ 404 2ms][http://localhost:8081/ HTTP/1.1 Mozilla/5.0 (Windows NT 6.1; Win64; x64) AppleWebKit/537.36 (KHTML, like Gecko) Chrome/65.0.3325.181 Safari/537.36]
[2020-01-16T17:44:53.291] [INFO] default - [::1 GET /socket.io/?EIO=3&transport=polling&t=M-jlSSZ 404 1ms][http://localhost:8080/ HTTP/1.1 Mozilla/5.0 (Windows NT 6.1; Win64; x64) AppleWebKit/537.36 (KHTML, like Gecko) Chrome/65.0.3325.181 Safari/537.36]
[2020-01-16T17:44:58.288] [INFO] default - [::1 GET /socket.io/?EIO=3&transport=polling&t=M-jlTgg 404 2ms][http://localhost:8081/ HTTP/1.1 Mozilla/5.0 (Windows NT 6.1; Win64; x64) AppleWebKit/537.36 (KHTML, like Gecko) Chrome/65.0.3325.181 Safari/537.36]
[2020-01-16T17:45:00.292] [INFO] default - [::1 GET /socket.io/?EIO=3&transport=polling&t=M-jlU9u 404 5ms][http://localhost:8080/ HTTP/1.1 Mozilla/5.0 (Windows NT 6.1; Win64; x64) AppleWebKit/537.36 (KHTML, like Gecko) Chrome/65.0.3325.181 Safari/537.36]
[2020-01-16T17:45:05.289] [INFO] default - [::1 GET /socket.io/?EIO=3&transport=polling&t=M-jlVO2 404 2ms][http://localhost:8081/ HTTP/1.1 Mozilla/5.0 (Windows NT 6.1; Win64; x64) AppleWebKit/537.36 (KHTML, like Gecko) Chrome/65.0.3325.181 Safari/537.36]
[2020-01-16T17:45:07.292] [INFO] default - [::1 GET /socket.io/?EIO=3&transport=polling&t=M-jlVtG 404 3ms][http://localhost:8080/ HTTP/1.1 Mozilla/5.0 (Windows NT 6.1; Win64; x64) AppleWebKit/537.36 (KHTML, like Gecko) Chrome/65.0.3325.181 Safari/537.36]
[2020-01-16T17:45:12.291] [INFO] default - [::1 GET /socket.io/?EIO=3&transport=polling&t=M-jlX5Q 404 3ms][http://localhost:8081/ HTTP/1.1 Mozilla/5.0 (Windows NT 6.1; Win64; x64) AppleWebKit/537.36 (KHTML, like Gecko) Chrome/65.0.3325.181 Safari/537.36]
[2020-01-16T17:45:14.313] [INFO] default - [::1 GET /socket.io/?EIO=3&transport=polling&t=M-jlXae 404 2ms][http://localhost:8080/ HTTP/1.1 Mozilla/5.0 (Windows NT 6.1; Win64; x64) AppleWebKit/537.36 (KHTML, like Gecko) Chrome/65.0.3325.181 Safari/537.36]
[2020-01-16T17:45:19.290] [INFO] default - [::1 GET /socket.io/?EIO=3&transport=polling&t=M-jlYoo 404 1ms][http://localhost:8081/ HTTP/1.1 Mozilla/5.0 (Windows NT 6.1; Win64; x64) AppleWebKit/537.36 (KHTML, like Gecko) Chrome/65.0.3325.181 Safari/537.36]
[2020-01-16T17:45:21.295] [INFO] default - [::1 GET /socket.io/?EIO=3&transport=polling&t=M-jlZI7 404 2ms][http://localhost:8080/ HTTP/1.1 Mozilla/5.0 (Windows NT 6.1; Win64; x64) AppleWebKit/537.36 (KHTML, like Gecko) Chrome/65.0.3325.181 Safari/537.36]
[2020-01-16T17:45:26.295] [INFO] default - [::1 GET /socket.io/?EIO=3&transport=polling&t=M-jlaWB 404 5ms][http://localhost:8081/ HTTP/1.1 Mozilla/5.0 (Windows NT 6.1; Win64; x64) AppleWebKit/537.36 (KHTML, like Gecko) Chrome/65.0.3325.181 Safari/537.36]
[2020-01-16T17:45:28.294] [INFO] default - [::1 GET /socket.io/?EIO=3&transport=polling&t=M-jla_W 404 3ms][http://localhost:8080/ HTTP/1.1 Mozilla/5.0 (Windows NT 6.1; Win64; x64) AppleWebKit/537.36 (KHTML, like Gecko) Chrome/65.0.3325.181 Safari/537.36]
[2020-01-16T17:45:33.291] [INFO] default - [::1 GET /socket.io/?EIO=3&transport=polling&t=M-jlcDf 404 1ms][http://localhost:8081/ HTTP/1.1 Mozilla/5.0 (Windows NT 6.1; Win64; x64) AppleWebKit/537.36 (KHTML, like Gecko) Chrome/65.0.3325.181 Safari/537.36]
[2020-01-16T17:45:35.296] [INFO] default - [::1 GET /socket.io/?EIO=3&transport=polling&t=M-jlcit 404 4ms][http://localhost:8080/ HTTP/1.1 Mozilla/5.0 (Windows NT 6.1; Win64; x64) AppleWebKit/537.36 (KHTML, like Gecko) Chrome/65.0.3325.181 Safari/537.36]
[2020-01-16T17:45:40.294] [INFO] default - [::1 GET /socket.io/?EIO=3&transport=polling&t=M-jldx1 404 2ms][http://localhost:8081/ HTTP/1.1 Mozilla/5.0 (Windows NT 6.1; Win64; x64) AppleWebKit/537.36 (KHTML, like Gecko) Chrome/65.0.3325.181 Safari/537.36]
[2020-01-16T17:45:41.320] [INFO] default - [::1 GET /socket.io/?EIO=3&transport=polling&t=M-jleAe 404 13ms][http://localhost:8080/ HTTP/1.1 Mozilla/5.0 (Windows NT 6.1; Win64; x64) AppleWebKit/537.36 (KHTML, like Gecko) Chrome/65.0.3325.181 Safari/537.36]
[2020-01-16T17:45:46.349] [INFO] default - [::1 GET /socket.io/?EIO=3&transport=polling&t=M-jlfPT 404 19ms][http://localhost:8080/ HTTP/1.1 Mozilla/5.0 (Windows NT 6.1; Win64; x64) AppleWebKit/537.36 (KHTML, like Gecko) Chrome/65.0.3325.181 Safari/537.36]
[2020-01-16T17:45:47.283] [INFO] default - [::1 GET /socket.io/?EIO=3&transport=polling&t=M-jlfeN 404 2ms][http://localhost:8081/ HTTP/1.1 Mozilla/5.0 (Windows NT 6.1; Win64; x64) AppleWebKit/537.36 (KHTML, like Gecko) Chrome/65.0.3325.181 Safari/537.36]
[2020-01-16T17:45:51.358] [INFO] default - [::1 GET /socket.io/?EIO=3&transport=polling&t=M-jlge1 404 2ms][http://localhost:8080/ HTTP/1.1 Mozilla/5.0 (Windows NT 6.1; Win64; x64) AppleWebKit/537.36 (KHTML, like Gecko) Chrome/65.0.3325.181 Safari/537.36]
[2020-01-16T17:45:54.283] [INFO] default - [::1 GET /socket.io/?EIO=3&transport=polling&t=M-jlhLl 404 1ms][http://localhost:8081/ HTTP/1.1 Mozilla/5.0 (Windows NT 6.1; Win64; x64) AppleWebKit/537.36 (KHTML, like Gecko) Chrome/65.0.3325.181 Safari/537.36]
[2020-01-16T17:45:56.369] [INFO] default - [::1 GET /socket.io/?EIO=3&transport=polling&t=M-jlhsH 404 3ms][http://localhost:8080/ HTTP/1.1 Mozilla/5.0 (Windows NT 6.1; Win64; x64) AppleWebKit/537.36 (KHTML, like Gecko) Chrome/65.0.3325.181 Safari/537.36]
[2020-01-16T17:46:01.295] [INFO] default - [::1 GET /socket.io/?EIO=3&transport=polling&t=M-jlj38 404 2ms][http://localhost:8081/ HTTP/1.1 Mozilla/5.0 (Windows NT 6.1; Win64; x64) AppleWebKit/537.36 (KHTML, like Gecko) Chrome/65.0.3325.181 Safari/537.36]
[2020-01-16T17:46:01.382] [INFO] default - [::1 GET /socket.io/?EIO=3&transport=polling&t=M-jlj4a 404 3ms][http://localhost:8080/ HTTP/1.1 Mozilla/5.0 (Windows NT 6.1; Win64; x64) AppleWebKit/537.36 (KHTML, like Gecko) Chrome/65.0.3325.181 Safari/537.36]
[2020-01-16T17:46:06.411] [INFO] default - [::1 GET /socket.io/?EIO=3&transport=polling&t=M-jlkIv 404 19ms][http://localhost:8080/ HTTP/1.1 Mozilla/5.0 (Windows NT 6.1; Win64; x64) AppleWebKit/537.36 (KHTML, like Gecko) Chrome/65.0.3325.181 Safari/537.36]
[2020-01-16T17:46:08.285] [INFO] default - [::1 GET /socket.io/?EIO=3&transport=polling&t=M-jlkmW 404 1ms][http://localhost:8081/ HTTP/1.1 Mozilla/5.0 (Windows NT 6.1; Win64; x64) AppleWebKit/537.36 (KHTML, like Gecko) Chrome/65.0.3325.181 Safari/537.36]
[2020-01-16T17:46:11.418] [INFO] default - [::1 GET /socket.io/?EIO=3&transport=polling&t=M-jllXS 404 1ms][http://localhost:8080/ HTTP/1.1 Mozilla/5.0 (Windows NT 6.1; Win64; x64) AppleWebKit/537.36 (KHTML, like Gecko) Chrome/65.0.3325.181 Safari/537.36]
[2020-01-16T17:46:15.298] [INFO] default - [::1 GET /socket.io/?EIO=3&transport=polling&t=M-jlmTu 404 2ms][http://localhost:8081/ HTTP/1.1 Mozilla/5.0 (Windows NT 6.1; Win64; x64) AppleWebKit/537.36 (KHTML, like Gecko) Chrome/65.0.3325.181 Safari/537.36]
[2020-01-16T17:46:16.428] [INFO] default - [::1 GET /socket.io/?EIO=3&transport=polling&t=M-jlmlr 404 3ms][http://localhost:8080/ HTTP/1.1 Mozilla/5.0 (Windows NT 6.1; Win64; x64) AppleWebKit/537.36 (KHTML, like Gecko) Chrome/65.0.3325.181 Safari/537.36]
[2020-01-16T17:46:21.440] [INFO] default - [::1 GET /socket.io/?EIO=3&transport=polling&t=M-jlnzi 404 3ms][http://localhost:8080/ HTTP/1.1 Mozilla/5.0 (Windows NT 6.1; Win64; x64) AppleWebKit/537.36 (KHTML, like Gecko) Chrome/65.0.3325.181 Safari/537.36]
[2020-01-16T17:46:22.250] [INFO] default - [::1 GET /socket.io/?EIO=3&transport=polling&t=M-jloBG 404 2ms][http://localhost:8081/ HTTP/1.1 Mozilla/5.0 (Windows NT 6.1; Win64; x64) AppleWebKit/537.36 (KHTML, like Gecko) Chrome/65.0.3325.181 Safari/537.36]
[2020-01-16T17:46:26.451] [INFO] default - [::1 GET /socket.io/?EIO=3&transport=polling&t=M-jlpCD 404 3ms][http://localhost:8080/ HTTP/1.1 Mozilla/5.0 (Windows NT 6.1; Win64; x64) AppleWebKit/537.36 (KHTML, like Gecko) Chrome/65.0.3325.181 Safari/537.36]
[2020-01-16T17:46:29.249] [INFO] default - [::1 GET /socket.io/?EIO=3&transport=polling&t=M-jlpue 404 1ms][http://localhost:8081/ HTTP/1.1 Mozilla/5.0 (Windows NT 6.1; Win64; x64) AppleWebKit/537.36 (KHTML, like Gecko) Chrome/65.0.3325.181 Safari/537.36]
[2020-01-16T17:46:31.460] [INFO] default - [::1 GET /socket.io/?EIO=3&transport=polling&t=M-jlqQV 404 2ms][http://localhost:8080/ HTTP/1.1 Mozilla/5.0 (Windows NT 6.1; Win64; x64) AppleWebKit/537.36 (KHTML, like Gecko) Chrome/65.0.3325.181 Safari/537.36]
[2020-01-16T17:46:36.311] [INFO] default - [::1 GET /socket.io/?EIO=3&transport=polling&t=M-jlrbM 404 2ms][http://localhost:8081/ HTTP/1.1 Mozilla/5.0 (Windows NT 6.1; Win64; x64) AppleWebKit/537.36 (KHTML, like Gecko) Chrome/65.0.3325.181 Safari/537.36]
[2020-01-16T17:46:36.490] [INFO] default - [::1 GET /socket.io/?EIO=3&transport=polling&t=M-jlrel 404 7ms][http://localhost:8080/ HTTP/1.1 Mozilla/5.0 (Windows NT 6.1; Win64; x64) AppleWebKit/537.36 (KHTML, like Gecko) Chrome/65.0.3325.181 Safari/537.36]
[2020-01-16T17:46:41.499] [INFO] default - [::1 GET /socket.io/?EIO=3&transport=polling&t=M-jlstL 404 1ms][http://localhost:8080/ HTTP/1.1 Mozilla/5.0 (Windows NT 6.1; Win64; x64) AppleWebKit/537.36 (KHTML, like Gecko) Chrome/65.0.3325.181 Safari/537.36]
[2020-01-16T17:46:43.251] [INFO] default - [::1 GET /socket.io/?EIO=3&transport=polling&t=M-jltIk 404 2ms][http://localhost:8081/ HTTP/1.1 Mozilla/5.0 (Windows NT 6.1; Win64; x64) AppleWebKit/537.36 (KHTML, like Gecko) Chrome/65.0.3325.181 Safari/537.36]
[2020-01-16T17:46:46.508] [INFO] default - [::1 GET /socket.io/?EIO=3&transport=polling&t=M-jlu5b 404 2ms][http://localhost:8080/ HTTP/1.1 Mozilla/5.0 (Windows NT 6.1; Win64; x64) AppleWebKit/537.36 (KHTML, like Gecko) Chrome/65.0.3325.181 Safari/537.36]
[2020-01-16T17:46:50.252] [INFO] default - [::1 GET /socket.io/?EIO=3&transport=polling&t=M-jlv07 404 1ms][http://localhost:8081/ HTTP/1.1 Mozilla/5.0 (Windows NT 6.1; Win64; x64) AppleWebKit/537.36 (KHTML, like Gecko) Chrome/65.0.3325.181 Safari/537.36]
[2020-01-16T17:46:51.517] [INFO] default - [::1 GET /socket.io/?EIO=3&transport=polling&t=M-jlvJt 404 1ms][http://localhost:8080/ HTTP/1.1 Mozilla/5.0 (Windows NT 6.1; Win64; x64) AppleWebKit/537.36 (KHTML, like Gecko) Chrome/65.0.3325.181 Safari/537.36]
[2020-01-16T17:46:56.584] [INFO] default - [::1 GET /socket.io/?EIO=3&transport=polling&t=M-jlwY7 404 2ms][http://localhost:8080/ HTTP/1.1 Mozilla/5.0 (Windows NT 6.1; Win64; x64) AppleWebKit/537.36 (KHTML, like Gecko) Chrome/65.0.3325.181 Safari/537.36]
[2020-01-16T17:46:57.253] [INFO] default - [::1 GET /socket.io/?EIO=3&transport=polling&t=M-jlwjV 404 2ms][http://localhost:8081/ HTTP/1.1 Mozilla/5.0 (Windows NT 6.1; Win64; x64) AppleWebKit/537.36 (KHTML, like Gecko) Chrome/65.0.3325.181 Safari/537.36]
[2020-01-16T17:47:01.599] [INFO] default - [::1 GET /socket.io/?EIO=3&transport=polling&t=M-jlxnK 404 4ms][http://localhost:8080/ HTTP/1.1 Mozilla/5.0 (Windows NT 6.1; Win64; x64) AppleWebKit/537.36 (KHTML, like Gecko) Chrome/65.0.3325.181 Safari/537.36]
[2020-01-16T17:47:04.255] [INFO] default - [::1 GET /socket.io/?EIO=3&transport=polling&t=M-jlyQs 404 2ms][http://localhost:8081/ HTTP/1.1 Mozilla/5.0 (Windows NT 6.1; Win64; x64) AppleWebKit/537.36 (KHTML, like Gecko) Chrome/65.0.3325.181 Safari/537.36]
[2020-01-16T17:47:06.610] [INFO] default - [::1 GET /socket.io/?EIO=3&transport=polling&t=M-jly_g 404 3ms][http://localhost:8080/ HTTP/1.1 Mozilla/5.0 (Windows NT 6.1; Win64; x64) AppleWebKit/537.36 (KHTML, like Gecko) Chrome/65.0.3325.181 Safari/537.36]
[2020-01-16T17:47:11.254] [INFO] default - [::1 GET /socket.io/?EIO=3&transport=polling&t=M-jl-8F 404 2ms][http://localhost:8081/ HTTP/1.1 Mozilla/5.0 (Windows NT 6.1; Win64; x64) AppleWebKit/537.36 (KHTML, like Gecko) Chrome/65.0.3325.181 Safari/537.36]
[2020-01-16T17:47:11.626] [INFO] default - [::1 GET /socket.io/?EIO=3&transport=polling&t=M-jl-D- 404 2ms][http://localhost:8080/ HTTP/1.1 Mozilla/5.0 (Windows NT 6.1; Win64; x64) AppleWebKit/537.36 (KHTML, like Gecko) Chrome/65.0.3325.181 Safari/537.36]
[2020-01-16T17:47:16.656] [INFO] default - [::1 GET /socket.io/?EIO=3&transport=polling&t=M-jl_Sb 404 4ms][http://localhost:8080/ HTTP/1.1 Mozilla/5.0 (Windows NT 6.1; Win64; x64) AppleWebKit/537.36 (KHTML, like Gecko) Chrome/65.0.3325.181 Safari/537.36]
[2020-01-16T17:47:18.254] [INFO] default - [::1 GET /socket.io/?EIO=3&transport=polling&t=M-jl_rd 404 1ms][http://localhost:8081/ HTTP/1.1 Mozilla/5.0 (Windows NT 6.1; Win64; x64) AppleWebKit/537.36 (KHTML, like Gecko) Chrome/65.0.3325.181 Safari/537.36]
[2020-01-16T17:47:21.673] [INFO] default - [::1 GET /socket.io/?EIO=3&transport=polling&t=M-jm0h6 404 1ms][http://localhost:8080/ HTTP/1.1 Mozilla/5.0 (Windows NT 6.1; Win64; x64) AppleWebKit/537.36 (KHTML, like Gecko) Chrome/65.0.3325.181 Safari/537.36]
[2020-01-16T17:47:43.664] [INFO] default - [::1 POST /admin/push/save 200 157ms][http://localhost:8080/ HTTP/1.1 Mozilla/5.0 (Windows NT 6.1; Win64; x64) AppleWebKit/537.36 (KHTML, like Gecko) Chrome/65.0.3325.181 Safari/537.36]
