[2019-09-23T19:18:23.222] [INFO] default - 查看banner
[2019-09-23T19:18:23.230] [INFO] default - [::1 GET /admin/home/banner 200 413ms][http://localhost:8080/ HTTP/1.1 Mozilla/5.0 (Windows NT 6.1; Win64; x64) AppleWebKit/537.36 (KHTML, like Gecko) Chrome/65.0.3325.181 Safari/537.36]
[2019-09-23T19:18:23.243] [INFO] default - [::1 GET /upload/upload_69cc55dcb9db3d29a2c91aa176f89431.jpg 304 2ms][http://localhost:8080/ HTTP/1.1 Mozilla/5.0 (Windows NT 6.1; Win64; x64) AppleWebKit/537.36 (KHTML, like Gecko) Chrome/65.0.3325.181 Safari/537.36]
[2019-09-23T19:18:23.248] [INFO] default - [::ffff:127.0.0.1 GET /upload/upload_5d9552196650ec0bbf35c47cc3fb6980.jpg 304 7ms][http://localhost:8080/ HTTP/1.1 Mozilla/5.0 (Windows NT 6.1; Win64; x64) AppleWebKit/537.36 (KHTML, like Gecko) Chrome/65.0.3325.181 Safari/537.36]
[2019-09-23T19:18:23.251] [INFO] default - [::1 GET /upload/upload_1189921dc21f605aea62ad5827cc7fe3.jpg 304 9ms][http://localhost:8080/ HTTP/1.1 Mozilla/5.0 (Windows NT 6.1; Win64; x64) AppleWebKit/537.36 (KHTML, like Gecko) Chrome/65.0.3325.181 Safari/537.36]
[2019-09-23T19:18:40.130] [INFO] default - 查看banner
[2019-09-23T19:18:40.132] [INFO] default - [::1 GET /admin/home/banner 304 13ms][http://localhost:8080/ HTTP/1.1 Mozilla/5.0 (Windows NT 6.1; Win64; x64) AppleWebKit/537.36 (KHTML, like Gecko) Chrome/65.0.3325.181 Safari/537.36]
[2019-09-23T19:18:40.179] [INFO] default - [::1 GET /upload/upload_69cc55dcb9db3d29a2c91aa176f89431.jpg 304 2ms][http://localhost:8080/ HTTP/1.1 Mozilla/5.0 (Windows NT 6.1; Win64; x64) AppleWebKit/537.36 (KHTML, like Gecko) Chrome/65.0.3325.181 Safari/537.36]
[2019-09-23T19:18:40.183] [INFO] default - [::1 GET /upload/upload_5d9552196650ec0bbf35c47cc3fb6980.jpg 304 5ms][http://localhost:8080/ HTTP/1.1 Mozilla/5.0 (Windows NT 6.1; Win64; x64) AppleWebKit/537.36 (KHTML, like Gecko) Chrome/65.0.3325.181 Safari/537.36]
[2019-09-23T19:18:40.186] [INFO] default - [::1 GET /upload/upload_1189921dc21f605aea62ad5827cc7fe3.jpg 304 8ms][http://localhost:8080/ HTTP/1.1 Mozilla/5.0 (Windows NT 6.1; Win64; x64) AppleWebKit/537.36 (KHTML, like Gecko) Chrome/65.0.3325.181 Safari/537.36]
[2019-09-23T19:18:46.242] [INFO] default - 查看banner
[2019-09-23T19:18:46.250] [INFO] default - [::ffff:127.0.0.1 GET /admin/home/banner 304 682ms][http://localhost:8080/ HTTP/1.1 Mozilla/5.0 (Windows NT 6.1; Win64; x64) AppleWebKit/537.36 (KHTML, like Gecko) Chrome/65.0.3325.181 Safari/537.36]
[2019-09-23T19:18:46.263] [INFO] default - [::ffff:127.0.0.1 GET /upload/upload_69cc55dcb9db3d29a2c91aa176f89431.jpg 304 3ms][http://localhost:8080/ HTTP/1.1 Mozilla/5.0 (Windows NT 6.1; Win64; x64) AppleWebKit/537.36 (KHTML, like Gecko) Chrome/65.0.3325.181 Safari/537.36]
[2019-09-23T19:18:46.266] [INFO] default - [::1 GET /upload/upload_5d9552196650ec0bbf35c47cc3fb6980.jpg 304 5ms][http://localhost:8080/ HTTP/1.1 Mozilla/5.0 (Windows NT 6.1; Win64; x64) AppleWebKit/537.36 (KHTML, like Gecko) Chrome/65.0.3325.181 Safari/537.36]
[2019-09-23T19:18:46.269] [INFO] default - [::1 GET /upload/upload_1189921dc21f605aea62ad5827cc7fe3.jpg 304 8ms][http://localhost:8080/ HTTP/1.1 Mozilla/5.0 (Windows NT 6.1; Win64; x64) AppleWebKit/537.36 (KHTML, like Gecko) Chrome/65.0.3325.181 Safari/537.36]
[2019-09-23T19:19:36.168] [INFO] default - 查看banner
[2019-09-23T19:19:36.171] [INFO] default - [::1 GET /admin/home/banner 304 13ms][http://localhost:8080/ HTTP/1.1 Mozilla/5.0 (Windows NT 6.1; Win64; x64) AppleWebKit/537.36 (KHTML, like Gecko) Chrome/65.0.3325.181 Safari/537.36]
[2019-09-23T19:19:36.212] [INFO] default - [::1 GET /upload/upload_69cc55dcb9db3d29a2c91aa176f89431.jpg 304 2ms][http://localhost:8080/ HTTP/1.1 Mozilla/5.0 (Windows NT 6.1; Win64; x64) AppleWebKit/537.36 (KHTML, like Gecko) Chrome/65.0.3325.181 Safari/537.36]
[2019-09-23T19:19:36.217] [INFO] default - [::1 GET /upload/upload_5d9552196650ec0bbf35c47cc3fb6980.jpg 304 7ms][http://localhost:8080/ HTTP/1.1 Mozilla/5.0 (Windows NT 6.1; Win64; x64) AppleWebKit/537.36 (KHTML, like Gecko) Chrome/65.0.3325.181 Safari/537.36]
[2019-09-23T19:19:36.223] [INFO] default - [::1 GET /upload/upload_1189921dc21f605aea62ad5827cc7fe3.jpg 304 13ms][http://localhost:8080/ HTTP/1.1 Mozilla/5.0 (Windows NT 6.1; Win64; x64) AppleWebKit/537.36 (KHTML, like Gecko) Chrome/65.0.3325.181 Safari/537.36]
