[2020-03-23T01:54:17.493] [INFO] default - [::1 OPTIONS /home/personal/myteacher 200 6ms][http://localhost:8081/ HTTP/1.1 Mozilla/5.0 (X11; Linux x86_64) AppleWebKit/537.36 (KHTML, like Gecko) Chrome/73.0.3683.86 Safari/537.36]
[2020-03-23T01:54:17.531] [INFO] default - [::1 POST /home/personal/myteacher 200 34ms][http://localhost:8081/ HTTP/1.1 Mozilla/5.0 (X11; Linux x86_64) AppleWebKit/537.36 (KHTML, like Gecko) Chrome/73.0.3683.86 Safari/537.36]
[2020-03-23T01:54:18.679] [INFO] default - [::1 POST /home/personal/myteacher 200 9ms][http://localhost:8081/ HTTP/1.1 Mozilla/5.0 (X11; Linux x86_64) AppleWebKit/537.36 (KHTML, like Gecko) Chrome/73.0.3683.86 Safari/537.36]
[2020-03-23T01:54:19.544] [INFO] default - [::1 POST /home/personal/myteacher 200 6ms][http://localhost:8081/ HTTP/1.1 Mozilla/5.0 (X11; Linux x86_64) AppleWebKit/537.36 (KHTML, like Gecko) Chrome/73.0.3683.86 Safari/537.36]
[2020-03-23T01:54:20.389] [INFO] default - [::1 POST /home/personal/myteacher 200 5ms][http://localhost:8081/ HTTP/1.1 Mozilla/5.0 (X11; Linux x86_64) AppleWebKit/537.36 (KHTML, like Gecko) Chrome/73.0.3683.86 Safari/537.36]
[2020-03-23T01:54:21.140] [INFO] default - [::1 POST /home/personal/myteacher 200 7ms][http://localhost:8081/ HTTP/1.1 Mozilla/5.0 (X11; Linux x86_64) AppleWebKit/537.36 (KHTML, like Gecko) Chrome/73.0.3683.86 Safari/537.36]
[2020-03-23T01:54:21.929] [INFO] default - [::1 POST /home/personal/myteacher 200 7ms][http://localhost:8081/ HTTP/1.1 Mozilla/5.0 (X11; Linux x86_64) AppleWebKit/537.36 (KHTML, like Gecko) Chrome/73.0.3683.86 Safari/537.36]
[2020-03-23T01:54:22.647] [INFO] default - [::1 OPTIONS /home/personal/myteacher 200 2ms][http://localhost:8081/ HTTP/1.1 Mozilla/5.0 (X11; Linux x86_64) AppleWebKit/537.36 (KHTML, like Gecko) Chrome/73.0.3683.86 Safari/537.36]
[2020-03-23T01:54:22.654] [INFO] default - [::1 POST /home/personal/myteacher 200 5ms][http://localhost:8081/ HTTP/1.1 Mozilla/5.0 (X11; Linux x86_64) AppleWebKit/537.36 (KHTML, like Gecko) Chrome/73.0.3683.86 Safari/537.36]
[2020-03-23T01:54:23.408] [INFO] default - [::1 POST /home/personal/myteacher 200 5ms][http://localhost:8081/ HTTP/1.1 Mozilla/5.0 (X11; Linux x86_64) AppleWebKit/537.36 (KHTML, like Gecko) Chrome/73.0.3683.86 Safari/537.36]
[2020-03-23T01:54:24.059] [INFO] default - [::1 POST /home/personal/myteacher 200 5ms][http://localhost:8081/ HTTP/1.1 Mozilla/5.0 (X11; Linux x86_64) AppleWebKit/537.36 (KHTML, like Gecko) Chrome/73.0.3683.86 Safari/537.36]
[2020-03-23T01:54:24.787] [INFO] default - [::1 POST /home/personal/myteacher 200 5ms][http://localhost:8081/ HTTP/1.1 Mozilla/5.0 (X11; Linux x86_64) AppleWebKit/537.36 (KHTML, like Gecko) Chrome/73.0.3683.86 Safari/537.36]
[2020-03-23T01:54:25.455] [INFO] default - [::1 POST /home/personal/myteacher 200 8ms][http://localhost:8081/ HTTP/1.1 Mozilla/5.0 (X11; Linux x86_64) AppleWebKit/537.36 (KHTML, like Gecko) Chrome/73.0.3683.86 Safari/537.36]
[2020-03-23T01:54:28.509] [INFO] default - [::1 OPTIONS /home/personal/myteacher 200 1ms][http://localhost:8081/ HTTP/1.1 Mozilla/5.0 (X11; Linux x86_64) AppleWebKit/537.36 (KHTML, like Gecko) Chrome/73.0.3683.86 Safari/537.36]
[2020-03-23T01:54:28.524] [INFO] default - [::1 POST /home/personal/myteacher 200 6ms][http://localhost:8081/ HTTP/1.1 Mozilla/5.0 (X11; Linux x86_64) AppleWebKit/537.36 (KHTML, like Gecko) Chrome/73.0.3683.86 Safari/537.36]
[2020-03-23T01:54:29.218] [INFO] default - [::1 POST /home/personal/myteacher 200 5ms][http://localhost:8081/ HTTP/1.1 Mozilla/5.0 (X11; Linux x86_64) AppleWebKit/537.36 (KHTML, like Gecko) Chrome/73.0.3683.86 Safari/537.36]
[2020-03-23T01:54:30.037] [INFO] default - [::1 POST /home/personal/myteacher 200 6ms][http://localhost:8081/ HTTP/1.1 Mozilla/5.0 (X11; Linux x86_64) AppleWebKit/537.36 (KHTML, like Gecko) Chrome/73.0.3683.86 Safari/537.36]
[2020-03-23T01:54:31.603] [INFO] default - [::1 POST /home/personal/myteacher 200 8ms][http://localhost:8081/ HTTP/1.1 Mozilla/5.0 (X11; Linux x86_64) AppleWebKit/537.36 (KHTML, like Gecko) Chrome/73.0.3683.86 Safari/537.36]
[2020-03-23T01:54:37.431] [INFO] default - [::1 OPTIONS /home/personal/myteacher 200 1ms][http://localhost:8081/ HTTP/1.1 Mozilla/5.0 (X11; Linux x86_64) AppleWebKit/537.36 (KHTML, like Gecko) Chrome/73.0.3683.86 Safari/537.36]
[2020-03-23T01:54:37.439] [INFO] default - [::1 POST /home/personal/myteacher 200 6ms][http://localhost:8081/ HTTP/1.1 Mozilla/5.0 (X11; Linux x86_64) AppleWebKit/537.36 (KHTML, like Gecko) Chrome/73.0.3683.86 Safari/537.36]
[2020-03-23T01:54:38.768] [INFO] default - [::1 POST /home/personal/myteacher 200 6ms][http://localhost:8081/ HTTP/1.1 Mozilla/5.0 (X11; Linux x86_64) AppleWebKit/537.36 (KHTML, like Gecko) Chrome/73.0.3683.86 Safari/537.36]
[2020-03-23T11:16:07.304] [INFO] default - [::1 OPTIONS /home/release/Releaselist 200 6ms][http://localhost:8081/ HTTP/1.1 Mozilla/5.0 (X11; Linux x86_64) AppleWebKit/537.36 (KHTML, like Gecko) Chrome/73.0.3683.86 Safari/537.36]
[2020-03-23T11:16:07.329] [INFO] default - [::1 GET /home/release/Releaselist 304 22ms][http://localhost:8081/ HTTP/1.1 Mozilla/5.0 (X11; Linux x86_64) AppleWebKit/537.36 (KHTML, like Gecko) Chrome/73.0.3683.86 Safari/537.36]
[2020-03-23T11:16:11.694] [INFO] default - [::1 OPTIONS /home/teachers/Teacherslist 200 1ms][http://localhost:8081/ HTTP/1.1 Mozilla/5.0 (X11; Linux x86_64) AppleWebKit/537.36 (KHTML, like Gecko) Chrome/73.0.3683.86 Safari/537.36]
[2020-03-23T11:16:11.727] [INFO] default - [::1 POST /home/teachers/Teacherslist 200 29ms][http://localhost:8081/ HTTP/1.1 Mozilla/5.0 (X11; Linux x86_64) AppleWebKit/537.36 (KHTML, like Gecko) Chrome/73.0.3683.86 Safari/537.36]
[2020-03-23T11:16:11.738] [INFO] default - [::1 GET /3ea6beec64369c2642b92c6726f1epng.png 304 2ms][http://localhost:8081/ HTTP/1.1 Mozilla/5.0 (X11; Linux x86_64) AppleWebKit/537.36 (KHTML, like Gecko) Chrome/73.0.3683.86 Safari/537.36]
[2020-03-23T11:20:11.164] [INFO] default - [::1 OPTIONS /home/teachers/Teacherslist 200 8ms][http://localhost:8081/ HTTP/1.1 Mozilla/5.0 (X11; Linux x86_64) AppleWebKit/537.36 (KHTML, like Gecko) Chrome/73.0.3683.86 Safari/537.36]
[2020-03-23T11:20:11.234] [INFO] default - [::1 POST /home/teachers/Teacherslist 200 60ms][http://localhost:8081/ HTTP/1.1 Mozilla/5.0 (X11; Linux x86_64) AppleWebKit/537.36 (KHTML, like Gecko) Chrome/73.0.3683.86 Safari/537.36]
[2020-03-23T11:20:11.242] [INFO] default - [::1 GET //photo/upload_42c41eee71658eed3d95e868cb1a20c2.jpg 304 3ms][http://localhost:8081/ HTTP/1.1 Mozilla/5.0 (X11; Linux x86_64) AppleWebKit/537.36 (KHTML, like Gecko) Chrome/73.0.3683.86 Safari/537.36]
[2020-03-23T11:20:11.246] [INFO] default - [::1 GET /3ea6beec64369c2642b92c6726f1epng.png 304 1ms][http://localhost:8081/ HTTP/1.1 Mozilla/5.0 (X11; Linux x86_64) AppleWebKit/537.36 (KHTML, like Gecko) Chrome/73.0.3683.86 Safari/537.36]
