[2020-03-08T00:03:27.545] [INFO] default - [::1 OPTIONS /home/login 200 5ms][http://localhost:8081/ HTTP/1.1 Mozilla/5.0 (X11; Linux x86_64) AppleWebKit/537.36 (KHTML, like Gecko) Chrome/73.0.3683.86 Safari/537.36]
[2020-03-08T00:03:27.579] [INFO] default - [::1 POST /home/login 200 31ms][http://localhost:8081/ HTTP/1.1 Mozilla/5.0 (X11; Linux x86_64) AppleWebKit/537.36 (KHTML, like Gecko) Chrome/73.0.3683.86 Safari/537.36]
[2020-03-08T00:03:27.583] [INFO] default - [::1 OPTIONS /home/push/querynum 200 1ms][http://localhost:8081/ HTTP/1.1 Mozilla/5.0 (X11; Linux x86_64) AppleWebKit/537.36 (KHTML, like Gecko) Chrome/73.0.3683.86 Safari/537.36]
[2020-03-08T00:03:27.592] [INFO] default - [::1 GET /home/push/querynum 200 6ms][http://localhost:8081/ HTTP/1.1 Mozilla/5.0 (X11; Linux x86_64) AppleWebKit/537.36 (KHTML, like Gecko) Chrome/73.0.3683.86 Safari/537.36]
[2020-03-08T00:03:29.574] [INFO] default - [::1 OPTIONS /home/push/findMessage 200 0ms][http://localhost:8081/ HTTP/1.1 Mozilla/5.0 (X11; Linux x86_64) AppleWebKit/537.36 (KHTML, like Gecko) Chrome/73.0.3683.86 Safari/537.36]
[2020-03-08T00:03:29.591] [INFO] default - [::1 POST /home/push/findMessage 200 12ms][http://localhost:8081/ HTTP/1.1 Mozilla/5.0 (X11; Linux x86_64) AppleWebKit/537.36 (KHTML, like Gecko) Chrome/73.0.3683.86 Safari/537.36]
[2020-03-08T00:03:34.651] [INFO] default - [::1 OPTIONS /home/push/findMessage 200 1ms][http://localhost:8081/ HTTP/1.1 Mozilla/5.0 (X11; Linux x86_64) AppleWebKit/537.36 (KHTML, like Gecko) Chrome/73.0.3683.86 Safari/537.36]
[2020-03-08T00:03:34.661] [INFO] default - [::1 POST /home/push/findMessage 200 7ms][http://localhost:8081/ HTTP/1.1 Mozilla/5.0 (X11; Linux x86_64) AppleWebKit/537.36 (KHTML, like Gecko) Chrome/73.0.3683.86 Safari/537.36]
[2020-03-08T00:06:17.694] [INFO] default - [::1 OPTIONS /home/push/findMessage 200 1ms][http://localhost:8081/ HTTP/1.1 Mozilla/5.0 (X11; Linux x86_64) AppleWebKit/537.36 (KHTML, like Gecko) Chrome/73.0.3683.86 Safari/537.36]
[2020-03-08T00:06:17.834] [INFO] default - [::1 POST /home/push/findMessage 200 11ms][http://localhost:8081/ HTTP/1.1 Mozilla/5.0 (X11; Linux x86_64) AppleWebKit/537.36 (KHTML, like Gecko) Chrome/73.0.3683.86 Safari/537.36]
[2020-03-08T00:10:39.036] [INFO] default - [::1 OPTIONS /home/push/findMessage 200 1ms][http://localhost:8081/ HTTP/1.1 Mozilla/5.0 (X11; Linux x86_64) AppleWebKit/537.36 (KHTML, like Gecko) Chrome/73.0.3683.86 Safari/537.36]
[2020-03-08T00:10:39.063] [INFO] default - [::1 POST /home/push/findMessage 200 5ms][http://localhost:8081/ HTTP/1.1 Mozilla/5.0 (X11; Linux x86_64) AppleWebKit/537.36 (KHTML, like Gecko) Chrome/73.0.3683.86 Safari/537.36]
[2020-03-08T00:10:43.959] [INFO] default - [::1 POST /home/push/findMessage 200 9ms][http://localhost:8081/ HTTP/1.1 Mozilla/5.0 (X11; Linux x86_64) AppleWebKit/537.36 (KHTML, like Gecko) Chrome/73.0.3683.86 Safari/537.36]
[2020-03-08T00:11:45.443] [INFO] default - [::1 OPTIONS /home/push/findMessage 200 8ms][http://localhost:8081/ HTTP/1.1 Mozilla/5.0 (X11; Linux x86_64) AppleWebKit/537.36 (KHTML, like Gecko) Chrome/73.0.3683.86 Safari/537.36]
[2020-03-08T00:11:45.481] [INFO] default - [::1 POST /home/push/findMessage 200 34ms][http://localhost:8081/ HTTP/1.1 Mozilla/5.0 (X11; Linux x86_64) AppleWebKit/537.36 (KHTML, like Gecko) Chrome/73.0.3683.86 Safari/537.36]
[2020-03-08T00:12:47.356] [INFO] default - [::1 OPTIONS /home/push/findMessage 200 1ms][http://localhost:8081/ HTTP/1.1 Mozilla/5.0 (X11; Linux x86_64) AppleWebKit/537.36 (KHTML, like Gecko) Chrome/73.0.3683.86 Safari/537.36]
[2020-03-08T00:12:47.382] [INFO] default - [::1 POST /home/push/findMessage 200 7ms][http://localhost:8081/ HTTP/1.1 Mozilla/5.0 (X11; Linux x86_64) AppleWebKit/537.36 (KHTML, like Gecko) Chrome/73.0.3683.86 Safari/537.36]
[2020-03-08T00:12:53.121] [INFO] default - [::1 OPTIONS /home/push/findMessage 200 1ms][http://localhost:8081/ HTTP/1.1 Mozilla/5.0 (X11; Linux x86_64) AppleWebKit/537.36 (KHTML, like Gecko) Chrome/73.0.3683.86 Safari/537.36]
[2020-03-08T00:12:53.248] [INFO] default - [::1 POST /home/push/findMessage 200 4ms][http://localhost:8081/ HTTP/1.1 Mozilla/5.0 (X11; Linux x86_64) AppleWebKit/537.36 (KHTML, like Gecko) Chrome/73.0.3683.86 Safari/537.36]
[2020-03-08T00:13:18.489] [INFO] default - [::1 OPTIONS /home/push/readMessagedetail 200 1ms][http://localhost:8081/ HTTP/1.1 Mozilla/5.0 (X11; Linux x86_64) AppleWebKit/537.36 (KHTML, like Gecko) Chrome/73.0.3683.86 Safari/537.36]
[2020-03-08T00:13:18.501] [INFO] default - [::1 POST /home/push/readMessagedetail 200 8ms][http://localhost:8081/ HTTP/1.1 Mozilla/5.0 (X11; Linux x86_64) AppleWebKit/537.36 (KHTML, like Gecko) Chrome/73.0.3683.86 Safari/537.36]
[2020-03-08T00:13:47.778] [INFO] default - [::1 OPTIONS /home/push/readMessagedetail 200 1ms][http://localhost:8081/ HTTP/1.1 Mozilla/5.0 (X11; Linux x86_64) AppleWebKit/537.36 (KHTML, like Gecko) Chrome/73.0.3683.86 Safari/537.36]
[2020-03-08T00:13:47.800] [INFO] default - [::1 POST /home/push/readMessagedetail 200 4ms][http://localhost:8081/ HTTP/1.1 Mozilla/5.0 (X11; Linux x86_64) AppleWebKit/537.36 (KHTML, like Gecko) Chrome/73.0.3683.86 Safari/537.36]
[2020-03-08T00:13:54.417] [INFO] default - [::1 OPTIONS /home/push/findMessage 200 1ms][http://localhost:8081/ HTTP/1.1 Mozilla/5.0 (X11; Linux x86_64) AppleWebKit/537.36 (KHTML, like Gecko) Chrome/73.0.3683.86 Safari/537.36]
[2020-03-08T00:13:54.428] [INFO] default - [::1 POST /home/push/findMessage 200 5ms][http://localhost:8081/ HTTP/1.1 Mozilla/5.0 (X11; Linux x86_64) AppleWebKit/537.36 (KHTML, like Gecko) Chrome/73.0.3683.86 Safari/537.36]
[2020-03-08T00:13:56.954] [INFO] default - [::1 OPTIONS /home/push/readMessagedetail 200 1ms][http://localhost:8081/ HTTP/1.1 Mozilla/5.0 (X11; Linux x86_64) AppleWebKit/537.36 (KHTML, like Gecko) Chrome/73.0.3683.86 Safari/537.36]
[2020-03-08T00:13:56.959] [INFO] default - [::1 POST /home/push/readMessagedetail 200 2ms][http://localhost:8081/ HTTP/1.1 Mozilla/5.0 (X11; Linux x86_64) AppleWebKit/537.36 (KHTML, like Gecko) Chrome/73.0.3683.86 Safari/537.36]
[2020-03-08T00:14:37.915] [INFO] default - [::1 OPTIONS /home/push/findMessage 200 1ms][http://localhost:8081/ HTTP/1.1 Mozilla/5.0 (X11; Linux x86_64) AppleWebKit/537.36 (KHTML, like Gecko) Chrome/73.0.3683.86 Safari/537.36]
[2020-03-08T00:14:37.924] [INFO] default - [::1 POST /home/push/findMessage 200 6ms][http://localhost:8081/ HTTP/1.1 Mozilla/5.0 (X11; Linux x86_64) AppleWebKit/537.36 (KHTML, like Gecko) Chrome/73.0.3683.86 Safari/537.36]
[2020-03-08T00:14:40.765] [INFO] default - [::1 OPTIONS /home/push/readMessagedetail 200 1ms][http://localhost:8081/ HTTP/1.1 Mozilla/5.0 (X11; Linux x86_64) AppleWebKit/537.36 (KHTML, like Gecko) Chrome/73.0.3683.86 Safari/537.36]
[2020-03-08T00:14:40.772] [INFO] default - [::1 POST /home/push/readMessagedetail 200 2ms][http://localhost:8081/ HTTP/1.1 Mozilla/5.0 (X11; Linux x86_64) AppleWebKit/537.36 (KHTML, like Gecko) Chrome/73.0.3683.86 Safari/537.36]
[2020-03-08T00:15:04.394] [INFO] default - [::1 OPTIONS /home/push/findMessage 200 1ms][http://localhost:8081/ HTTP/1.1 Mozilla/5.0 (X11; Linux x86_64) AppleWebKit/537.36 (KHTML, like Gecko) Chrome/73.0.3683.86 Safari/537.36]
[2020-03-08T00:15:04.407] [INFO] default - [::1 POST /home/push/findMessage 200 8ms][http://localhost:8081/ HTTP/1.1 Mozilla/5.0 (X11; Linux x86_64) AppleWebKit/537.36 (KHTML, like Gecko) Chrome/73.0.3683.86 Safari/537.36]
[2020-03-08T00:15:06.261] [INFO] default - [::1 OPTIONS /home/push/readMessagedetail 200 1ms][http://localhost:8081/ HTTP/1.1 Mozilla/5.0 (X11; Linux x86_64) AppleWebKit/537.36 (KHTML, like Gecko) Chrome/73.0.3683.86 Safari/537.36]
[2020-03-08T00:15:06.268] [INFO] default - [::1 POST /home/push/readMessagedetail 200 3ms][http://localhost:8081/ HTTP/1.1 Mozilla/5.0 (X11; Linux x86_64) AppleWebKit/537.36 (KHTML, like Gecko) Chrome/73.0.3683.86 Safari/537.36]
[2020-03-08T00:18:46.183] [INFO] default - [::1 OPTIONS /home/push/findMessage 200 1ms][http://localhost:8081/ HTTP/1.1 Mozilla/5.0 (X11; Linux x86_64) AppleWebKit/537.36 (KHTML, like Gecko) Chrome/73.0.3683.86 Safari/537.36]
[2020-03-08T00:18:46.202] [INFO] default - [::1 POST /home/push/findMessage 200 5ms][http://localhost:8081/ HTTP/1.1 Mozilla/5.0 (X11; Linux x86_64) AppleWebKit/537.36 (KHTML, like Gecko) Chrome/73.0.3683.86 Safari/537.36]
[2020-03-08T00:18:47.594] [INFO] default - [::1 OPTIONS /home/push/readMessagedetail 200 1ms][http://localhost:8081/ HTTP/1.1 Mozilla/5.0 (X11; Linux x86_64) AppleWebKit/537.36 (KHTML, like Gecko) Chrome/73.0.3683.86 Safari/537.36]
[2020-03-08T00:18:47.606] [INFO] default - [::1 POST /home/push/readMessagedetail 200 2ms][http://localhost:8081/ HTTP/1.1 Mozilla/5.0 (X11; Linux x86_64) AppleWebKit/537.36 (KHTML, like Gecko) Chrome/73.0.3683.86 Safari/537.36]
[2020-03-08T04:24:20.796] [INFO] default - [::1 OPTIONS /home/push/findMessage 200 2ms][http://localhost:8081/ HTTP/1.1 Mozilla/5.0 (X11; Linux x86_64) AppleWebKit/537.36 (KHTML, like Gecko) Chrome/73.0.3683.86 Safari/537.36]
[2020-03-08T04:24:20.806] [INFO] default - [::1 POST /home/push/findMessage 200 6ms][http://localhost:8081/ HTTP/1.1 Mozilla/5.0 (X11; Linux x86_64) AppleWebKit/537.36 (KHTML, like Gecko) Chrome/73.0.3683.86 Safari/537.36]
[2020-03-08T04:24:22.507] [INFO] default - [::1 OPTIONS /home/push/readMessagedetail 200 1ms][http://localhost:8081/ HTTP/1.1 Mozilla/5.0 (X11; Linux x86_64) AppleWebKit/537.36 (KHTML, like Gecko) Chrome/73.0.3683.86 Safari/537.36]
[2020-03-08T04:24:22.515] [INFO] default - [::1 POST /home/push/readMessagedetail 200 2ms][http://localhost:8081/ HTTP/1.1 Mozilla/5.0 (X11; Linux x86_64) AppleWebKit/537.36 (KHTML, like Gecko) Chrome/73.0.3683.86 Safari/537.36]
[2020-03-08T04:25:32.450] [INFO] default - [::1 OPTIONS /home/push/findMessage 200 1ms][http://localhost:8081/ HTTP/1.1 Mozilla/5.0 (X11; Linux x86_64) AppleWebKit/537.36 (KHTML, like Gecko) Chrome/73.0.3683.86 Safari/537.36]
[2020-03-08T04:25:32.458] [INFO] default - [::1 POST /home/push/findMessage 200 5ms][http://localhost:8081/ HTTP/1.1 Mozilla/5.0 (X11; Linux x86_64) AppleWebKit/537.36 (KHTML, like Gecko) Chrome/73.0.3683.86 Safari/537.36]
[2020-03-08T04:25:35.093] [INFO] default - [::1 OPTIONS /home/push/readMessagedetail 200 2ms][http://localhost:8081/ HTTP/1.1 Mozilla/5.0 (X11; Linux x86_64) AppleWebKit/537.36 (KHTML, like Gecko) Chrome/73.0.3683.86 Safari/537.36]
[2020-03-08T04:25:35.098] [INFO] default - [::1 POST /home/push/readMessagedetail 200 3ms][http://localhost:8081/ HTTP/1.1 Mozilla/5.0 (X11; Linux x86_64) AppleWebKit/537.36 (KHTML, like Gecko) Chrome/73.0.3683.86 Safari/537.36]
[2020-03-08T04:28:01.491] [INFO] default - [::1 OPTIONS /home/push/findMessage 200 1ms][http://localhost:8081/ HTTP/1.1 Mozilla/5.0 (X11; Linux x86_64) AppleWebKit/537.36 (KHTML, like Gecko) Chrome/73.0.3683.86 Safari/537.36]
[2020-03-08T04:28:01.502] [INFO] default - [::1 POST /home/push/findMessage 200 5ms][http://localhost:8081/ HTTP/1.1 Mozilla/5.0 (X11; Linux x86_64) AppleWebKit/537.36 (KHTML, like Gecko) Chrome/73.0.3683.86 Safari/537.36]
[2020-03-08T04:28:02.881] [INFO] default - [::1 OPTIONS /home/push/readMessagedetail 200 1ms][http://localhost:8081/ HTTP/1.1 Mozilla/5.0 (X11; Linux x86_64) AppleWebKit/537.36 (KHTML, like Gecko) Chrome/73.0.3683.86 Safari/537.36]
[2020-03-08T04:28:02.889] [INFO] default - [::1 POST /home/push/readMessagedetail 200 2ms][http://localhost:8081/ HTTP/1.1 Mozilla/5.0 (X11; Linux x86_64) AppleWebKit/537.36 (KHTML, like Gecko) Chrome/73.0.3683.86 Safari/537.36]
[2020-03-08T04:29:36.720] [INFO] default - [::1 OPTIONS /home/push/findMessage 200 1ms][http://localhost:8081/ HTTP/1.1 Mozilla/5.0 (X11; Linux x86_64) AppleWebKit/537.36 (KHTML, like Gecko) Chrome/73.0.3683.86 Safari/537.36]
[2020-03-08T04:29:36.730] [INFO] default - [::1 POST /home/push/findMessage 200 5ms][http://localhost:8081/ HTTP/1.1 Mozilla/5.0 (X11; Linux x86_64) AppleWebKit/537.36 (KHTML, like Gecko) Chrome/73.0.3683.86 Safari/537.36]
[2020-03-08T04:29:38.216] [INFO] default - [::1 OPTIONS /home/push/readMessagedetail 200 1ms][http://localhost:8081/ HTTP/1.1 Mozilla/5.0 (X11; Linux x86_64) AppleWebKit/537.36 (KHTML, like Gecko) Chrome/73.0.3683.86 Safari/537.36]
[2020-03-08T04:29:38.224] [INFO] default - [::1 POST /home/push/readMessagedetail 200 2ms][http://localhost:8081/ HTTP/1.1 Mozilla/5.0 (X11; Linux x86_64) AppleWebKit/537.36 (KHTML, like Gecko) Chrome/73.0.3683.86 Safari/537.36]
[2020-03-08T04:30:05.992] [INFO] default - [::1 OPTIONS /home/push/findMessage 200 1ms][http://localhost:8081/ HTTP/1.1 Mozilla/5.0 (X11; Linux x86_64) AppleWebKit/537.36 (KHTML, like Gecko) Chrome/73.0.3683.86 Safari/537.36]
[2020-03-08T04:30:06.001] [INFO] default - [::1 POST /home/push/findMessage 200 5ms][http://localhost:8081/ HTTP/1.1 Mozilla/5.0 (X11; Linux x86_64) AppleWebKit/537.36 (KHTML, like Gecko) Chrome/73.0.3683.86 Safari/537.36]
[2020-03-08T04:30:07.109] [INFO] default - [::1 OPTIONS /home/push/readMessagedetail 200 1ms][http://localhost:8081/ HTTP/1.1 Mozilla/5.0 (X11; Linux x86_64) AppleWebKit/537.36 (KHTML, like Gecko) Chrome/73.0.3683.86 Safari/537.36]
[2020-03-08T04:30:07.116] [INFO] default - [::1 POST /home/push/readMessagedetail 200 2ms][http://localhost:8081/ HTTP/1.1 Mozilla/5.0 (X11; Linux x86_64) AppleWebKit/537.36 (KHTML, like Gecko) Chrome/73.0.3683.86 Safari/537.36]
[2020-03-08T04:31:40.203] [INFO] default - [::1 OPTIONS /home/push/findMessage 200 1ms][http://localhost:8081/ HTTP/1.1 Mozilla/5.0 (X11; Linux x86_64) AppleWebKit/537.36 (KHTML, like Gecko) Chrome/73.0.3683.86 Safari/537.36]
[2020-03-08T04:31:40.215] [INFO] default - [::1 POST /home/push/findMessage 200 7ms][http://localhost:8081/ HTTP/1.1 Mozilla/5.0 (X11; Linux x86_64) AppleWebKit/537.36 (KHTML, like Gecko) Chrome/73.0.3683.86 Safari/537.36]
[2020-03-08T04:31:41.463] [INFO] default - [::1 OPTIONS /home/push/readMessagedetail 200 0ms][http://localhost:8081/ HTTP/1.1 Mozilla/5.0 (X11; Linux x86_64) AppleWebKit/537.36 (KHTML, like Gecko) Chrome/73.0.3683.86 Safari/537.36]
[2020-03-08T04:31:41.470] [INFO] default - [::1 POST /home/push/readMessagedetail 200 3ms][http://localhost:8081/ HTTP/1.1 Mozilla/5.0 (X11; Linux x86_64) AppleWebKit/537.36 (KHTML, like Gecko) Chrome/73.0.3683.86 Safari/537.36]
[2020-03-08T04:32:37.575] [INFO] default - [::1 OPTIONS /home/push/readMessagedetail 200 1ms][http://localhost:8081/ HTTP/1.1 Mozilla/5.0 (X11; Linux x86_64) AppleWebKit/537.36 (KHTML, like Gecko) Chrome/73.0.3683.86 Safari/537.36]
[2020-03-08T04:32:37.602] [INFO] default - [::1 POST /home/push/readMessagedetail 200 2ms][http://localhost:8081/ HTTP/1.1 Mozilla/5.0 (X11; Linux x86_64) AppleWebKit/537.36 (KHTML, like Gecko) Chrome/73.0.3683.86 Safari/537.36]
[2020-03-08T04:32:41.413] [INFO] default - [::1 POST /home/push/readMessagedetail 200 2ms][http://localhost:8081/ HTTP/1.1 Mozilla/5.0 (X11; Linux x86_64) AppleWebKit/537.36 (KHTML, like Gecko) Chrome/73.0.3683.86 Safari/537.36]
[2020-03-08T04:33:42.784] [INFO] default - [::1 OPTIONS /home/push/readMessagedetail 200 1ms][http://localhost:8081/ HTTP/1.1 Mozilla/5.0 (X11; Linux x86_64) AppleWebKit/537.36 (KHTML, like Gecko) Chrome/73.0.3683.86 Safari/537.36]
[2020-03-08T04:33:42.801] [INFO] default - [::1 POST /home/push/readMessagedetail 200 2ms][http://localhost:8081/ HTTP/1.1 Mozilla/5.0 (X11; Linux x86_64) AppleWebKit/537.36 (KHTML, like Gecko) Chrome/73.0.3683.86 Safari/537.36]
[2020-03-08T04:33:56.087] [INFO] default - [::1 OPTIONS /home/push/findMessage 200 1ms][http://localhost:8081/ HTTP/1.1 Mozilla/5.0 (X11; Linux x86_64) AppleWebKit/537.36 (KHTML, like Gecko) Chrome/73.0.3683.86 Safari/537.36]
[2020-03-08T04:33:56.097] [INFO] default - [::1 POST /home/push/findMessage 200 5ms][http://localhost:8081/ HTTP/1.1 Mozilla/5.0 (X11; Linux x86_64) AppleWebKit/537.36 (KHTML, like Gecko) Chrome/73.0.3683.86 Safari/537.36]
[2020-03-08T04:33:57.826] [INFO] default - [::1 OPTIONS /home/push/readMessagedetail 200 1ms][http://localhost:8081/ HTTP/1.1 Mozilla/5.0 (X11; Linux x86_64) AppleWebKit/537.36 (KHTML, like Gecko) Chrome/73.0.3683.86 Safari/537.36]
[2020-03-08T04:33:57.836] [INFO] default - [::1 POST /home/push/readMessagedetail 200 4ms][http://localhost:8081/ HTTP/1.1 Mozilla/5.0 (X11; Linux x86_64) AppleWebKit/537.36 (KHTML, like Gecko) Chrome/73.0.3683.86 Safari/537.36]
[2020-03-08T04:34:20.296] [INFO] default - [::1 OPTIONS /home/push/readMessagedetail 200 1ms][http://localhost:8081/ HTTP/1.1 Mozilla/5.0 (X11; Linux x86_64) AppleWebKit/537.36 (KHTML, like Gecko) Chrome/73.0.3683.86 Safari/537.36]
[2020-03-08T04:34:20.320] [INFO] default - [::1 POST /home/push/readMessagedetail 200 2ms][http://localhost:8081/ HTTP/1.1 Mozilla/5.0 (X11; Linux x86_64) AppleWebKit/537.36 (KHTML, like Gecko) Chrome/73.0.3683.86 Safari/537.36]
[2020-03-08T04:34:41.518] [INFO] default - [::1 OPTIONS /home/push/readMessagedetail 200 0ms][http://localhost:8081/ HTTP/1.1 Mozilla/5.0 (X11; Linux x86_64) AppleWebKit/537.36 (KHTML, like Gecko) Chrome/73.0.3683.86 Safari/537.36]
[2020-03-08T04:34:41.543] [INFO] default - [::1 POST /home/push/readMessagedetail 200 2ms][http://localhost:8081/ HTTP/1.1 Mozilla/5.0 (X11; Linux x86_64) AppleWebKit/537.36 (KHTML, like Gecko) Chrome/73.0.3683.86 Safari/537.36]
[2020-03-08T04:34:45.306] [INFO] default - [::1 POST /home/push/readMessagedetail 200 2ms][http://localhost:8081/ HTTP/1.1 Mozilla/5.0 (X11; Linux x86_64) AppleWebKit/537.36 (KHTML, like Gecko) Chrome/73.0.3683.86 Safari/537.36]
[2020-03-08T04:35:14.151] [INFO] default - [::1 OPTIONS /home/push/readMessagedetail 200 1ms][http://localhost:8081/ HTTP/1.1 Mozilla/5.0 (X11; Linux x86_64) AppleWebKit/537.36 (KHTML, like Gecko) Chrome/73.0.3683.86 Safari/537.36]
[2020-03-08T04:35:14.171] [INFO] default - [::1 POST /home/push/readMessagedetail 200 5ms][http://localhost:8081/ HTTP/1.1 Mozilla/5.0 (X11; Linux x86_64) AppleWebKit/537.36 (KHTML, like Gecko) Chrome/73.0.3683.86 Safari/537.36]
[2020-03-08T04:36:27.618] [INFO] default - [::1 OPTIONS /home/push/findMessage 200 0ms][http://localhost:8081/ HTTP/1.1 Mozilla/5.0 (X11; Linux x86_64) AppleWebKit/537.36 (KHTML, like Gecko) Chrome/73.0.3683.86 Safari/537.36]
[2020-03-08T04:36:27.637] [INFO] default - [::1 POST /home/push/findMessage 200 6ms][http://localhost:8081/ HTTP/1.1 Mozilla/5.0 (X11; Linux x86_64) AppleWebKit/537.36 (KHTML, like Gecko) Chrome/73.0.3683.86 Safari/537.36]
[2020-03-08T04:36:29.140] [INFO] default - [::1 OPTIONS /home/push/readMessagedetail 200 1ms][http://localhost:8081/ HTTP/1.1 Mozilla/5.0 (X11; Linux x86_64) AppleWebKit/537.36 (KHTML, like Gecko) Chrome/73.0.3683.86 Safari/537.36]
[2020-03-08T04:36:29.148] [INFO] default - [::1 POST /home/push/readMessagedetail 200 3ms][http://localhost:8081/ HTTP/1.1 Mozilla/5.0 (X11; Linux x86_64) AppleWebKit/537.36 (KHTML, like Gecko) Chrome/73.0.3683.86 Safari/537.36]
[2020-03-08T04:37:39.073] [INFO] default - [::1 OPTIONS /home/push/readMessagedetail 200 0ms][http://localhost:8081/ HTTP/1.1 Mozilla/5.0 (X11; Linux x86_64) AppleWebKit/537.36 (KHTML, like Gecko) Chrome/73.0.3683.86 Safari/537.36]
[2020-03-08T04:37:39.098] [INFO] default - [::1 POST /home/push/readMessagedetail 200 2ms][http://localhost:8081/ HTTP/1.1 Mozilla/5.0 (X11; Linux x86_64) AppleWebKit/537.36 (KHTML, like Gecko) Chrome/73.0.3683.86 Safari/537.36]
[2020-03-08T04:37:44.159] [INFO] default - [::1 OPTIONS /home/push/readMessagedetail 200 1ms][http://localhost:8081/ HTTP/1.1 Mozilla/5.0 (X11; Linux x86_64) AppleWebKit/537.36 (KHTML, like Gecko) Chrome/73.0.3683.86 Safari/537.36]
[2020-03-08T04:37:44.289] [INFO] default - [::1 POST /home/push/readMessagedetail 200 1ms][http://localhost:8081/ HTTP/1.1 Mozilla/5.0 (X11; Linux x86_64) AppleWebKit/537.36 (KHTML, like Gecko) Chrome/73.0.3683.86 Safari/537.36]
[2020-03-08T04:38:39.747] [INFO] default - [::1 OPTIONS /home/push/readMessagedetail 200 0ms][http://localhost:8081/ HTTP/1.1 Mozilla/5.0 (X11; Linux x86_64) AppleWebKit/537.36 (KHTML, like Gecko) Chrome/73.0.3683.86 Safari/537.36]
[2020-03-08T04:38:39.766] [INFO] default - [::1 POST /home/push/readMessagedetail 200 2ms][http://localhost:8081/ HTTP/1.1 Mozilla/5.0 (X11; Linux x86_64) AppleWebKit/537.36 (KHTML, like Gecko) Chrome/73.0.3683.86 Safari/537.36]
[2020-03-08T04:40:15.254] [INFO] default - [::1 OPTIONS /home/push/readMessagedetail 200 1ms][http://localhost:8081/ HTTP/1.1 Mozilla/5.0 (X11; Linux x86_64) AppleWebKit/537.36 (KHTML, like Gecko) Chrome/73.0.3683.86 Safari/537.36]
[2020-03-08T04:40:15.271] [INFO] default - [::1 POST /home/push/readMessagedetail 200 2ms][http://localhost:8081/ HTTP/1.1 Mozilla/5.0 (X11; Linux x86_64) AppleWebKit/537.36 (KHTML, like Gecko) Chrome/73.0.3683.86 Safari/537.36]
[2020-03-08T04:40:52.461] [INFO] default - [::1 OPTIONS /home/push/findMessage 200 1ms][http://localhost:8081/ HTTP/1.1 Mozilla/5.0 (X11; Linux x86_64) AppleWebKit/537.36 (KHTML, like Gecko) Chrome/73.0.3683.86 Safari/537.36]
[2020-03-08T04:40:52.470] [INFO] default - [::1 POST /home/push/findMessage 200 4ms][http://localhost:8081/ HTTP/1.1 Mozilla/5.0 (X11; Linux x86_64) AppleWebKit/537.36 (KHTML, like Gecko) Chrome/73.0.3683.86 Safari/537.36]
[2020-03-08T04:40:53.633] [INFO] default - [::1 OPTIONS /home/push/readMessagedetail 200 2ms][http://localhost:8081/ HTTP/1.1 Mozilla/5.0 (X11; Linux x86_64) AppleWebKit/537.36 (KHTML, like Gecko) Chrome/73.0.3683.86 Safari/537.36]
[2020-03-08T04:40:53.640] [INFO] default - [::1 POST /home/push/readMessagedetail 200 1ms][http://localhost:8081/ HTTP/1.1 Mozilla/5.0 (X11; Linux x86_64) AppleWebKit/537.36 (KHTML, like Gecko) Chrome/73.0.3683.86 Safari/537.36]
[2020-03-08T04:41:36.516] [INFO] default - [::1 OPTIONS /home/push/findMessage 200 0ms][http://localhost:8081/ HTTP/1.1 Mozilla/5.0 (X11; Linux x86_64) AppleWebKit/537.36 (KHTML, like Gecko) Chrome/73.0.3683.86 Safari/537.36]
[2020-03-08T04:41:36.524] [INFO] default - [::1 POST /home/push/findMessage 200 4ms][http://localhost:8081/ HTTP/1.1 Mozilla/5.0 (X11; Linux x86_64) AppleWebKit/537.36 (KHTML, like Gecko) Chrome/73.0.3683.86 Safari/537.36]
[2020-03-08T04:41:42.432] [INFO] default - [::1 OPTIONS /home/push/readMessagedetail 200 1ms][http://localhost:8081/ HTTP/1.1 Mozilla/5.0 (X11; Linux x86_64) AppleWebKit/537.36 (KHTML, like Gecko) Chrome/73.0.3683.86 Safari/537.36]
[2020-03-08T04:41:42.439] [INFO] default - [::1 POST /home/push/readMessagedetail 200 3ms][http://localhost:8081/ HTTP/1.1 Mozilla/5.0 (X11; Linux x86_64) AppleWebKit/537.36 (KHTML, like Gecko) Chrome/73.0.3683.86 Safari/537.36]
[2020-03-08T04:43:49.154] [INFO] default - [::1 OPTIONS /home/push/findMessage 200 1ms][http://localhost:8081/ HTTP/1.1 Mozilla/5.0 (X11; Linux x86_64) AppleWebKit/537.36 (KHTML, like Gecko) Chrome/73.0.3683.86 Safari/537.36]
[2020-03-08T04:43:49.164] [INFO] default - [::1 POST /home/push/findMessage 200 4ms][http://localhost:8081/ HTTP/1.1 Mozilla/5.0 (X11; Linux x86_64) AppleWebKit/537.36 (KHTML, like Gecko) Chrome/73.0.3683.86 Safari/537.36]
[2020-03-08T04:43:50.506] [INFO] default - [::1 OPTIONS /home/push/readMessagedetail 200 1ms][http://localhost:8081/ HTTP/1.1 Mozilla/5.0 (X11; Linux x86_64) AppleWebKit/537.36 (KHTML, like Gecko) Chrome/73.0.3683.86 Safari/537.36]
[2020-03-08T04:43:50.512] [INFO] default - [::1 POST /home/push/readMessagedetail 200 1ms][http://localhost:8081/ HTTP/1.1 Mozilla/5.0 (X11; Linux x86_64) AppleWebKit/537.36 (KHTML, like Gecko) Chrome/73.0.3683.86 Safari/537.36]
[2020-03-08T04:44:04.381] [INFO] default - [::1 OPTIONS /home/push/readMessagedetail 200 1ms][http://localhost:8081/ HTTP/1.1 Mozilla/5.0 (X11; Linux x86_64) AppleWebKit/537.36 (KHTML, like Gecko) Chrome/73.0.3683.86 Safari/537.36]
[2020-03-08T04:44:04.399] [INFO] default - [::1 POST /home/push/readMessagedetail 200 2ms][http://localhost:8081/ HTTP/1.1 Mozilla/5.0 (X11; Linux x86_64) AppleWebKit/537.36 (KHTML, like Gecko) Chrome/73.0.3683.86 Safari/537.36]
[2020-03-08T04:44:29.238] [INFO] default - [::1 OPTIONS /home/push/findMessage 200 1ms][http://localhost:8081/ HTTP/1.1 Mozilla/5.0 (X11; Linux x86_64) AppleWebKit/537.36 (KHTML, like Gecko) Chrome/73.0.3683.86 Safari/537.36]
[2020-03-08T04:44:29.248] [INFO] default - [::1 POST /home/push/findMessage 200 6ms][http://localhost:8081/ HTTP/1.1 Mozilla/5.0 (X11; Linux x86_64) AppleWebKit/537.36 (KHTML, like Gecko) Chrome/73.0.3683.86 Safari/537.36]
[2020-03-08T04:44:30.419] [INFO] default - [::1 OPTIONS /home/push/readMessagedetail 200 0ms][http://localhost:8081/ HTTP/1.1 Mozilla/5.0 (X11; Linux x86_64) AppleWebKit/537.36 (KHTML, like Gecko) Chrome/73.0.3683.86 Safari/537.36]
[2020-03-08T04:44:30.425] [INFO] default - [::1 POST /home/push/readMessagedetail 200 2ms][http://localhost:8081/ HTTP/1.1 Mozilla/5.0 (X11; Linux x86_64) AppleWebKit/537.36 (KHTML, like Gecko) Chrome/73.0.3683.86 Safari/537.36]
[2020-03-08T04:50:17.367] [INFO] default - [::1 OPTIONS /home/push/findMessage 200 1ms][http://localhost:8081/ HTTP/1.1 Mozilla/5.0 (X11; Linux x86_64) AppleWebKit/537.36 (KHTML, like Gecko) Chrome/73.0.3683.86 Safari/537.36]
[2020-03-08T04:50:17.378] [INFO] default - [::1 POST /home/push/findMessage 200 7ms][http://localhost:8081/ HTTP/1.1 Mozilla/5.0 (X11; Linux x86_64) AppleWebKit/537.36 (KHTML, like Gecko) Chrome/73.0.3683.86 Safari/537.36]
[2020-03-08T04:50:18.751] [INFO] default - [::1 OPTIONS /home/push/readMessagedetail 200 1ms][http://localhost:8081/ HTTP/1.1 Mozilla/5.0 (X11; Linux x86_64) AppleWebKit/537.36 (KHTML, like Gecko) Chrome/73.0.3683.86 Safari/537.36]
[2020-03-08T04:50:18.756] [INFO] default - [::1 POST /home/push/readMessagedetail 200 2ms][http://localhost:8081/ HTTP/1.1 Mozilla/5.0 (X11; Linux x86_64) AppleWebKit/537.36 (KHTML, like Gecko) Chrome/73.0.3683.86 Safari/537.36]
[2020-03-08T04:51:25.604] [INFO] default - [::1 OPTIONS /home/push/findMessage 200 0ms][http://localhost:8081/ HTTP/1.1 Mozilla/5.0 (X11; Linux x86_64) AppleWebKit/537.36 (KHTML, like Gecko) Chrome/73.0.3683.86 Safari/537.36]
[2020-03-08T04:51:25.622] [INFO] default - [::1 POST /home/push/findMessage 200 6ms][http://localhost:8081/ HTTP/1.1 Mozilla/5.0 (X11; Linux x86_64) AppleWebKit/537.36 (KHTML, like Gecko) Chrome/73.0.3683.86 Safari/537.36]
[2020-03-08T04:51:26.928] [INFO] default - [::1 OPTIONS /home/push/readMessagedetail 200 1ms][http://localhost:8081/ HTTP/1.1 Mozilla/5.0 (X11; Linux x86_64) AppleWebKit/537.36 (KHTML, like Gecko) Chrome/73.0.3683.86 Safari/537.36]
[2020-03-08T04:51:26.935] [INFO] default - [::1 POST /home/push/readMessagedetail 200 2ms][http://localhost:8081/ HTTP/1.1 Mozilla/5.0 (X11; Linux x86_64) AppleWebKit/537.36 (KHTML, like Gecko) Chrome/73.0.3683.86 Safari/537.36]
[2020-03-08T04:52:22.362] [INFO] default - [::1 OPTIONS /home/push/findMessage 200 1ms][http://localhost:8081/ HTTP/1.1 Mozilla/5.0 (X11; Linux x86_64) AppleWebKit/537.36 (KHTML, like Gecko) Chrome/73.0.3683.86 Safari/537.36]
[2020-03-08T04:52:22.371] [INFO] default - [::1 POST /home/push/findMessage 200 5ms][http://localhost:8081/ HTTP/1.1 Mozilla/5.0 (X11; Linux x86_64) AppleWebKit/537.36 (KHTML, like Gecko) Chrome/73.0.3683.86 Safari/537.36]
[2020-03-08T04:52:24.511] [INFO] default - [::1 OPTIONS /home/push/readMessagedetail 200 1ms][http://localhost:8081/ HTTP/1.1 Mozilla/5.0 (X11; Linux x86_64) AppleWebKit/537.36 (KHTML, like Gecko) Chrome/73.0.3683.86 Safari/537.36]
[2020-03-08T04:52:24.517] [INFO] default - [::1 POST /home/push/readMessagedetail 200 4ms][http://localhost:8081/ HTTP/1.1 Mozilla/5.0 (X11; Linux x86_64) AppleWebKit/537.36 (KHTML, like Gecko) Chrome/73.0.3683.86 Safari/537.36]
[2020-03-08T04:53:28.533] [INFO] default - [::1 OPTIONS /home/push/findMessage 200 1ms][http://localhost:8081/ HTTP/1.1 Mozilla/5.0 (X11; Linux x86_64) AppleWebKit/537.36 (KHTML, like Gecko) Chrome/73.0.3683.86 Safari/537.36]
[2020-03-08T04:53:28.543] [INFO] default - [::1 POST /home/push/findMessage 200 4ms][http://localhost:8081/ HTTP/1.1 Mozilla/5.0 (X11; Linux x86_64) AppleWebKit/537.36 (KHTML, like Gecko) Chrome/73.0.3683.86 Safari/537.36]
[2020-03-08T04:53:29.834] [INFO] default - [::1 OPTIONS /home/push/readMessagedetail 200 0ms][http://localhost:8081/ HTTP/1.1 Mozilla/5.0 (X11; Linux x86_64) AppleWebKit/537.36 (KHTML, like Gecko) Chrome/73.0.3683.86 Safari/537.36]
[2020-03-08T04:53:29.840] [INFO] default - [::1 POST /home/push/readMessagedetail 200 1ms][http://localhost:8081/ HTTP/1.1 Mozilla/5.0 (X11; Linux x86_64) AppleWebKit/537.36 (KHTML, like Gecko) Chrome/73.0.3683.86 Safari/537.36]
[2020-03-08T04:55:14.422] [INFO] default - [::1 OPTIONS /home/push/findMessage 200 1ms][http://localhost:8081/ HTTP/1.1 Mozilla/5.0 (X11; Linux x86_64) AppleWebKit/537.36 (KHTML, like Gecko) Chrome/73.0.3683.86 Safari/537.36]
[2020-03-08T04:55:14.430] [INFO] default - [::1 POST /home/push/findMessage 200 4ms][http://localhost:8081/ HTTP/1.1 Mozilla/5.0 (X11; Linux x86_64) AppleWebKit/537.36 (KHTML, like Gecko) Chrome/73.0.3683.86 Safari/537.36]
[2020-03-08T04:55:15.784] [INFO] default - [::1 OPTIONS /home/push/readMessagedetail 200 1ms][http://localhost:8081/ HTTP/1.1 Mozilla/5.0 (X11; Linux x86_64) AppleWebKit/537.36 (KHTML, like Gecko) Chrome/73.0.3683.86 Safari/537.36]
[2020-03-08T04:55:15.791] [INFO] default - [::1 POST /home/push/readMessagedetail 200 2ms][http://localhost:8081/ HTTP/1.1 Mozilla/5.0 (X11; Linux x86_64) AppleWebKit/537.36 (KHTML, like Gecko) Chrome/73.0.3683.86 Safari/537.36]
[2020-03-08T04:55:38.788] [INFO] default - [::1 OPTIONS /home/push/findMessage 200 1ms][http://localhost:8081/ HTTP/1.1 Mozilla/5.0 (X11; Linux x86_64) AppleWebKit/537.36 (KHTML, like Gecko) Chrome/73.0.3683.86 Safari/537.36]
[2020-03-08T04:55:38.796] [INFO] default - [::1 POST /home/push/findMessage 200 4ms][http://localhost:8081/ HTTP/1.1 Mozilla/5.0 (X11; Linux x86_64) AppleWebKit/537.36 (KHTML, like Gecko) Chrome/73.0.3683.86 Safari/537.36]
[2020-03-08T04:55:40.023] [INFO] default - [::1 OPTIONS /home/push/readMessagedetail 200 1ms][http://localhost:8081/ HTTP/1.1 Mozilla/5.0 (X11; Linux x86_64) AppleWebKit/537.36 (KHTML, like Gecko) Chrome/73.0.3683.86 Safari/537.36]
[2020-03-08T04:55:40.028] [INFO] default - [::1 POST /home/push/readMessagedetail 200 3ms][http://localhost:8081/ HTTP/1.1 Mozilla/5.0 (X11; Linux x86_64) AppleWebKit/537.36 (KHTML, like Gecko) Chrome/73.0.3683.86 Safari/537.36]
[2020-03-08T04:56:23.813] [INFO] default - [::1 OPTIONS /home/push/findMessage 200 1ms][http://localhost:8081/ HTTP/1.1 Mozilla/5.0 (X11; Linux x86_64) AppleWebKit/537.36 (KHTML, like Gecko) Chrome/73.0.3683.86 Safari/537.36]
[2020-03-08T04:56:23.822] [INFO] default - [::1 POST /home/push/findMessage 200 4ms][http://localhost:8081/ HTTP/1.1 Mozilla/5.0 (X11; Linux x86_64) AppleWebKit/537.36 (KHTML, like Gecko) Chrome/73.0.3683.86 Safari/537.36]
[2020-03-08T04:56:25.328] [INFO] default - [::1 OPTIONS /home/push/readMessagedetail 200 1ms][http://localhost:8081/ HTTP/1.1 Mozilla/5.0 (X11; Linux x86_64) AppleWebKit/537.36 (KHTML, like Gecko) Chrome/73.0.3683.86 Safari/537.36]
[2020-03-08T04:56:25.335] [INFO] default - [::1 POST /home/push/readMessagedetail 200 1ms][http://localhost:8081/ HTTP/1.1 Mozilla/5.0 (X11; Linux x86_64) AppleWebKit/537.36 (KHTML, like Gecko) Chrome/73.0.3683.86 Safari/537.36]
[2020-03-08T04:57:40.667] [INFO] default - [::1 OPTIONS /home/push/findMessage 200 1ms][http://localhost:8081/ HTTP/1.1 Mozilla/5.0 (X11; Linux x86_64) AppleWebKit/537.36 (KHTML, like Gecko) Chrome/73.0.3683.86 Safari/537.36]
[2020-03-08T04:57:40.678] [INFO] default - [::1 POST /home/push/findMessage 200 6ms][http://localhost:8081/ HTTP/1.1 Mozilla/5.0 (X11; Linux x86_64) AppleWebKit/537.36 (KHTML, like Gecko) Chrome/73.0.3683.86 Safari/537.36]
[2020-03-08T04:57:42.166] [INFO] default - [::1 OPTIONS /home/push/readMessagedetail 200 1ms][http://localhost:8081/ HTTP/1.1 Mozilla/5.0 (X11; Linux x86_64) AppleWebKit/537.36 (KHTML, like Gecko) Chrome/73.0.3683.86 Safari/537.36]
[2020-03-08T04:57:42.173] [INFO] default - [::1 POST /home/push/readMessagedetail 200 3ms][http://localhost:8081/ HTTP/1.1 Mozilla/5.0 (X11; Linux x86_64) AppleWebKit/537.36 (KHTML, like Gecko) Chrome/73.0.3683.86 Safari/537.36]
[2020-03-08T05:05:21.576] [INFO] default - [::1 OPTIONS /home/login 200 1ms][http://localhost:8081/ HTTP/1.1 Mozilla/5.0 (X11; Linux x86_64) AppleWebKit/537.36 (KHTML, like Gecko) Chrome/73.0.3683.86 Safari/537.36]
[2020-03-08T05:05:21.589] [INFO] default - [::1 POST /home/login 200 9ms][http://localhost:8081/ HTTP/1.1 Mozilla/5.0 (X11; Linux x86_64) AppleWebKit/537.36 (KHTML, like Gecko) Chrome/73.0.3683.86 Safari/537.36]
[2020-03-08T05:05:21.593] [INFO] default - [::1 OPTIONS /home/push/querynum 200 0ms][http://localhost:8081/ HTTP/1.1 Mozilla/5.0 (X11; Linux x86_64) AppleWebKit/537.36 (KHTML, like Gecko) Chrome/73.0.3683.86 Safari/537.36]
[2020-03-08T05:05:21.599] [INFO] default - [::1 GET /home/push/querynum 304 3ms][http://localhost:8081/ HTTP/1.1 Mozilla/5.0 (X11; Linux x86_64) AppleWebKit/537.36 (KHTML, like Gecko) Chrome/73.0.3683.86 Safari/537.36]
[2020-03-08T05:06:06.708] [INFO] default - [::1 OPTIONS /home/login 200 1ms][http://localhost:8081/ HTTP/1.1 Mozilla/5.0 (X11; Linux x86_64) AppleWebKit/537.36 (KHTML, like Gecko) Chrome/73.0.3683.86 Safari/537.36]
[2020-03-08T05:06:06.716] [INFO] default - [::1 POST /home/login 200 5ms][http://localhost:8081/ HTTP/1.1 Mozilla/5.0 (X11; Linux x86_64) AppleWebKit/537.36 (KHTML, like Gecko) Chrome/73.0.3683.86 Safari/537.36]
[2020-03-08T05:06:06.719] [INFO] default - [::1 OPTIONS /home/push/querynum 200 0ms][http://localhost:8081/ HTTP/1.1 Mozilla/5.0 (X11; Linux x86_64) AppleWebKit/537.36 (KHTML, like Gecko) Chrome/73.0.3683.86 Safari/537.36]
[2020-03-08T05:06:06.724] [INFO] default - [::1 GET /home/push/querynum 304 2ms][http://localhost:8081/ HTTP/1.1 Mozilla/5.0 (X11; Linux x86_64) AppleWebKit/537.36 (KHTML, like Gecko) Chrome/73.0.3683.86 Safari/537.36]
[2020-03-08T05:06:53.458] [INFO] default - [::1 OPTIONS /home/push/findMessage 200 1ms][http://localhost:8081/ HTTP/1.1 Mozilla/5.0 (X11; Linux x86_64) AppleWebKit/537.36 (KHTML, like Gecko) Chrome/73.0.3683.86 Safari/537.36]
[2020-03-08T05:06:53.476] [INFO] default - [::1 POST /home/push/findMessage 200 7ms][http://localhost:8081/ HTTP/1.1 Mozilla/5.0 (X11; Linux x86_64) AppleWebKit/537.36 (KHTML, like Gecko) Chrome/73.0.3683.86 Safari/537.36]
[2020-03-08T05:06:54.936] [INFO] default - [::1 OPTIONS /home/push/readMessagedetail 200 1ms][http://localhost:8081/ HTTP/1.1 Mozilla/5.0 (X11; Linux x86_64) AppleWebKit/537.36 (KHTML, like Gecko) Chrome/73.0.3683.86 Safari/537.36]
[2020-03-08T05:06:54.954] [INFO] default - [::1 POST /home/push/readMessagedetail 200 3ms][http://localhost:8081/ HTTP/1.1 Mozilla/5.0 (X11; Linux x86_64) AppleWebKit/537.36 (KHTML, like Gecko) Chrome/73.0.3683.86 Safari/537.36]
[2020-03-08T05:09:15.415] [INFO] default - [::1 OPTIONS /home/push/findMessage 200 0ms][http://localhost:8081/ HTTP/1.1 Mozilla/5.0 (X11; Linux x86_64) AppleWebKit/537.36 (KHTML, like Gecko) Chrome/73.0.3683.86 Safari/537.36]
[2020-03-08T05:09:15.424] [INFO] default - [::1 POST /home/push/findMessage 200 6ms][http://localhost:8081/ HTTP/1.1 Mozilla/5.0 (X11; Linux x86_64) AppleWebKit/537.36 (KHTML, like Gecko) Chrome/73.0.3683.86 Safari/537.36]
[2020-03-08T05:09:19.296] [INFO] default - [::1 OPTIONS /home/push/readMessagedetail 200 1ms][http://localhost:8081/ HTTP/1.1 Mozilla/5.0 (X11; Linux x86_64) AppleWebKit/537.36 (KHTML, like Gecko) Chrome/73.0.3683.86 Safari/537.36]
[2020-03-08T05:09:19.303] [INFO] default - [::1 POST /home/push/readMessagedetail 200 3ms][http://localhost:8081/ HTTP/1.1 Mozilla/5.0 (X11; Linux x86_64) AppleWebKit/537.36 (KHTML, like Gecko) Chrome/73.0.3683.86 Safari/537.36]
[2020-03-08T05:09:32.306] [INFO] default - [::1 OPTIONS /home/push/findMessage 200 1ms][http://localhost:8081/ HTTP/1.1 Mozilla/5.0 (X11; Linux x86_64) AppleWebKit/537.36 (KHTML, like Gecko) Chrome/73.0.3683.86 Safari/537.36]
[2020-03-08T05:09:32.316] [INFO] default - [::1 POST /home/push/findMessage 200 5ms][http://localhost:8081/ HTTP/1.1 Mozilla/5.0 (X11; Linux x86_64) AppleWebKit/537.36 (KHTML, like Gecko) Chrome/73.0.3683.86 Safari/537.36]
[2020-03-08T05:09:33.568] [INFO] default - [::1 OPTIONS /home/push/readMessagedetail 200 0ms][http://localhost:8081/ HTTP/1.1 Mozilla/5.0 (X11; Linux x86_64) AppleWebKit/537.36 (KHTML, like Gecko) Chrome/73.0.3683.86 Safari/537.36]
[2020-03-08T05:09:33.574] [INFO] default - [::1 POST /home/push/readMessagedetail 200 2ms][http://localhost:8081/ HTTP/1.1 Mozilla/5.0 (X11; Linux x86_64) AppleWebKit/537.36 (KHTML, like Gecko) Chrome/73.0.3683.86 Safari/537.36]
[2020-03-08T05:09:40.740] [INFO] default - [::1 OPTIONS /home/push/findMessage 200 0ms][http://localhost:8081/ HTTP/1.1 Mozilla/5.0 (X11; Linux x86_64) AppleWebKit/537.36 (KHTML, like Gecko) Chrome/73.0.3683.86 Safari/537.36]
[2020-03-08T05:09:40.748] [INFO] default - [::1 POST /home/push/findMessage 200 5ms][http://localhost:8081/ HTTP/1.1 Mozilla/5.0 (X11; Linux x86_64) AppleWebKit/537.36 (KHTML, like Gecko) Chrome/73.0.3683.86 Safari/537.36]
[2020-03-08T05:09:42.131] [INFO] default - [::1 OPTIONS /home/push/readMessagedetail 200 1ms][http://localhost:8081/ HTTP/1.1 Mozilla/5.0 (X11; Linux x86_64) AppleWebKit/537.36 (KHTML, like Gecko) Chrome/73.0.3683.86 Safari/537.36]
[2020-03-08T05:09:42.137] [INFO] default - [::1 POST /home/push/readMessagedetail 200 2ms][http://localhost:8081/ HTTP/1.1 Mozilla/5.0 (X11; Linux x86_64) AppleWebKit/537.36 (KHTML, like Gecko) Chrome/73.0.3683.86 Safari/537.36]
[2020-03-08T05:10:33.673] [INFO] default - [::1 OPTIONS /home/push/findMessage 200 1ms][http://localhost:8081/ HTTP/1.1 Mozilla/5.0 (X11; Linux x86_64) AppleWebKit/537.36 (KHTML, like Gecko) Chrome/73.0.3683.86 Safari/537.36]
[2020-03-08T05:10:33.683] [INFO] default - [::1 POST /home/push/findMessage 200 5ms][http://localhost:8081/ HTTP/1.1 Mozilla/5.0 (X11; Linux x86_64) AppleWebKit/537.36 (KHTML, like Gecko) Chrome/73.0.3683.86 Safari/537.36]
[2020-03-08T05:10:34.731] [INFO] default - [::1 OPTIONS /home/push/readMessagedetail 200 0ms][http://localhost:8081/ HTTP/1.1 Mozilla/5.0 (X11; Linux x86_64) AppleWebKit/537.36 (KHTML, like Gecko) Chrome/73.0.3683.86 Safari/537.36]
[2020-03-08T05:10:34.738] [INFO] default - [::1 POST /home/push/readMessagedetail 200 2ms][http://localhost:8081/ HTTP/1.1 Mozilla/5.0 (X11; Linux x86_64) AppleWebKit/537.36 (KHTML, like Gecko) Chrome/73.0.3683.86 Safari/537.36]
[2020-03-08T05:11:56.887] [INFO] default - [::1 OPTIONS /home/push/readMessagedetail 200 1ms][http://localhost:8081/ HTTP/1.1 Mozilla/5.0 (X11; Linux x86_64) AppleWebKit/537.36 (KHTML, like Gecko) Chrome/73.0.3683.86 Safari/537.36]
[2020-03-08T05:11:56.908] [INFO] default - [::1 POST /home/push/readMessagedetail 200 3ms][http://localhost:8081/ HTTP/1.1 Mozilla/5.0 (X11; Linux x86_64) AppleWebKit/537.36 (KHTML, like Gecko) Chrome/73.0.3683.86 Safari/537.36]
[2020-03-08T05:12:04.682] [INFO] default - [::1 OPTIONS /home/push/readMessagedetail 200 1ms][http://localhost:8081/ HTTP/1.1 Mozilla/5.0 (X11; Linux x86_64) AppleWebKit/537.36 (KHTML, like Gecko) Chrome/73.0.3683.86 Safari/537.36]
[2020-03-08T05:12:04.812] [INFO] default - [::1 POST /home/push/readMessagedetail 200 2ms][http://localhost:8081/ HTTP/1.1 Mozilla/5.0 (X11; Linux x86_64) AppleWebKit/537.36 (KHTML, like Gecko) Chrome/73.0.3683.86 Safari/537.36]
[2020-03-08T05:12:17.321] [INFO] default - [::1 OPTIONS /home/push/findMessage 200 1ms][http://localhost:8081/ HTTP/1.1 Mozilla/5.0 (X11; Linux x86_64) AppleWebKit/537.36 (KHTML, like Gecko) Chrome/73.0.3683.86 Safari/537.36]
[2020-03-08T05:12:17.331] [INFO] default - [::1 POST /home/push/findMessage 200 5ms][http://localhost:8081/ HTTP/1.1 Mozilla/5.0 (X11; Linux x86_64) AppleWebKit/537.36 (KHTML, like Gecko) Chrome/73.0.3683.86 Safari/537.36]
[2020-03-08T05:12:18.687] [INFO] default - [::1 OPTIONS /home/push/readMessagedetail 200 1ms][http://localhost:8081/ HTTP/1.1 Mozilla/5.0 (X11; Linux x86_64) AppleWebKit/537.36 (KHTML, like Gecko) Chrome/73.0.3683.86 Safari/537.36]
[2020-03-08T05:12:18.694] [INFO] default - [::1 POST /home/push/readMessagedetail 200 4ms][http://localhost:8081/ HTTP/1.1 Mozilla/5.0 (X11; Linux x86_64) AppleWebKit/537.36 (KHTML, like Gecko) Chrome/73.0.3683.86 Safari/537.36]
[2020-03-08T05:17:34.265] [INFO] default - [::1 OPTIONS /home/push/readMessagedetail 200 0ms][http://localhost:8081/ HTTP/1.1 Mozilla/5.0 (X11; Linux x86_64) AppleWebKit/537.36 (KHTML, like Gecko) Chrome/73.0.3683.86 Safari/537.36]
[2020-03-08T05:17:34.288] [INFO] default - [::1 POST /home/push/readMessagedetail 200 2ms][http://localhost:8081/ HTTP/1.1 Mozilla/5.0 (X11; Linux x86_64) AppleWebKit/537.36 (KHTML, like Gecko) Chrome/73.0.3683.86 Safari/537.36]
[2020-03-08T05:21:07.531] [INFO] default - [::1 OPTIONS /home/push/findMessage 200 0ms][http://localhost:8081/ HTTP/1.1 Mozilla/5.0 (X11; Linux x86_64) AppleWebKit/537.36 (KHTML, like Gecko) Chrome/73.0.3683.86 Safari/537.36]
[2020-03-08T05:21:07.540] [INFO] default - [::1 POST /home/push/findMessage 200 5ms][http://localhost:8081/ HTTP/1.1 Mozilla/5.0 (X11; Linux x86_64) AppleWebKit/537.36 (KHTML, like Gecko) Chrome/73.0.3683.86 Safari/537.36]
[2020-03-08T05:21:09.078] [INFO] default - [::1 OPTIONS /home/push/readMessagedetail 200 1ms][http://localhost:8081/ HTTP/1.1 Mozilla/5.0 (X11; Linux x86_64) AppleWebKit/537.36 (KHTML, like Gecko) Chrome/73.0.3683.86 Safari/537.36]
[2020-03-08T05:21:09.086] [INFO] default - [::1 POST /home/push/readMessagedetail 200 3ms][http://localhost:8081/ HTTP/1.1 Mozilla/5.0 (X11; Linux x86_64) AppleWebKit/537.36 (KHTML, like Gecko) Chrome/73.0.3683.86 Safari/537.36]
[2020-03-08T05:22:05.004] [INFO] default - [::1 OPTIONS /home/push/findMessage 200 1ms][http://localhost:8081/ HTTP/1.1 Mozilla/5.0 (X11; Linux x86_64) AppleWebKit/537.36 (KHTML, like Gecko) Chrome/73.0.3683.86 Safari/537.36]
[2020-03-08T05:22:05.013] [INFO] default - [::1 POST /home/push/findMessage 200 5ms][http://localhost:8081/ HTTP/1.1 Mozilla/5.0 (X11; Linux x86_64) AppleWebKit/537.36 (KHTML, like Gecko) Chrome/73.0.3683.86 Safari/537.36]
[2020-03-08T05:22:06.151] [INFO] default - [::1 OPTIONS /home/push/readMessagedetail 200 0ms][http://localhost:8081/ HTTP/1.1 Mozilla/5.0 (X11; Linux x86_64) AppleWebKit/537.36 (KHTML, like Gecko) Chrome/73.0.3683.86 Safari/537.36]
[2020-03-08T05:22:06.158] [INFO] default - [::1 POST /home/push/readMessagedetail 200 3ms][http://localhost:8081/ HTTP/1.1 Mozilla/5.0 (X11; Linux x86_64) AppleWebKit/537.36 (KHTML, like Gecko) Chrome/73.0.3683.86 Safari/537.36]
[2020-03-08T05:22:23.478] [INFO] default - [::1 OPTIONS /home/login 200 1ms][http://localhost:8081/ HTTP/1.1 Mozilla/5.0 (X11; Linux x86_64) AppleWebKit/537.36 (KHTML, like Gecko) Chrome/73.0.3683.86 Safari/537.36]
[2020-03-08T05:22:23.485] [INFO] default - [::1 POST /home/login 200 3ms][http://localhost:8081/ HTTP/1.1 Mozilla/5.0 (X11; Linux x86_64) AppleWebKit/537.36 (KHTML, like Gecko) Chrome/73.0.3683.86 Safari/537.36]
[2020-03-08T05:22:23.489] [INFO] default - [::1 OPTIONS /home/push/querynum 200 1ms][http://localhost:8081/ HTTP/1.1 Mozilla/5.0 (X11; Linux x86_64) AppleWebKit/537.36 (KHTML, like Gecko) Chrome/73.0.3683.86 Safari/537.36]
[2020-03-08T05:22:23.493] [INFO] default - [::1 GET /home/push/querynum 304 2ms][http://localhost:8081/ HTTP/1.1 Mozilla/5.0 (X11; Linux x86_64) AppleWebKit/537.36 (KHTML, like Gecko) Chrome/73.0.3683.86 Safari/537.36]
[2020-03-08T05:22:26.121] [INFO] default - [::1 POST /home/login 200 5ms][http://localhost:8081/ HTTP/1.1 Mozilla/5.0 (X11; Linux x86_64) AppleWebKit/537.36 (KHTML, like Gecko) Chrome/73.0.3683.86 Safari/537.36]
[2020-03-08T05:22:26.124] [INFO] default - [::1 GET /home/push/querynum 304 1ms][http://localhost:8081/ HTTP/1.1 Mozilla/5.0 (X11; Linux x86_64) AppleWebKit/537.36 (KHTML, like Gecko) Chrome/73.0.3683.86 Safari/537.36]
[2020-03-08T05:22:36.261] [INFO] default - [::1 OPTIONS /home/login 200 1ms][http://localhost:8081/ HTTP/1.1 Mozilla/5.0 (X11; Linux x86_64) AppleWebKit/537.36 (KHTML, like Gecko) Chrome/73.0.3683.86 Safari/537.36]
[2020-03-08T05:22:36.268] [INFO] default - [::1 POST /home/login 200 4ms][http://localhost:8081/ HTTP/1.1 Mozilla/5.0 (X11; Linux x86_64) AppleWebKit/537.36 (KHTML, like Gecko) Chrome/73.0.3683.86 Safari/537.36]
[2020-03-08T05:22:36.271] [INFO] default - [::1 OPTIONS /home/push/querynum 200 0ms][http://localhost:8081/ HTTP/1.1 Mozilla/5.0 (X11; Linux x86_64) AppleWebKit/537.36 (KHTML, like Gecko) Chrome/73.0.3683.86 Safari/537.36]
[2020-03-08T05:22:36.275] [INFO] default - [::1 GET /home/push/querynum 304 1ms][http://localhost:8081/ HTTP/1.1 Mozilla/5.0 (X11; Linux x86_64) AppleWebKit/537.36 (KHTML, like Gecko) Chrome/73.0.3683.86 Safari/537.36]
[2020-03-08T05:24:58.206] [INFO] default - [::1 OPTIONS /home/login 200 1ms][http://localhost:8081/ HTTP/1.1 Mozilla/5.0 (X11; Linux x86_64) AppleWebKit/537.36 (KHTML, like Gecko) Chrome/73.0.3683.86 Safari/537.36]
[2020-03-08T05:24:58.213] [INFO] default - [::1 POST /home/login 200 4ms][http://localhost:8081/ HTTP/1.1 Mozilla/5.0 (X11; Linux x86_64) AppleWebKit/537.36 (KHTML, like Gecko) Chrome/73.0.3683.86 Safari/537.36]
[2020-03-08T05:24:58.216] [INFO] default - [::1 OPTIONS /home/push/querynum 200 1ms][http://localhost:8081/ HTTP/1.1 Mozilla/5.0 (X11; Linux x86_64) AppleWebKit/537.36 (KHTML, like Gecko) Chrome/73.0.3683.86 Safari/537.36]
[2020-03-08T05:24:58.219] [INFO] default - [::1 GET /home/push/querynum 304 2ms][http://localhost:8081/ HTTP/1.1 Mozilla/5.0 (X11; Linux x86_64) AppleWebKit/537.36 (KHTML, like Gecko) Chrome/73.0.3683.86 Safari/537.36]
[2020-03-08T05:27:28.952] [INFO] default - [::1 OPTIONS /home/push/findMessage 200 1ms][http://localhost:8081/ HTTP/1.1 Mozilla/5.0 (X11; Linux x86_64) AppleWebKit/537.36 (KHTML, like Gecko) Chrome/73.0.3683.86 Safari/537.36]
[2020-03-08T05:27:28.961] [INFO] default - [::1 POST /home/push/findMessage 200 5ms][http://localhost:8081/ HTTP/1.1 Mozilla/5.0 (X11; Linux x86_64) AppleWebKit/537.36 (KHTML, like Gecko) Chrome/73.0.3683.86 Safari/537.36]
[2020-03-08T05:27:30.268] [INFO] default - [::1 OPTIONS /home/push/readMessagedetail 200 1ms][http://localhost:8081/ HTTP/1.1 Mozilla/5.0 (X11; Linux x86_64) AppleWebKit/537.36 (KHTML, like Gecko) Chrome/73.0.3683.86 Safari/537.36]
[2020-03-08T05:27:30.277] [INFO] default - [::1 POST /home/push/readMessagedetail 200 3ms][http://localhost:8081/ HTTP/1.1 Mozilla/5.0 (X11; Linux x86_64) AppleWebKit/537.36 (KHTML, like Gecko) Chrome/73.0.3683.86 Safari/537.36]
[2020-03-08T05:27:33.550] [INFO] default - [::1 OPTIONS /home/login 200 1ms][http://localhost:8081/ HTTP/1.1 Mozilla/5.0 (X11; Linux x86_64) AppleWebKit/537.36 (KHTML, like Gecko) Chrome/73.0.3683.86 Safari/537.36]
[2020-03-08T05:27:33.556] [INFO] default - [::1 POST /home/login 200 3ms][http://localhost:8081/ HTTP/1.1 Mozilla/5.0 (X11; Linux x86_64) AppleWebKit/537.36 (KHTML, like Gecko) Chrome/73.0.3683.86 Safari/537.36]
[2020-03-08T05:27:33.560] [INFO] default - [::1 OPTIONS /home/push/querynum 200 0ms][http://localhost:8081/ HTTP/1.1 Mozilla/5.0 (X11; Linux x86_64) AppleWebKit/537.36 (KHTML, like Gecko) Chrome/73.0.3683.86 Safari/537.36]
[2020-03-08T05:27:33.563] [INFO] default - [::1 GET /home/push/querynum 304 2ms][http://localhost:8081/ HTTP/1.1 Mozilla/5.0 (X11; Linux x86_64) AppleWebKit/537.36 (KHTML, like Gecko) Chrome/73.0.3683.86 Safari/537.36]
[2020-03-08T05:29:03.174] [INFO] default - [::1 OPTIONS /home/push/findMessage 200 1ms][http://localhost:8081/ HTTP/1.1 Mozilla/5.0 (X11; Linux x86_64) AppleWebKit/537.36 (KHTML, like Gecko) Chrome/73.0.3683.86 Safari/537.36]
[2020-03-08T05:29:03.186] [INFO] default - [::1 POST /home/push/findMessage 200 5ms][http://localhost:8081/ HTTP/1.1 Mozilla/5.0 (X11; Linux x86_64) AppleWebKit/537.36 (KHTML, like Gecko) Chrome/73.0.3683.86 Safari/537.36]
[2020-03-08T05:29:04.191] [INFO] default - [::1 OPTIONS /home/push/readMessagedetail 200 0ms][http://localhost:8081/ HTTP/1.1 Mozilla/5.0 (X11; Linux x86_64) AppleWebKit/537.36 (KHTML, like Gecko) Chrome/73.0.3683.86 Safari/537.36]
[2020-03-08T05:29:04.198] [INFO] default - [::1 POST /home/push/readMessagedetail 200 2ms][http://localhost:8081/ HTTP/1.1 Mozilla/5.0 (X11; Linux x86_64) AppleWebKit/537.36 (KHTML, like Gecko) Chrome/73.0.3683.86 Safari/537.36]
[2020-03-08T05:29:05.687] [INFO] default - [::1 OPTIONS /home/login 200 0ms][http://localhost:8081/ HTTP/1.1 Mozilla/5.0 (X11; Linux x86_64) AppleWebKit/537.36 (KHTML, like Gecko) Chrome/73.0.3683.86 Safari/537.36]
[2020-03-08T05:29:05.694] [INFO] default - [::1 POST /home/login 200 4ms][http://localhost:8081/ HTTP/1.1 Mozilla/5.0 (X11; Linux x86_64) AppleWebKit/537.36 (KHTML, like Gecko) Chrome/73.0.3683.86 Safari/537.36]
[2020-03-08T05:29:05.698] [INFO] default - [::1 OPTIONS /home/push/querynum 200 0ms][http://localhost:8081/ HTTP/1.1 Mozilla/5.0 (X11; Linux x86_64) AppleWebKit/537.36 (KHTML, like Gecko) Chrome/73.0.3683.86 Safari/537.36]
[2020-03-08T05:29:05.701] [INFO] default - [::1 GET /home/push/querynum 304 2ms][http://localhost:8081/ HTTP/1.1 Mozilla/5.0 (X11; Linux x86_64) AppleWebKit/537.36 (KHTML, like Gecko) Chrome/73.0.3683.86 Safari/537.36]
[2020-03-08T05:29:05.714] [INFO] default - [::1 POST /home/push/readMessagedetail 200 2ms][http://localhost:8081/ HTTP/1.1 Mozilla/5.0 (X11; Linux x86_64) AppleWebKit/537.36 (KHTML, like Gecko) Chrome/73.0.3683.86 Safari/537.36]
[2020-03-08T05:29:08.354] [INFO] default - [::1 POST /home/login 200 5ms][http://localhost:8081/ HTTP/1.1 Mozilla/5.0 (X11; Linux x86_64) AppleWebKit/537.36 (KHTML, like Gecko) Chrome/73.0.3683.86 Safari/537.36]
[2020-03-08T05:29:08.359] [INFO] default - [::1 GET /home/push/querynum 304 2ms][http://localhost:8081/ HTTP/1.1 Mozilla/5.0 (X11; Linux x86_64) AppleWebKit/537.36 (KHTML, like Gecko) Chrome/73.0.3683.86 Safari/537.36]
[2020-03-08T05:29:08.375] [INFO] default - [::1 POST /home/push/readMessagedetail 200 3ms][http://localhost:8081/ HTTP/1.1 Mozilla/5.0 (X11; Linux x86_64) AppleWebKit/537.36 (KHTML, like Gecko) Chrome/73.0.3683.86 Safari/537.36]
[2020-03-08T05:29:49.414] [INFO] default - [::1 OPTIONS /home/login 200 1ms][http://localhost:8081/ HTTP/1.1 Mozilla/5.0 (X11; Linux x86_64) AppleWebKit/537.36 (KHTML, like Gecko) Chrome/73.0.3683.86 Safari/537.36]
[2020-03-08T05:29:49.422] [INFO] default - [::1 POST /home/login 200 5ms][http://localhost:8081/ HTTP/1.1 Mozilla/5.0 (X11; Linux x86_64) AppleWebKit/537.36 (KHTML, like Gecko) Chrome/73.0.3683.86 Safari/537.36]
[2020-03-08T05:29:49.425] [INFO] default - [::1 OPTIONS /home/push/querynum 200 1ms][http://localhost:8081/ HTTP/1.1 Mozilla/5.0 (X11; Linux x86_64) AppleWebKit/537.36 (KHTML, like Gecko) Chrome/73.0.3683.86 Safari/537.36]
[2020-03-08T05:29:49.430] [INFO] default - [::1 GET /home/push/querynum 304 2ms][http://localhost:8081/ HTTP/1.1 Mozilla/5.0 (X11; Linux x86_64) AppleWebKit/537.36 (KHTML, like Gecko) Chrome/73.0.3683.86 Safari/537.36]
[2020-03-08T05:29:49.444] [INFO] default - [::1 OPTIONS /home/push/readMessagedetail 200 1ms][http://localhost:8081/ HTTP/1.1 Mozilla/5.0 (X11; Linux x86_64) AppleWebKit/537.36 (KHTML, like Gecko) Chrome/73.0.3683.86 Safari/537.36]
[2020-03-08T05:29:49.450] [INFO] default - [::1 POST /home/push/readMessagedetail 200 2ms][http://localhost:8081/ HTTP/1.1 Mozilla/5.0 (X11; Linux x86_64) AppleWebKit/537.36 (KHTML, like Gecko) Chrome/73.0.3683.86 Safari/537.36]
[2020-03-08T05:29:51.146] [INFO] default - [::1 POST /home/login 200 5ms][http://localhost:8081/ HTTP/1.1 Mozilla/5.0 (X11; Linux x86_64) AppleWebKit/537.36 (KHTML, like Gecko) Chrome/73.0.3683.86 Safari/537.36]
[2020-03-08T05:29:51.151] [INFO] default - [::1 GET /home/push/querynum 304 2ms][http://localhost:8081/ HTTP/1.1 Mozilla/5.0 (X11; Linux x86_64) AppleWebKit/537.36 (KHTML, like Gecko) Chrome/73.0.3683.86 Safari/537.36]
[2020-03-08T05:29:51.165] [INFO] default - [::1 POST /home/push/readMessagedetail 200 2ms][http://localhost:8081/ HTTP/1.1 Mozilla/5.0 (X11; Linux x86_64) AppleWebKit/537.36 (KHTML, like Gecko) Chrome/73.0.3683.86 Safari/537.36]
[2020-03-08T05:29:52.388] [INFO] default - [::1 POST /home/login 200 4ms][http://localhost:8081/ HTTP/1.1 Mozilla/5.0 (X11; Linux x86_64) AppleWebKit/537.36 (KHTML, like Gecko) Chrome/73.0.3683.86 Safari/537.36]
[2020-03-08T05:29:52.393] [INFO] default - [::1 GET /home/push/querynum 304 2ms][http://localhost:8081/ HTTP/1.1 Mozilla/5.0 (X11; Linux x86_64) AppleWebKit/537.36 (KHTML, like Gecko) Chrome/73.0.3683.86 Safari/537.36]
[2020-03-08T05:29:52.411] [INFO] default - [::1 POST /home/push/readMessagedetail 200 4ms][http://localhost:8081/ HTTP/1.1 Mozilla/5.0 (X11; Linux x86_64) AppleWebKit/537.36 (KHTML, like Gecko) Chrome/73.0.3683.86 Safari/537.36]
[2020-03-08T05:30:42.409] [INFO] default - [::1 OPTIONS /home/push/findMessage 200 1ms][http://localhost:8081/ HTTP/1.1 Mozilla/5.0 (X11; Linux x86_64) AppleWebKit/537.36 (KHTML, like Gecko) Chrome/73.0.3683.86 Safari/537.36]
[2020-03-08T05:30:42.421] [INFO] default - [::1 POST /home/push/findMessage 200 8ms][http://localhost:8081/ HTTP/1.1 Mozilla/5.0 (X11; Linux x86_64) AppleWebKit/537.36 (KHTML, like Gecko) Chrome/73.0.3683.86 Safari/537.36]
[2020-03-08T05:30:43.715] [INFO] default - [::1 OPTIONS /home/push/readMessagedetail 200 1ms][http://localhost:8081/ HTTP/1.1 Mozilla/5.0 (X11; Linux x86_64) AppleWebKit/537.36 (KHTML, like Gecko) Chrome/73.0.3683.86 Safari/537.36]
[2020-03-08T05:30:43.721] [INFO] default - [::1 POST /home/push/readMessagedetail 200 2ms][http://localhost:8081/ HTTP/1.1 Mozilla/5.0 (X11; Linux x86_64) AppleWebKit/537.36 (KHTML, like Gecko) Chrome/73.0.3683.86 Safari/537.36]
[2020-03-08T05:30:45.600] [INFO] default - [::1 OPTIONS /home/login 200 1ms][http://localhost:8081/ HTTP/1.1 Mozilla/5.0 (X11; Linux x86_64) AppleWebKit/537.36 (KHTML, like Gecko) Chrome/73.0.3683.86 Safari/537.36]
[2020-03-08T05:30:45.606] [INFO] default - [::1 POST /home/login 200 2ms][http://localhost:8081/ HTTP/1.1 Mozilla/5.0 (X11; Linux x86_64) AppleWebKit/537.36 (KHTML, like Gecko) Chrome/73.0.3683.86 Safari/537.36]
[2020-03-08T05:30:45.610] [INFO] default - [::1 OPTIONS /home/push/querynum 200 1ms][http://localhost:8081/ HTTP/1.1 Mozilla/5.0 (X11; Linux x86_64) AppleWebKit/537.36 (KHTML, like Gecko) Chrome/73.0.3683.86 Safari/537.36]
[2020-03-08T05:30:45.615] [INFO] default - [::1 GET /home/push/querynum 304 4ms][http://localhost:8081/ HTTP/1.1 Mozilla/5.0 (X11; Linux x86_64) AppleWebKit/537.36 (KHTML, like Gecko) Chrome/73.0.3683.86 Safari/537.36]
[2020-03-08T05:30:45.628] [INFO] default - [::1 POST /home/push/readMessagedetail 200 2ms][http://localhost:8081/ HTTP/1.1 Mozilla/5.0 (X11; Linux x86_64) AppleWebKit/537.36 (KHTML, like Gecko) Chrome/73.0.3683.86 Safari/537.36]
[2020-03-08T05:30:46.931] [INFO] default - [::1 POST /home/login 200 4ms][http://localhost:8081/ HTTP/1.1 Mozilla/5.0 (X11; Linux x86_64) AppleWebKit/537.36 (KHTML, like Gecko) Chrome/73.0.3683.86 Safari/537.36]
[2020-03-08T05:30:46.936] [INFO] default - [::1 GET /home/push/querynum 304 2ms][http://localhost:8081/ HTTP/1.1 Mozilla/5.0 (X11; Linux x86_64) AppleWebKit/537.36 (KHTML, like Gecko) Chrome/73.0.3683.86 Safari/537.36]
[2020-03-08T05:30:46.948] [INFO] default - [::1 POST /home/push/readMessagedetail 200 3ms][http://localhost:8081/ HTTP/1.1 Mozilla/5.0 (X11; Linux x86_64) AppleWebKit/537.36 (KHTML, like Gecko) Chrome/73.0.3683.86 Safari/537.36]
[2020-03-08T05:30:47.845] [INFO] default - [::1 POST /home/login 200 4ms][http://localhost:8081/ HTTP/1.1 Mozilla/5.0 (X11; Linux x86_64) AppleWebKit/537.36 (KHTML, like Gecko) Chrome/73.0.3683.86 Safari/537.36]
[2020-03-08T05:30:47.850] [INFO] default - [::1 GET /home/push/querynum 304 1ms][http://localhost:8081/ HTTP/1.1 Mozilla/5.0 (X11; Linux x86_64) AppleWebKit/537.36 (KHTML, like Gecko) Chrome/73.0.3683.86 Safari/537.36]
[2020-03-08T05:30:47.863] [INFO] default - [::1 POST /home/push/readMessagedetail 200 3ms][http://localhost:8081/ HTTP/1.1 Mozilla/5.0 (X11; Linux x86_64) AppleWebKit/537.36 (KHTML, like Gecko) Chrome/73.0.3683.86 Safari/537.36]
[2020-03-08T05:31:43.523] [INFO] default - [::1 OPTIONS /home/login 200 6ms][http://localhost:8081/ HTTP/1.1 Mozilla/5.0 (X11; Linux x86_64) AppleWebKit/537.36 (KHTML, like Gecko) Chrome/73.0.3683.86 Safari/537.36]
[2020-03-08T05:31:43.558] [INFO] default - [::1 POST /home/login 200 33ms][http://localhost:8081/ HTTP/1.1 Mozilla/5.0 (X11; Linux x86_64) AppleWebKit/537.36 (KHTML, like Gecko) Chrome/73.0.3683.86 Safari/537.36]
[2020-03-08T05:31:43.562] [INFO] default - [::1 OPTIONS /home/push/querynum 200 1ms][http://localhost:8081/ HTTP/1.1 Mozilla/5.0 (X11; Linux x86_64) AppleWebKit/537.36 (KHTML, like Gecko) Chrome/73.0.3683.86 Safari/537.36]
[2020-03-08T05:31:43.573] [INFO] default - [::1 GET /home/push/querynum 304 9ms][http://localhost:8081/ HTTP/1.1 Mozilla/5.0 (X11; Linux x86_64) AppleWebKit/537.36 (KHTML, like Gecko) Chrome/73.0.3683.86 Safari/537.36]
[2020-03-08T05:31:43.594] [INFO] default - [::1 OPTIONS /home/push/readMessagedetail 200 1ms][http://localhost:8081/ HTTP/1.1 Mozilla/5.0 (X11; Linux x86_64) AppleWebKit/537.36 (KHTML, like Gecko) Chrome/73.0.3683.86 Safari/537.36]
[2020-03-08T05:31:43.601] [INFO] default - [::1 POST /home/push/readMessagedetail 200 4ms][http://localhost:8081/ HTTP/1.1 Mozilla/5.0 (X11; Linux x86_64) AppleWebKit/537.36 (KHTML, like Gecko) Chrome/73.0.3683.86 Safari/537.36]
[2020-03-08T05:32:15.938] [INFO] default - [::1 OPTIONS /home/login 200 1ms][http://localhost:8081/ HTTP/1.1 Mozilla/5.0 (X11; Linux x86_64) AppleWebKit/537.36 (KHTML, like Gecko) Chrome/73.0.3683.86 Safari/537.36]
[2020-03-08T05:32:15.947] [INFO] default - [::1 POST /home/login 200 6ms][http://localhost:8081/ HTTP/1.1 Mozilla/5.0 (X11; Linux x86_64) AppleWebKit/537.36 (KHTML, like Gecko) Chrome/73.0.3683.86 Safari/537.36]
[2020-03-08T05:32:15.950] [INFO] default - [::1 OPTIONS /home/push/querynum 200 1ms][http://localhost:8081/ HTTP/1.1 Mozilla/5.0 (X11; Linux x86_64) AppleWebKit/537.36 (KHTML, like Gecko) Chrome/73.0.3683.86 Safari/537.36]
[2020-03-08T05:32:15.955] [INFO] default - [::1 GET /home/push/querynum 304 3ms][http://localhost:8081/ HTTP/1.1 Mozilla/5.0 (X11; Linux x86_64) AppleWebKit/537.36 (KHTML, like Gecko) Chrome/73.0.3683.86 Safari/537.36]
[2020-03-08T05:32:15.971] [INFO] default - [::1 OPTIONS /home/push/readMessagedetail 200 0ms][http://localhost:8081/ HTTP/1.1 Mozilla/5.0 (X11; Linux x86_64) AppleWebKit/537.36 (KHTML, like Gecko) Chrome/73.0.3683.86 Safari/537.36]
[2020-03-08T05:32:15.976] [INFO] default - [::1 POST /home/push/readMessagedetail 200 2ms][http://localhost:8081/ HTTP/1.1 Mozilla/5.0 (X11; Linux x86_64) AppleWebKit/537.36 (KHTML, like Gecko) Chrome/73.0.3683.86 Safari/537.36]
[2020-03-08T05:32:28.068] [INFO] default - [::1 OPTIONS /home/push/findMessage 200 1ms][http://localhost:8081/ HTTP/1.1 Mozilla/5.0 (X11; Linux x86_64) AppleWebKit/537.36 (KHTML, like Gecko) Chrome/73.0.3683.86 Safari/537.36]
[2020-03-08T05:32:28.090] [INFO] default - [::1 POST /home/push/findMessage 200 11ms][http://localhost:8081/ HTTP/1.1 Mozilla/5.0 (X11; Linux x86_64) AppleWebKit/537.36 (KHTML, like Gecko) Chrome/73.0.3683.86 Safari/537.36]
[2020-03-08T05:32:37.521] [INFO] default - [::1 OPTIONS /home/login 200 0ms][http://localhost:8081/ HTTP/1.1 Mozilla/5.0 (X11; Linux x86_64) AppleWebKit/537.36 (KHTML, like Gecko) Chrome/73.0.3683.86 Safari/537.36]
[2020-03-08T05:32:37.530] [INFO] default - [::1 POST /home/login 200 4ms][http://localhost:8081/ HTTP/1.1 Mozilla/5.0 (X11; Linux x86_64) AppleWebKit/537.36 (KHTML, like Gecko) Chrome/73.0.3683.86 Safari/537.36]
[2020-03-08T05:32:37.533] [INFO] default - [::1 OPTIONS /home/push/querynum 200 0ms][http://localhost:8081/ HTTP/1.1 Mozilla/5.0 (X11; Linux x86_64) AppleWebKit/537.36 (KHTML, like Gecko) Chrome/73.0.3683.86 Safari/537.36]
[2020-03-08T05:32:37.539] [INFO] default - [::1 GET /home/push/querynum 304 2ms][http://localhost:8081/ HTTP/1.1 Mozilla/5.0 (X11; Linux x86_64) AppleWebKit/537.36 (KHTML, like Gecko) Chrome/73.0.3683.86 Safari/537.36]
[2020-03-08T05:32:50.702] [INFO] default - [::1 OPTIONS /home/push/findMessage 200 1ms][http://localhost:8081/ HTTP/1.1 Mozilla/5.0 (X11; Linux x86_64) AppleWebKit/537.36 (KHTML, like Gecko) Chrome/73.0.3683.86 Safari/537.36]
[2020-03-08T05:32:50.712] [INFO] default - [::1 POST /home/push/findMessage 200 6ms][http://localhost:8081/ HTTP/1.1 Mozilla/5.0 (X11; Linux x86_64) AppleWebKit/537.36 (KHTML, like Gecko) Chrome/73.0.3683.86 Safari/537.36]
[2020-03-08T05:32:51.633] [INFO] default - [::1 OPTIONS /home/push/readMessagedetail 200 1ms][http://localhost:8081/ HTTP/1.1 Mozilla/5.0 (X11; Linux x86_64) AppleWebKit/537.36 (KHTML, like Gecko) Chrome/73.0.3683.86 Safari/537.36]
[2020-03-08T05:32:51.643] [INFO] default - [::1 POST /home/push/readMessagedetail 200 2ms][http://localhost:8081/ HTTP/1.1 Mozilla/5.0 (X11; Linux x86_64) AppleWebKit/537.36 (KHTML, like Gecko) Chrome/73.0.3683.86 Safari/537.36]
[2020-03-08T05:33:33.834] [INFO] default - [::1 OPTIONS /home/login 200 0ms][http://localhost:8081/ HTTP/1.1 Mozilla/5.0 (X11; Linux x86_64) AppleWebKit/537.36 (KHTML, like Gecko) Chrome/73.0.3683.86 Safari/537.36]
[2020-03-08T05:33:33.841] [INFO] default - [::1 POST /home/login 200 4ms][http://localhost:8081/ HTTP/1.1 Mozilla/5.0 (X11; Linux x86_64) AppleWebKit/537.36 (KHTML, like Gecko) Chrome/73.0.3683.86 Safari/537.36]
[2020-03-08T05:33:33.845] [INFO] default - [::1 OPTIONS /home/push/querynum 200 0ms][http://localhost:8081/ HTTP/1.1 Mozilla/5.0 (X11; Linux x86_64) AppleWebKit/537.36 (KHTML, like Gecko) Chrome/73.0.3683.86 Safari/537.36]
[2020-03-08T05:33:33.848] [INFO] default - [::1 GET /home/push/querynum 304 2ms][http://localhost:8081/ HTTP/1.1 Mozilla/5.0 (X11; Linux x86_64) AppleWebKit/537.36 (KHTML, like Gecko) Chrome/73.0.3683.86 Safari/537.36]
[2020-03-08T05:33:33.866] [INFO] default - [::1 OPTIONS /home/push/readMessagedetail 200 1ms][http://localhost:8081/ HTTP/1.1 Mozilla/5.0 (X11; Linux x86_64) AppleWebKit/537.36 (KHTML, like Gecko) Chrome/73.0.3683.86 Safari/537.36]
[2020-03-08T05:33:33.873] [INFO] default - [::1 POST /home/push/readMessagedetail 200 3ms][http://localhost:8081/ HTTP/1.1 Mozilla/5.0 (X11; Linux x86_64) AppleWebKit/537.36 (KHTML, like Gecko) Chrome/73.0.3683.86 Safari/537.36]
[2020-03-08T05:36:21.616] [INFO] default - [::1 OPTIONS /home/login 200 1ms][http://localhost:8081/ HTTP/1.1 Mozilla/5.0 (X11; Linux x86_64) AppleWebKit/537.36 (KHTML, like Gecko) Chrome/73.0.3683.86 Safari/537.36]
[2020-03-08T05:36:21.622] [INFO] default - [::1 POST /home/login 200 4ms][http://localhost:8081/ HTTP/1.1 Mozilla/5.0 (X11; Linux x86_64) AppleWebKit/537.36 (KHTML, like Gecko) Chrome/73.0.3683.86 Safari/537.36]
[2020-03-08T05:36:21.625] [INFO] default - [::1 OPTIONS /home/push/querynum 200 0ms][http://localhost:8081/ HTTP/1.1 Mozilla/5.0 (X11; Linux x86_64) AppleWebKit/537.36 (KHTML, like Gecko) Chrome/73.0.3683.86 Safari/537.36]
[2020-03-08T05:36:21.630] [INFO] default - [::1 GET /home/push/querynum 304 2ms][http://localhost:8081/ HTTP/1.1 Mozilla/5.0 (X11; Linux x86_64) AppleWebKit/537.36 (KHTML, like Gecko) Chrome/73.0.3683.86 Safari/537.36]
[2020-03-08T05:36:21.640] [INFO] default - [::1 OPTIONS /home/push/readMessagedetail 200 1ms][http://localhost:8081/ HTTP/1.1 Mozilla/5.0 (X11; Linux x86_64) AppleWebKit/537.36 (KHTML, like Gecko) Chrome/73.0.3683.86 Safari/537.36]
[2020-03-08T05:36:21.648] [INFO] default - [::1 POST /home/push/readMessagedetail 200 4ms][http://localhost:8081/ HTTP/1.1 Mozilla/5.0 (X11; Linux x86_64) AppleWebKit/537.36 (KHTML, like Gecko) Chrome/73.0.3683.86 Safari/537.36]
[2020-03-08T05:36:32.091] [INFO] default - [::1 OPTIONS /home/login 200 0ms][http://localhost:8081/ HTTP/1.1 Mozilla/5.0 (X11; Linux x86_64) AppleWebKit/537.36 (KHTML, like Gecko) Chrome/73.0.3683.86 Safari/537.36]
[2020-03-08T05:36:32.100] [INFO] default - [::1 POST /home/login 200 5ms][http://localhost:8081/ HTTP/1.1 Mozilla/5.0 (X11; Linux x86_64) AppleWebKit/537.36 (KHTML, like Gecko) Chrome/73.0.3683.86 Safari/537.36]
[2020-03-08T05:36:32.103] [INFO] default - [::1 OPTIONS /home/push/querynum 200 1ms][http://localhost:8081/ HTTP/1.1 Mozilla/5.0 (X11; Linux x86_64) AppleWebKit/537.36 (KHTML, like Gecko) Chrome/73.0.3683.86 Safari/537.36]
[2020-03-08T05:36:32.112] [INFO] default - [::1 GET /home/push/querynum 304 3ms][http://localhost:8081/ HTTP/1.1 Mozilla/5.0 (X11; Linux x86_64) AppleWebKit/537.36 (KHTML, like Gecko) Chrome/73.0.3683.86 Safari/537.36]
[2020-03-08T05:36:35.098] [INFO] default - [::1 OPTIONS /home/push/findMessage 200 1ms][http://localhost:8081/ HTTP/1.1 Mozilla/5.0 (X11; Linux x86_64) AppleWebKit/537.36 (KHTML, like Gecko) Chrome/73.0.3683.86 Safari/537.36]
[2020-03-08T05:36:35.110] [INFO] default - [::1 POST /home/push/findMessage 200 7ms][http://localhost:8081/ HTTP/1.1 Mozilla/5.0 (X11; Linux x86_64) AppleWebKit/537.36 (KHTML, like Gecko) Chrome/73.0.3683.86 Safari/537.36]
[2020-03-08T05:36:42.935] [INFO] default - [::1 OPTIONS /home/login 200 1ms][http://localhost:8081/ HTTP/1.1 Mozilla/5.0 (X11; Linux x86_64) AppleWebKit/537.36 (KHTML, like Gecko) Chrome/73.0.3683.86 Safari/537.36]
[2020-03-08T05:36:42.942] [INFO] default - [::1 POST /home/login 200 4ms][http://localhost:8081/ HTTP/1.1 Mozilla/5.0 (X11; Linux x86_64) AppleWebKit/537.36 (KHTML, like Gecko) Chrome/73.0.3683.86 Safari/537.36]
[2020-03-08T05:36:42.946] [INFO] default - [::1 OPTIONS /home/push/querynum 200 1ms][http://localhost:8081/ HTTP/1.1 Mozilla/5.0 (X11; Linux x86_64) AppleWebKit/537.36 (KHTML, like Gecko) Chrome/73.0.3683.86 Safari/537.36]
[2020-03-08T05:36:42.950] [INFO] default - [::1 GET /home/push/querynum 304 2ms][http://localhost:8081/ HTTP/1.1 Mozilla/5.0 (X11; Linux x86_64) AppleWebKit/537.36 (KHTML, like Gecko) Chrome/73.0.3683.86 Safari/537.36]
[2020-03-08T05:36:45.903] [INFO] default - [::1 OPTIONS /home/push/findMessage 200 1ms][http://localhost:8081/ HTTP/1.1 Mozilla/5.0 (X11; Linux x86_64) AppleWebKit/537.36 (KHTML, like Gecko) Chrome/73.0.3683.86 Safari/537.36]
[2020-03-08T05:36:45.914] [INFO] default - [::1 POST /home/push/findMessage 200 4ms][http://localhost:8081/ HTTP/1.1 Mozilla/5.0 (X11; Linux x86_64) AppleWebKit/537.36 (KHTML, like Gecko) Chrome/73.0.3683.86 Safari/537.36]
[2020-03-08T05:36:57.292] [INFO] default - [::1 OPTIONS /home/login 200 1ms][http://localhost:8081/ HTTP/1.1 Mozilla/5.0 (X11; Linux x86_64) AppleWebKit/537.36 (KHTML, like Gecko) Chrome/73.0.3683.86 Safari/537.36]
[2020-03-08T05:36:57.300] [INFO] default - [::1 POST /home/login 200 4ms][http://localhost:8081/ HTTP/1.1 Mozilla/5.0 (X11; Linux x86_64) AppleWebKit/537.36 (KHTML, like Gecko) Chrome/73.0.3683.86 Safari/537.36]
[2020-03-08T05:36:57.303] [INFO] default - [::1 OPTIONS /home/push/querynum 200 0ms][http://localhost:8081/ HTTP/1.1 Mozilla/5.0 (X11; Linux x86_64) AppleWebKit/537.36 (KHTML, like Gecko) Chrome/73.0.3683.86 Safari/537.36]
[2020-03-08T05:36:57.308] [INFO] default - [::1 GET /home/push/querynum 304 3ms][http://localhost:8081/ HTTP/1.1 Mozilla/5.0 (X11; Linux x86_64) AppleWebKit/537.36 (KHTML, like Gecko) Chrome/73.0.3683.86 Safari/537.36]
[2020-03-08T05:37:24.704] [INFO] default - [::1 OPTIONS /home/login 200 1ms][http://localhost:8081/ HTTP/1.1 Mozilla/5.0 (X11; Linux x86_64) AppleWebKit/537.36 (KHTML, like Gecko) Chrome/73.0.3683.86 Safari/537.36]
[2020-03-08T05:37:24.710] [INFO] default - [::1 POST /home/login 200 3ms][http://localhost:8081/ HTTP/1.1 Mozilla/5.0 (X11; Linux x86_64) AppleWebKit/537.36 (KHTML, like Gecko) Chrome/73.0.3683.86 Safari/537.36]
[2020-03-08T05:37:24.714] [INFO] default - [::1 OPTIONS /home/push/querynum 200 1ms][http://localhost:8081/ HTTP/1.1 Mozilla/5.0 (X11; Linux x86_64) AppleWebKit/537.36 (KHTML, like Gecko) Chrome/73.0.3683.86 Safari/537.36]
[2020-03-08T05:37:24.718] [INFO] default - [::1 GET /home/push/querynum 304 2ms][http://localhost:8081/ HTTP/1.1 Mozilla/5.0 (X11; Linux x86_64) AppleWebKit/537.36 (KHTML, like Gecko) Chrome/73.0.3683.86 Safari/537.36]
[2020-03-08T05:38:14.483] [INFO] default - [::1 OPTIONS /home/login 200 1ms][http://localhost:8081/ HTTP/1.1 Mozilla/5.0 (X11; Linux x86_64) AppleWebKit/537.36 (KHTML, like Gecko) Chrome/73.0.3683.86 Safari/537.36]
[2020-03-08T05:38:14.490] [INFO] default - [::1 POST /home/login 200 4ms][http://localhost:8081/ HTTP/1.1 Mozilla/5.0 (X11; Linux x86_64) AppleWebKit/537.36 (KHTML, like Gecko) Chrome/73.0.3683.86 Safari/537.36]
[2020-03-08T05:38:14.493] [INFO] default - [::1 OPTIONS /home/push/querynum 200 0ms][http://localhost:8081/ HTTP/1.1 Mozilla/5.0 (X11; Linux x86_64) AppleWebKit/537.36 (KHTML, like Gecko) Chrome/73.0.3683.86 Safari/537.36]
[2020-03-08T05:38:14.497] [INFO] default - [::1 GET /home/push/querynum 304 2ms][http://localhost:8081/ HTTP/1.1 Mozilla/5.0 (X11; Linux x86_64) AppleWebKit/537.36 (KHTML, like Gecko) Chrome/73.0.3683.86 Safari/537.36]
[2020-03-08T05:38:16.809] [INFO] default - [::1 OPTIONS /home/push/findMessage 200 0ms][http://localhost:8081/ HTTP/1.1 Mozilla/5.0 (X11; Linux x86_64) AppleWebKit/537.36 (KHTML, like Gecko) Chrome/73.0.3683.86 Safari/537.36]
[2020-03-08T05:38:16.820] [INFO] default - [::1 POST /home/push/findMessage 200 6ms][http://localhost:8081/ HTTP/1.1 Mozilla/5.0 (X11; Linux x86_64) AppleWebKit/537.36 (KHTML, like Gecko) Chrome/73.0.3683.86 Safari/537.36]
[2020-03-08T05:38:18.000] [INFO] default - [::1 OPTIONS /home/push/readMessagedetail 200 3ms][http://localhost:8081/ HTTP/1.1 Mozilla/5.0 (X11; Linux x86_64) AppleWebKit/537.36 (KHTML, like Gecko) Chrome/73.0.3683.86 Safari/537.36]
[2020-03-08T05:38:18.005] [INFO] default - [::1 POST /home/push/readMessagedetail 200 2ms][http://localhost:8081/ HTTP/1.1 Mozilla/5.0 (X11; Linux x86_64) AppleWebKit/537.36 (KHTML, like Gecko) Chrome/73.0.3683.86 Safari/537.36]
