[2020-02-25T00:00:15.306] [INFO] default - [::1 GET /admin/push/read 304 1ms][http://localhost:8080/ HTTP/1.1 Mozilla/5.0 (X11; Linux x86_64) AppleWebKit/537.36 (KHTML, like Gecko) Chrome/73.0.3683.86 Safari/537.36]
[2020-02-25T00:02:16.412] [INFO] default - [::1 GET /admin/push/read 304 1ms][http://localhost:8080/ HTTP/1.1 Mozilla/5.0 (X11; Linux x86_64) AppleWebKit/537.36 (KHTML, like Gecko) Chrome/73.0.3683.86 Safari/537.36]
[2020-02-25T00:02:49.342] [INFO] default - [::1 GET /admin/exit 304 1ms][http://localhost:8080/ HTTP/1.1 Mozilla/5.0 (X11; Linux x86_64) AppleWebKit/537.36 (KHTML, like Gecko) Chrome/73.0.3683.86 Safari/537.36]
[2020-02-25T00:02:50.919] [INFO] default - [::1 OPTIONS /admin/login 200 1ms][http://localhost:8080/ HTTP/1.1 Mozilla/5.0 (X11; Linux x86_64) AppleWebKit/537.36 (KHTML, like Gecko) Chrome/73.0.3683.86 Safari/537.36]
[2020-02-25T00:02:50.927] [INFO] default - [::1 POST /admin/login 200 5ms][http://localhost:8080/ HTTP/1.1 Mozilla/5.0 (X11; Linux x86_64) AppleWebKit/537.36 (KHTML, like Gecko) Chrome/73.0.3683.86 Safari/537.36]
[2020-02-25T00:02:55.014] [INFO] default - [::1 GET /admin/push/read 304 1ms][http://localhost:8080/ HTTP/1.1 Mozilla/5.0 (X11; Linux x86_64) AppleWebKit/537.36 (KHTML, like Gecko) Chrome/73.0.3683.86 Safari/537.36]
[2020-02-25T17:33:42.512] [INFO] default - [::1 GET /admin/push/read 304 2ms][http://localhost:8080/ HTTP/1.1 Mozilla/5.0 (X11; Linux x86_64) AppleWebKit/537.36 (KHTML, like Gecko) Chrome/73.0.3683.86 Safari/537.36]
[2020-02-25T17:35:21.652] [INFO] default - [::1 GET /admin/push/read 304 14ms][http://localhost:8080/ HTTP/1.1 Mozilla/5.0 (X11; Linux x86_64) AppleWebKit/537.36 (KHTML, like Gecko) Chrome/73.0.3683.86 Safari/537.36]
[2020-02-25T17:35:31.690] [INFO] default - [::1 GET /admin/exit 304 3ms][http://localhost:8080/ HTTP/1.1 Mozilla/5.0 (X11; Linux x86_64) AppleWebKit/537.36 (KHTML, like Gecko) Chrome/73.0.3683.86 Safari/537.36]
[2020-02-25T17:35:38.694] [INFO] default - [::1 OPTIONS /admin/login 200 3ms][http://localhost:8080/ HTTP/1.1 Mozilla/5.0 (X11; Linux x86_64) AppleWebKit/537.36 (KHTML, like Gecko) Chrome/73.0.3683.86 Safari/537.36]
[2020-02-25T17:35:38.759] [INFO] default - [::1 POST /admin/login 200 55ms][http://localhost:8080/ HTTP/1.1 Mozilla/5.0 (X11; Linux x86_64) AppleWebKit/537.36 (KHTML, like Gecko) Chrome/73.0.3683.86 Safari/537.36]
[2020-02-25T17:35:58.714] [INFO] default - [::1 GET /admin/push/read 304 1ms][http://localhost:8080/ HTTP/1.1 Mozilla/5.0 (X11; Linux x86_64) AppleWebKit/537.36 (KHTML, like Gecko) Chrome/73.0.3683.86 Safari/537.36]
[2020-02-25T17:39:34.528] [INFO] default - [::1 OPTIONS /home/push/querynum 200 1ms][http://localhost:8080/ HTTP/1.1 Mozilla/5.0 (X11; Linux x86_64) AppleWebKit/537.36 (KHTML, like Gecko) Chrome/73.0.3683.86 Safari/537.36]
[2020-02-25T17:39:34.561] [INFO] default - [::1 GET /home/push/querynum 304 2ms][http://localhost:8080/ HTTP/1.1 Mozilla/5.0 (X11; Linux x86_64) AppleWebKit/537.36 (KHTML, like Gecko) Chrome/73.0.3683.86 Safari/537.36]
[2020-02-25T17:40:30.132] [INFO] default - [::1 OPTIONS /admin/login 200 1ms][http://localhost:8080/ HTTP/1.1 Mozilla/5.0 (X11; Linux x86_64) AppleWebKit/537.36 (KHTML, like Gecko) Chrome/73.0.3683.86 Safari/537.36]
[2020-02-25T17:40:30.143] [INFO] default - [::1 POST /admin/login 200 6ms][http://localhost:8080/ HTTP/1.1 Mozilla/5.0 (X11; Linux x86_64) AppleWebKit/537.36 (KHTML, like Gecko) Chrome/73.0.3683.86 Safari/537.36]
[2020-02-25T17:40:56.496] [INFO] default - [::1 OPTIONS /home/push/querynum 200 1ms][http://localhost:8081/ HTTP/1.1 Mozilla/5.0 (X11; Linux x86_64) AppleWebKit/537.36 (KHTML, like Gecko) Chrome/73.0.3683.86 Safari/537.36]
[2020-02-25T17:42:37.333] [INFO] default - [::1 OPTIONS /admin/login 200 1ms][http://localhost:8080/ HTTP/1.1 Mozilla/5.0 (X11; Linux x86_64) AppleWebKit/537.36 (KHTML, like Gecko) Chrome/73.0.3683.86 Safari/537.36]
[2020-02-25T17:42:37.342] [INFO] default - [::1 POST /admin/login 200 5ms][http://localhost:8080/ HTTP/1.1 Mozilla/5.0 (X11; Linux x86_64) AppleWebKit/537.36 (KHTML, like Gecko) Chrome/73.0.3683.86 Safari/537.36]
[2020-02-25T17:42:48.805] [INFO] default - [::1 GET /admin/push/read 304 1ms][http://localhost:8080/ HTTP/1.1 Mozilla/5.0 (X11; Linux x86_64) AppleWebKit/537.36 (KHTML, like Gecko) Chrome/73.0.3683.86 Safari/537.36]
[2020-02-25T17:45:33.746] [INFO] default - [::1 OPTIONS /admin/login 200 7ms][http://localhost:8080/ HTTP/1.1 Mozilla/5.0 (X11; Linux x86_64) AppleWebKit/537.36 (KHTML, like Gecko) Chrome/73.0.3683.86 Safari/537.36]
[2020-02-25T17:45:33.797] [INFO] default - [::1 POST /admin/login 200 45ms][http://localhost:8080/ HTTP/1.1 Mozilla/5.0 (X11; Linux x86_64) AppleWebKit/537.36 (KHTML, like Gecko) Chrome/73.0.3683.86 Safari/537.36]
[2020-02-25T17:50:06.026] [INFO] default - [::1 OPTIONS /home/push/querynum 200 1ms][http://localhost:8081/ HTTP/1.1 Mozilla/5.0 (X11; Linux x86_64) AppleWebKit/537.36 (KHTML, like Gecko) Chrome/73.0.3683.86 Safari/537.36]
[2020-02-25T17:50:14.108] [INFO] default - [::1 OPTIONS /home/login 200 1ms][http://localhost:8081/ HTTP/1.1 Mozilla/5.0 (X11; Linux x86_64) AppleWebKit/537.36 (KHTML, like Gecko) Chrome/73.0.3683.86 Safari/537.36]
[2020-02-25T17:50:14.116] [INFO] default - [::1 POST /home/login 200 6ms][http://localhost:8081/ HTTP/1.1 Mozilla/5.0 (X11; Linux x86_64) AppleWebKit/537.36 (KHTML, like Gecko) Chrome/73.0.3683.86 Safari/537.36]
[2020-02-25T17:50:38.204] [INFO] default - [::1 GET /admin/push/read 200 8ms][http://localhost:8080/ HTTP/1.1 Mozilla/5.0 (X11; Linux x86_64) AppleWebKit/537.36 (KHTML, like Gecko) Chrome/73.0.3683.86 Safari/537.36]
[2020-02-25T17:51:05.640] [INFO] default - [::1 OPTIONS /admin/push/save 200 1ms][http://localhost:8080/ HTTP/1.1 Mozilla/5.0 (X11; Linux x86_64) AppleWebKit/537.36 (KHTML, like Gecko) Chrome/73.0.3683.86 Safari/537.36]
[2020-02-25T17:51:05.665] [INFO] default - [::1 POST /admin/push/save 200 21ms][http://localhost:8080/ HTTP/1.1 Mozilla/5.0 (X11; Linux x86_64) AppleWebKit/537.36 (KHTML, like Gecko) Chrome/73.0.3683.86 Safari/537.36]
[2020-02-25T17:52:06.052] [INFO] default - [::1 GET /home/push/querynum 200 3ms][http://localhost:8081/ HTTP/1.1 Mozilla/5.0 (X11; Linux x86_64) AppleWebKit/537.36 (KHTML, like Gecko) Chrome/73.0.3683.86 Safari/537.36]
