[2020-01-15T08:52:35.150] [INFO] default - [::1 OPTIONS /admin/login 200 11ms][ HTTP/1.1 Mozilla/5.0 (Windows NT 6.1; Win64; x64) AppleWebKit/537.36 (KHTML, like Gecko) Chrome/65.0.3325.181 Safari/537.36]
[2020-01-15T08:52:35.593] [INFO] default - [::1 POST /admin/login 200 437ms][http://localhost:8080/ HTTP/1.1 Mozilla/5.0 (Windows NT 6.1; Win64; x64) AppleWebKit/537.36 (KHTML, like Gecko) Chrome/65.0.3325.181 Safari/537.36]
[2020-01-15T08:53:30.092] [INFO] default - [::1 OPTIONS /admin/login 200 1ms][ HTTP/1.1 Mozilla/5.0 (Windows NT 6.1; Win64; x64) AppleWebKit/537.36 (KHTML, like Gecko) Chrome/65.0.3325.181 Safari/537.36]
[2020-01-15T08:53:30.116] [INFO] default - [::1 POST /admin/login 200 20ms][http://localhost:8080/ HTTP/1.1 Mozilla/5.0 (Windows NT 6.1; Win64; x64) AppleWebKit/537.36 (KHTML, like Gecko) Chrome/65.0.3325.181 Safari/537.36]
[2020-01-15T08:55:07.926] [INFO] default - [::1 OPTIONS /admin/login 200 1ms][ HTTP/1.1 Mozilla/5.0 (Windows NT 6.1; Win64; x64) AppleWebKit/537.36 (KHTML, like Gecko) Chrome/65.0.3325.181 Safari/537.36]
[2020-01-15T08:55:07.934] [INFO] default - [::1 POST /admin/login 200 4ms][http://localhost:8080/ HTTP/1.1 Mozilla/5.0 (Windows NT 6.1; Win64; x64) AppleWebKit/537.36 (KHTML, like Gecko) Chrome/65.0.3325.181 Safari/537.36]
[2020-01-15T08:55:12.581] [INFO] default - [::1 POST /admin/login 200 5ms][http://localhost:8080/ HTTP/1.1 Mozilla/5.0 (Windows NT 6.1; Win64; x64) AppleWebKit/537.36 (KHTML, like Gecko) Chrome/65.0.3325.181 Safari/537.36]
[2020-01-15T08:55:57.333] [INFO] default - [::1 GET /admin/about/read 200 10ms][http://localhost:8080/ HTTP/1.1 Mozilla/5.0 (Windows NT 6.1; Win64; x64) AppleWebKit/537.36 (KHTML, like Gecko) Chrome/65.0.3325.181 Safari/537.36]
[2020-01-15T08:56:09.936] [INFO] default - [::1 GET /admin/about/read 304 8ms][http://localhost:8080/ HTTP/1.1 Mozilla/5.0 (Windows NT 6.1; Win64; x64) AppleWebKit/537.36 (KHTML, like Gecko) Chrome/65.0.3325.181 Safari/537.36]
[2020-01-15T08:56:34.748] [INFO] default - [::1 GET /admin/Jurisdiction/adminread 200 2379ms][http://localhost:8080/ HTTP/1.1 Mozilla/5.0 (Windows NT 6.1; Win64; x64) AppleWebKit/537.36 (KHTML, like Gecko) Chrome/65.0.3325.181 Safari/537.36]
[2020-01-15T08:57:26.713] [INFO] default - [::1 GET /admin/Jurisdiction/adminread 200 1132ms][http://localhost:8080/ HTTP/1.1 Mozilla/5.0 (Windows NT 6.1; Win64; x64) AppleWebKit/537.36 (KHTML, like Gecko) Chrome/65.0.3325.181 Safari/537.36]
[2020-01-15T09:08:55.606] [INFO] default - [::1 GET /admin/Jurisdiction/roleread 200 10ms][http://localhost:8080/ HTTP/1.1 Mozilla/5.0 (Windows NT 6.1; Win64; x64) AppleWebKit/537.36 (KHTML, like Gecko) Chrome/65.0.3325.181 Safari/537.36]
[2020-01-15T09:09:00.620] [INFO] default - [::1 GET /admin/Jurisdiction/adminread 304 57ms][http://localhost:8080/ HTTP/1.1 Mozilla/5.0 (Windows NT 6.1; Win64; x64) AppleWebKit/537.36 (KHTML, like Gecko) Chrome/65.0.3325.181 Safari/537.36]
[2020-01-15T09:09:02.717] [INFO] default - [::1 GET /admin/Jurisdiction/roleread 304 6ms][http://localhost:8080/ HTTP/1.1 Mozilla/5.0 (Windows NT 6.1; Win64; x64) AppleWebKit/537.36 (KHTML, like Gecko) Chrome/65.0.3325.181 Safari/537.36]
[2020-01-15T09:09:05.069] [INFO] default - [::1 GET /admin/Jurisdiction/authread 200 40ms][http://localhost:8080/ HTTP/1.1 Mozilla/5.0 (Windows NT 6.1; Win64; x64) AppleWebKit/537.36 (KHTML, like Gecko) Chrome/65.0.3325.181 Safari/537.36]
[2020-01-15T09:11:05.502] [INFO] default - [::1 GET /admin/user/read 200 9ms][http://localhost:8080/ HTTP/1.1 Mozilla/5.0 (Windows NT 6.1; Win64; x64) AppleWebKit/537.36 (KHTML, like Gecko) Chrome/65.0.3325.181 Safari/537.36]
[2020-01-15T09:11:25.890] [INFO] default - [::1 GET /admin/user/read 304 9ms][http://localhost:8080/ HTTP/1.1 Mozilla/5.0 (Windows NT 6.1; Win64; x64) AppleWebKit/537.36 (KHTML, like Gecko) Chrome/65.0.3325.181 Safari/537.36]
[2020-01-15T09:11:37.777] [INFO] default - [::1 GET /admin/Jurisdiction/adminread 304 21ms][http://localhost:8080/ HTTP/1.1 Mozilla/5.0 (Windows NT 6.1; Win64; x64) AppleWebKit/537.36 (KHTML, like Gecko) Chrome/65.0.3325.181 Safari/537.36]
[2020-01-15T09:11:39.719] [INFO] default - [::1 OPTIONS /admin/Jurisdiction/read_one_admin 200 1ms][ HTTP/1.1 Mozilla/5.0 (Windows NT 6.1; Win64; x64) AppleWebKit/537.36 (KHTML, like Gecko) Chrome/65.0.3325.181 Safari/537.36]
[2020-01-15T09:11:39.726] [INFO] default - [::1 GET /admin/Jurisdiction/roleread 304 11ms][http://localhost:8080/ HTTP/1.1 Mozilla/5.0 (Windows NT 6.1; Win64; x64) AppleWebKit/537.36 (KHTML, like Gecko) Chrome/65.0.3325.181 Safari/537.36]
[2020-01-15T09:11:39.814] [INFO] default - [::1 POST /admin/Jurisdiction/read_one_admin 200 82ms][http://localhost:8080/ HTTP/1.1 Mozilla/5.0 (Windows NT 6.1; Win64; x64) AppleWebKit/537.36 (KHTML, like Gecko) Chrome/65.0.3325.181 Safari/537.36]
[2020-01-15T09:11:51.581] [INFO] default - [::1 GET /admin/Jurisdiction/adminread 304 26ms][http://localhost:8080/ HTTP/1.1 Mozilla/5.0 (Windows NT 6.1; Win64; x64) AppleWebKit/537.36 (KHTML, like Gecko) Chrome/65.0.3325.181 Safari/537.36]
[2020-01-15T09:11:55.625] [INFO] default - [::1 OPTIONS /admin/Jurisdiction/read_one_admin 200 0ms][ HTTP/1.1 Mozilla/5.0 (Windows NT 6.1; Win64; x64) AppleWebKit/537.36 (KHTML, like Gecko) Chrome/65.0.3325.181 Safari/537.36]
[2020-01-15T09:11:55.643] [INFO] default - [::1 POST /admin/Jurisdiction/read_one_admin 200 10ms][http://localhost:8080/ HTTP/1.1 Mozilla/5.0 (Windows NT 6.1; Win64; x64) AppleWebKit/537.36 (KHTML, like Gecko) Chrome/65.0.3325.181 Safari/537.36]
[2020-01-15T09:11:55.661] [INFO] default - [::1 GET /admin/Jurisdiction/roleread 304 34ms][http://localhost:8080/ HTTP/1.1 Mozilla/5.0 (Windows NT 6.1; Win64; x64) AppleWebKit/537.36 (KHTML, like Gecko) Chrome/65.0.3325.181 Safari/537.36]
[2020-01-15T09:12:43.190] [INFO] default - [::1 OPTIONS /admin/Jurisdiction/read_one_admin 200 1ms][ HTTP/1.1 Mozilla/5.0 (Windows NT 6.1; Win64; x64) AppleWebKit/537.36 (KHTML, like Gecko) Chrome/65.0.3325.181 Safari/537.36]
[2020-01-15T09:12:43.200] [INFO] default - [::1 GET /admin/Jurisdiction/roleread 304 12ms][http://localhost:8080/ HTTP/1.1 Mozilla/5.0 (Windows NT 6.1; Win64; x64) AppleWebKit/537.36 (KHTML, like Gecko) Chrome/65.0.3325.181 Safari/537.36]
[2020-01-15T09:12:43.282] [INFO] default - [::1 POST /admin/Jurisdiction/read_one_admin 200 14ms][http://localhost:8080/ HTTP/1.1 Mozilla/5.0 (Windows NT 6.1; Win64; x64) AppleWebKit/537.36 (KHTML, like Gecko) Chrome/65.0.3325.181 Safari/537.36]
[2020-01-15T09:14:41.971] [INFO] default - [::1 OPTIONS /admin/Jurisdiction/read_one_admin 200 1ms][ HTTP/1.1 Mozilla/5.0 (Windows NT 6.1; Win64; x64) AppleWebKit/537.36 (KHTML, like Gecko) Chrome/65.0.3325.181 Safari/537.36]
[2020-01-15T09:14:41.980] [INFO] default - [::1 GET /admin/Jurisdiction/roleread 304 10ms][http://localhost:8080/ HTTP/1.1 Mozilla/5.0 (Windows NT 6.1; Win64; x64) AppleWebKit/537.36 (KHTML, like Gecko) Chrome/65.0.3325.181 Safari/537.36]
[2020-01-15T09:14:42.084] [INFO] default - [::1 POST /admin/Jurisdiction/read_one_admin 200 12ms][http://localhost:8080/ HTTP/1.1 Mozilla/5.0 (Windows NT 6.1; Win64; x64) AppleWebKit/537.36 (KHTML, like Gecko) Chrome/65.0.3325.181 Safari/537.36]
[2020-01-15T09:15:27.483] [INFO] default - [::1 OPTIONS /admin/Jurisdiction/read_one_admin 200 1ms][ HTTP/1.1 Mozilla/5.0 (Windows NT 6.1; Win64; x64) AppleWebKit/537.36 (KHTML, like Gecko) Chrome/65.0.3325.181 Safari/537.36]
[2020-01-15T09:15:27.513] [INFO] default - [::1 GET /admin/Jurisdiction/roleread 304 32ms][http://localhost:8080/ HTTP/1.1 Mozilla/5.0 (Windows NT 6.1; Win64; x64) AppleWebKit/537.36 (KHTML, like Gecko) Chrome/65.0.3325.181 Safari/537.36]
[2020-01-15T09:15:27.517] [INFO] default - [::1 POST /admin/Jurisdiction/read_one_admin 200 18ms][http://localhost:8080/ HTTP/1.1 Mozilla/5.0 (Windows NT 6.1; Win64; x64) AppleWebKit/537.36 (KHTML, like Gecko) Chrome/65.0.3325.181 Safari/537.36]
[2020-01-15T09:27:59.772] [INFO] default - [::1 OPTIONS /admin/Jurisdiction/read_one_admin 200 0ms][ HTTP/1.1 Mozilla/5.0 (Windows NT 6.1; Win64; x64) AppleWebKit/537.36 (KHTML, like Gecko) Chrome/65.0.3325.181 Safari/537.36]
[2020-01-15T09:27:59.792] [INFO] default - [::1 GET /admin/Jurisdiction/roleread 304 21ms][http://localhost:8080/ HTTP/1.1 Mozilla/5.0 (Windows NT 6.1; Win64; x64) AppleWebKit/537.36 (KHTML, like Gecko) Chrome/65.0.3325.181 Safari/537.36]
[2020-01-15T09:27:59.880] [INFO] default - [::1 POST /admin/Jurisdiction/read_one_admin 200 12ms][http://localhost:8080/ HTTP/1.1 Mozilla/5.0 (Windows NT 6.1; Win64; x64) AppleWebKit/537.36 (KHTML, like Gecko) Chrome/65.0.3325.181 Safari/537.36]
[2020-01-15T09:30:10.376] [INFO] default - [::1 OPTIONS /admin/Jurisdiction/read_one_admin 200 2ms][ HTTP/1.1 Mozilla/5.0 (Windows NT 6.1; Win64; x64) AppleWebKit/537.36 (KHTML, like Gecko) Chrome/65.0.3325.181 Safari/537.36]
[2020-01-15T09:30:10.386] [INFO] default - [::1 GET /admin/Jurisdiction/roleread 304 8ms][http://localhost:8080/ HTTP/1.1 Mozilla/5.0 (Windows NT 6.1; Win64; x64) AppleWebKit/537.36 (KHTML, like Gecko) Chrome/65.0.3325.181 Safari/537.36]
[2020-01-15T09:30:10.402] [INFO] default - [::1 POST /admin/Jurisdiction/read_one_admin 200 13ms][http://localhost:8080/ HTTP/1.1 Mozilla/5.0 (Windows NT 6.1; Win64; x64) AppleWebKit/537.36 (KHTML, like Gecko) Chrome/65.0.3325.181 Safari/537.36]
[2020-01-15T09:30:14.115] [INFO] default - [::1 POST /admin/Jurisdiction/read_one_admin 200 10ms][http://localhost:8080/ HTTP/1.1 Mozilla/5.0 (Windows NT 6.1; Win64; x64) AppleWebKit/537.36 (KHTML, like Gecko) Chrome/65.0.3325.181 Safari/537.36]
[2020-01-15T09:30:14.187] [INFO] default - [::1 GET /admin/Jurisdiction/roleread 304 83ms][http://localhost:8080/ HTTP/1.1 Mozilla/5.0 (Windows NT 6.1; Win64; x64) AppleWebKit/537.36 (KHTML, like Gecko) Chrome/65.0.3325.181 Safari/537.36]
[2020-01-15T09:30:44.667] [INFO] default - [::1 OPTIONS /admin/Jurisdiction/read_one_admin 200 0ms][ HTTP/1.1 Mozilla/5.0 (Windows NT 6.1; Win64; x64) AppleWebKit/537.36 (KHTML, like Gecko) Chrome/65.0.3325.181 Safari/537.36]
[2020-01-15T09:30:44.684] [INFO] default - [::1 GET /admin/Jurisdiction/roleread 304 18ms][http://localhost:8080/ HTTP/1.1 Mozilla/5.0 (Windows NT 6.1; Win64; x64) AppleWebKit/537.36 (KHTML, like Gecko) Chrome/65.0.3325.181 Safari/537.36]
[2020-01-15T09:30:44.825] [INFO] default - [::1 POST /admin/Jurisdiction/read_one_admin 200 12ms][http://localhost:8080/ HTTP/1.1 Mozilla/5.0 (Windows NT 6.1; Win64; x64) AppleWebKit/537.36 (KHTML, like Gecko) Chrome/65.0.3325.181 Safari/537.36]
[2020-01-15T09:31:32.766] [INFO] default - [::1 OPTIONS /admin/home/copyrightread 200 0ms][ HTTP/1.1 Mozilla/5.0 (Windows NT 6.1; Win64; x64) AppleWebKit/537.36 (KHTML, like Gecko) Chrome/65.0.3325.181 Safari/537.36]
[2020-01-15T09:31:32.792] [INFO] default - [::1 POST /admin/home/copyrightread 200 9ms][http://localhost:8080/ HTTP/1.1 Mozilla/5.0 (Windows NT 6.1; Win64; x64) AppleWebKit/537.36 (KHTML, like Gecko) Chrome/65.0.3325.181 Safari/537.36]
[2020-01-15T09:31:39.146] [INFO] default - [::1 GET /admin/push/read 200 14ms][http://localhost:8080/ HTTP/1.1 Mozilla/5.0 (Windows NT 6.1; Win64; x64) AppleWebKit/537.36 (KHTML, like Gecko) Chrome/65.0.3325.181 Safari/537.36]
[2020-01-15T09:31:49.935] [INFO] default - [::1 GET /admin/push/read 304 12ms][http://localhost:8080/ HTTP/1.1 Mozilla/5.0 (Windows NT 6.1; Win64; x64) AppleWebKit/537.36 (KHTML, like Gecko) Chrome/65.0.3325.181 Safari/537.36]
[2020-01-15T09:32:02.001] [INFO] default - [::1 GET /admin/push/read 304 13ms][http://localhost:8080/ HTTP/1.1 Mozilla/5.0 (Windows NT 6.1; Win64; x64) AppleWebKit/537.36 (KHTML, like Gecko) Chrome/65.0.3325.181 Safari/537.36]
[2020-01-15T09:45:28.496] [INFO] default - [::1 OPTIONS /admin/register 200 1ms][ HTTP/1.1 Mozilla/5.0 (Windows NT 6.1; Win64; x64) AppleWebKit/537.36 (KHTML, like Gecko) Chrome/65.0.3325.181 Safari/537.36]
[2020-01-15T09:51:57.881] [INFO] default - [::1 OPTIONS /home/register 200 8ms][ HTTP/1.1 Mozilla/5.0 (Windows NT 6.1; Win64; x64) AppleWebKit/537.36 (KHTML, like Gecko) Chrome/65.0.3325.181 Safari/537.36]
[2020-01-15T09:53:07.609] [INFO] default - [::1 OPTIONS /home/register 200 6ms][ HTTP/1.1 Mozilla/5.0 (Windows NT 6.1; Win64; x64) AppleWebKit/537.36 (KHTML, like Gecko) Chrome/65.0.3325.181 Safari/537.36]
[2020-01-15T09:56:41.562] [INFO] default - [::1 OPTIONS /home/register 200 9ms][ HTTP/1.1 Mozilla/5.0 (Windows NT 6.1; Win64; x64) AppleWebKit/537.36 (KHTML, like Gecko) Chrome/65.0.3325.181 Safari/537.36]
[2020-01-15T09:57:54.077] [INFO] default - [::1 OPTIONS /home/register 200 8ms][ HTTP/1.1 Mozilla/5.0 (Windows NT 6.1; Win64; x64) AppleWebKit/537.36 (KHTML, like Gecko) Chrome/65.0.3325.181 Safari/537.36]
[2020-01-15T09:59:50.291] [INFO] default - [::1 OPTIONS /home/register 200 7ms][ HTTP/1.1 Mozilla/5.0 (Windows NT 6.1; Win64; x64) AppleWebKit/537.36 (KHTML, like Gecko) Chrome/65.0.3325.181 Safari/537.36]
[2020-01-15T10:01:03.318] [INFO] default - [::1 OPTIONS /home/register 200 6ms][ HTTP/1.1 Mozilla/5.0 (Windows NT 6.1; Win64; x64) AppleWebKit/537.36 (KHTML, like Gecko) Chrome/65.0.3325.181 Safari/537.36]
[2020-01-15T10:01:50.674] [INFO] default - [::1 OPTIONS /home/register 200 2ms][ HTTP/1.1 Mozilla/5.0 (Windows NT 6.1; Win64; x64) AppleWebKit/537.36 (KHTML, like Gecko) Chrome/65.0.3325.181 Safari/537.36]
[2020-01-15T10:04:19.431] [INFO] default - [::1 OPTIONS /home/register 200 10ms][ HTTP/1.1 Mozilla/5.0 (Windows NT 6.1; Win64; x64) AppleWebKit/537.36 (KHTML, like Gecko) Chrome/65.0.3325.181 Safari/537.36]
[2020-01-15T10:04:19.625] [INFO] default - [::1 POST /home/register 200 186ms][http://localhost:8081/ HTTP/1.1 Mozilla/5.0 (Windows NT 6.1; Win64; x64) AppleWebKit/537.36 (KHTML, like Gecko) Chrome/65.0.3325.181 Safari/537.36]
[2020-01-15T10:12:35.129] [INFO] default - [::1 OPTIONS /home/register 200 10ms][ HTTP/1.1 Mozilla/5.0 (Windows NT 6.1; Win64; x64) AppleWebKit/537.36 (KHTML, like Gecko) Chrome/65.0.3325.181 Safari/537.36]
[2020-01-15T10:16:20.488] [INFO] default - [::1 OPTIONS /home/register 200 12ms][ HTTP/1.1 Mozilla/5.0 (Windows NT 6.1; Win64; x64) AppleWebKit/537.36 (KHTML, like Gecko) Chrome/65.0.3325.181 Safari/537.36]
[2020-01-15T10:16:20.578] [INFO] default - [::1 POST /home/register 200 80ms][http://localhost:8081/ HTTP/1.1 Mozilla/5.0 (Windows NT 6.1; Win64; x64) AppleWebKit/537.36 (KHTML, like Gecko) Chrome/65.0.3325.181 Safari/537.36]
[2020-01-15T10:32:08.370] [INFO] default - [::1 OPTIONS /home/register 200 10ms][ HTTP/1.1 Mozilla/5.0 (Windows NT 6.1; Win64; x64) AppleWebKit/537.36 (KHTML, like Gecko) Chrome/65.0.3325.181 Safari/537.36]
[2020-01-15T10:32:36.187] [INFO] default - [::1 OPTIONS /home/register 200 1ms][ HTTP/1.1 Mozilla/5.0 (Windows NT 6.1; Win64; x64) AppleWebKit/537.36 (KHTML, like Gecko) Chrome/65.0.3325.181 Safari/537.36]
[2020-01-15T10:32:36.263] [INFO] default - [::1 POST /home/register 200 72ms][http://localhost:8081/ HTTP/1.1 Mozilla/5.0 (Windows NT 6.1; Win64; x64) AppleWebKit/537.36 (KHTML, like Gecko) Chrome/65.0.3325.181 Safari/537.36]
[2020-01-15T10:32:59.153] [INFO] default - [::1 OPTIONS /home/login 200 1ms][ HTTP/1.1 Mozilla/5.0 (Windows NT 6.1; Win64; x64) AppleWebKit/537.36 (KHTML, like Gecko) Chrome/65.0.3325.181 Safari/537.36]
[2020-01-15T10:32:59.161] [INFO] default - [::1 POST /home/login 404 4ms][http://localhost:8081/ HTTP/1.1 Mozilla/5.0 (Windows NT 6.1; Win64; x64) AppleWebKit/537.36 (KHTML, like Gecko) Chrome/65.0.3325.181 Safari/537.36]
[2020-01-15T10:33:30.655] [INFO] default - [::1 OPTIONS /home/login 200 10ms][ HTTP/1.1 Mozilla/5.0 (Windows NT 6.1; Win64; x64) AppleWebKit/537.36 (KHTML, like Gecko) Chrome/65.0.3325.181 Safari/537.36]
[2020-01-15T10:33:30.719] [INFO] default - [::1 POST /home/login 404 56ms][http://localhost:8081/ HTTP/1.1 Mozilla/5.0 (Windows NT 6.1; Win64; x64) AppleWebKit/537.36 (KHTML, like Gecko) Chrome/65.0.3325.181 Safari/537.36]
[2020-01-15T10:34:20.096] [INFO] default - [::1 OPTIONS /home/login 200 9ms][ HTTP/1.1 Mozilla/5.0 (Windows NT 6.1; Win64; x64) AppleWebKit/537.36 (KHTML, like Gecko) Chrome/65.0.3325.181 Safari/537.36]
[2020-01-15T10:34:20.134] [INFO] default - [::1 POST /home/login 404 32ms][http://localhost:8081/ HTTP/1.1 Mozilla/5.0 (Windows NT 6.1; Win64; x64) AppleWebKit/537.36 (KHTML, like Gecko) Chrome/65.0.3325.181 Safari/537.36]
[2020-01-15T10:34:25.545] [INFO] default - [::1 OPTIONS /home/login 200 1ms][ HTTP/1.1 Mozilla/5.0 (Windows NT 6.1; Win64; x64) AppleWebKit/537.36 (KHTML, like Gecko) Chrome/65.0.3325.181 Safari/537.36]
[2020-01-15T10:34:25.552] [INFO] default - [::1 POST /home/login 404 2ms][http://localhost:8081/ HTTP/1.1 Mozilla/5.0 (Windows NT 6.1; Win64; x64) AppleWebKit/537.36 (KHTML, like Gecko) Chrome/65.0.3325.181 Safari/537.36]
[2020-01-15T10:35:39.764] [INFO] default - [::1 OPTIONS //home/login 200 13ms][ HTTP/1.1 Mozilla/5.0 (Windows NT 6.1; Win64; x64) AppleWebKit/537.36 (KHTML, like Gecko) Chrome/65.0.3325.181 Safari/537.36]
[2020-01-15T10:35:39.835] [INFO] default - [::1 POST //home/login 404 62ms][http://localhost:8081/ HTTP/1.1 Mozilla/5.0 (Windows NT 6.1; Win64; x64) AppleWebKit/537.36 (KHTML, like Gecko) Chrome/65.0.3325.181 Safari/537.36]
[2020-01-15T10:37:36.280] [INFO] default - [::1 OPTIONS //home/login 200 2ms][ HTTP/1.1 Mozilla/5.0 (Windows NT 6.1; Win64; x64) AppleWebKit/537.36 (KHTML, like Gecko) Chrome/65.0.3325.181 Safari/537.36]
[2020-01-15T10:37:36.292] [INFO] default - [::1 POST //home/login 404 1ms][http://localhost:8081/ HTTP/1.1 Mozilla/5.0 (Windows NT 6.1; Win64; x64) AppleWebKit/537.36 (KHTML, like Gecko) Chrome/65.0.3325.181 Safari/537.36]
[2020-01-15T10:39:43.556] [INFO] default - [::1 OPTIONS //home/login 200 9ms][ HTTP/1.1 Mozilla/5.0 (Windows NT 6.1; Win64; x64) AppleWebKit/537.36 (KHTML, like Gecko) Chrome/65.0.3325.181 Safari/537.36]
[2020-01-15T10:39:43.632] [INFO] default - [::1 POST //home/login 404 71ms][http://localhost:8081/ HTTP/1.1 Mozilla/5.0 (Windows NT 6.1; Win64; x64) AppleWebKit/537.36 (KHTML, like Gecko) Chrome/65.0.3325.181 Safari/537.36]
[2020-01-15T10:40:07.212] [INFO] default - [::1 OPTIONS /home/login 200 1ms][ HTTP/1.1 Mozilla/5.0 (Windows NT 6.1; Win64; x64) AppleWebKit/537.36 (KHTML, like Gecko) Chrome/65.0.3325.181 Safari/537.36]
[2020-01-15T10:40:07.220] [INFO] default - [::1 POST /home/login 404 2ms][http://localhost:8081/ HTTP/1.1 Mozilla/5.0 (Windows NT 6.1; Win64; x64) AppleWebKit/537.36 (KHTML, like Gecko) Chrome/65.0.3325.181 Safari/537.36]
[2020-01-15T10:53:34.875] [INFO] default - [::1 OPTIONS /home/login 200 1ms][ HTTP/1.1 Mozilla/5.0 (Windows NT 6.1; Win64; x64) AppleWebKit/537.36 (KHTML, like Gecko) Chrome/65.0.3325.181 Safari/537.36]
[2020-01-15T10:53:34.883] [INFO] default - [::1 POST /home/login 404 2ms][http://localhost:8081/ HTTP/1.1 Mozilla/5.0 (Windows NT 6.1; Win64; x64) AppleWebKit/537.36 (KHTML, like Gecko) Chrome/65.0.3325.181 Safari/537.36]
[2020-01-15T10:57:32.174] [INFO] default - [::1 OPTIONS /home/login 200 1ms][ HTTP/1.1 Mozilla/5.0 (Windows NT 6.1; Win64; x64) AppleWebKit/537.36 (KHTML, like Gecko) Chrome/65.0.3325.181 Safari/537.36]
[2020-01-15T10:57:32.180] [INFO] default - [::1 POST /home/login 404 1ms][http://localhost:8081/ HTTP/1.1 Mozilla/5.0 (Windows NT 6.1; Win64; x64) AppleWebKit/537.36 (KHTML, like Gecko) Chrome/65.0.3325.181 Safari/537.36]
[2020-01-15T10:57:46.653] [INFO] default - [::ffff:127.0.0.1 OPTIONS /home/login 200 10ms][ HTTP/1.1 Mozilla/5.0 (Windows NT 6.1; Win64; x64) AppleWebKit/537.36 (KHTML, like Gecko) Chrome/65.0.3325.181 Safari/537.36]
[2020-01-15T10:58:28.203] [INFO] default - [::1 OPTIONS /home/login 200 7ms][ HTTP/1.1 Mozilla/5.0 (Windows NT 6.1; Win64; x64) AppleWebKit/537.36 (KHTML, like Gecko) Chrome/65.0.3325.181 Safari/537.36]
[2020-01-15T10:58:28.343] [INFO] default - [::1 POST /home/login 200 134ms][http://localhost:8081/ HTTP/1.1 Mozilla/5.0 (Windows NT 6.1; Win64; x64) AppleWebKit/537.36 (KHTML, like Gecko) Chrome/65.0.3325.181 Safari/537.36]
[2020-01-15T10:59:07.406] [INFO] default - [::1 OPTIONS /home/login 200 13ms][ HTTP/1.1 Mozilla/5.0 (Windows NT 6.1; Win64; x64) AppleWebKit/537.36 (KHTML, like Gecko) Chrome/65.0.3325.181 Safari/537.36]
[2020-01-15T10:59:07.532] [INFO] default - [::1 POST /home/login 200 117ms][http://localhost:8081/ HTTP/1.1 Mozilla/5.0 (Windows NT 6.1; Win64; x64) AppleWebKit/537.36 (KHTML, like Gecko) Chrome/65.0.3325.181 Safari/537.36]
[2020-01-15T10:59:37.905] [INFO] default - [::1 OPTIONS /home/login 200 10ms][ HTTP/1.1 Mozilla/5.0 (Windows NT 6.1; Win64; x64) AppleWebKit/537.36 (KHTML, like Gecko) Chrome/65.0.3325.181 Safari/537.36]
[2020-01-15T10:59:37.986] [INFO] default - [::1 POST /home/login 200 74ms][http://localhost:8081/ HTTP/1.1 Mozilla/5.0 (Windows NT 6.1; Win64; x64) AppleWebKit/537.36 (KHTML, like Gecko) Chrome/65.0.3325.181 Safari/537.36]
[2020-01-15T11:00:04.228] [INFO] default - [::1 OPTIONS /home/login 200 13ms][ HTTP/1.1 Mozilla/5.0 (Windows NT 6.1; Win64; x64) AppleWebKit/537.36 (KHTML, like Gecko) Chrome/65.0.3325.181 Safari/537.36]
[2020-01-15T11:00:04.312] [INFO] default - [::1 POST /home/login 404 78ms][http://localhost:8081/ HTTP/1.1 Mozilla/5.0 (Windows NT 6.1; Win64; x64) AppleWebKit/537.36 (KHTML, like Gecko) Chrome/65.0.3325.181 Safari/537.36]
[2020-01-15T11:01:00.808] [INFO] default - [::1 OPTIONS /home/login 200 19ms][ HTTP/1.1 Mozilla/5.0 (Windows NT 6.1; Win64; x64) AppleWebKit/537.36 (KHTML, like Gecko) Chrome/65.0.3325.181 Safari/537.36]
[2020-01-15T11:01:00.859] [INFO] default - [::1 POST /home/login 404 39ms][http://localhost:8081/ HTTP/1.1 Mozilla/5.0 (Windows NT 6.1; Win64; x64) AppleWebKit/537.36 (KHTML, like Gecko) Chrome/65.0.3325.181 Safari/537.36]
[2020-01-15T11:01:34.702] [INFO] default - [::1 OPTIONS /home/login 200 11ms][ HTTP/1.1 Mozilla/5.0 (Windows NT 6.1; Win64; x64) AppleWebKit/537.36 (KHTML, like Gecko) Chrome/65.0.3325.181 Safari/537.36]
[2020-01-15T11:01:34.778] [INFO] default - [::1 POST /home/login 404 65ms][http://localhost:8081/ HTTP/1.1 Mozilla/5.0 (Windows NT 6.1; Win64; x64) AppleWebKit/537.36 (KHTML, like Gecko) Chrome/65.0.3325.181 Safari/537.36]
[2020-01-15T11:02:55.685] [INFO] default - [::1 OPTIONS /home/login 200 13ms][ HTTP/1.1 Mozilla/5.0 (Windows NT 6.1; Win64; x64) AppleWebKit/537.36 (KHTML, like Gecko) Chrome/65.0.3325.181 Safari/537.36]
[2020-01-15T11:02:55.742] [INFO] default - [::1 POST /home/login 404 46ms][http://localhost:8081/ HTTP/1.1 Mozilla/5.0 (Windows NT 6.1; Win64; x64) AppleWebKit/537.36 (KHTML, like Gecko) Chrome/65.0.3325.181 Safari/537.36]
[2020-01-15T11:09:02.306] [INFO] default - [::1 GET /home/register 404 5ms][ HTTP/1.1 Mozilla/5.0 (Windows NT 6.1; Win64; x64) AppleWebKit/537.36 (KHTML, like Gecko) Chrome/65.0.3325.181 Safari/537.36]
[2020-01-15T11:09:02.494] [INFO] default - [::1 GET /favicon.ico 404 68ms][http://localhost:3000/home/register HTTP/1.1 Mozilla/5.0 (Windows NT 6.1; Win64; x64) AppleWebKit/537.36 (KHTML, like Gecko) Chrome/65.0.3325.181 Safari/537.36]
[2020-01-15T11:09:26.699] [INFO] default - [::1 OPTIONS /home/login 200 12ms][ HTTP/1.1 Mozilla/5.0 (Windows NT 6.1; Win64; x64) AppleWebKit/537.36 (KHTML, like Gecko) Chrome/65.0.3325.181 Safari/537.36]
[2020-01-15T11:09:26.753] [INFO] default - [::1 POST /home/login 404 45ms][http://localhost:8081/ HTTP/1.1 Mozilla/5.0 (Windows NT 6.1; Win64; x64) AppleWebKit/537.36 (KHTML, like Gecko) Chrome/65.0.3325.181 Safari/537.36]
[2020-01-15T11:09:36.429] [INFO] default - [::1 OPTIONS /home/register 200 1ms][ HTTP/1.1 Mozilla/5.0 (Windows NT 6.1; Win64; x64) AppleWebKit/537.36 (KHTML, like Gecko) Chrome/65.0.3325.181 Safari/537.36]
[2020-01-15T11:09:36.468] [INFO] default - [::1 POST /home/register 200 33ms][http://localhost:8081/ HTTP/1.1 Mozilla/5.0 (Windows NT 6.1; Win64; x64) AppleWebKit/537.36 (KHTML, like Gecko) Chrome/65.0.3325.181 Safari/537.36]
[2020-01-15T11:18:25.304] [INFO] default - [::1 OPTIONS /home/register 200 1ms][ HTTP/1.1 Mozilla/5.0 (Windows NT 6.1; Win64; x64) AppleWebKit/537.36 (KHTML, like Gecko) Chrome/65.0.3325.181 Safari/537.36]
[2020-01-15T11:18:25.316] [INFO] default - [::1 POST /home/register 200 6ms][http://localhost:8081/ HTTP/1.1 Mozilla/5.0 (Windows NT 6.1; Win64; x64) AppleWebKit/537.36 (KHTML, like Gecko) Chrome/65.0.3325.181 Safari/537.36]
[2020-01-15T11:18:34.070] [INFO] default - [::1 OPTIONS /home/login 200 1ms][ HTTP/1.1 Mozilla/5.0 (Windows NT 6.1; Win64; x64) AppleWebKit/537.36 (KHTML, like Gecko) Chrome/65.0.3325.181 Safari/537.36]
[2020-01-15T11:18:34.077] [INFO] default - [::1 POST /home/login 404 1ms][http://localhost:8081/ HTTP/1.1 Mozilla/5.0 (Windows NT 6.1; Win64; x64) AppleWebKit/537.36 (KHTML, like Gecko) Chrome/65.0.3325.181 Safari/537.36]
[2020-01-15T11:19:45.766] [INFO] default - [::1 OPTIONS /home/login 200 15ms][ HTTP/1.1 Mozilla/5.0 (Windows NT 6.1; Win64; x64) AppleWebKit/537.36 (KHTML, like Gecko) Chrome/65.0.3325.181 Safari/537.36]
[2020-01-15T11:19:45.800] [INFO] default - [::1 POST /home/login 404 28ms][http://localhost:8081/ HTTP/1.1 Mozilla/5.0 (Windows NT 6.1; Win64; x64) AppleWebKit/537.36 (KHTML, like Gecko) Chrome/65.0.3325.181 Safari/537.36]
[2020-01-15T11:20:07.598] [INFO] default - [::1 OPTIONS /home/login 200 11ms][ HTTP/1.1 Mozilla/5.0 (Windows NT 6.1; Win64; x64) AppleWebKit/537.36 (KHTML, like Gecko) Chrome/65.0.3325.181 Safari/537.36]
[2020-01-15T11:20:07.666] [INFO] default - [::1 POST /home/login 404 58ms][http://localhost:8081/ HTTP/1.1 Mozilla/5.0 (Windows NT 6.1; Win64; x64) AppleWebKit/537.36 (KHTML, like Gecko) Chrome/65.0.3325.181 Safari/537.36]
[2020-01-15T11:20:33.579] [INFO] default - [::1 OPTIONS /home/login 200 11ms][ HTTP/1.1 Mozilla/5.0 (Windows NT 6.1; Win64; x64) AppleWebKit/537.36 (KHTML, like Gecko) Chrome/65.0.3325.181 Safari/537.36]
[2020-01-15T11:20:33.629] [INFO] default - [::1 POST /home/login 404 38ms][http://localhost:8081/ HTTP/1.1 Mozilla/5.0 (Windows NT 6.1; Win64; x64) AppleWebKit/537.36 (KHTML, like Gecko) Chrome/65.0.3325.181 Safari/537.36]
[2020-01-15T11:21:28.277] [INFO] default - [::1 OPTIONS /home/login 200 12ms][ HTTP/1.1 Mozilla/5.0 (Windows NT 6.1; Win64; x64) AppleWebKit/537.36 (KHTML, like Gecko) Chrome/65.0.3325.181 Safari/537.36]
[2020-01-15T11:21:28.382] [INFO] default - [::1 POST /home/login 404 88ms][http://localhost:8081/ HTTP/1.1 Mozilla/5.0 (Windows NT 6.1; Win64; x64) AppleWebKit/537.36 (KHTML, like Gecko) Chrome/65.0.3325.181 Safari/537.36]
[2020-01-15T11:21:29.246] [INFO] default - [::1 POST /home/login 404 2ms][http://localhost:8081/ HTTP/1.1 Mozilla/5.0 (Windows NT 6.1; Win64; x64) AppleWebKit/537.36 (KHTML, like Gecko) Chrome/65.0.3325.181 Safari/537.36]
[2020-01-15T11:21:53.986] [INFO] default - [::1 OPTIONS /home/login 200 12ms][ HTTP/1.1 Mozilla/5.0 (Windows NT 6.1; Win64; x64) AppleWebKit/537.36 (KHTML, like Gecko) Chrome/65.0.3325.181 Safari/537.36]
[2020-01-15T11:21:54.281] [INFO] default - [::1 POST /home/login 200 288ms][http://localhost:8081/ HTTP/1.1 Mozilla/5.0 (Windows NT 6.1; Win64; x64) AppleWebKit/537.36 (KHTML, like Gecko) Chrome/65.0.3325.181 Safari/537.36]
[2020-01-15T11:22:17.623] [INFO] default - [::1 OPTIONS /home/login 200 10ms][ HTTP/1.1 Mozilla/5.0 (Windows NT 6.1; Win64; x64) AppleWebKit/537.36 (KHTML, like Gecko) Chrome/65.0.3325.181 Safari/537.36]
[2020-01-15T11:22:33.707] [INFO] default - [::1 OPTIONS /home/login 200 11ms][ HTTP/1.1 Mozilla/5.0 (Windows NT 6.1; Win64; x64) AppleWebKit/537.36 (KHTML, like Gecko) Chrome/65.0.3325.181 Safari/537.36]
[2020-01-15T11:22:33.779] [INFO] default - [::1 POST /home/login 200 61ms][http://localhost:8081/ HTTP/1.1 Mozilla/5.0 (Windows NT 6.1; Win64; x64) AppleWebKit/537.36 (KHTML, like Gecko) Chrome/65.0.3325.181 Safari/537.36]
[2020-01-15T11:23:44.686] [INFO] default - [::1 OPTIONS /home/register 200 1ms][ HTTP/1.1 Mozilla/5.0 (Windows NT 6.1; Win64; x64) AppleWebKit/537.36 (KHTML, like Gecko) Chrome/65.0.3325.181 Safari/537.36]
[2020-01-15T11:23:44.743] [INFO] default - [::1 POST /home/register 200 51ms][http://localhost:8081/ HTTP/1.1 Mozilla/5.0 (Windows NT 6.1; Win64; x64) AppleWebKit/537.36 (KHTML, like Gecko) Chrome/65.0.3325.181 Safari/537.36]
[2020-01-15T11:23:49.439] [INFO] default - [::1 OPTIONS /home/login 200 1ms][ HTTP/1.1 Mozilla/5.0 (Windows NT 6.1; Win64; x64) AppleWebKit/537.36 (KHTML, like Gecko) Chrome/65.0.3325.181 Safari/537.36]
[2020-01-15T11:23:49.450] [INFO] default - [::1 POST /home/login 200 3ms][http://localhost:8081/ HTTP/1.1 Mozilla/5.0 (Windows NT 6.1; Win64; x64) AppleWebKit/537.36 (KHTML, like Gecko) Chrome/65.0.3325.181 Safari/537.36]
[2020-01-15T11:24:31.110] [INFO] default - [::1 OPTIONS /home/register 200 9ms][ HTTP/1.1 Mozilla/5.0 (Windows NT 6.1; Win64; x64) AppleWebKit/537.36 (KHTML, like Gecko) Chrome/65.0.3325.181 Safari/537.36]
[2020-01-15T11:24:31.290] [INFO] default - [::1 POST /home/register 200 171ms][http://localhost:8081/ HTTP/1.1 Mozilla/5.0 (Windows NT 6.1; Win64; x64) AppleWebKit/537.36 (KHTML, like Gecko) Chrome/65.0.3325.181 Safari/537.36]
[2020-01-15T11:24:44.912] [INFO] default - [::1 OPTIONS /home/login 200 1ms][ HTTP/1.1 Mozilla/5.0 (Windows NT 6.1; Win64; x64) AppleWebKit/537.36 (KHTML, like Gecko) Chrome/65.0.3325.181 Safari/537.36]
[2020-01-15T11:24:44.935] [INFO] default - [::1 POST /home/login 200 18ms][http://localhost:8081/ HTTP/1.1 Mozilla/5.0 (Windows NT 6.1; Win64; x64) AppleWebKit/537.36 (KHTML, like Gecko) Chrome/65.0.3325.181 Safari/537.36]
